[1.847s] Invoking command in '/home/patryk/ros2_ws/build/px4_msgs': CMAKE_PREFIX_PATH=${CMAKE_PREFIX_PATH}:/home/patryk/ros2_ws/install/controller /usr/bin/cmake --build /home/patryk/ros2_ws/build/px4_msgs -- -j4 -l4
[2.000s] make: Warning: File 'Makefile' has modification time 461 s in the future
[2.106s] make[1]: Warning: File 'CMakeFiles/Makefile2' has modification time 461 s in the future
[2.112s] make[2]: Warning: File 'CMakeFiles/px4_msgs__cpp.dir/progress.make' has modification time 461 s in the future
[2.113s] make[2]: Warning: File 'CMakeFiles/px4_msgs__dds_opensplice_idl.dir/progress.make' has modification time 461 s in the future
[2.116s] make[2]: Warning: File 'CMakeFiles/px4_msgs__rosidl_generator_c.dir/progress.make' has modification time 461 s in the future
[2.156s] make[2]: warning:  Clock skew detected.  Your build may be incomplete.
[2.161s] make[2]: Warning: File 'CMakeFiles/px4_msgs__dds_opensplice_idl.dir/progress.make' has modification time 461 s in the future
[2.164s] make[2]: warning:  Clock skew detected.  Your build may be incomplete.
[2.165s] make[2]: warning:  Clock skew detected.  Your build may be incomplete.
[2.169s] make[2]: Warning: File 'CMakeFiles/px4_msgs__rosidl_generator_c.dir/progress.make' has modification time 461 s in the future
[2.170s] make[2]: warning:  Clock skew detected.  Your build may be incomplete.
[2.172s] make[2]: warning:  Clock skew detected.  Your build may be incomplete.
[2.176s] make[2]: Warning: File 'CMakeFiles/px4_msgs__cpp.dir/progress.make' has modification time 461 s in the future
[2.178s] make[2]: warning:  Clock skew detected.  Your build may be incomplete.
[2.206s] [  1%] Built target px4_msgs__dds_opensplice_idl
[2.218s] [  7%] Built target px4_msgs__rosidl_generator_c
[2.219s] [  9%] Built target px4_msgs__cpp
[2.230s] make[2]: Warning: File 'CMakeFiles/px4_msgs__rosidl_typesupport_c.dir/progress.make' has modification time 461 s in the future
[2.231s] make[2]: Warning: File 'CMakeFiles/px4_msgs__rosidl_typesupport_introspection_c.dir/progress.make' has modification time 461 s in the future
[2.276s] make[2]: warning:  Clock skew detected.  Your build may be incomplete.
[2.280s] make[2]: warning:  Clock skew detected.  Your build may be incomplete.
[2.281s] make[2]: Warning: File 'CMakeFiles/px4_msgs__rosidl_typesupport_c.dir/progress.make' has modification time 461 s in the future
[2.286s] make[2]: warning:  Clock skew detected.  Your build may be incomplete.
[2.286s] make[2]: Warning: File 'CMakeFiles/px4_msgs__rosidl_typesupport_introspection_c.dir/progress.make' has modification time 461 s in the future
[2.290s] make[2]: warning:  Clock skew detected.  Your build may be incomplete.
[2.324s] [ 15%] Built target px4_msgs__rosidl_typesupport_c
[2.325s] [ 21%] Built target px4_msgs__rosidl_typesupport_introspection_c
[2.341s] make[2]: Warning: File 'CMakeFiles/px4_msgs__rosidl_typesupport_fastrtps_cpp.dir/progress.make' has modification time 461 s in the future
[2.342s] make[2]: Warning: File 'CMakeFiles/px4_msgs__rosidl_typesupport_cpp.dir/progress.make' has modification time 461 s in the future
[2.343s] make[2]: Warning: File 'CMakeFiles/px4_msgs__rosidl_typesupport_introspection_cpp.dir/progress.make' has modification time 461 s in the future
[2.359s] make[2]: Warning: File 'CMakeFiles/px4_msgs__rosidl_typesupport_opensplice_cpp.dir/progress.make' has modification time 461 s in the future
[2.385s] make[2]: warning:  Clock skew detected.  Your build may be incomplete.
[2.386s] make[2]: warning:  Clock skew detected.  Your build may be incomplete.
[2.392s] make[2]: Warning: File 'CMakeFiles/px4_msgs__rosidl_typesupport_fastrtps_cpp.dir/progress.make' has modification time 461 s in the future
[2.406s] make[2]: Warning: File 'CMakeFiles/px4_msgs__rosidl_typesupport_cpp.dir/progress.make' has modification time 461 s in the future
[2.410s] make[2]: warning:  Clock skew detected.  Your build may be incomplete.
[2.413s] make[2]: warning:  Clock skew detected.  Your build may be incomplete.
[2.420s] make[2]: Warning: File 'CMakeFiles/px4_msgs__rosidl_typesupport_introspection_cpp.dir/progress.make' has modification time 461 s in the future
[2.424s] make[2]: warning:  Clock skew detected.  Your build may be incomplete.
[2.426s] make[2]: warning:  Clock skew detected.  Your build may be incomplete.
[2.444s] make[2]: warning:  Clock skew detected.  Your build may be incomplete.
[2.458s] [ 27%] Built target px4_msgs__rosidl_typesupport_cpp
[2.477s] make[2]: Warning: File 'CMakeFiles/px4_msgs__rosidl_typesupport_opensplice_cpp.dir/progress.make' has modification time 461 s in the future
[2.479s] [ 33%] Built target px4_msgs__rosidl_typesupport_introspection_cpp
[2.480s] [ 39%] Built target px4_msgs__rosidl_typesupport_fastrtps_cpp
[2.492s] make[2]: Warning: File 'CMakeFiles/px4_msgs__rosidl_typesupport_fastrtps_c.dir/progress.make' has modification time 461 s in the future
[2.493s] make[2]: warning:  Clock skew detected.  Your build may be incomplete.
[2.531s] [ 54%] Built target px4_msgs__rosidl_typesupport_opensplice_cpp
[2.537s] make[2]: warning:  Clock skew detected.  Your build may be incomplete.
[2.542s] make[2]: Warning: File 'CMakeFiles/px4_msgs__rosidl_typesupport_fastrtps_c.dir/progress.make' has modification time 461 s in the future
[2.559s] make[2]: Warning: File 'CMakeFiles/px4_msgs__rosidl_typesupport_opensplice_c.dir/progress.make' has modification time 461 s in the future
[2.564s] make[2]: warning:  Clock skew detected.  Your build may be incomplete.
[2.600s] [ 60%] Built target px4_msgs__rosidl_typesupport_fastrtps_c
[2.616s] make[2]: warning:  Clock skew detected.  Your build may be incomplete.
[2.637s] make[2]: Warning: File 'CMakeFiles/px4_msgs__rosidl_typesupport_opensplice_c.dir/progress.make' has modification time 461 s in the future
[2.653s] make[2]: warning:  Clock skew detected.  Your build may be incomplete.
[2.690s] [ 78%] Built target px4_msgs__rosidl_typesupport_opensplice_c
[2.698s] make[2]: Warning: File 'CMakeFiles/px4_msgs.dir/progress.make' has modification time 461 s in the future
[2.740s] make[2]: warning:  Clock skew detected.  Your build may be incomplete.
[2.745s] make[2]: Warning: File 'CMakeFiles/px4_msgs.dir/progress.make' has modification time 461 s in the future
[2.746s] make[2]: warning:  Clock skew detected.  Your build may be incomplete.
[2.782s] [ 78%] Built target px4_msgs
[2.791s] make[2]: Warning: File 'px4_msgs__py/CMakeFiles/px4_msgs__py.dir/progress.make' has modification time 460 s in the future
[2.833s] make[2]: warning:  Clock skew detected.  Your build may be incomplete.
[2.839s] make[2]: Warning: File 'px4_msgs__py/CMakeFiles/px4_msgs__py.dir/progress.make' has modification time 460 s in the future
[2.840s] make[2]: warning:  Clock skew detected.  Your build may be incomplete.
[2.878s] [ 80%] Built target px4_msgs__py
[2.890s] make[2]: Warning: File 'CMakeFiles/px4_msgs__python.dir/progress.make' has modification time 460 s in the future
[2.934s] make[2]: warning:  Clock skew detected.  Your build may be incomplete.
[2.941s] make[2]: Warning: File 'CMakeFiles/px4_msgs__python.dir/progress.make' has modification time 460 s in the future
[2.962s] make[2]: warning:  Clock skew detected.  Your build may be incomplete.
[2.998s] [ 84%] Built target px4_msgs__python
[3.011s] make[2]: Warning: File 'CMakeFiles/px4_msgs__rosidl_typesupport_opensplice_c__pyext.dir/progress.make' has modification time 460 s in the future
[3.012s] make[2]: Warning: File 'CMakeFiles/px4_msgs__rosidl_typesupport_c__pyext.dir/progress.make' has modification time 460 s in the future
[3.013s] make[2]: Warning: File 'CMakeFiles/px4_msgs__rosidl_typesupport_fastrtps_c__pyext.dir/progress.make' has modification time 460 s in the future
[3.016s] make[2]: Warning: File 'CMakeFiles/px4_msgs__rosidl_typesupport_introspection_c__pyext.dir/progress.make' has modification time 460 s in the future
[3.063s] make[2]: warning:  Clock skew detected.  Your build may be incomplete.
[3.075s] make[2]: Warning: File 'CMakeFiles/px4_msgs__rosidl_typesupport_introspection_c__pyext.dir/progress.make' has modification time 460 s in the future
[3.079s] make[2]: warning:  Clock skew detected.  Your build may be incomplete.
[3.081s] make[2]: warning:  Clock skew detected.  Your build may be incomplete.
[3.085s] make[2]: warning:  Clock skew detected.  Your build may be incomplete.
[3.089s] make[2]: Warning: File 'CMakeFiles/px4_msgs__rosidl_typesupport_fastrtps_c__pyext.dir/progress.make' has modification time 460 s in the future
[3.092s] make[2]: Warning: File 'CMakeFiles/px4_msgs__rosidl_typesupport_opensplice_c__pyext.dir/progress.make' has modification time 460 s in the future
[3.098s] make[2]: Warning: File 'CMakeFiles/px4_msgs__rosidl_typesupport_c__pyext.dir/progress.make' has modification time 460 s in the future
[3.110s] make[2]: warning:  Clock skew detected.  Your build may be incomplete.
[3.115s] make[2]: warning:  Clock skew detected.  Your build may be incomplete.
[3.116s] make[2]: warning:  Clock skew detected.  Your build may be incomplete.
[3.126s] make[2]: warning:  Clock skew detected.  Your build may be incomplete.
[3.156s] [ 92%] Built target px4_msgs__rosidl_typesupport_opensplice_c__pyext
[3.157s] [ 92%] Built target px4_msgs__rosidl_typesupport_introspection_c__pyext
[3.174s] [ 96%] Built target px4_msgs__rosidl_typesupport_fastrtps_c__pyext
[3.194s] [100%] Built target px4_msgs__rosidl_typesupport_c__pyext
[3.198s] make[1]: warning:  Clock skew detected.  Your build may be incomplete.
[3.237s] make: warning:  Clock skew detected.  Your build may be incomplete.
[3.244s] Invoked command in '/home/patryk/ros2_ws/build/px4_msgs' returned '0': CMAKE_PREFIX_PATH=${CMAKE_PREFIX_PATH}:/home/patryk/ros2_ws/install/controller /usr/bin/cmake --build /home/patryk/ros2_ws/build/px4_msgs -- -j4 -l4
[3.647s] Invoking command in '/home/patryk/ros2_ws/build/px4_msgs': CMAKE_PREFIX_PATH=${CMAKE_PREFIX_PATH}:/home/patryk/ros2_ws/install/controller /usr/bin/cmake --build /home/patryk/ros2_ws/build/px4_msgs --target install -- -j4 -l4
[3.690s] make: Warning: File 'Makefile' has modification time 460 s in the future
[3.781s] make[1]: Warning: File 'CMakeFiles/Makefile2' has modification time 459 s in the future
[3.785s] make[2]: Warning: File 'CMakeFiles/px4_msgs__cpp.dir/progress.make' has modification time 459 s in the future
[3.786s] make[2]: Warning: File 'CMakeFiles/px4_msgs__rosidl_generator_c.dir/progress.make' has modification time 459 s in the future
[3.790s] make[2]: Warning: File 'CMakeFiles/px4_msgs__dds_opensplice_idl.dir/progress.make' has modification time 459 s in the future
[3.829s] make[2]: warning:  Clock skew detected.  Your build may be incomplete.
[3.831s] make[2]: warning:  Clock skew detected.  Your build may be incomplete.
[3.833s] make[2]: warning:  Clock skew detected.  Your build may be incomplete.
[3.837s] make[2]: Warning: File 'CMakeFiles/px4_msgs__rosidl_generator_c.dir/progress.make' has modification time 459 s in the future
[3.838s] make[2]: Warning: File 'CMakeFiles/px4_msgs__dds_opensplice_idl.dir/progress.make' has modification time 459 s in the future
[3.840s] make[2]: warning:  Clock skew detected.  Your build may be incomplete.
[3.842s] make[2]: warning:  Clock skew detected.  Your build may be incomplete.
[3.846s] make[2]: Warning: File 'CMakeFiles/px4_msgs__cpp.dir/progress.make' has modification time 459 s in the future
[3.848s] make[2]: warning:  Clock skew detected.  Your build may be incomplete.
[3.879s] [  1%] Built target px4_msgs__dds_opensplice_idl
[3.886s] [  7%] Built target px4_msgs__rosidl_generator_c
[3.895s] make[2]: Warning: File 'CMakeFiles/px4_msgs__rosidl_typesupport_c.dir/progress.make' has modification time 459 s in the future
[3.896s] make[2]: Warning: File 'CMakeFiles/px4_msgs__rosidl_typesupport_introspection_c.dir/progress.make' has modification time 459 s in the future
[3.903s] [  9%] Built target px4_msgs__cpp
[3.916s] make[2]: Warning: File 'CMakeFiles/px4_msgs__rosidl_typesupport_introspection_cpp.dir/progress.make' has modification time 459 s in the future
[3.919s] make[2]: Warning: File 'CMakeFiles/px4_msgs__rosidl_typesupport_fastrtps_cpp.dir/progress.make' has modification time 459 s in the future
[3.947s] make[2]: warning:  Clock skew detected.  Your build may be incomplete.
[3.948s] make[2]: warning:  Clock skew detected.  Your build may be incomplete.
[3.954s] make[2]: Warning: File 'CMakeFiles/px4_msgs__rosidl_typesupport_c.dir/progress.make' has modification time 459 s in the future
[3.959s] make[2]: warning:  Clock skew detected.  Your build may be incomplete.
[3.979s] make[2]: Warning: File 'CMakeFiles/px4_msgs__rosidl_typesupport_introspection_c.dir/progress.make' has modification time 459 s in the future
[3.980s] make[2]: warning:  Clock skew detected.  Your build may be incomplete.
[3.981s] make[2]: warning:  Clock skew detected.  Your build may be incomplete.
[3.981s] make[2]: Warning: File 'CMakeFiles/px4_msgs__rosidl_typesupport_fastrtps_cpp.dir/progress.make' has modification time 459 s in the future
[3.993s] make[2]: warning:  Clock skew detected.  Your build may be incomplete.
[4.005s] [ 15%] Built target px4_msgs__rosidl_typesupport_c
[4.009s] make[2]: warning:  Clock skew detected.  Your build may be incomplete.
[4.014s] make[2]: Warning: File 'CMakeFiles/px4_msgs__rosidl_typesupport_cpp.dir/progress.make' has modification time 459 s in the future
[4.015s] [ 21%] Built target px4_msgs__rosidl_typesupport_introspection_c
[4.018s] make[2]: Warning: File 'CMakeFiles/px4_msgs__rosidl_typesupport_introspection_cpp.dir/progress.make' has modification time 459 s in the future
[4.022s] make[2]: warning:  Clock skew detected.  Your build may be incomplete.
[4.043s] make[2]: Warning: File 'CMakeFiles/px4_msgs__rosidl_typesupport_opensplice_cpp.dir/progress.make' has modification time 459 s in the future
[4.067s] make[2]: warning:  Clock skew detected.  Your build may be incomplete.
[4.071s] [ 27%] Built target px4_msgs__rosidl_typesupport_fastrtps_cpp
[4.075s] make[2]: Warning: File 'CMakeFiles/px4_msgs__rosidl_typesupport_cpp.dir/progress.make' has modification time 459 s in the future
[4.080s] make[2]: Warning: File 'CMakeFiles/px4_msgs__rosidl_typesupport_fastrtps_c.dir/progress.make' has modification time 459 s in the future
[4.081s] make[2]: warning:  Clock skew detected.  Your build may be incomplete.
[4.085s] [ 33%] Built target px4_msgs__rosidl_typesupport_introspection_cpp
[4.119s] [ 39%] Built target px4_msgs__rosidl_typesupport_cpp
[4.130s] make[2]: warning:  Clock skew detected.  Your build may be incomplete.
[4.144s] make[2]: warning:  Clock skew detected.  Your build may be incomplete.
[4.153s] make[2]: Warning: File 'CMakeFiles/px4_msgs__rosidl_typesupport_opensplice_cpp.dir/progress.make' has modification time 459 s in the future
[4.154s] make[2]: Warning: File 'CMakeFiles/px4_msgs__rosidl_typesupport_fastrtps_c.dir/progress.make' has modification time 459 s in the future
[4.168s] make[2]: warning:  Clock skew detected.  Your build may be incomplete.
[4.174s] make[2]: warning:  Clock skew detected.  Your build may be incomplete.
[4.206s] [ 54%] Built target px4_msgs__rosidl_typesupport_opensplice_cpp
[4.211s] [ 60%] Built target px4_msgs__rosidl_typesupport_fastrtps_c
[4.231s] make[2]: Warning: File 'CMakeFiles/px4_msgs__rosidl_typesupport_opensplice_c.dir/progress.make' has modification time 459 s in the future
[4.287s] make[2]: warning:  Clock skew detected.  Your build may be incomplete.
[4.310s] make[2]: Warning: File 'CMakeFiles/px4_msgs__rosidl_typesupport_opensplice_c.dir/progress.make' has modification time 459 s in the future
[4.327s] make[2]: warning:  Clock skew detected.  Your build may be incomplete.
[4.366s] [ 78%] Built target px4_msgs__rosidl_typesupport_opensplice_c
[4.373s] make[2]: Warning: File 'CMakeFiles/px4_msgs.dir/progress.make' has modification time 459 s in the future
[4.415s] make[2]: warning:  Clock skew detected.  Your build may be incomplete.
[4.420s] make[2]: Warning: File 'CMakeFiles/px4_msgs.dir/progress.make' has modification time 459 s in the future
[4.421s] make[2]: warning:  Clock skew detected.  Your build may be incomplete.
[4.457s] [ 78%] Built target px4_msgs
[4.465s] make[2]: Warning: File 'px4_msgs__py/CMakeFiles/px4_msgs__py.dir/progress.make' has modification time 459 s in the future
[4.506s] make[2]: warning:  Clock skew detected.  Your build may be incomplete.
[4.511s] make[2]: Warning: File 'px4_msgs__py/CMakeFiles/px4_msgs__py.dir/progress.make' has modification time 459 s in the future
[4.513s] make[2]: warning:  Clock skew detected.  Your build may be incomplete.
[4.550s] [ 80%] Built target px4_msgs__py
[4.559s] make[2]: Warning: File 'CMakeFiles/px4_msgs__python.dir/progress.make' has modification time 459 s in the future
[4.600s] make[2]: warning:  Clock skew detected.  Your build may be incomplete.
[4.607s] make[2]: Warning: File 'CMakeFiles/px4_msgs__python.dir/progress.make' has modification time 459 s in the future
[4.628s] make[2]: warning:  Clock skew detected.  Your build may be incomplete.
[4.665s] [ 84%] Built target px4_msgs__python
[4.675s] make[2]: Warning: File 'CMakeFiles/px4_msgs__rosidl_typesupport_c__pyext.dir/progress.make' has modification time 459 s in the future
[4.676s] make[2]: Warning: File 'CMakeFiles/px4_msgs__rosidl_typesupport_opensplice_c__pyext.dir/progress.make' has modification time 459 s in the future
[4.678s] make[2]: Warning: File 'CMakeFiles/px4_msgs__rosidl_typesupport_fastrtps_c__pyext.dir/progress.make' has modification time 459 s in the future
[4.695s] make[2]: Warning: File 'CMakeFiles/px4_msgs__rosidl_typesupport_introspection_c__pyext.dir/progress.make' has modification time 459 s in the future
[4.719s] make[2]: warning:  Clock skew detected.  Your build may be incomplete.
[4.726s] make[2]: Warning: File 'CMakeFiles/px4_msgs__rosidl_typesupport_c__pyext.dir/progress.make' has modification time 459 s in the future
[4.728s] make[2]: warning:  Clock skew detected.  Your build may be incomplete.
[4.729s] make[2]: warning:  Clock skew detected.  Your build may be incomplete.
[4.740s] make[2]: Warning: File 'CMakeFiles/px4_msgs__rosidl_typesupport_opensplice_c__pyext.dir/progress.make' has modification time 459 s in the future
[4.741s] make[2]: Warning: File 'CMakeFiles/px4_msgs__rosidl_typesupport_fastrtps_c__pyext.dir/progress.make' has modification time 459 s in the future
[4.753s] make[2]: warning:  Clock skew detected.  Your build may be incomplete.
[4.764s] make[2]: warning:  Clock skew detected.  Your build may be incomplete.
[4.769s] make[2]: warning:  Clock skew detected.  Your build may be incomplete.
[4.773s] make[2]: warning:  Clock skew detected.  Your build may be incomplete.
[4.779s] make[2]: Warning: File 'CMakeFiles/px4_msgs__rosidl_typesupport_introspection_c__pyext.dir/progress.make' has modification time 458 s in the future
[4.795s] [ 88%] Built target px4_msgs__rosidl_typesupport_c__pyext
[4.809s] make[2]: warning:  Clock skew detected.  Your build may be incomplete.
[4.810s] [ 92%] Built target px4_msgs__rosidl_typesupport_fastrtps_c__pyext
[4.828s] [ 96%] Built target px4_msgs__rosidl_typesupport_opensplice_c__pyext
[4.849s] [100%] Built target px4_msgs__rosidl_typesupport_introspection_c__pyext
[4.852s] make[1]: warning:  Clock skew detected.  Your build may be incomplete.
[4.900s] make[1]: Warning: File 'CMakeFiles/Makefile2' has modification time 458 s in the future
[4.901s] make[1]: warning:  Clock skew detected.  Your build may be incomplete.
[4.939s] [36mInstall the project...[0m
[4.982s] -- Install configuration: ""
[4.984s] -- Execute custom install script
[4.987s] -- Up-to-date symlink: /home/patryk/ros2_ws/install/px4_msgs/share/ament_index/resource_index/rosidl_interfaces/px4_msgs
[4.990s] -- Up-to-date symlink: /home/patryk/ros2_ws/install/px4_msgs/lib/libpx4_msgs__rosidl_typesupport_c.so
[4.991s] -- Up-to-date symlink: /home/patryk/ros2_ws/install/px4_msgs/share/px4_msgs/environment/library_path.sh
[4.994s] -- Up-to-date symlink: /home/patryk/ros2_ws/install/px4_msgs/lib/libpx4_msgs__rosidl_typesupport_cpp.so
[4.997s] -- Up-to-date symlink: /home/patryk/ros2_ws/install/px4_msgs/include/px4_msgs/msg/manual_control_setpoint__rosidl_typesupport_fastrtps_c.h
[4.999s] -- Up-to-date symlink: /home/patryk/ros2_ws/install/px4_msgs/include/px4_msgs/msg/rosidl_typesupport_fastrtps_c__visibility_control.h
[5.001s] -- Up-to-date symlink: /home/patryk/ros2_ws/install/px4_msgs/lib/libpx4_msgs__rosidl_typesupport_fastrtps_c.so
[5.004s] -- Up-to-date symlink: /home/patryk/ros2_ws/install/px4_msgs/include/px4_msgs/msg/manual_control_setpoint.h
[5.005s] -- Up-to-date symlink: /home/patryk/ros2_ws/install/px4_msgs/include/px4_msgs/msg/manual_control_setpoint__functions.h
[5.007s] -- Up-to-date symlink: /home/patryk/ros2_ws/install/px4_msgs/include/px4_msgs/msg/manual_control_setpoint__struct.h
[5.008s] -- Up-to-date symlink: /home/patryk/ros2_ws/install/px4_msgs/include/px4_msgs/msg/manual_control_setpoint__type_support.h
[5.009s] -- Up-to-date symlink: /home/patryk/ros2_ws/install/px4_msgs/include/px4_msgs/msg/rosidl_generator_c__visibility_control.h
[5.012s] -- Up-to-date symlink: /home/patryk/ros2_ws/install/px4_msgs/lib/libpx4_msgs__rosidl_generator_c.so
[5.015s] -- Up-to-date symlink: /home/patryk/ros2_ws/install/px4_msgs/include/px4_msgs/msg/manual_control_setpoint__rosidl_typesupport_fastrtps_cpp.hpp
[5.016s] -- Up-to-date symlink: /home/patryk/ros2_ws/install/px4_msgs/include/px4_msgs/msg/rosidl_typesupport_fastrtps_cpp__visibility_control.h
[5.019s] -- Up-to-date symlink: /home/patryk/ros2_ws/install/px4_msgs/lib/libpx4_msgs__rosidl_typesupport_fastrtps_cpp.so
[5.021s] -- Up-to-date symlink: /home/patryk/ros2_ws/install/px4_msgs/include/px4_msgs/msg/manual_control_setpoint.hpp
[5.022s] -- Up-to-date symlink: /home/patryk/ros2_ws/install/px4_msgs/include/px4_msgs/msg/manual_control_setpoint__struct.hpp
[5.024s] -- Up-to-date symlink: /home/patryk/ros2_ws/install/px4_msgs/include/px4_msgs/msg/manual_control_setpoint__traits.hpp
[5.026s] -- Up-to-date symlink: /home/patryk/ros2_ws/install/px4_msgs/include/px4_msgs/msg/manual_control_setpoint__rosidl_typesupport_introspection_c.h
[5.028s] -- Up-to-date symlink: /home/patryk/ros2_ws/install/px4_msgs/include/px4_msgs/msg/rosidl_typesupport_introspection_c__visibility_control.h
[5.031s] -- Up-to-date symlink: /home/patryk/ros2_ws/install/px4_msgs/lib/libpx4_msgs__rosidl_typesupport_introspection_c.so
[5.034s] -- Up-to-date symlink: /home/patryk/ros2_ws/install/px4_msgs/include/px4_msgs/msg/manual_control_setpoint__rosidl_typesupport_opensplice_c.h
[5.035s] -- Up-to-date symlink: /home/patryk/ros2_ws/install/px4_msgs/include/px4_msgs/msg/rosidl_typesupport_opensplice_c__visibility_control.h
[5.038s] -- Up-to-date symlink: /home/patryk/ros2_ws/install/px4_msgs/lib/libpx4_msgs__rosidl_typesupport_opensplice_c.so
[5.041s] -- Up-to-date symlink: /home/patryk/ros2_ws/install/px4_msgs/share/px4_msgs/msg/dds_opensplice/ManualControlSetpoint_.idl
[5.045s] -- Up-to-date symlink: /home/patryk/ros2_ws/install/px4_msgs/include/px4_msgs/msg/dds_opensplice/ManualControlSetpoint_.h
[5.046s] -- Up-to-date symlink: /home/patryk/ros2_ws/install/px4_msgs/include/px4_msgs/msg/dds_opensplice/ManualControlSetpoint_Dcps.h
[5.047s] -- Up-to-date symlink: /home/patryk/ros2_ws/install/px4_msgs/include/px4_msgs/msg/dds_opensplice/ManualControlSetpoint_Dcps_impl.h
[5.050s] -- Up-to-date symlink: /home/patryk/ros2_ws/install/px4_msgs/include/px4_msgs/msg/dds_opensplice/ManualControlSetpoint_SplDcps.h
[5.052s] -- Up-to-date symlink: /home/patryk/ros2_ws/install/px4_msgs/include/px4_msgs/msg/dds_opensplice/ccpp_ManualControlSetpoint_.h
[5.053s] -- Up-to-date symlink: /home/patryk/ros2_ws/install/px4_msgs/include/px4_msgs/msg/manual_control_setpoint__rosidl_typesupport_opensplice_cpp.hpp
[5.054s] -- Up-to-date symlink: /home/patryk/ros2_ws/install/px4_msgs/include/px4_msgs/msg/rosidl_typesupport_opensplice_cpp__visibility_control.h
[5.071s] -- Up-to-date symlink: /home/patryk/ros2_ws/install/px4_msgs/lib/libpx4_msgs__rosidl_typesupport_opensplice_cpp.so
[5.073s] -- Up-to-date symlink: /home/patryk/ros2_ws/install/px4_msgs/include/px4_msgs/msg/manual_control_setpoint__rosidl_typesupport_introspection_cpp.hpp
[5.073s] -- Up-to-date symlink: /home/patryk/ros2_ws/install/px4_msgs/lib/libpx4_msgs__rosidl_typesupport_introspection_cpp.so
[5.074s] -- Up-to-date symlink: /home/patryk/ros2_ws/install/px4_msgs/share/px4_msgs/environment/pythonpath.sh
[5.074s] -- Up-to-date symlink: /home/patryk/ros2_ws/install/px4_msgs/lib/python3.6/site-packages/px4_msgs/__init__.py
[5.075s] -- Up-to-date symlink: /home/patryk/ros2_ws/install/px4_msgs/lib/python3.6/site-packages/px4_msgs/msg/__init__.py
[5.075s] -- Up-to-date symlink: /home/patryk/ros2_ws/install/px4_msgs/lib/python3.6/site-packages/px4_msgs/msg/_manual_control_setpoint.py
[5.076s] -- Up-to-date symlink: /home/patryk/ros2_ws/install/px4_msgs/lib/python3.6/site-packages/px4_msgs/px4_msgs_s__rosidl_typesupport_c.cpython-36m-aarch64-linux-gnu.so
[5.077s] -- Up-to-date symlink: /home/patryk/ros2_ws/install/px4_msgs/lib/python3.6/site-packages/px4_msgs/px4_msgs_s__rosidl_typesupport_introspection_c.cpython-36m-aarch64-linux-gnu.so
[5.077s] -- Up-to-date symlink: /home/patryk/ros2_ws/install/px4_msgs/lib/python3.6/site-packages/px4_msgs/px4_msgs_s__rosidl_typesupport_fastrtps_c.cpython-36m-aarch64-linux-gnu.so
[5.078s] -- Up-to-date symlink: /home/patryk/ros2_ws/install/px4_msgs/lib/python3.6/site-packages/px4_msgs/px4_msgs_s__rosidl_typesupport_opensplice_c.cpython-36m-aarch64-linux-gnu.so
[5.080s] -- Up-to-date symlink: /home/patryk/ros2_ws/install/px4_msgs/lib/libpx4_msgs__python.so
[5.082s] -- Up-to-date symlink: /home/patryk/ros2_ws/install/px4_msgs/share/px4_msgs/msg/ManualControlSetpoint.idl
[5.084s] -- Up-to-date symlink: /home/patryk/ros2_ws/install/px4_msgs/share/px4_msgs/msg/ManualControlSetpoint.msg
[5.085s] -- Up-to-date symlink: /home/patryk/ros2_ws/install/px4_msgs/share/ament_index/resource_index/package_run_dependencies/px4_msgs
[5.086s] -- Up-to-date symlink: /home/patryk/ros2_ws/install/px4_msgs/share/ament_index/resource_index/parent_prefix_path/px4_msgs
[5.088s] -- Up-to-date symlink: /home/patryk/ros2_ws/install/px4_msgs/share/px4_msgs/environment/ament_prefix_path.sh
[5.089s] -- Up-to-date symlink: /home/patryk/ros2_ws/install/px4_msgs/share/px4_msgs/environment/path.sh
[5.091s] -- Up-to-date symlink: /home/patryk/ros2_ws/install/px4_msgs/share/px4_msgs/local_setup.bash
[5.092s] -- Up-to-date symlink: /home/patryk/ros2_ws/install/px4_msgs/share/px4_msgs/local_setup.sh
[5.094s] -- Up-to-date symlink: /home/patryk/ros2_ws/install/px4_msgs/share/px4_msgs/local_setup.zsh
[5.095s] -- Up-to-date symlink: /home/patryk/ros2_ws/install/px4_msgs/share/ament_index/resource_index/packages/px4_msgs
[5.097s] -- Up-to-date symlink: /home/patryk/ros2_ws/install/px4_msgs/share/px4_msgs/cmake/rosidl_cmake-extras.cmake
[5.098s] -- Up-to-date symlink: /home/patryk/ros2_ws/install/px4_msgs/share/px4_msgs/cmake/ament_cmake_export_libraries-extras.cmake
[5.100s] -- Up-to-date symlink: /home/patryk/ros2_ws/install/px4_msgs/share/px4_msgs/cmake/ament_cmake_export_include_directories-extras.cmake
[5.101s] -- Up-to-date symlink: /home/patryk/ros2_ws/install/px4_msgs/share/px4_msgs/cmake/rosidl_cmake_export_typesupport_libraries-extras.cmake
[5.103s] -- Up-to-date symlink: /home/patryk/ros2_ws/install/px4_msgs/share/px4_msgs/cmake/ament_cmake_export_dependencies-extras.cmake
[5.104s] -- Up-to-date symlink: /home/patryk/ros2_ws/install/px4_msgs/share/px4_msgs/cmake/px4_msgsConfig.cmake
[5.106s] -- Up-to-date symlink: /home/patryk/ros2_ws/install/px4_msgs/share/px4_msgs/cmake/px4_msgsConfig-version.cmake
[5.107s] -- Up-to-date symlink: /home/patryk/ros2_ws/install/px4_msgs/share/px4_msgs/package.xml
[5.453s] make: warning:  Clock skew detected.  Your build may be incomplete.
[5.463s] Invoked command in '/home/patryk/ros2_ws/build/px4_msgs' returned '0': CMAKE_PREFIX_PATH=${CMAKE_PREFIX_PATH}:/home/patryk/ros2_ws/install/controller /usr/bin/cmake --build /home/patryk/ros2_ws/build/px4_msgs --target install -- -j4 -l4
