[5.020s] Invoking command in '/home/patryk/ros2_ws/src/controller': PYTHONPATH=/home/patryk/ros2_ws/build/controller/prefix_override:/home/patryk/ros2_ws/install/controller/lib/python3.6/site-packages:${PYTHONPATH} /usr/bin/python3 setup.py egg_info --egg-base ../../build/controller build --build-base /home/patryk/ros2_ws/build/controller/build install --record /home/patryk/ros2_ws/build/controller/install.log --install-scripts $base/lib/controller --single-version-externally-managed
[6.585s] /home/patryk/.local/lib/python3.6/site-packages/setuptools/dist.py:720: UserWarning: Usage of dash-separated 'script-dir' will not be supported in future versions. Please use the underscore name 'script_dir' instead
[6.586s]   % (opt, underscore_opt)
[6.763s] running egg_info
[6.767s] writing ../../build/controller/controller.egg-info/PKG-INFO
[6.770s] writing dependency_links to ../../build/controller/controller.egg-info/dependency_links.txt
[6.771s] writing entry points to ../../build/controller/controller.egg-info/entry_points.txt
[6.771s] writing requirements to ../../build/controller/controller.egg-info/requires.txt
[6.772s] writing top-level names to ../../build/controller/controller.egg-info/top_level.txt
[6.789s] reading manifest file '../../build/controller/controller.egg-info/SOURCES.txt'
[6.797s] writing manifest file '../../build/controller/controller.egg-info/SOURCES.txt'
[6.797s] running build
[6.798s] running build_py
[6.800s] copying controller/controller.py -> /home/patryk/ros2_ws/build/controller/build/lib/controller
[6.802s] running install
[6.804s] running install_lib
[6.808s] copying /home/patryk/ros2_ws/build/controller/build/lib/controller/controller.py -> /home/patryk/ros2_ws/install/controller/lib/python3.6/site-packages/controller
[6.817s] byte-compiling /home/patryk/ros2_ws/install/controller/lib/python3.6/site-packages/controller/controller.py to controller.cpython-36.pyc
[6.823s] running install_data
[6.826s] running install_egg_info
[6.833s] removing '/home/patryk/ros2_ws/install/controller/lib/python3.6/site-packages/controller-0.0.0-py3.6.egg-info' (and everything under it)
[6.834s] Copying ../../build/controller/controller.egg-info to /home/patryk/ros2_ws/install/controller/lib/python3.6/site-packages/controller-0.0.0-py3.6.egg-info
[6.839s] running install_scripts
[6.927s] Installing controller script to /home/patryk/ros2_ws/install/controller/lib/controller
[6.931s] writing list of installed files to '/home/patryk/ros2_ws/build/controller/install.log'
[7.046s] Invoked command in '/home/patryk/ros2_ws/src/controller' returned '0': PYTHONPATH=/home/patryk/ros2_ws/build/controller/prefix_override:/home/patryk/ros2_ws/install/controller/lib/python3.6/site-packages:${PYTHONPATH} /usr/bin/python3 setup.py egg_info --egg-base ../../build/controller build --build-base /home/patryk/ros2_ws/build/controller/build install --record /home/patryk/ros2_ws/build/controller/install.log --install-scripts $base/lib/controller --single-version-externally-managed
