[1.944s] DEBUG:colcon:Command line arguments: ['/usr/bin/colcon', 'build']
[1.945s] DEBUG:colcon:Parsed command line arguments: Namespace(allow_overriding=[], base_paths=['.'], build_base='build', continue_on_error=False, event_handlers=None, executor='parallel', ignore_user_meta=False, install_base='install', log_base=None, log_level=None, main=<bound method BuildVerb.main of <colcon_core.verb.build.BuildVerb object at 0x7fa56c02e8>>, merge_install=False, metas=['./colcon.meta'], packages_above=None, packages_above_and_dependencies=None, packages_above_depth=None, packages_end=None, packages_ignore=None, packages_ignore_regex=None, packages_select=None, packages_select_build_failed=False, packages_select_by_dep=None, packages_select_regex=None, packages_select_test_failures=False, packages_skip=None, packages_skip_build_finished=False, packages_skip_by_dep=None, packages_skip_regex=None, packages_skip_test_passed=False, packages_skip_up_to=None, packages_start=None, packages_up_to=None, packages_up_to_regex=None, parallel_workers=4, paths=None, symlink_install=False, test_result_base=None, verb_extension=<colcon_core.verb.build.BuildVerb object at 0x7fa56c02e8>, verb_name='build', verb_parser=<colcon_defaults.argument_parser.defaults.DefaultArgumentsDecorator object at 0x7fa56c0668>)
[2.077s] Level 1:colcon.colcon_core.package_discovery:discover_packages(colcon_meta) check parameters
[2.077s] Level 1:colcon.colcon_core.package_discovery:discover_packages(recursive) check parameters
[2.077s] Level 1:colcon.colcon_core.package_discovery:discover_packages(ignore) check parameters
[2.078s] Level 1:colcon.colcon_core.package_discovery:discover_packages(path) check parameters
[2.078s] Level 1:colcon.colcon_core.package_discovery:discover_packages(colcon_meta) discover
[2.079s] Level 1:colcon.colcon_core.package_discovery:discover_packages(recursive) discover
[2.080s] INFO:colcon.colcon_core.package_discovery:Crawling recursively for packages in '/home/patryk/ros2_ws'
[2.080s] Level 1:colcon.colcon_core.package_identification:_identify(.) by extensions ['ignore']
[2.080s] Level 1:colcon.colcon_core.package_identification:_identify(.) by extension 'ignore'
[2.081s] Level 1:colcon.colcon_core.package_identification:_identify(.) by extensions ['colcon_pkg']
[2.081s] Level 1:colcon.colcon_core.package_identification:_identify(.) by extension 'colcon_pkg'
[2.081s] Level 1:colcon.colcon_core.package_identification:_identify(.) by extensions ['colcon_meta']
[2.081s] Level 1:colcon.colcon_core.package_identification:_identify(.) by extension 'colcon_meta'
[2.082s] Level 1:colcon.colcon_core.package_identification:_identify(.) by extensions ['python']
[2.082s] Level 1:colcon.colcon_core.package_identification:_identify(.) by extension 'python'
[2.082s] Level 1:colcon.colcon_core.package_identification:_identify(.) by extensions ['python_setup_py']
[2.082s] Level 1:colcon.colcon_core.package_identification:_identify(.) by extension 'python_setup_py'
[2.083s] Level 1:colcon.colcon_core.package_identification:_identify(build) by extensions ['ignore']
[2.083s] Level 1:colcon.colcon_core.package_identification:_identify(build) by extension 'ignore'
[2.083s] Level 1:colcon.colcon_core.package_identification:_identify(build) ignored
[2.085s] Level 1:colcon.colcon_core.package_identification:_identify(install) by extensions ['ignore']
[2.085s] Level 1:colcon.colcon_core.package_identification:_identify(install) by extension 'ignore'
[2.085s] Level 1:colcon.colcon_core.package_identification:_identify(install) ignored
[2.093s] Level 1:colcon.colcon_core.package_identification:_identify(log) by extensions ['ignore']
[2.094s] Level 1:colcon.colcon_core.package_identification:_identify(log) by extension 'ignore'
[2.094s] Level 1:colcon.colcon_core.package_identification:_identify(log) ignored
[2.101s] Level 1:colcon.colcon_core.package_identification:_identify(src) by extensions ['ignore']
[2.102s] Level 1:colcon.colcon_core.package_identification:_identify(src) by extension 'ignore'
[2.103s] Level 1:colcon.colcon_core.package_identification:_identify(src) by extensions ['colcon_pkg']
[2.103s] Level 1:colcon.colcon_core.package_identification:_identify(src) by extension 'colcon_pkg'
[2.104s] Level 1:colcon.colcon_core.package_identification:_identify(src) by extensions ['colcon_meta']
[2.104s] Level 1:colcon.colcon_core.package_identification:_identify(src) by extension 'colcon_meta'
[2.104s] Level 1:colcon.colcon_core.package_identification:_identify(src) by extensions ['python']
[2.105s] Level 1:colcon.colcon_core.package_identification:_identify(src) by extension 'python'
[2.105s] Level 1:colcon.colcon_core.package_identification:_identify(src) by extensions ['python_setup_py']
[2.105s] Level 1:colcon.colcon_core.package_identification:_identify(src) by extension 'python_setup_py'
[2.106s] Level 1:colcon.colcon_core.package_identification:_identify(src/controller) by extensions ['ignore']
[2.107s] Level 1:colcon.colcon_core.package_identification:_identify(src/controller) by extension 'ignore'
[2.107s] Level 1:colcon.colcon_core.package_identification:_identify(src/controller) by extensions ['colcon_pkg']
[2.107s] Level 1:colcon.colcon_core.package_identification:_identify(src/controller) by extension 'colcon_pkg'
[2.107s] Level 1:colcon.colcon_core.package_identification:_identify(src/controller) by extensions ['colcon_meta']
[2.107s] Level 1:colcon.colcon_core.package_identification:_identify(src/controller) by extension 'colcon_meta'
[2.108s] Level 1:colcon.colcon_core.package_identification:_identify(src/controller) by extensions ['python']
[2.108s] Level 1:colcon.colcon_core.package_identification:_identify(src/controller) by extension 'python'
[2.110s] DEBUG:colcon.colcon_core.package_identification:Python package in 'src/controller' passes arguments to the setup() function which requires a different identification extension than 'python'
[2.110s] Level 1:colcon.colcon_core.package_identification:_identify(src/controller) by extensions ['python_setup_py']
[2.110s] Level 1:colcon.colcon_core.package_identification:_identify(src/controller) by extension 'python_setup_py'
[3.918s] DEBUG:colcon.colcon_core.package_identification:Package 'src/controller' with type 'python' and name 'controller'
[3.921s] Level 1:colcon.colcon_core.package_identification:_identify(src/px4_msgs) by extensions ['ignore']
[3.923s] Level 1:colcon.colcon_core.package_identification:_identify(src/px4_msgs) by extension 'ignore'
[3.923s] Level 1:colcon.colcon_core.package_identification:_identify(src/px4_msgs) by extensions ['colcon_pkg']
[3.924s] Level 1:colcon.colcon_core.package_identification:_identify(src/px4_msgs) by extension 'colcon_pkg'
[3.924s] Level 1:colcon.colcon_core.package_identification:_identify(src/px4_msgs) by extensions ['colcon_meta']
[3.924s] Level 1:colcon.colcon_core.package_identification:_identify(src/px4_msgs) by extension 'colcon_meta'
[3.924s] Level 1:colcon.colcon_core.package_identification:_identify(src/px4_msgs) by extensions ['python']
[3.925s] Level 1:colcon.colcon_core.package_identification:_identify(src/px4_msgs) by extension 'python'
[3.925s] Level 1:colcon.colcon_core.package_identification:_identify(src/px4_msgs) by extensions ['python_setup_py']
[3.925s] Level 1:colcon.colcon_core.package_identification:_identify(src/px4_msgs) by extension 'python_setup_py'
[3.927s] Level 1:colcon.colcon_core.package_identification:_identify(src/px4_msgs/msg) by extensions ['ignore']
[3.929s] Level 1:colcon.colcon_core.package_identification:_identify(src/px4_msgs/msg) by extension 'ignore'
[3.929s] Level 1:colcon.colcon_core.package_identification:_identify(src/px4_msgs/msg) by extensions ['colcon_pkg']
[3.929s] Level 1:colcon.colcon_core.package_identification:_identify(src/px4_msgs/msg) by extension 'colcon_pkg'
[3.929s] Level 1:colcon.colcon_core.package_identification:_identify(src/px4_msgs/msg) by extensions ['colcon_meta']
[3.929s] Level 1:colcon.colcon_core.package_identification:_identify(src/px4_msgs/msg) by extension 'colcon_meta'
[3.930s] Level 1:colcon.colcon_core.package_identification:_identify(src/px4_msgs/msg) by extensions ['python']
[3.930s] Level 1:colcon.colcon_core.package_identification:_identify(src/px4_msgs/msg) by extension 'python'
[3.930s] Level 1:colcon.colcon_core.package_identification:_identify(src/px4_msgs/msg) by extensions ['python_setup_py']
[3.930s] Level 1:colcon.colcon_core.package_identification:_identify(src/px4_msgs/msg) by extension 'python_setup_py'
[3.931s] Level 1:colcon.colcon_core.package_discovery:discover_packages(recursive) using defaults
[3.931s] Level 1:colcon.colcon_core.package_discovery:discover_packages(ignore) discover
[3.931s] Level 1:colcon.colcon_core.package_discovery:discover_packages(ignore) using defaults
[3.931s] Level 1:colcon.colcon_core.package_discovery:discover_packages(path) discover
[3.931s] Level 1:colcon.colcon_core.package_discovery:discover_packages(path) using defaults
[4.112s] Level 1:colcon.colcon_core.package_discovery:discover_packages(prefix_path) check parameters
[4.112s] Level 1:colcon.colcon_core.package_discovery:discover_packages(prefix_path) discover
[4.123s] DEBUG:colcon.colcon_installed_package_information.package_discovery:Found 2 installed packages in /home/patryk/ros2_ws/install
[4.147s] DEBUG:colcon.colcon_installed_package_information.package_discovery:Found 264 installed packages in /home/patryk/ros2_dashing/ros2-linux
[4.161s] Level 1:colcon.colcon_core.package_discovery:discover_packages(prefix_path) using defaults
[4.517s] DEBUG:colcon.colcon_core.verb:Building package 'controller' with the following arguments: {'build_base': '/home/patryk/ros2_ws/build/controller', 'install_base': '/home/patryk/ros2_ws/install/controller', 'merge_install': False, 'path': '/home/patryk/ros2_ws/src/controller', 'symlink_install': False, 'test_result_base': None}
[4.519s] INFO:colcon.colcon_core.executor:Executing jobs using 'parallel' executor
[4.523s] DEBUG:colcon.colcon_parallel_executor.executor.parallel:run_until_complete
[4.524s] INFO:colcon.colcon_core.task.python.build:Building Python package in '/home/patryk/ros2_ws/src/controller'
[4.552s] INFO:colcon.colcon_core.plugin_system:Skipping extension 'colcon_core.shell.bat': Not used on non-Windows systems
[4.553s] INFO:colcon.colcon_core.shell:Skip shell extension 'powershell' for command environment: Not usable outside of PowerShell
[4.553s] DEBUG:colcon.colcon_core.shell:Skip shell extension 'dsv' for command environment
[9.423s] DEBUG:colcon.colcon_core.event_handler.log_command:Invoking command in '/home/patryk/ros2_ws/build/controller': PYTHONPATH=/home/patryk/ros2_ws/build/controller/prefix_override:/home/patryk/ros2_ws/install/controller/lib/python3.6/site-packages:${PYTHONPATH} /usr/bin/python3 setup.py develop --uninstall --editable --build-directory /home/patryk/ros2_ws/build/controller/build
[12.281s] DEBUG:colcon.colcon_core.event_handler.log_command:Invoked command in '/home/patryk/ros2_ws/build/controller' returned '0': PYTHONPATH=/home/patryk/ros2_ws/build/controller/prefix_override:/home/patryk/ros2_ws/install/controller/lib/python3.6/site-packages:${PYTHONPATH} /usr/bin/python3 setup.py develop --uninstall --editable --build-directory /home/patryk/ros2_ws/build/controller/build
[12.292s] DEBUG:colcon.colcon_core.event_handler.log_command:Invoking command in '/home/patryk/ros2_ws/src/controller': PYTHONPATH=/home/patryk/ros2_ws/build/controller/prefix_override:/home/patryk/ros2_ws/install/controller/lib/python3.6/site-packages:${PYTHONPATH} /usr/bin/python3 setup.py egg_info --egg-base ../../build/controller build --build-base /home/patryk/ros2_ws/build/controller/build install --record /home/patryk/ros2_ws/build/controller/install.log --install-scripts $base/lib/controller --single-version-externally-managed
[14.326s] DEBUG:colcon.colcon_core.event_handler.log_command:Invoked command in '/home/patryk/ros2_ws/src/controller' returned '0': PYTHONPATH=/home/patryk/ros2_ws/build/controller/prefix_override:/home/patryk/ros2_ws/install/controller/lib/python3.6/site-packages:${PYTHONPATH} /usr/bin/python3 setup.py egg_info --egg-base ../../build/controller build --build-base /home/patryk/ros2_ws/build/controller/build install --record /home/patryk/ros2_ws/build/controller/install.log --install-scripts $base/lib/controller --single-version-externally-managed
[14.351s] Level 1:colcon.colcon_core.environment:checking '/home/patryk/ros2_ws/install/controller/lib'
[14.352s] Level 1:colcon.colcon_core.environment:checking '/home/patryk/ros2_ws/install/controller/bin'
[14.352s] Level 1:colcon.colcon_core.environment:checking '/home/patryk/ros2_ws/install/controller/lib/pkgconfig/controller.pc'
[14.353s] Level 1:colcon.colcon_core.environment:checking '/home/patryk/ros2_ws/install/controller/lib/python3.6/site-packages'
[14.354s] Level 1:colcon.colcon_core.shell:create_environment_hook('controller', 'pythonpath')
[14.356s] INFO:colcon.colcon_core.shell:Creating environment hook '/home/patryk/ros2_ws/install/controller/share/controller/hook/pythonpath.ps1'
[14.361s] INFO:colcon.colcon_core.shell:Creating environment descriptor '/home/patryk/ros2_ws/install/controller/share/controller/hook/pythonpath.dsv'
[14.363s] INFO:colcon.colcon_core.shell:Creating environment hook '/home/patryk/ros2_ws/install/controller/share/controller/hook/pythonpath.sh'
[14.368s] Level 1:colcon.colcon_core.environment:checking '/home/patryk/ros2_ws/install/controller/bin'
[14.368s] Level 1:colcon.colcon_core.environment:create_environment_scripts_only(controller)
[14.371s] INFO:colcon.colcon_core.shell:Creating package script '/home/patryk/ros2_ws/install/controller/share/controller/package.ps1'
[14.375s] INFO:colcon.colcon_core.shell:Creating package descriptor '/home/patryk/ros2_ws/install/controller/share/controller/package.dsv'
[14.379s] INFO:colcon.colcon_core.shell:Creating package script '/home/patryk/ros2_ws/install/controller/share/controller/package.sh'
[14.385s] INFO:colcon.colcon_core.shell:Creating package script '/home/patryk/ros2_ws/install/controller/share/controller/package.bash'
[14.392s] INFO:colcon.colcon_core.shell:Creating package script '/home/patryk/ros2_ws/install/controller/share/controller/package.zsh'
[14.401s] Level 1:colcon.colcon_core.environment:create_file_with_runtime_dependencies(/home/patryk/ros2_ws/install/controller/share/colcon-core/packages/controller)
[14.403s] DEBUG:colcon.colcon_parallel_executor.executor.parallel:closing loop
[14.406s] DEBUG:colcon.colcon_parallel_executor.executor.parallel:loop closed
[14.406s] DEBUG:colcon.colcon_parallel_executor.executor.parallel:run_until_complete finished with '0'
[14.407s] DEBUG:colcon.colcon_core.event_reactor:joining thread
[14.466s] INFO:colcon.colcon_core.plugin_system:Skipping extension 'colcon_notification.desktop_notification.terminal_notifier': Not used on non-Darwin systems
[14.466s] INFO:colcon.colcon_core.plugin_system:Skipping extension 'colcon_notification.desktop_notification.win32': Not used on non-Windows systems
[14.467s] INFO:colcon.colcon_notification.desktop_notification:Sending desktop notification using 'notify2'
[14.619s] DEBUG:colcon.colcon_core.event_reactor:joined thread
[14.623s] INFO:colcon.colcon_core.shell:Creating prefix script '/home/patryk/ros2_ws/install/local_setup.ps1'
[14.631s] INFO:colcon.colcon_core.shell:Creating prefix util module '/home/patryk/ros2_ws/install/_local_setup_util_ps1.py'
[14.642s] INFO:colcon.colcon_core.shell:Creating prefix chain script '/home/patryk/ros2_ws/install/setup.ps1'
[14.649s] INFO:colcon.colcon_core.shell:Creating prefix script '/home/patryk/ros2_ws/install/local_setup.sh'
[14.654s] INFO:colcon.colcon_core.shell:Creating prefix util module '/home/patryk/ros2_ws/install/_local_setup_util_sh.py'
[14.657s] INFO:colcon.colcon_core.shell:Creating prefix chain script '/home/patryk/ros2_ws/install/setup.sh'
[14.664s] INFO:colcon.colcon_core.shell:Creating prefix script '/home/patryk/ros2_ws/install/local_setup.bash'
[14.670s] INFO:colcon.colcon_core.shell:Creating prefix chain script '/home/patryk/ros2_ws/install/setup.bash'
[14.677s] INFO:colcon.colcon_core.shell:Creating prefix script '/home/patryk/ros2_ws/install/local_setup.zsh'
[14.682s] INFO:colcon.colcon_core.shell:Creating prefix chain script '/home/patryk/ros2_ws/install/setup.zsh'
