[1.846s] Invoking command in '/home/patryk/ros2_ws/build/px4_msgs': CMAKE_PREFIX_PATH=${CMAKE_PREFIX_PATH}:/home/patryk/ros2_ws/install/controller /usr/bin/cmake --build /home/patryk/ros2_ws/build/px4_msgs -- -j4 -l4
[2.318s] [  5%] Built target px4_msgs__rosidl_generator_c
[2.321s] [  7%] Built target px4_msgs__dds_opensplice_idl
[2.326s] [  9%] Built target px4_msgs__cpp
[2.441s] [ 15%] Built target px4_msgs__rosidl_typesupport_introspection_c
[2.470s] [ 21%] Built target px4_msgs__rosidl_typesupport_fastrtps_cpp
[2.474s] [ 27%] Built target px4_msgs__rosidl_typesupport_introspection_cpp
[2.506s] [ 33%] Built target px4_msgs__rosidl_typesupport_c
[2.567s] [ 39%] Built target px4_msgs__rosidl_typesupport_cpp
[2.623s] [ 45%] Built target px4_msgs__rosidl_typesupport_fastrtps_c
[2.657s] [ 60%] Built target px4_msgs__rosidl_typesupport_opensplice_cpp
[2.814s] [ 78%] Built target px4_msgs__rosidl_typesupport_opensplice_c
[2.907s] [ 78%] Built target px4_msgs
[3.000s] [ 80%] Built target px4_msgs__py
[3.122s] [ 84%] Built target px4_msgs__python
[3.266s] [ 88%] Built target px4_msgs__rosidl_typesupport_fastrtps_c__pyext
[3.282s] [ 92%] Built target px4_msgs__rosidl_typesupport_opensplice_c__pyext
[3.304s] [ 96%] Built target px4_msgs__rosidl_typesupport_c__pyext
[3.306s] [100%] Built target px4_msgs__rosidl_typesupport_introspection_c__pyext
[3.355s] Invoked command in '/home/patryk/ros2_ws/build/px4_msgs' returned '0': CMAKE_PREFIX_PATH=${CMAKE_PREFIX_PATH}:/home/patryk/ros2_ws/install/controller /usr/bin/cmake --build /home/patryk/ros2_ws/build/px4_msgs -- -j4 -l4
[3.748s] Invoking command in '/home/patryk/ros2_ws/build/px4_msgs': CMAKE_PREFIX_PATH=${CMAKE_PREFIX_PATH}:/home/patryk/ros2_ws/install/controller /usr/bin/cmake --build /home/patryk/ros2_ws/build/px4_msgs --target install -- -j4 -l4
[3.976s] [  1%] Built target px4_msgs__dds_opensplice_idl
[3.983s] [  3%] Built target px4_msgs__cpp
[4.005s] [  9%] Built target px4_msgs__rosidl_generator_c
[4.109s] [ 15%] Built target px4_msgs__rosidl_typesupport_introspection_cpp
[4.134s] [ 21%] Built target px4_msgs__rosidl_typesupport_cpp
[4.144s] [ 27%] Built target px4_msgs__rosidl_typesupport_fastrtps_cpp
[4.198s] [ 43%] Built target px4_msgs__rosidl_typesupport_opensplice_cpp
[4.258s] [ 49%] Built target px4_msgs__rosidl_typesupport_c
[4.285s] [ 54%] Built target px4_msgs__rosidl_typesupport_fastrtps_c
[4.293s] [ 60%] Built target px4_msgs__rosidl_typesupport_introspection_c
[4.370s] [ 78%] Built target px4_msgs__rosidl_typesupport_opensplice_c
[4.460s] [ 78%] Built target px4_msgs
[4.550s] [ 80%] Built target px4_msgs__py
[4.666s] [ 84%] Built target px4_msgs__python
[4.796s] [ 88%] Built target px4_msgs__rosidl_typesupport_opensplice_c__pyext
[4.812s] [ 92%] Built target px4_msgs__rosidl_typesupport_fastrtps_c__pyext
[4.814s] [ 96%] Built target px4_msgs__rosidl_typesupport_introspection_c__pyext
[4.824s] [100%] Built target px4_msgs__rosidl_typesupport_c__pyext
[4.911s] [36mInstall the project...[0m
[4.952s] -- Install configuration: ""
[4.955s] -- Execute custom install script
[4.957s] -- Up-to-date symlink: /home/patryk/ros2_ws/install/px4_msgs/share/ament_index/resource_index/rosidl_interfaces/px4_msgs
[4.961s] -- Up-to-date symlink: /home/patryk/ros2_ws/install/px4_msgs/lib/libpx4_msgs__rosidl_typesupport_c.so
[4.963s] -- Up-to-date symlink: /home/patryk/ros2_ws/install/px4_msgs/share/px4_msgs/environment/library_path.sh
[4.966s] -- Up-to-date symlink: /home/patryk/ros2_ws/install/px4_msgs/lib/libpx4_msgs__rosidl_typesupport_cpp.so
[4.969s] -- Up-to-date symlink: /home/patryk/ros2_ws/install/px4_msgs/include/px4_msgs/msg/manual_control_setpoint__rosidl_typesupport_fastrtps_c.h
[4.970s] -- Up-to-date symlink: /home/patryk/ros2_ws/install/px4_msgs/include/px4_msgs/msg/rosidl_typesupport_fastrtps_c__visibility_control.h
[4.974s] -- Up-to-date symlink: /home/patryk/ros2_ws/install/px4_msgs/lib/libpx4_msgs__rosidl_typesupport_fastrtps_c.so
[4.977s] -- Up-to-date symlink: /home/patryk/ros2_ws/install/px4_msgs/include/px4_msgs/msg/manual_control_setpoint.h
[4.978s] -- Up-to-date symlink: /home/patryk/ros2_ws/install/px4_msgs/include/px4_msgs/msg/manual_control_setpoint__functions.h
[4.979s] -- Up-to-date symlink: /home/patryk/ros2_ws/install/px4_msgs/include/px4_msgs/msg/manual_control_setpoint__struct.h
[4.980s] -- Up-to-date symlink: /home/patryk/ros2_ws/install/px4_msgs/include/px4_msgs/msg/manual_control_setpoint__type_support.h
[4.982s] -- Up-to-date symlink: /home/patryk/ros2_ws/install/px4_msgs/include/px4_msgs/msg/rosidl_generator_c__visibility_control.h
[4.985s] -- Up-to-date symlink: /home/patryk/ros2_ws/install/px4_msgs/lib/libpx4_msgs__rosidl_generator_c.so
[4.988s] -- Up-to-date symlink: /home/patryk/ros2_ws/install/px4_msgs/include/px4_msgs/msg/manual_control_setpoint__rosidl_typesupport_fastrtps_cpp.hpp
[4.990s] -- Up-to-date symlink: /home/patryk/ros2_ws/install/px4_msgs/include/px4_msgs/msg/rosidl_typesupport_fastrtps_cpp__visibility_control.h
[4.993s] -- Up-to-date symlink: /home/patryk/ros2_ws/install/px4_msgs/lib/libpx4_msgs__rosidl_typesupport_fastrtps_cpp.so
[4.996s] -- Up-to-date symlink: /home/patryk/ros2_ws/install/px4_msgs/include/px4_msgs/msg/manual_control_setpoint.hpp
[4.997s] -- Up-to-date symlink: /home/patryk/ros2_ws/install/px4_msgs/include/px4_msgs/msg/manual_control_setpoint__struct.hpp
[4.998s] -- Up-to-date symlink: /home/patryk/ros2_ws/install/px4_msgs/include/px4_msgs/msg/manual_control_setpoint__traits.hpp
[5.001s] -- Up-to-date symlink: /home/patryk/ros2_ws/install/px4_msgs/include/px4_msgs/msg/manual_control_setpoint__rosidl_typesupport_introspection_c.h
[5.002s] -- Up-to-date symlink: /home/patryk/ros2_ws/install/px4_msgs/include/px4_msgs/msg/rosidl_typesupport_introspection_c__visibility_control.h
[5.005s] -- Up-to-date symlink: /home/patryk/ros2_ws/install/px4_msgs/lib/libpx4_msgs__rosidl_typesupport_introspection_c.so
[5.009s] -- Up-to-date symlink: /home/patryk/ros2_ws/install/px4_msgs/include/px4_msgs/msg/manual_control_setpoint__rosidl_typesupport_opensplice_c.h
[5.010s] -- Up-to-date symlink: /home/patryk/ros2_ws/install/px4_msgs/include/px4_msgs/msg/rosidl_typesupport_opensplice_c__visibility_control.h
[5.013s] -- Up-to-date symlink: /home/patryk/ros2_ws/install/px4_msgs/lib/libpx4_msgs__rosidl_typesupport_opensplice_c.so
[5.016s] -- Up-to-date symlink: /home/patryk/ros2_ws/install/px4_msgs/share/px4_msgs/msg/dds_opensplice/ManualControlSetpoint_.idl
[5.020s] -- Up-to-date symlink: /home/patryk/ros2_ws/install/px4_msgs/include/px4_msgs/msg/dds_opensplice/ManualControlSetpoint_.h
[5.022s] -- Up-to-date symlink: /home/patryk/ros2_ws/install/px4_msgs/include/px4_msgs/msg/dds_opensplice/ManualControlSetpoint_Dcps.h
[5.024s] -- Up-to-date symlink: /home/patryk/ros2_ws/install/px4_msgs/include/px4_msgs/msg/dds_opensplice/ManualControlSetpoint_Dcps_impl.h
[5.026s] -- Up-to-date symlink: /home/patryk/ros2_ws/install/px4_msgs/include/px4_msgs/msg/dds_opensplice/ManualControlSetpoint_SplDcps.h
[5.027s] -- Up-to-date symlink: /home/patryk/ros2_ws/install/px4_msgs/include/px4_msgs/msg/dds_opensplice/ccpp_ManualControlSetpoint_.h
[5.029s] -- Up-to-date symlink: /home/patryk/ros2_ws/install/px4_msgs/include/px4_msgs/msg/manual_control_setpoint__rosidl_typesupport_opensplice_cpp.hpp
[5.031s] -- Up-to-date symlink: /home/patryk/ros2_ws/install/px4_msgs/include/px4_msgs/msg/rosidl_typesupport_opensplice_cpp__visibility_control.h
[5.034s] -- Up-to-date symlink: /home/patryk/ros2_ws/install/px4_msgs/lib/libpx4_msgs__rosidl_typesupport_opensplice_cpp.so
[5.037s] -- Up-to-date symlink: /home/patryk/ros2_ws/install/px4_msgs/include/px4_msgs/msg/manual_control_setpoint__rosidl_typesupport_introspection_cpp.hpp
[5.040s] -- Up-to-date symlink: /home/patryk/ros2_ws/install/px4_msgs/lib/libpx4_msgs__rosidl_typesupport_introspection_cpp.so
[5.042s] -- Up-to-date symlink: /home/patryk/ros2_ws/install/px4_msgs/share/px4_msgs/environment/pythonpath.sh
[5.044s] -- Up-to-date symlink: /home/patryk/ros2_ws/install/px4_msgs/lib/python3.6/site-packages/px4_msgs/__init__.py
[5.047s] -- Up-to-date symlink: /home/patryk/ros2_ws/install/px4_msgs/lib/python3.6/site-packages/px4_msgs/msg/__init__.py
[5.049s] -- Up-to-date symlink: /home/patryk/ros2_ws/install/px4_msgs/lib/python3.6/site-packages/px4_msgs/msg/_manual_control_setpoint.py
[5.052s] -- Up-to-date symlink: /home/patryk/ros2_ws/install/px4_msgs/lib/python3.6/site-packages/px4_msgs/px4_msgs_s__rosidl_typesupport_c.cpython-36m-aarch64-linux-gnu.so
[5.055s] -- Up-to-date symlink: /home/patryk/ros2_ws/install/px4_msgs/lib/python3.6/site-packages/px4_msgs/px4_msgs_s__rosidl_typesupport_introspection_c.cpython-36m-aarch64-linux-gnu.so
[5.060s] -- Up-to-date symlink: /home/patryk/ros2_ws/install/px4_msgs/lib/python3.6/site-packages/px4_msgs/px4_msgs_s__rosidl_typesupport_fastrtps_c.cpython-36m-aarch64-linux-gnu.so
[5.062s] -- Up-to-date symlink: /home/patryk/ros2_ws/install/px4_msgs/lib/python3.6/site-packages/px4_msgs/px4_msgs_s__rosidl_typesupport_opensplice_c.cpython-36m-aarch64-linux-gnu.so
[5.065s] -- Up-to-date symlink: /home/patryk/ros2_ws/install/px4_msgs/lib/libpx4_msgs__python.so
[5.067s] -- Up-to-date symlink: /home/patryk/ros2_ws/install/px4_msgs/share/px4_msgs/msg/ManualControlSetpoint.idl
[5.070s] -- Up-to-date symlink: /home/patryk/ros2_ws/install/px4_msgs/share/px4_msgs/msg/ManualControlSetpoint.msg
[5.071s] -- Up-to-date symlink: /home/patryk/ros2_ws/install/px4_msgs/share/ament_index/resource_index/package_run_dependencies/px4_msgs
[5.073s] -- Up-to-date symlink: /home/patryk/ros2_ws/install/px4_msgs/share/ament_index/resource_index/parent_prefix_path/px4_msgs
[5.075s] -- Up-to-date symlink: /home/patryk/ros2_ws/install/px4_msgs/share/px4_msgs/environment/ament_prefix_path.sh
[5.077s] -- Up-to-date symlink: /home/patryk/ros2_ws/install/px4_msgs/share/px4_msgs/environment/path.sh
[5.079s] -- Up-to-date symlink: /home/patryk/ros2_ws/install/px4_msgs/share/px4_msgs/local_setup.bash
[5.081s] -- Up-to-date symlink: /home/patryk/ros2_ws/install/px4_msgs/share/px4_msgs/local_setup.sh
[5.083s] -- Up-to-date symlink: /home/patryk/ros2_ws/install/px4_msgs/share/px4_msgs/local_setup.zsh
[5.085s] -- Up-to-date symlink: /home/patryk/ros2_ws/install/px4_msgs/share/ament_index/resource_index/packages/px4_msgs
[5.087s] -- Up-to-date symlink: /home/patryk/ros2_ws/install/px4_msgs/share/px4_msgs/cmake/rosidl_cmake-extras.cmake
[5.089s] -- Up-to-date symlink: /home/patryk/ros2_ws/install/px4_msgs/share/px4_msgs/cmake/ament_cmake_export_libraries-extras.cmake
[5.091s] -- Up-to-date symlink: /home/patryk/ros2_ws/install/px4_msgs/share/px4_msgs/cmake/ament_cmake_export_include_directories-extras.cmake
[5.093s] -- Up-to-date symlink: /home/patryk/ros2_ws/install/px4_msgs/share/px4_msgs/cmake/rosidl_cmake_export_typesupport_libraries-extras.cmake
[5.095s] -- Up-to-date symlink: /home/patryk/ros2_ws/install/px4_msgs/share/px4_msgs/cmake/ament_cmake_export_dependencies-extras.cmake
[5.097s] -- Up-to-date symlink: /home/patryk/ros2_ws/install/px4_msgs/share/px4_msgs/cmake/px4_msgsConfig.cmake
[5.099s] -- Up-to-date symlink: /home/patryk/ros2_ws/install/px4_msgs/share/px4_msgs/cmake/px4_msgsConfig-version.cmake
[5.100s] -- Up-to-date symlink: /home/patryk/ros2_ws/install/px4_msgs/share/px4_msgs/package.xml
[5.461s] Invoked command in '/home/patryk/ros2_ws/build/px4_msgs' returned '0': CMAKE_PREFIX_PATH=${CMAKE_PREFIX_PATH}:/home/patryk/ros2_ws/install/controller /usr/bin/cmake --build /home/patryk/ros2_ws/build/px4_msgs --target install -- -j4 -l4
