[1.702s] DEBUG:colcon:Command line arguments: ['/usr/bin/colcon', 'build', '--symlink-install']
[1.702s] DEBUG:colcon:Parsed command line arguments: Namespace(allow_overriding=[], ament_cmake_args=None, base_paths=['.'], build_base='build', catkin_cmake_args=None, catkin_skip_building_tests=False, cmake_args=None, cmake_clean_cache=False, cmake_clean_first=False, cmake_force_configure=False, cmake_target=None, cmake_target_skip_unavailable=False, continue_on_error=False, event_handlers=None, executor='parallel', ignore_user_meta=False, install_base='install', log_base=None, log_level=None, main=<bound method BuildVerb.main of <colcon_core.verb.build.BuildVerb object at 0x7f99a55940>>, merge_install=False, metas=['./colcon.meta'], packages_above=None, packages_above_and_dependencies=None, packages_above_depth=None, packages_end=None, packages_ignore=None, packages_ignore_regex=None, packages_select=None, packages_select_build_failed=False, packages_select_by_dep=None, packages_select_regex=None, packages_select_test_failures=False, packages_skip=None, packages_skip_build_finished=False, packages_skip_by_dep=None, packages_skip_regex=None, packages_skip_test_passed=False, packages_skip_up_to=None, packages_start=None, packages_up_to=None, packages_up_to_regex=None, parallel_workers=4, paths=None, symlink_install=True, test_result_base=None, verb_extension=<colcon_core.verb.build.BuildVerb object at 0x7f99a55940>, verb_name='build', verb_parser=<colcon_defaults.argument_parser.defaults.DefaultArgumentsDecorator object at 0x7f99a55cc0>)
[1.781s] Level 1:colcon.colcon_core.package_discovery:discover_packages(colcon_meta) check parameters
[1.781s] Level 1:colcon.colcon_core.package_discovery:discover_packages(recursive) check parameters
[1.782s] Level 1:colcon.colcon_core.package_discovery:discover_packages(ignore) check parameters
[1.782s] Level 1:colcon.colcon_core.package_discovery:discover_packages(path) check parameters
[1.782s] Level 1:colcon.colcon_core.package_discovery:discover_packages(colcon_meta) discover
[1.784s] Level 1:colcon.colcon_core.package_discovery:discover_packages(recursive) discover
[1.784s] INFO:colcon.colcon_core.package_discovery:Crawling recursively for packages in '/home/patryk/ros2_ws'
[1.784s] Level 1:colcon.colcon_core.package_identification:_identify(.) by extensions ['ignore', 'ignore_ament_install']
[1.785s] Level 1:colcon.colcon_core.package_identification:_identify(.) by extension 'ignore'
[1.785s] Level 1:colcon.colcon_core.package_identification:_identify(.) by extension 'ignore_ament_install'
[1.785s] Level 1:colcon.colcon_core.package_identification:_identify(.) by extensions ['colcon_pkg']
[1.786s] Level 1:colcon.colcon_core.package_identification:_identify(.) by extension 'colcon_pkg'
[1.786s] Level 1:colcon.colcon_core.package_identification:_identify(.) by extensions ['colcon_meta']
[1.786s] Level 1:colcon.colcon_core.package_identification:_identify(.) by extension 'colcon_meta'
[1.786s] Level 1:colcon.colcon_core.package_identification:_identify(.) by extensions ['ros']
[1.786s] Level 1:colcon.colcon_core.package_identification:_identify(.) by extension 'ros'
[1.881s] Level 1:colcon.colcon_core.package_identification:_identify(.) by extensions ['cmake', 'python']
[1.882s] Level 1:colcon.colcon_core.package_identification:_identify(.) by extension 'cmake'
[1.882s] Level 1:colcon.colcon_core.package_identification:_identify(.) by extension 'python'
[1.882s] Level 1:colcon.colcon_core.package_identification:_identify(.) by extensions ['python_setup_py']
[1.882s] Level 1:colcon.colcon_core.package_identification:_identify(.) by extension 'python_setup_py'
[1.883s] Level 1:colcon.colcon_core.package_identification:_identify(build) by extensions ['ignore', 'ignore_ament_install']
[1.883s] Level 1:colcon.colcon_core.package_identification:_identify(build) by extension 'ignore'
[1.884s] Level 1:colcon.colcon_core.package_identification:_identify(build) ignored
[1.885s] Level 1:colcon.colcon_core.package_identification:_identify(install) by extensions ['ignore', 'ignore_ament_install']
[1.886s] Level 1:colcon.colcon_core.package_identification:_identify(install) by extension 'ignore'
[1.886s] Level 1:colcon.colcon_core.package_identification:_identify(install) ignored
[1.887s] Level 1:colcon.colcon_core.package_identification:_identify(log) by extensions ['ignore', 'ignore_ament_install']
[1.888s] Level 1:colcon.colcon_core.package_identification:_identify(log) by extension 'ignore'
[1.888s] Level 1:colcon.colcon_core.package_identification:_identify(log) ignored
[1.888s] Level 1:colcon.colcon_core.package_identification:_identify(src) by extensions ['ignore', 'ignore_ament_install']
[1.889s] Level 1:colcon.colcon_core.package_identification:_identify(src) by extension 'ignore'
[1.889s] Level 1:colcon.colcon_core.package_identification:_identify(src) by extension 'ignore_ament_install'
[1.889s] Level 1:colcon.colcon_core.package_identification:_identify(src) by extensions ['colcon_pkg']
[1.890s] Level 1:colcon.colcon_core.package_identification:_identify(src) by extension 'colcon_pkg'
[1.890s] Level 1:colcon.colcon_core.package_identification:_identify(src) by extensions ['colcon_meta']
[1.890s] Level 1:colcon.colcon_core.package_identification:_identify(src) by extension 'colcon_meta'
[1.890s] Level 1:colcon.colcon_core.package_identification:_identify(src) by extensions ['ros']
[1.891s] Level 1:colcon.colcon_core.package_identification:_identify(src) by extension 'ros'
[1.891s] Level 1:colcon.colcon_core.package_identification:_identify(src) by extensions ['cmake', 'python']
[1.891s] Level 1:colcon.colcon_core.package_identification:_identify(src) by extension 'cmake'
[1.891s] Level 1:colcon.colcon_core.package_identification:_identify(src) by extension 'python'
[1.892s] Level 1:colcon.colcon_core.package_identification:_identify(src) by extensions ['python_setup_py']
[1.892s] Level 1:colcon.colcon_core.package_identification:_identify(src) by extension 'python_setup_py'
[1.892s] Level 1:colcon.colcon_core.package_identification:_identify(src/controller) by extensions ['ignore', 'ignore_ament_install']
[1.893s] Level 1:colcon.colcon_core.package_identification:_identify(src/controller) by extension 'ignore'
[1.893s] Level 1:colcon.colcon_core.package_identification:_identify(src/controller) by extension 'ignore_ament_install'
[1.893s] Level 1:colcon.colcon_core.package_identification:_identify(src/controller) by extensions ['colcon_pkg']
[1.894s] Level 1:colcon.colcon_core.package_identification:_identify(src/controller) by extension 'colcon_pkg'
[1.894s] Level 1:colcon.colcon_core.package_identification:_identify(src/controller) by extensions ['colcon_meta']
[1.894s] Level 1:colcon.colcon_core.package_identification:_identify(src/controller) by extension 'colcon_meta'
[1.894s] Level 1:colcon.colcon_core.package_identification:_identify(src/controller) by extensions ['ros']
[1.894s] Level 1:colcon.colcon_core.package_identification:_identify(src/controller) by extension 'ros'
[1.906s] DEBUG:colcon.colcon_core.package_identification:Package 'src/controller' with type 'ros.ament_python' and name 'controller'
[1.907s] Level 1:colcon.colcon_core.package_identification:_identify(src/px4_msgs) by extensions ['ignore', 'ignore_ament_install']
[1.908s] Level 1:colcon.colcon_core.package_identification:_identify(src/px4_msgs) by extension 'ignore'
[1.908s] Level 1:colcon.colcon_core.package_identification:_identify(src/px4_msgs) by extension 'ignore_ament_install'
[1.908s] Level 1:colcon.colcon_core.package_identification:_identify(src/px4_msgs) by extensions ['colcon_pkg']
[1.908s] Level 1:colcon.colcon_core.package_identification:_identify(src/px4_msgs) by extension 'colcon_pkg'
[1.909s] Level 1:colcon.colcon_core.package_identification:_identify(src/px4_msgs) by extensions ['colcon_meta']
[1.909s] Level 1:colcon.colcon_core.package_identification:_identify(src/px4_msgs) by extension 'colcon_meta'
[1.909s] Level 1:colcon.colcon_core.package_identification:_identify(src/px4_msgs) by extensions ['ros']
[1.909s] Level 1:colcon.colcon_core.package_identification:_identify(src/px4_msgs) by extension 'ros'
[1.912s] DEBUG:colcon.colcon_core.package_identification:Package 'src/px4_msgs' with type 'ros.ament_cmake' and name 'px4_msgs'
[1.912s] Level 1:colcon.colcon_core.package_discovery:discover_packages(recursive) using defaults
[1.913s] Level 1:colcon.colcon_core.package_discovery:discover_packages(ignore) discover
[1.913s] Level 1:colcon.colcon_core.package_discovery:discover_packages(ignore) using defaults
[1.914s] Level 1:colcon.colcon_core.package_discovery:discover_packages(path) discover
[1.914s] Level 1:colcon.colcon_core.package_discovery:discover_packages(path) using defaults
[2.022s] Level 1:colcon.colcon_core.package_discovery:discover_packages(prefix_path) check parameters
[2.023s] Level 1:colcon.colcon_core.package_discovery:discover_packages(prefix_path) discover
[2.034s] DEBUG:colcon.colcon_installed_package_information.package_discovery:Found 2 installed packages in /home/patryk/ros2_ws/install
[2.070s] DEBUG:colcon.colcon_installed_package_information.package_discovery:Found 264 installed packages in /home/patryk/ros2_dashing/ros2-linux
[2.083s] Level 1:colcon.colcon_core.package_discovery:discover_packages(prefix_path) using defaults
[2.232s] Level 5:colcon.colcon_core.verb:set package 'controller' build argument 'cmake_args' from command line to 'None'
[2.232s] Level 5:colcon.colcon_core.verb:set package 'controller' build argument 'cmake_target' from command line to 'None'
[2.232s] Level 5:colcon.colcon_core.verb:set package 'controller' build argument 'cmake_target_skip_unavailable' from command line to 'False'
[2.232s] Level 5:colcon.colcon_core.verb:set package 'controller' build argument 'cmake_clean_cache' from command line to 'False'
[2.232s] Level 5:colcon.colcon_core.verb:set package 'controller' build argument 'cmake_clean_first' from command line to 'False'
[2.233s] Level 5:colcon.colcon_core.verb:set package 'controller' build argument 'cmake_force_configure' from command line to 'False'
[2.233s] Level 5:colcon.colcon_core.verb:set package 'controller' build argument 'ament_cmake_args' from command line to 'None'
[2.233s] Level 5:colcon.colcon_core.verb:set package 'controller' build argument 'catkin_cmake_args' from command line to 'None'
[2.233s] Level 5:colcon.colcon_core.verb:set package 'controller' build argument 'catkin_skip_building_tests' from command line to 'False'
[2.233s] DEBUG:colcon.colcon_core.verb:Building package 'controller' with the following arguments: {'ament_cmake_args': None, 'build_base': '/home/patryk/ros2_ws/build/controller', 'catkin_cmake_args': None, 'catkin_skip_building_tests': False, 'cmake_args': None, 'cmake_clean_cache': False, 'cmake_clean_first': False, 'cmake_force_configure': False, 'cmake_target': None, 'cmake_target_skip_unavailable': False, 'install_base': '/home/patryk/ros2_ws/install/controller', 'merge_install': False, 'path': '/home/patryk/ros2_ws/src/controller', 'symlink_install': True, 'test_result_base': None}
[2.236s] Level 5:colcon.colcon_core.verb:set package 'px4_msgs' build argument 'cmake_args' from command line to 'None'
[2.237s] Level 5:colcon.colcon_core.verb:set package 'px4_msgs' build argument 'cmake_target' from command line to 'None'
[2.237s] Level 5:colcon.colcon_core.verb:set package 'px4_msgs' build argument 'cmake_target_skip_unavailable' from command line to 'False'
[2.237s] Level 5:colcon.colcon_core.verb:set package 'px4_msgs' build argument 'cmake_clean_cache' from command line to 'False'
[2.237s] Level 5:colcon.colcon_core.verb:set package 'px4_msgs' build argument 'cmake_clean_first' from command line to 'False'
[2.237s] Level 5:colcon.colcon_core.verb:set package 'px4_msgs' build argument 'cmake_force_configure' from command line to 'False'
[2.237s] Level 5:colcon.colcon_core.verb:set package 'px4_msgs' build argument 'ament_cmake_args' from command line to 'None'
[2.238s] Level 5:colcon.colcon_core.verb:set package 'px4_msgs' build argument 'catkin_cmake_args' from command line to 'None'
[2.238s] Level 5:colcon.colcon_core.verb:set package 'px4_msgs' build argument 'catkin_skip_building_tests' from command line to 'False'
[2.238s] DEBUG:colcon.colcon_core.verb:Building package 'px4_msgs' with the following arguments: {'ament_cmake_args': None, 'build_base': '/home/patryk/ros2_ws/build/px4_msgs', 'catkin_cmake_args': None, 'catkin_skip_building_tests': False, 'cmake_args': None, 'cmake_clean_cache': False, 'cmake_clean_first': False, 'cmake_force_configure': False, 'cmake_target': None, 'cmake_target_skip_unavailable': False, 'install_base': '/home/patryk/ros2_ws/install/px4_msgs', 'merge_install': False, 'path': '/home/patryk/ros2_ws/src/px4_msgs', 'symlink_install': True, 'test_result_base': None}
[2.239s] INFO:colcon.colcon_core.executor:Executing jobs using 'parallel' executor
[2.243s] DEBUG:colcon.colcon_parallel_executor.executor.parallel:run_until_complete
[2.244s] INFO:colcon.colcon_ros.task.ament_python.build:Building ROS package in '/home/patryk/ros2_ws/src/controller' with build type 'ament_python'
[2.245s] Level 1:colcon.colcon_core.shell:create_environment_hook('controller', 'ament_prefix_path')
[2.256s] INFO:colcon.colcon_core.plugin_system:Skipping extension 'colcon_core.shell.bat': Not used on non-Windows systems
[2.258s] INFO:colcon.colcon_core.shell:Creating environment hook '/home/patryk/ros2_ws/install/controller/share/controller/hook/ament_prefix_path.ps1'
[2.261s] INFO:colcon.colcon_core.shell:Creating environment descriptor '/home/patryk/ros2_ws/install/controller/share/controller/hook/ament_prefix_path.dsv'
[2.263s] INFO:colcon.colcon_core.shell:Creating environment hook '/home/patryk/ros2_ws/install/controller/share/controller/hook/ament_prefix_path.sh'
[2.268s] INFO:colcon.colcon_core.shell:Skip shell extension 'powershell' for command environment: Not usable outside of PowerShell
[2.269s] DEBUG:colcon.colcon_core.shell:Skip shell extension 'dsv' for command environment
[2.322s] INFO:colcon.colcon_ros.task.ament_cmake.build:Building ROS package in '/home/patryk/ros2_ws/src/px4_msgs' with build type 'ament_cmake'
[2.323s] INFO:colcon.colcon_cmake.task.cmake.build:Building CMake package in '/home/patryk/ros2_ws/src/px4_msgs'
[2.326s] INFO:colcon.colcon_core.shell:Skip shell extension 'powershell' for command environment: Not usable outside of PowerShell
[2.326s] DEBUG:colcon.colcon_core.shell:Skip shell extension 'dsv' for command environment
[4.092s] INFO:colcon.colcon_core.task.python.build:Building Python package in '/home/patryk/ros2_ws/src/controller'
[4.096s] INFO:colcon.colcon_core.shell:Skip shell extension 'powershell' for command environment: Not usable outside of PowerShell
[4.096s] DEBUG:colcon.colcon_core.shell:Skip shell extension 'dsv' for command environment
[4.165s] DEBUG:colcon.colcon_core.event_handler.log_command:Invoking command in '/home/patryk/ros2_ws/build/px4_msgs': CMAKE_PREFIX_PATH=${CMAKE_PREFIX_PATH}:/home/patryk/ros2_ws/install/controller /usr/bin/cmake --build /home/patryk/ros2_ws/build/px4_msgs -- -j4 -l4
[5.361s] DEBUG:colcon.colcon_core.event_handler.log_command:Invoked command in '/home/patryk/ros2_ws/build/px4_msgs' returned '0': CMAKE_PREFIX_PATH=${CMAKE_PREFIX_PATH}:/home/patryk/ros2_ws/install/controller /usr/bin/cmake --build /home/patryk/ros2_ws/build/px4_msgs -- -j4 -l4
[5.753s] DEBUG:colcon.colcon_core.event_handler.log_command:Invoking command in '/home/patryk/ros2_ws/build/px4_msgs': CMAKE_PREFIX_PATH=${CMAKE_PREFIX_PATH}:/home/patryk/ros2_ws/install/controller /usr/bin/cmake --build /home/patryk/ros2_ws/build/px4_msgs --target install -- -j4 -l4
[7.103s] DEBUG:colcon.colcon_core.event_handler.log_command:Invoking command in '/home/patryk/ros2_ws/build/controller': PYTHONPATH=/home/patryk/ros2_ws/build/controller/prefix_override:/home/patryk/ros2_ws/install/controller/lib/python3.6/site-packages:${PYTHONPATH} /usr/bin/python3 setup.py develop --editable --build-directory /home/patryk/ros2_ws/build/controller/build --no-deps install_data
[7.470s] Level 1:colcon.colcon_core.environment:create_environment_scripts_only(px4_msgs)
[7.475s] DEBUG:colcon.colcon_core.event_handler.log_command:Invoked command in '/home/patryk/ros2_ws/build/px4_msgs' returned '0': CMAKE_PREFIX_PATH=${CMAKE_PREFIX_PATH}:/home/patryk/ros2_ws/install/controller /usr/bin/cmake --build /home/patryk/ros2_ws/build/px4_msgs --target install -- -j4 -l4
[7.487s] Level 1:colcon.colcon_core.environment:checking '/home/patryk/ros2_ws/install/px4_msgs' for CMake module files
[7.490s] Level 1:colcon.colcon_core.environment:checking '/home/patryk/ros2_ws/install/px4_msgs' for CMake config files
[7.494s] Level 1:colcon.colcon_core.shell:create_environment_hook('px4_msgs', 'cmake_prefix_path')
[7.497s] INFO:colcon.colcon_core.shell:Creating environment hook '/home/patryk/ros2_ws/install/px4_msgs/share/px4_msgs/hook/cmake_prefix_path.ps1'
[7.500s] INFO:colcon.colcon_core.shell:Creating environment descriptor '/home/patryk/ros2_ws/install/px4_msgs/share/px4_msgs/hook/cmake_prefix_path.dsv'
[7.502s] INFO:colcon.colcon_core.shell:Creating environment hook '/home/patryk/ros2_ws/install/px4_msgs/share/px4_msgs/hook/cmake_prefix_path.sh'
[7.507s] Level 1:colcon.colcon_core.environment:checking '/home/patryk/ros2_ws/install/px4_msgs/lib'
[7.507s] Level 1:colcon.colcon_core.shell:create_environment_hook('px4_msgs', 'ld_library_path_lib')
[7.510s] INFO:colcon.colcon_core.shell:Creating environment hook '/home/patryk/ros2_ws/install/px4_msgs/share/px4_msgs/hook/ld_library_path_lib.ps1'
[7.511s] INFO:colcon.colcon_core.shell:Creating environment descriptor '/home/patryk/ros2_ws/install/px4_msgs/share/px4_msgs/hook/ld_library_path_lib.dsv'
[7.513s] INFO:colcon.colcon_core.shell:Creating environment hook '/home/patryk/ros2_ws/install/px4_msgs/share/px4_msgs/hook/ld_library_path_lib.sh'
[7.515s] Level 1:colcon.colcon_core.environment:checking '/home/patryk/ros2_ws/install/px4_msgs/bin'
[7.515s] Level 1:colcon.colcon_core.environment:checking '/home/patryk/ros2_ws/install/px4_msgs/lib/pkgconfig/px4_msgs.pc'
[7.516s] Level 1:colcon.colcon_core.environment:checking '/home/patryk/ros2_ws/install/px4_msgs/lib/python3.6/site-packages'
[7.517s] Level 1:colcon.colcon_core.shell:create_environment_hook('px4_msgs', 'pythonpath')
[7.519s] INFO:colcon.colcon_core.shell:Creating environment hook '/home/patryk/ros2_ws/install/px4_msgs/share/px4_msgs/hook/pythonpath.ps1'
[7.521s] INFO:colcon.colcon_core.shell:Creating environment descriptor '/home/patryk/ros2_ws/install/px4_msgs/share/px4_msgs/hook/pythonpath.dsv'
[7.523s] INFO:colcon.colcon_core.shell:Creating environment hook '/home/patryk/ros2_ws/install/px4_msgs/share/px4_msgs/hook/pythonpath.sh'
[7.525s] Level 1:colcon.colcon_core.environment:checking '/home/patryk/ros2_ws/install/px4_msgs/bin'
[7.528s] INFO:colcon.colcon_core.shell:Creating package script '/home/patryk/ros2_ws/install/px4_msgs/share/px4_msgs/package.ps1'
[7.533s] INFO:colcon.colcon_core.shell:Creating package descriptor '/home/patryk/ros2_ws/install/px4_msgs/share/px4_msgs/package.dsv'
[7.537s] INFO:colcon.colcon_core.shell:Creating package script '/home/patryk/ros2_ws/install/px4_msgs/share/px4_msgs/package.sh'
[7.541s] INFO:colcon.colcon_core.shell:Creating package script '/home/patryk/ros2_ws/install/px4_msgs/share/px4_msgs/package.bash'
[7.546s] INFO:colcon.colcon_core.shell:Creating package script '/home/patryk/ros2_ws/install/px4_msgs/share/px4_msgs/package.zsh'
[7.551s] Level 1:colcon.colcon_core.environment:create_file_with_runtime_dependencies(/home/patryk/ros2_ws/install/px4_msgs/share/colcon-core/packages/px4_msgs)
[7.889s] Level 1:colcon.colcon_core.environment:create_environment_scripts_only(px4_msgs)
[7.891s] Level 1:colcon.colcon_core.environment:checking '/home/patryk/ros2_ws/install/px4_msgs' for CMake module files
[7.895s] Level 1:colcon.colcon_core.environment:checking '/home/patryk/ros2_ws/install/px4_msgs' for CMake config files
[7.899s] Level 1:colcon.colcon_core.shell:create_environment_hook('px4_msgs', 'cmake_prefix_path')
[7.901s] INFO:colcon.colcon_core.shell:Creating environment hook '/home/patryk/ros2_ws/install/px4_msgs/share/px4_msgs/hook/cmake_prefix_path.ps1'
[7.905s] INFO:colcon.colcon_core.shell:Creating environment descriptor '/home/patryk/ros2_ws/install/px4_msgs/share/px4_msgs/hook/cmake_prefix_path.dsv'
[7.907s] INFO:colcon.colcon_core.shell:Creating environment hook '/home/patryk/ros2_ws/install/px4_msgs/share/px4_msgs/hook/cmake_prefix_path.sh'
[7.911s] Level 1:colcon.colcon_core.environment:checking '/home/patryk/ros2_ws/install/px4_msgs/lib'
[7.911s] Level 1:colcon.colcon_core.shell:create_environment_hook('px4_msgs', 'ld_library_path_lib')
[7.914s] INFO:colcon.colcon_core.shell:Creating environment hook '/home/patryk/ros2_ws/install/px4_msgs/share/px4_msgs/hook/ld_library_path_lib.ps1'
[7.915s] INFO:colcon.colcon_core.shell:Creating environment descriptor '/home/patryk/ros2_ws/install/px4_msgs/share/px4_msgs/hook/ld_library_path_lib.dsv'
[7.917s] INFO:colcon.colcon_core.shell:Creating environment hook '/home/patryk/ros2_ws/install/px4_msgs/share/px4_msgs/hook/ld_library_path_lib.sh'
[7.919s] Level 1:colcon.colcon_core.environment:checking '/home/patryk/ros2_ws/install/px4_msgs/bin'
[7.919s] Level 1:colcon.colcon_core.environment:checking '/home/patryk/ros2_ws/install/px4_msgs/lib/pkgconfig/px4_msgs.pc'
[7.920s] Level 1:colcon.colcon_core.environment:checking '/home/patryk/ros2_ws/install/px4_msgs/lib/python3.6/site-packages'
[7.921s] Level 1:colcon.colcon_core.shell:create_environment_hook('px4_msgs', 'pythonpath')
[7.923s] INFO:colcon.colcon_core.shell:Creating environment hook '/home/patryk/ros2_ws/install/px4_msgs/share/px4_msgs/hook/pythonpath.ps1'
[7.925s] INFO:colcon.colcon_core.shell:Creating environment descriptor '/home/patryk/ros2_ws/install/px4_msgs/share/px4_msgs/hook/pythonpath.dsv'
[7.926s] INFO:colcon.colcon_core.shell:Creating environment hook '/home/patryk/ros2_ws/install/px4_msgs/share/px4_msgs/hook/pythonpath.sh'
[7.929s] Level 1:colcon.colcon_core.environment:checking '/home/patryk/ros2_ws/install/px4_msgs/bin'
[7.932s] INFO:colcon.colcon_core.shell:Creating package script '/home/patryk/ros2_ws/install/px4_msgs/share/px4_msgs/package.ps1'
[7.935s] INFO:colcon.colcon_core.shell:Creating package descriptor '/home/patryk/ros2_ws/install/px4_msgs/share/px4_msgs/package.dsv'
[7.937s] INFO:colcon.colcon_core.shell:Creating package script '/home/patryk/ros2_ws/install/px4_msgs/share/px4_msgs/package.sh'
[7.940s] INFO:colcon.colcon_core.shell:Creating package script '/home/patryk/ros2_ws/install/px4_msgs/share/px4_msgs/package.bash'
[7.941s] INFO:colcon.colcon_core.shell:Creating package script '/home/patryk/ros2_ws/install/px4_msgs/share/px4_msgs/package.zsh'
[7.943s] Level 1:colcon.colcon_core.environment:create_file_with_runtime_dependencies(/home/patryk/ros2_ws/install/px4_msgs/share/colcon-core/packages/px4_msgs)
[10.288s] Level 1:colcon.colcon_core.shell:create_environment_hook('controller', 'pythonpath_develop')
[10.292s] INFO:colcon.colcon_core.shell:Creating environment hook '/home/patryk/ros2_ws/build/controller/share/controller/hook/pythonpath_develop.ps1'
[10.293s] DEBUG:colcon.colcon_core.event_handler.log_command:Invoked command in '/home/patryk/ros2_ws/build/controller' returned '0': PYTHONPATH=/home/patryk/ros2_ws/build/controller/prefix_override:/home/patryk/ros2_ws/install/controller/lib/python3.6/site-packages:${PYTHONPATH} /usr/bin/python3 setup.py develop --editable --build-directory /home/patryk/ros2_ws/build/controller/build --no-deps install_data
[10.296s] INFO:colcon.colcon_core.shell:Creating environment descriptor '/home/patryk/ros2_ws/build/controller/share/controller/hook/pythonpath_develop.dsv'
[10.298s] INFO:colcon.colcon_core.shell:Creating environment hook '/home/patryk/ros2_ws/build/controller/share/controller/hook/pythonpath_develop.sh'
[10.301s] Level 1:colcon.colcon_core.environment:checking '/home/patryk/ros2_ws/install/controller' for CMake module files
[10.304s] Level 1:colcon.colcon_core.environment:checking '/home/patryk/ros2_ws/install/controller' for CMake config files
[10.307s] Level 1:colcon.colcon_core.environment:checking '/home/patryk/ros2_ws/install/controller/lib'
[10.308s] Level 1:colcon.colcon_core.environment:checking '/home/patryk/ros2_ws/install/controller/bin'
[10.308s] Level 1:colcon.colcon_core.environment:checking '/home/patryk/ros2_ws/install/controller/lib/pkgconfig/controller.pc'
[10.309s] Level 1:colcon.colcon_core.environment:checking '/home/patryk/ros2_ws/install/controller/lib/python3.6/site-packages'
[10.309s] Level 1:colcon.colcon_core.shell:create_environment_hook('controller', 'pythonpath')
[10.311s] INFO:colcon.colcon_core.shell:Creating environment hook '/home/patryk/ros2_ws/install/controller/share/controller/hook/pythonpath.ps1'
[10.313s] INFO:colcon.colcon_core.shell:Creating environment descriptor '/home/patryk/ros2_ws/install/controller/share/controller/hook/pythonpath.dsv'
[10.314s] INFO:colcon.colcon_core.shell:Creating environment hook '/home/patryk/ros2_ws/install/controller/share/controller/hook/pythonpath.sh'
[10.316s] Level 1:colcon.colcon_core.environment:checking '/home/patryk/ros2_ws/install/controller/bin'
[10.316s] Level 1:colcon.colcon_core.environment:create_environment_scripts_only(controller)
[10.319s] INFO:colcon.colcon_core.shell:Creating package script '/home/patryk/ros2_ws/install/controller/share/controller/package.ps1'
[10.322s] INFO:colcon.colcon_core.shell:Creating package descriptor '/home/patryk/ros2_ws/install/controller/share/controller/package.dsv'
[10.325s] INFO:colcon.colcon_core.shell:Creating package script '/home/patryk/ros2_ws/install/controller/share/controller/package.sh'
[10.327s] INFO:colcon.colcon_core.shell:Creating package script '/home/patryk/ros2_ws/install/controller/share/controller/package.bash'
[10.328s] INFO:colcon.colcon_core.shell:Creating package script '/home/patryk/ros2_ws/install/controller/share/controller/package.zsh'
[10.329s] Level 1:colcon.colcon_core.environment:create_file_with_runtime_dependencies(/home/patryk/ros2_ws/install/controller/share/colcon-core/packages/controller)
[10.331s] DEBUG:colcon.colcon_parallel_executor.executor.parallel:closing loop
[10.333s] DEBUG:colcon.colcon_parallel_executor.executor.parallel:loop closed
[10.334s] DEBUG:colcon.colcon_parallel_executor.executor.parallel:run_until_complete finished with '0'
[10.334s] DEBUG:colcon.colcon_core.event_reactor:joining thread
[10.363s] INFO:colcon.colcon_core.plugin_system:Skipping extension 'colcon_notification.desktop_notification.terminal_notifier': Not used on non-Darwin systems
[10.364s] INFO:colcon.colcon_core.plugin_system:Skipping extension 'colcon_notification.desktop_notification.win32': Not used on non-Windows systems
[10.364s] INFO:colcon.colcon_notification.desktop_notification:Sending desktop notification using 'notify2'
[10.553s] DEBUG:colcon.colcon_core.event_reactor:joined thread
[10.555s] INFO:colcon.colcon_core.shell:Creating prefix script '/home/patryk/ros2_ws/install/local_setup.ps1'
[10.561s] INFO:colcon.colcon_core.shell:Creating prefix util module '/home/patryk/ros2_ws/install/_local_setup_util_ps1.py'
[10.571s] INFO:colcon.colcon_core.shell:Creating prefix chain script '/home/patryk/ros2_ws/install/setup.ps1'
[10.578s] INFO:colcon.colcon_core.shell:Creating prefix script '/home/patryk/ros2_ws/install/local_setup.sh'
[10.581s] INFO:colcon.colcon_core.shell:Creating prefix util module '/home/patryk/ros2_ws/install/_local_setup_util_sh.py'
[10.583s] INFO:colcon.colcon_core.shell:Creating prefix chain script '/home/patryk/ros2_ws/install/setup.sh'
[10.591s] INFO:colcon.colcon_core.shell:Creating prefix script '/home/patryk/ros2_ws/install/local_setup.bash'
[10.594s] INFO:colcon.colcon_core.shell:Creating prefix chain script '/home/patryk/ros2_ws/install/setup.bash'
[10.602s] INFO:colcon.colcon_core.shell:Creating prefix script '/home/patryk/ros2_ws/install/local_setup.zsh'
[10.605s] INFO:colcon.colcon_core.shell:Creating prefix chain script '/home/patryk/ros2_ws/install/setup.zsh'
