[2.340s] Invoking command in '/home/patryk/ros2_ws/build/px4_msgs': CMAKE_PREFIX_PATH=${CMAKE_PREFIX_PATH}:/home/patryk/ros2_ws/install/controller /usr/bin/cmake --build /home/patryk/ros2_ws/build/px4_msgs -- -j4 -l4
[2.887s] make: Warning: File 'Makefile' has modification time 943 s in the future
[3.306s] -- Found ament_cmake: 0.7.6 (/home/patryk/ros2_dashing/ros2-linux/share/ament_cmake/cmake)
[3.664s] -- Found PythonInterp: /home/patryk/.pyenv/shims/python3 (found suitable version "3.6.9", minimum required is "3") 
[3.664s] -- Using PYTHON_EXECUTABLE: /home/patryk/.pyenv/shims/python3
[5.247s] -- Override CMake install command with custom implementation using symlinks instead of copying resources
[5.319s] -- Found rosidl_default_generators: 0.7.0 (/home/patryk/ros2_dashing/ros2-linux/share/rosidl_default_generators/cmake)
[5.742s] -- Found rosidl_adapter: 0.7.10 (/home/patryk/ros2_dashing/ros2-linux/share/rosidl_adapter/cmake)
[6.037s] -- Found PrismTech OpenSplice: /usr/share/opensplice/cmake
[6.455s] -- Found PythonInterp: /home/patryk/.pyenv/shims/python3 (found version "3.6.9") 
[7.432s] -- Using all available rosidl_typesupport_c: rosidl_typesupport_fastrtps_c;rosidl_typesupport_introspection_c;rosidl_typesupport_opensplice_c
[7.459s] -- Using all available rosidl_typesupport_cpp: rosidl_typesupport_fastrtps_cpp;rosidl_typesupport_introspection_cpp;rosidl_typesupport_opensplice_cpp
[7.963s] -- Found rmw_implementation_cmake: 0.7.2 (/home/patryk/ros2_dashing/ros2-linux/share/rmw_implementation_cmake/cmake)
[8.235s] -- Found PythonInterp: /home/patryk/.pyenv/shims/python3 (found suitable version "3.6.9", minimum required is "3.5") 
[8.239s] -- Found python_cmake_module: 0.7.11 (/home/patryk/ros2_dashing/ros2-linux/share/python_cmake_module/cmake)
[8.525s] -- Using PYTHON_EXECUTABLE: /home/patryk/.pyenv/shims/python3
[8.526s] -- Using PYTHON_INCLUDE_DIRS: /usr/include/python3.6m
[8.526s] -- Using PYTHON_LIBRARIES: /usr/lib/aarch64-linux-gnu/libpython3.6m.so
[9.210s] -- Found ament_lint_auto: 0.7.12 (/home/patryk/ros2_dashing/ros2-linux/share/ament_lint_auto/cmake)
[9.310s] -- Added test 'lint_cmake' to check CMake code style
[9.315s] -- Added test 'xmllint' to check XML markup files
[9.345s] -- Configuring done
[9.751s] -- Generating done
[9.788s] -- Build files have been written to: /home/patryk/ros2_ws/build/px4_msgs
[9.935s] make[2]: Warning: File 'CMakeFiles/px4_msgs__cpp.dir/build.make' has modification time 3975 s in the future
[9.937s] make[2]: Warning: File 'CMakeFiles/px4_msgs__dds_opensplice_idl.dir/build.make' has modification time 3975 s in the future
[9.938s] make[2]: Warning: File 'CMakeFiles/px4_msgs__rosidl_generator_c.dir/flags.make' has modification time 3975 s in the future
[9.977s] make[2]: warning:  Clock skew detected.  Your build may be incomplete.
[9.978s] make[2]: warning:  Clock skew detected.  Your build may be incomplete.
[9.982s] make[2]: Warning: File 'CMakeFiles/px4_msgs__dds_opensplice_idl.dir/build.make' has modification time 3975 s in the future
[9.983s] make[2]: Warning: File 'CMakeFiles/px4_msgs__cpp.dir/build.make' has modification time 3975 s in the future
[9.984s] make[2]: warning:  Clock skew detected.  Your build may be incomplete.
[9.984s] make[2]: warning:  Clock skew detected.  Your build may be incomplete.
[9.986s] make[2]: warning:  Clock skew detected.  Your build may be incomplete.
[9.998s] make[2]: Warning: File 'CMakeFiles/px4_msgs__rosidl_generator_c.dir/flags.make' has modification time 3975 s in the future
[9.999s] make[2]: warning:  Clock skew detected.  Your build may be incomplete.
[10.020s] [  3%] Built target px4_msgs__cpp
[10.021s] [  3%] Built target px4_msgs__dds_opensplice_idl
[10.030s] make[2]: Warning: File 'CMakeFiles/px4_msgs__rosidl_typesupport_cpp.dir/flags.make' has modification time 3975 s in the future
[10.031s] make[2]: Warning: File 'CMakeFiles/px4_msgs__rosidl_typesupport_fastrtps_cpp.dir/flags.make' has modification time 3975 s in the future
[10.033s] make[2]: Warning: File 'CMakeFiles/px4_msgs__rosidl_typesupport_introspection_cpp.dir/flags.make' has modification time 3975 s in the future
[10.035s] [  9%] Built target px4_msgs__rosidl_generator_c
[10.058s] make[2]: Warning: File 'CMakeFiles/px4_msgs__rosidl_typesupport_opensplice_cpp.dir/flags.make' has modification time 3975 s in the future
[10.091s] make[2]: warning:  Clock skew detected.  Your build may be incomplete.
[10.099s] make[2]: Warning: File 'CMakeFiles/px4_msgs__rosidl_typesupport_introspection_cpp.dir/flags.make' has modification time 3975 s in the future
[10.103s] make[2]: warning:  Clock skew detected.  Your build may be incomplete.
[10.105s] make[2]: warning:  Clock skew detected.  Your build may be incomplete.
[10.112s] make[2]: Warning: File 'CMakeFiles/px4_msgs__rosidl_typesupport_cpp.dir/flags.make' has modification time 3975 s in the future
[10.117s] make[2]: warning:  Clock skew detected.  Your build may be incomplete.
[10.118s] make[2]: warning:  Clock skew detected.  Your build may be incomplete.
[10.124s] make[2]: Warning: File 'CMakeFiles/px4_msgs__rosidl_typesupport_fastrtps_cpp.dir/flags.make' has modification time 3975 s in the future
[10.140s] [ 15%] Built target px4_msgs__rosidl_typesupport_introspection_cpp
[10.144s] make[2]: warning:  Clock skew detected.  Your build may be incomplete.
[10.146s] make[2]: warning:  Clock skew detected.  Your build may be incomplete.
[10.150s] make[2]: Warning: File 'CMakeFiles/px4_msgs__rosidl_typesupport_c.dir/flags.make' has modification time 3975 s in the future
[10.167s] [ 21%] Built target px4_msgs__rosidl_typesupport_cpp
[10.167s] make[2]: Warning: File 'CMakeFiles/px4_msgs__rosidl_typesupport_opensplice_cpp.dir/flags.make' has modification time 3975 s in the future
[10.177s] make[2]: Warning: File 'CMakeFiles/px4_msgs__rosidl_typesupport_introspection_c.dir/flags.make' has modification time 3975 s in the future
[10.185s] make[2]: warning:  Clock skew detected.  Your build may be incomplete.
[10.186s] [ 27%] Built target px4_msgs__rosidl_typesupport_fastrtps_cpp
[10.199s] make[2]: Warning: File 'CMakeFiles/px4_msgs__rosidl_typesupport_fastrtps_c.dir/flags.make' has modification time 3975 s in the future
[10.206s] make[2]: warning:  Clock skew detected.  Your build may be incomplete.
[10.219s] make[2]: Warning: File 'CMakeFiles/px4_msgs__rosidl_typesupport_c.dir/flags.make' has modification time 3975 s in the future
[10.225s] make[2]: warning:  Clock skew detected.  Your build may be incomplete.
[10.225s] [ 43%] Built target px4_msgs__rosidl_typesupport_opensplice_cpp
[10.229s] make[2]: warning:  Clock skew detected.  Your build may be incomplete.
[10.236s] make[2]: Warning: File 'CMakeFiles/px4_msgs__rosidl_typesupport_introspection_c.dir/flags.make' has modification time 3975 s in the future
[10.241s] make[2]: warning:  Clock skew detected.  Your build may be incomplete.
[10.246s] make[2]: warning:  Clock skew detected.  Your build may be incomplete.
[10.251s] make[2]: Warning: File 'CMakeFiles/px4_msgs__rosidl_typesupport_opensplice_c.dir/flags.make' has modification time 3975 s in the future
[10.252s] make[2]: Warning: File 'CMakeFiles/px4_msgs__rosidl_typesupport_fastrtps_c.dir/flags.make' has modification time 3974 s in the future
[10.264s] [ 49%] Built target px4_msgs__rosidl_typesupport_c
[10.272s] make[2]: warning:  Clock skew detected.  Your build may be incomplete.
[10.287s] [ 54%] Built target px4_msgs__rosidl_typesupport_introspection_c
[10.310s] [ 60%] Built target px4_msgs__rosidl_typesupport_fastrtps_c
[10.325s] make[2]: warning:  Clock skew detected.  Your build may be incomplete.
[10.346s] make[2]: Warning: File 'CMakeFiles/px4_msgs__rosidl_typesupport_opensplice_c.dir/flags.make' has modification time 3974 s in the future
[10.361s] make[2]: warning:  Clock skew detected.  Your build may be incomplete.
[10.397s] [ 78%] Built target px4_msgs__rosidl_typesupport_opensplice_c
[10.404s] make[2]: Warning: File 'CMakeFiles/px4_msgs.dir/build.make' has modification time 3974 s in the future
[10.445s] make[2]: warning:  Clock skew detected.  Your build may be incomplete.
[10.450s] make[2]: Warning: File 'CMakeFiles/px4_msgs.dir/build.make' has modification time 3974 s in the future
[10.450s] make[2]: warning:  Clock skew detected.  Your build may be incomplete.
[10.486s] [ 78%] Built target px4_msgs
[10.494s] make[2]: Warning: File 'px4_msgs__py/CMakeFiles/px4_msgs__py.dir/build.make' has modification time 3974 s in the future
[10.534s] make[2]: warning:  Clock skew detected.  Your build may be incomplete.
[10.539s] make[2]: Warning: File 'px4_msgs__py/CMakeFiles/px4_msgs__py.dir/build.make' has modification time 3974 s in the future
[10.540s] make[2]: warning:  Clock skew detected.  Your build may be incomplete.
[10.575s] [ 80%] Built target px4_msgs__py
[10.586s] make[2]: Warning: File 'CMakeFiles/px4_msgs__python.dir/flags.make' has modification time 3974 s in the future
[10.640s] make[2]: warning:  Clock skew detected.  Your build may be incomplete.
[10.647s] make[2]: Warning: File 'CMakeFiles/px4_msgs__python.dir/flags.make' has modification time 3974 s in the future
[10.668s] make[2]: warning:  Clock skew detected.  Your build may be incomplete.
[10.703s] [ 84%] Built target px4_msgs__python
[10.715s] make[2]: Warning: File 'CMakeFiles/px4_msgs__rosidl_typesupport_c__pyext.dir/flags.make' has modification time 3974 s in the future
[10.716s] make[2]: Warning: File 'CMakeFiles/px4_msgs__rosidl_typesupport_introspection_c__pyext.dir/flags.make' has modification time 3974 s in the future
[10.717s] make[2]: Warning: File 'CMakeFiles/px4_msgs__rosidl_typesupport_fastrtps_c__pyext.dir/flags.make' has modification time 3974 s in the future
[10.718s] make[2]: Warning: File 'CMakeFiles/px4_msgs__rosidl_typesupport_opensplice_c__pyext.dir/flags.make' has modification time 3974 s in the future
[10.761s] make[2]: warning:  Clock skew detected.  Your build may be incomplete.
[10.762s] make[2]: warning:  Clock skew detected.  Your build may be incomplete.
[10.763s] make[2]: warning:  Clock skew detected.  Your build may be incomplete.
[10.764s] make[2]: warning:  Clock skew detected.  Your build may be incomplete.
[10.768s] make[2]: Warning: File 'CMakeFiles/px4_msgs__rosidl_typesupport_c__pyext.dir/flags.make' has modification time 3974 s in the future
[10.768s] make[2]: Warning: File 'CMakeFiles/px4_msgs__rosidl_typesupport_introspection_c__pyext.dir/flags.make' has modification time 3974 s in the future
[10.770s] make[2]: Warning: File 'CMakeFiles/px4_msgs__rosidl_typesupport_fastrtps_c__pyext.dir/flags.make' has modification time 3974 s in the future
[10.771s] make[2]: Warning: File 'CMakeFiles/px4_msgs__rosidl_typesupport_opensplice_c__pyext.dir/flags.make' has modification time 3974 s in the future
[10.789s] make[2]: warning:  Clock skew detected.  Your build may be incomplete.
[10.792s] make[2]: warning:  Clock skew detected.  Your build may be incomplete.
[10.793s] make[2]: warning:  Clock skew detected.  Your build may be incomplete.
[10.796s] make[2]: warning:  Clock skew detected.  Your build may be incomplete.
[10.831s] [ 88%] Built target px4_msgs__rosidl_typesupport_c__pyext
[10.835s] [ 94%] Built target px4_msgs__rosidl_typesupport_fastrtps_c__pyext
[10.836s] [ 96%] Built target px4_msgs__rosidl_typesupport_opensplice_c__pyext
[10.841s] [100%] Built target px4_msgs__rosidl_typesupport_introspection_c__pyext
[10.882s] make: warning:  Clock skew detected.  Your build may be incomplete.
[10.888s] Invoked command in '/home/patryk/ros2_ws/build/px4_msgs' returned '0': CMAKE_PREFIX_PATH=${CMAKE_PREFIX_PATH}:/home/patryk/ros2_ws/install/controller /usr/bin/cmake --build /home/patryk/ros2_ws/build/px4_msgs -- -j4 -l4
[11.254s] Invoking command in '/home/patryk/ros2_ws/build/px4_msgs': CMAKE_PREFIX_PATH=${CMAKE_PREFIX_PATH}:/home/patryk/ros2_ws/install/controller /usr/bin/cmake --build /home/patryk/ros2_ws/build/px4_msgs --target install -- -j4 -l4
[11.365s] -- Found ament_cmake: 0.7.6 (/home/patryk/ros2_dashing/ros2-linux/share/ament_cmake/cmake)
[11.637s] -- Found PythonInterp: /home/patryk/.pyenv/shims/python3 (found suitable version "3.6.9", minimum required is "3") 
[11.638s] -- Using PYTHON_EXECUTABLE: /home/patryk/.pyenv/shims/python3
[13.048s] -- Override CMake install command with custom implementation using symlinks instead of copying resources
[13.070s] -- Found rosidl_default_generators: 0.7.0 (/home/patryk/ros2_dashing/ros2-linux/share/rosidl_default_generators/cmake)
[13.344s] -- Found rosidl_adapter: 0.7.10 (/home/patryk/ros2_dashing/ros2-linux/share/rosidl_adapter/cmake)
[13.597s] -- Found PrismTech OpenSplice: /usr/share/opensplice/cmake
[13.972s] -- Found PythonInterp: /home/patryk/.pyenv/shims/python3 (found version "3.6.9") 
[14.875s] -- Using all available rosidl_typesupport_c: rosidl_typesupport_fastrtps_c;rosidl_typesupport_introspection_c;rosidl_typesupport_opensplice_c
[14.896s] -- Using all available rosidl_typesupport_cpp: rosidl_typesupport_fastrtps_cpp;rosidl_typesupport_introspection_cpp;rosidl_typesupport_opensplice_cpp
[15.350s] -- Found rmw_implementation_cmake: 0.7.2 (/home/patryk/ros2_dashing/ros2-linux/share/rmw_implementation_cmake/cmake)
[15.615s] -- Found PythonInterp: /home/patryk/.pyenv/shims/python3 (found suitable version "3.6.9", minimum required is "3.5") 
[15.616s] -- Found python_cmake_module: 0.7.11 (/home/patryk/ros2_dashing/ros2-linux/share/python_cmake_module/cmake)
[15.881s] -- Using PYTHON_EXECUTABLE: /home/patryk/.pyenv/shims/python3
[15.882s] -- Using PYTHON_INCLUDE_DIRS: /usr/include/python3.6m
[15.882s] -- Using PYTHON_LIBRARIES: /usr/lib/aarch64-linux-gnu/libpython3.6m.so
[16.504s] -- Found ament_lint_auto: 0.7.12 (/home/patryk/ros2_dashing/ros2-linux/share/ament_lint_auto/cmake)
[16.549s] -- Added test 'lint_cmake' to check CMake code style
[16.552s] -- Added test 'xmllint' to check XML markup files
[16.573s] -- Configuring done
[16.778s] -- Generating done
[16.794s] -- Build files have been written to: /home/patryk/ros2_ws/build/px4_msgs
[16.853s] make[2]: Warning: File 'CMakeFiles/px4_msgs__cpp.dir/build.make' has modification time 3968 s in the future
[16.854s] make[2]: Warning: File 'CMakeFiles/px4_msgs__rosidl_generator_c.dir/flags.make' has modification time 3968 s in the future
[16.854s] make[2]: Warning: File 'CMakeFiles/px4_msgs__dds_opensplice_idl.dir/build.make' has modification time 3968 s in the future
[16.893s] make[2]: warning:  Clock skew detected.  Your build may be incomplete.
[16.894s] make[2]: warning:  Clock skew detected.  Your build may be incomplete.
[16.894s] make[2]: warning:  Clock skew detected.  Your build may be incomplete.
[16.898s] make[2]: Warning: File 'CMakeFiles/px4_msgs__cpp.dir/build.make' has modification time 3968 s in the future
[16.899s] make[2]: Warning: File 'CMakeFiles/px4_msgs__dds_opensplice_idl.dir/build.make' has modification time 3968 s in the future
[16.900s] make[2]: warning:  Clock skew detected.  Your build may be incomplete.
[16.900s] make[2]: warning:  Clock skew detected.  Your build may be incomplete.
[16.901s] make[2]: Warning: File 'CMakeFiles/px4_msgs__rosidl_generator_c.dir/flags.make' has modification time 3968 s in the future
[16.903s] make[2]: warning:  Clock skew detected.  Your build may be incomplete.
[16.936s] [  1%] Built target px4_msgs__dds_opensplice_idl
[16.937s] [  3%] Built target px4_msgs__cpp
[16.940s] [  9%] Built target px4_msgs__rosidl_generator_c
[16.946s] make[2]: Warning: File 'CMakeFiles/px4_msgs__rosidl_typesupport_introspection_cpp.dir/flags.make' has modification time 3968 s in the future
[16.947s] make[2]: Warning: File 'CMakeFiles/px4_msgs__rosidl_typesupport_fastrtps_cpp.dir/flags.make' has modification time 3968 s in the future
[16.955s] make[2]: Warning: File 'CMakeFiles/px4_msgs__rosidl_typesupport_cpp.dir/flags.make' has modification time 3968 s in the future
[16.966s] make[2]: Warning: File 'CMakeFiles/px4_msgs__rosidl_typesupport_opensplice_cpp.dir/flags.make' has modification time 3968 s in the future
[16.988s] make[2]: warning:  Clock skew detected.  Your build may be incomplete.
[16.994s] make[2]: Warning: File 'CMakeFiles/px4_msgs__rosidl_typesupport_fastrtps_cpp.dir/flags.make' has modification time 3968 s in the future
[17.007s] make[2]: warning:  Clock skew detected.  Your build may be incomplete.
[17.015s] make[2]: Warning: File 'CMakeFiles/px4_msgs__rosidl_typesupport_introspection_cpp.dir/flags.make' has modification time 3968 s in the future
[17.017s] make[2]: warning:  Clock skew detected.  Your build may be incomplete.
[17.020s] make[2]: warning:  Clock skew detected.  Your build may be incomplete.
[17.020s] make[2]: warning:  Clock skew detected.  Your build may be incomplete.
[17.021s] make[2]: warning:  Clock skew detected.  Your build may be incomplete.
[17.022s] make[2]: Warning: File 'CMakeFiles/px4_msgs__rosidl_typesupport_cpp.dir/flags.make' has modification time 3968 s in the future
[17.027s] make[2]: warning:  Clock skew detected.  Your build may be incomplete.
[17.043s] make[2]: Warning: File 'CMakeFiles/px4_msgs__rosidl_typesupport_opensplice_cpp.dir/flags.make' has modification time 3968 s in the future
[17.057s] [ 21%] Built target px4_msgs__rosidl_typesupport_introspection_cpp
[17.059s] make[2]: warning:  Clock skew detected.  Your build may be incomplete.
[17.059s] [ 21%] Built target px4_msgs__rosidl_typesupport_fastrtps_cpp
[17.070s] make[2]: Warning: File 'CMakeFiles/px4_msgs__rosidl_typesupport_introspection_c.dir/flags.make' has modification time 3968 s in the future
[17.072s] make[2]: Warning: File 'CMakeFiles/px4_msgs__rosidl_typesupport_c.dir/flags.make' has modification time 3968 s in the future
[17.087s] [ 27%] Built target px4_msgs__rosidl_typesupport_cpp
[17.096s] make[2]: Warning: File 'CMakeFiles/px4_msgs__rosidl_typesupport_fastrtps_c.dir/flags.make' has modification time 3968 s in the future
[17.098s] [ 43%] Built target px4_msgs__rosidl_typesupport_opensplice_cpp
[17.114s] make[2]: warning:  Clock skew detected.  Your build may be incomplete.
[17.120s] make[2]: Warning: File 'CMakeFiles/px4_msgs__rosidl_typesupport_introspection_c.dir/flags.make' has modification time 3968 s in the future
[17.126s] make[2]: warning:  Clock skew detected.  Your build may be incomplete.
[17.138s] make[2]: Warning: File 'CMakeFiles/px4_msgs__rosidl_typesupport_opensplice_c.dir/flags.make' has modification time 3968 s in the future
[17.140s] make[2]: warning:  Clock skew detected.  Your build may be incomplete.
[17.141s] make[2]: warning:  Clock skew detected.  Your build may be incomplete.
[17.145s] make[2]: Warning: File 'CMakeFiles/px4_msgs__rosidl_typesupport_fastrtps_c.dir/flags.make' has modification time 3968 s in the future
[17.145s] make[2]: Warning: File 'CMakeFiles/px4_msgs__rosidl_typesupport_c.dir/flags.make' has modification time 3968 s in the future
[17.150s] make[2]: warning:  Clock skew detected.  Your build may be incomplete.
[17.166s] make[2]: warning:  Clock skew detected.  Your build may be incomplete.
[17.174s] [ 49%] Built target px4_msgs__rosidl_typesupport_introspection_c
[17.191s] [ 54%] Built target px4_msgs__rosidl_typesupport_c
[17.196s] make[2]: warning:  Clock skew detected.  Your build may be incomplete.
[17.203s] [ 60%] Built target px4_msgs__rosidl_typesupport_fastrtps_c
[17.215s] make[2]: Warning: File 'CMakeFiles/px4_msgs__rosidl_typesupport_opensplice_c.dir/flags.make' has modification time 3968 s in the future
[17.231s] make[2]: warning:  Clock skew detected.  Your build may be incomplete.
[17.267s] [ 78%] Built target px4_msgs__rosidl_typesupport_opensplice_c
[17.274s] make[2]: Warning: File 'CMakeFiles/px4_msgs.dir/build.make' has modification time 3968 s in the future
[17.313s] make[2]: warning:  Clock skew detected.  Your build may be incomplete.
[17.318s] make[2]: Warning: File 'CMakeFiles/px4_msgs.dir/build.make' has modification time 3968 s in the future
[17.319s] make[2]: warning:  Clock skew detected.  Your build may be incomplete.
[17.355s] [ 78%] Built target px4_msgs
[17.362s] make[2]: Warning: File 'px4_msgs__py/CMakeFiles/px4_msgs__py.dir/build.make' has modification time 3968 s in the future
[17.401s] make[2]: warning:  Clock skew detected.  Your build may be incomplete.
[17.406s] make[2]: Warning: File 'px4_msgs__py/CMakeFiles/px4_msgs__py.dir/build.make' has modification time 3967 s in the future
[17.407s] make[2]: warning:  Clock skew detected.  Your build may be incomplete.
[17.444s] [ 80%] Built target px4_msgs__py
[17.452s] make[2]: Warning: File 'CMakeFiles/px4_msgs__python.dir/flags.make' has modification time 3967 s in the future
[17.492s] make[2]: warning:  Clock skew detected.  Your build may be incomplete.
[17.498s] make[2]: Warning: File 'CMakeFiles/px4_msgs__python.dir/flags.make' has modification time 3967 s in the future
[17.518s] make[2]: warning:  Clock skew detected.  Your build may be incomplete.
[17.554s] [ 84%] Built target px4_msgs__python
[17.563s] make[2]: Warning: File 'CMakeFiles/px4_msgs__rosidl_typesupport_c__pyext.dir/flags.make' has modification time 3967 s in the future
[17.564s] make[2]: Warning: File 'CMakeFiles/px4_msgs__rosidl_typesupport_opensplice_c__pyext.dir/flags.make' has modification time 3967 s in the future
[17.565s] make[2]: Warning: File 'CMakeFiles/px4_msgs__rosidl_typesupport_introspection_c__pyext.dir/flags.make' has modification time 3967 s in the future
[17.565s] make[2]: Warning: File 'CMakeFiles/px4_msgs__rosidl_typesupport_fastrtps_c__pyext.dir/flags.make' has modification time 3967 s in the future
[17.608s] make[2]: warning:  Clock skew detected.  Your build may be incomplete.
[17.609s] make[2]: warning:  Clock skew detected.  Your build may be incomplete.
[17.610s] make[2]: warning:  Clock skew detected.  Your build may be incomplete.
[17.613s] make[2]: warning:  Clock skew detected.  Your build may be incomplete.
[17.616s] make[2]: Warning: File 'CMakeFiles/px4_msgs__rosidl_typesupport_c__pyext.dir/flags.make' has modification time 3967 s in the future
[17.617s] make[2]: Warning: File 'CMakeFiles/px4_msgs__rosidl_typesupport_fastrtps_c__pyext.dir/flags.make' has modification time 3967 s in the future
[17.617s] make[2]: Warning: File 'CMakeFiles/px4_msgs__rosidl_typesupport_introspection_c__pyext.dir/flags.make' has modification time 3967 s in the future
[17.620s] make[2]: Warning: File 'CMakeFiles/px4_msgs__rosidl_typesupport_opensplice_c__pyext.dir/flags.make' has modification time 3967 s in the future
[17.639s] make[2]: warning:  Clock skew detected.  Your build may be incomplete.
[17.640s] make[2]: warning:  Clock skew detected.  Your build may be incomplete.
[17.641s] make[2]: warning:  Clock skew detected.  Your build may be incomplete.
[17.653s] make[2]: warning:  Clock skew detected.  Your build may be incomplete.
[17.679s] [ 96%] Built target px4_msgs__rosidl_typesupport_fastrtps_c__pyext
[17.680s] [ 96%] Built target px4_msgs__rosidl_typesupport_c__pyext
[17.680s] [ 96%] Built target px4_msgs__rosidl_typesupport_introspection_c__pyext
[17.696s] [100%] Built target px4_msgs__rosidl_typesupport_opensplice_c__pyext
[17.779s] [36mInstall the project...[0m
[17.814s] -- Install configuration: ""
[17.816s] -- Execute custom install script
[17.820s] -- Up-to-date symlink: /home/patryk/ros2_ws/install/px4_msgs/share/ament_index/resource_index/rosidl_interfaces/px4_msgs
[17.822s] -- Up-to-date symlink: /home/patryk/ros2_ws/install/px4_msgs/lib/libpx4_msgs__rosidl_typesupport_c.so
[17.825s] -- Up-to-date symlink: /home/patryk/ros2_ws/install/px4_msgs/share/px4_msgs/environment/library_path.sh
[17.827s] -- Up-to-date symlink: /home/patryk/ros2_ws/install/px4_msgs/lib/libpx4_msgs__rosidl_typesupport_cpp.so
[17.831s] -- Up-to-date symlink: /home/patryk/ros2_ws/install/px4_msgs/include/px4_msgs/msg/manual_control_setpoint__rosidl_typesupport_fastrtps_c.h
[17.832s] -- Up-to-date symlink: /home/patryk/ros2_ws/install/px4_msgs/include/px4_msgs/msg/rosidl_typesupport_fastrtps_c__visibility_control.h
[17.834s] -- Up-to-date symlink: /home/patryk/ros2_ws/install/px4_msgs/lib/libpx4_msgs__rosidl_typesupport_fastrtps_c.so
[17.837s] -- Up-to-date symlink: /home/patryk/ros2_ws/install/px4_msgs/include/px4_msgs/msg/manual_control_setpoint.h
[17.838s] -- Up-to-date symlink: /home/patryk/ros2_ws/install/px4_msgs/include/px4_msgs/msg/manual_control_setpoint__functions.h
[17.839s] -- Up-to-date symlink: /home/patryk/ros2_ws/install/px4_msgs/include/px4_msgs/msg/manual_control_setpoint__struct.h
[17.840s] -- Up-to-date symlink: /home/patryk/ros2_ws/install/px4_msgs/include/px4_msgs/msg/manual_control_setpoint__type_support.h
[17.841s] -- Up-to-date symlink: /home/patryk/ros2_ws/install/px4_msgs/include/px4_msgs/msg/rosidl_generator_c__visibility_control.h
[17.843s] -- Up-to-date symlink: /home/patryk/ros2_ws/install/px4_msgs/lib/libpx4_msgs__rosidl_generator_c.so
[17.846s] -- Up-to-date symlink: /home/patryk/ros2_ws/install/px4_msgs/include/px4_msgs/msg/manual_control_setpoint__rosidl_typesupport_fastrtps_cpp.hpp
[17.847s] -- Up-to-date symlink: /home/patryk/ros2_ws/install/px4_msgs/include/px4_msgs/msg/rosidl_typesupport_fastrtps_cpp__visibility_control.h
[17.849s] -- Up-to-date symlink: /home/patryk/ros2_ws/install/px4_msgs/lib/libpx4_msgs__rosidl_typesupport_fastrtps_cpp.so
[17.851s] -- Up-to-date symlink: /home/patryk/ros2_ws/install/px4_msgs/include/px4_msgs/msg/manual_control_setpoint.hpp
[17.852s] -- Up-to-date symlink: /home/patryk/ros2_ws/install/px4_msgs/include/px4_msgs/msg/manual_control_setpoint__struct.hpp
[17.853s] -- Up-to-date symlink: /home/patryk/ros2_ws/install/px4_msgs/include/px4_msgs/msg/manual_control_setpoint__traits.hpp
[17.856s] -- Up-to-date symlink: /home/patryk/ros2_ws/install/px4_msgs/include/px4_msgs/msg/manual_control_setpoint__rosidl_typesupport_introspection_c.h
[17.857s] -- Up-to-date symlink: /home/patryk/ros2_ws/install/px4_msgs/include/px4_msgs/msg/rosidl_typesupport_introspection_c__visibility_control.h
[17.859s] -- Up-to-date symlink: /home/patryk/ros2_ws/install/px4_msgs/lib/libpx4_msgs__rosidl_typesupport_introspection_c.so
[17.862s] -- Up-to-date symlink: /home/patryk/ros2_ws/install/px4_msgs/include/px4_msgs/msg/manual_control_setpoint__rosidl_typesupport_opensplice_c.h
[17.863s] -- Up-to-date symlink: /home/patryk/ros2_ws/install/px4_msgs/include/px4_msgs/msg/rosidl_typesupport_opensplice_c__visibility_control.h
[17.865s] -- Up-to-date symlink: /home/patryk/ros2_ws/install/px4_msgs/lib/libpx4_msgs__rosidl_typesupport_opensplice_c.so
[17.868s] -- Up-to-date symlink: /home/patryk/ros2_ws/install/px4_msgs/share/px4_msgs/msg/dds_opensplice/ManualControlSetpoint_.idl
[17.871s] -- Up-to-date symlink: /home/patryk/ros2_ws/install/px4_msgs/include/px4_msgs/msg/dds_opensplice/ManualControlSetpoint_.h
[17.872s] -- Up-to-date symlink: /home/patryk/ros2_ws/install/px4_msgs/include/px4_msgs/msg/dds_opensplice/ManualControlSetpoint_Dcps.h
[17.874s] -- Up-to-date symlink: /home/patryk/ros2_ws/install/px4_msgs/include/px4_msgs/msg/dds_opensplice/ManualControlSetpoint_Dcps_impl.h
[17.875s] -- Up-to-date symlink: /home/patryk/ros2_ws/install/px4_msgs/include/px4_msgs/msg/dds_opensplice/ManualControlSetpoint_SplDcps.h
[17.876s] -- Up-to-date symlink: /home/patryk/ros2_ws/install/px4_msgs/include/px4_msgs/msg/dds_opensplice/ccpp_ManualControlSetpoint_.h
[17.877s] -- Up-to-date symlink: /home/patryk/ros2_ws/install/px4_msgs/include/px4_msgs/msg/manual_control_setpoint__rosidl_typesupport_opensplice_cpp.hpp
[17.878s] -- Up-to-date symlink: /home/patryk/ros2_ws/install/px4_msgs/include/px4_msgs/msg/rosidl_typesupport_opensplice_cpp__visibility_control.h
[17.880s] -- Up-to-date symlink: /home/patryk/ros2_ws/install/px4_msgs/lib/libpx4_msgs__rosidl_typesupport_opensplice_cpp.so
[17.882s] -- Up-to-date symlink: /home/patryk/ros2_ws/install/px4_msgs/include/px4_msgs/msg/manual_control_setpoint__rosidl_typesupport_introspection_cpp.hpp
[17.884s] -- Up-to-date symlink: /home/patryk/ros2_ws/install/px4_msgs/lib/libpx4_msgs__rosidl_typesupport_introspection_cpp.so
[17.885s] -- Up-to-date symlink: /home/patryk/ros2_ws/install/px4_msgs/share/px4_msgs/environment/pythonpath.sh
[17.887s] -- Up-to-date symlink: /home/patryk/ros2_ws/install/px4_msgs/lib/python3.6/site-packages/px4_msgs/__init__.py
[17.889s] -- Up-to-date symlink: /home/patryk/ros2_ws/install/px4_msgs/lib/python3.6/site-packages/px4_msgs/msg/__init__.py
[17.890s] -- Up-to-date symlink: /home/patryk/ros2_ws/install/px4_msgs/lib/python3.6/site-packages/px4_msgs/msg/_manual_control_setpoint.py
[17.892s] -- Up-to-date symlink: /home/patryk/ros2_ws/install/px4_msgs/lib/python3.6/site-packages/px4_msgs/px4_msgs_s__rosidl_typesupport_c.cpython-36m-aarch64-linux-gnu.so
[17.894s] -- Up-to-date symlink: /home/patryk/ros2_ws/install/px4_msgs/lib/python3.6/site-packages/px4_msgs/px4_msgs_s__rosidl_typesupport_introspection_c.cpython-36m-aarch64-linux-gnu.so
[17.896s] -- Up-to-date symlink: /home/patryk/ros2_ws/install/px4_msgs/lib/python3.6/site-packages/px4_msgs/px4_msgs_s__rosidl_typesupport_fastrtps_c.cpython-36m-aarch64-linux-gnu.so
[17.898s] -- Up-to-date symlink: /home/patryk/ros2_ws/install/px4_msgs/lib/python3.6/site-packages/px4_msgs/px4_msgs_s__rosidl_typesupport_opensplice_c.cpython-36m-aarch64-linux-gnu.so
[17.900s] -- Up-to-date symlink: /home/patryk/ros2_ws/install/px4_msgs/lib/libpx4_msgs__python.so
[17.901s] -- Up-to-date symlink: /home/patryk/ros2_ws/install/px4_msgs/share/px4_msgs/msg/ManualControlSetpoint.idl
[17.903s] -- Up-to-date symlink: /home/patryk/ros2_ws/install/px4_msgs/share/px4_msgs/msg/ManualControlSetpoint.msg
[17.904s] -- Up-to-date symlink: /home/patryk/ros2_ws/install/px4_msgs/share/ament_index/resource_index/package_run_dependencies/px4_msgs
[17.906s] -- Up-to-date symlink: /home/patryk/ros2_ws/install/px4_msgs/share/ament_index/resource_index/parent_prefix_path/px4_msgs
[17.908s] -- Up-to-date symlink: /home/patryk/ros2_ws/install/px4_msgs/share/px4_msgs/environment/ament_prefix_path.sh
[17.909s] -- Up-to-date symlink: /home/patryk/ros2_ws/install/px4_msgs/share/px4_msgs/environment/path.sh
[17.910s] -- Up-to-date symlink: /home/patryk/ros2_ws/install/px4_msgs/share/px4_msgs/local_setup.bash
[17.912s] -- Up-to-date symlink: /home/patryk/ros2_ws/install/px4_msgs/share/px4_msgs/local_setup.sh
[17.913s] -- Up-to-date symlink: /home/patryk/ros2_ws/install/px4_msgs/share/px4_msgs/local_setup.zsh
[17.915s] -- Up-to-date symlink: /home/patryk/ros2_ws/install/px4_msgs/share/ament_index/resource_index/packages/px4_msgs
[17.917s] -- Up-to-date symlink: /home/patryk/ros2_ws/install/px4_msgs/share/px4_msgs/cmake/rosidl_cmake-extras.cmake
[17.918s] -- Up-to-date symlink: /home/patryk/ros2_ws/install/px4_msgs/share/px4_msgs/cmake/ament_cmake_export_libraries-extras.cmake
[17.919s] -- Up-to-date symlink: /home/patryk/ros2_ws/install/px4_msgs/share/px4_msgs/cmake/ament_cmake_export_include_directories-extras.cmake
[17.921s] -- Up-to-date symlink: /home/patryk/ros2_ws/install/px4_msgs/share/px4_msgs/cmake/rosidl_cmake_export_typesupport_libraries-extras.cmake
[17.922s] -- Up-to-date symlink: /home/patryk/ros2_ws/install/px4_msgs/share/px4_msgs/cmake/ament_cmake_export_dependencies-extras.cmake
[17.924s] -- Up-to-date symlink: /home/patryk/ros2_ws/install/px4_msgs/share/px4_msgs/cmake/px4_msgsConfig.cmake
[17.925s] -- Up-to-date symlink: /home/patryk/ros2_ws/install/px4_msgs/share/px4_msgs/cmake/px4_msgsConfig-version.cmake
[17.926s] -- Up-to-date symlink: /home/patryk/ros2_ws/install/px4_msgs/share/px4_msgs/package.xml
[18.234s] Compiling '/home/patryk/ros2_ws/install/px4_msgs/lib/python3.6/site-packages/px4_msgs/__init__.py'...
[18.268s] Invoked command in '/home/patryk/ros2_ws/build/px4_msgs' returned '0': CMAKE_PREFIX_PATH=${CMAKE_PREFIX_PATH}:/home/patryk/ros2_ws/install/controller /usr/bin/cmake --build /home/patryk/ros2_ws/build/px4_msgs --target install -- -j4 -l4
