[1.838s] Invoking command in '/home/patryk/ros2_ws/build/px4_msgs': CMAKE_PREFIX_PATH=${CMAKE_PREFIX_PATH}:/home/patryk/ros2_ws/install/controller /usr/bin/cmake --build /home/patryk/ros2_ws/build/px4_msgs -- -j4 -l4
[2.179s] [  1%] Built target px4_msgs__cpp
[2.186s] [  3%] Built target px4_msgs__dds_opensplice_idl
[2.197s] [  9%] Built target px4_msgs__rosidl_generator_c
[2.318s] [ 15%] Built target px4_msgs__rosidl_typesupport_cpp
[2.331s] [ 21%] Built target px4_msgs__rosidl_typesupport_introspection_cpp
[2.373s] [ 27%] Built target px4_msgs__rosidl_typesupport_fastrtps_cpp
[2.417s] [ 43%] Built target px4_msgs__rosidl_typesupport_opensplice_cpp
[2.460s] [ 49%] Built target px4_msgs__rosidl_typesupport_c
[2.467s] [ 54%] Built target px4_msgs__rosidl_typesupport_introspection_c
[2.514s] [ 60%] Built target px4_msgs__rosidl_typesupport_fastrtps_c
[2.601s] [ 78%] Built target px4_msgs__rosidl_typesupport_opensplice_c
[2.693s] [ 78%] Built target px4_msgs
[2.787s] [ 80%] Built target px4_msgs__py
[2.906s] [ 84%] Built target px4_msgs__python
[3.055s] [ 88%] Built target px4_msgs__rosidl_typesupport_opensplice_c__pyext
[3.058s] [ 92%] Built target px4_msgs__rosidl_typesupport_introspection_c__pyext
[3.085s] [ 96%] Built target px4_msgs__rosidl_typesupport_fastrtps_c__pyext
[3.091s] [100%] Built target px4_msgs__rosidl_typesupport_c__pyext
[3.140s] Invoked command in '/home/patryk/ros2_ws/build/px4_msgs' returned '0': CMAKE_PREFIX_PATH=${CMAKE_PREFIX_PATH}:/home/patryk/ros2_ws/install/controller /usr/bin/cmake --build /home/patryk/ros2_ws/build/px4_msgs -- -j4 -l4
[3.536s] Invoking command in '/home/patryk/ros2_ws/build/px4_msgs': CMAKE_PREFIX_PATH=${CMAKE_PREFIX_PATH}:/home/patryk/ros2_ws/install/controller /usr/bin/cmake --build /home/patryk/ros2_ws/build/px4_msgs --target install -- -j4 -l4
[3.766s] [  1%] Built target px4_msgs__cpp
[3.767s] [  3%] Built target px4_msgs__dds_opensplice_idl
[3.771s] [  9%] Built target px4_msgs__rosidl_generator_c
[3.873s] [ 15%] Built target px4_msgs__rosidl_typesupport_introspection_cpp
[3.898s] [ 21%] Built target px4_msgs__rosidl_typesupport_cpp
[3.924s] [ 27%] Built target px4_msgs__rosidl_typesupport_fastrtps_cpp
[3.966s] [ 43%] Built target px4_msgs__rosidl_typesupport_opensplice_cpp
[4.020s] [ 49%] Built target px4_msgs__rosidl_typesupport_introspection_c
[4.038s] [ 54%] Built target px4_msgs__rosidl_typesupport_c
[4.081s] [ 60%] Built target px4_msgs__rosidl_typesupport_fastrtps_c
[4.119s] [ 78%] Built target px4_msgs__rosidl_typesupport_opensplice_c
[4.208s] [ 78%] Built target px4_msgs
[4.304s] [ 80%] Built target px4_msgs__py
[4.422s] [ 84%] Built target px4_msgs__python
[4.553s] [ 88%] Built target px4_msgs__rosidl_typesupport_fastrtps_c__pyext
[4.565s] [ 92%] Built target px4_msgs__rosidl_typesupport_opensplice_c__pyext
[4.571s] [ 96%] Built target px4_msgs__rosidl_typesupport_c__pyext
[4.591s] [100%] Built target px4_msgs__rosidl_typesupport_introspection_c__pyext
[4.675s] [36mInstall the project...[0m
[4.712s] -- Install configuration: ""
[4.715s] -- Execute custom install script
[4.718s] -- Up-to-date symlink: /home/patryk/ros2_ws/install/px4_msgs/share/ament_index/resource_index/rosidl_interfaces/px4_msgs
[4.721s] -- Up-to-date symlink: /home/patryk/ros2_ws/install/px4_msgs/lib/libpx4_msgs__rosidl_typesupport_c.so
[4.723s] -- Up-to-date symlink: /home/patryk/ros2_ws/install/px4_msgs/share/px4_msgs/environment/library_path.sh
[4.726s] -- Up-to-date symlink: /home/patryk/ros2_ws/install/px4_msgs/lib/libpx4_msgs__rosidl_typesupport_cpp.so
[4.729s] -- Up-to-date symlink: /home/patryk/ros2_ws/install/px4_msgs/include/px4_msgs/msg/manual_control_setpoint__rosidl_typesupport_fastrtps_c.h
[4.731s] -- Up-to-date symlink: /home/patryk/ros2_ws/install/px4_msgs/include/px4_msgs/msg/rosidl_typesupport_fastrtps_c__visibility_control.h
[4.734s] -- Up-to-date symlink: /home/patryk/ros2_ws/install/px4_msgs/lib/libpx4_msgs__rosidl_typesupport_fastrtps_c.so
[4.737s] -- Up-to-date symlink: /home/patryk/ros2_ws/install/px4_msgs/include/px4_msgs/msg/manual_control_setpoint.h
[4.739s] -- Up-to-date symlink: /home/patryk/ros2_ws/install/px4_msgs/include/px4_msgs/msg/manual_control_setpoint__functions.h
[4.740s] -- Up-to-date symlink: /home/patryk/ros2_ws/install/px4_msgs/include/px4_msgs/msg/manual_control_setpoint__struct.h
[4.742s] -- Up-to-date symlink: /home/patryk/ros2_ws/install/px4_msgs/include/px4_msgs/msg/manual_control_setpoint__type_support.h
[4.743s] -- Up-to-date symlink: /home/patryk/ros2_ws/install/px4_msgs/include/px4_msgs/msg/rosidl_generator_c__visibility_control.h
[4.746s] -- Up-to-date symlink: /home/patryk/ros2_ws/install/px4_msgs/lib/libpx4_msgs__rosidl_generator_c.so
[4.750s] -- Up-to-date symlink: /home/patryk/ros2_ws/install/px4_msgs/include/px4_msgs/msg/manual_control_setpoint__rosidl_typesupport_fastrtps_cpp.hpp
[4.751s] -- Up-to-date symlink: /home/patryk/ros2_ws/install/px4_msgs/include/px4_msgs/msg/rosidl_typesupport_fastrtps_cpp__visibility_control.h
[4.755s] -- Up-to-date symlink: /home/patryk/ros2_ws/install/px4_msgs/lib/libpx4_msgs__rosidl_typesupport_fastrtps_cpp.so
[4.758s] -- Up-to-date symlink: /home/patryk/ros2_ws/install/px4_msgs/include/px4_msgs/msg/manual_control_setpoint.hpp
[4.759s] -- Up-to-date symlink: /home/patryk/ros2_ws/install/px4_msgs/include/px4_msgs/msg/manual_control_setpoint__struct.hpp
[4.761s] -- Up-to-date symlink: /home/patryk/ros2_ws/install/px4_msgs/include/px4_msgs/msg/manual_control_setpoint__traits.hpp
[4.764s] -- Up-to-date symlink: /home/patryk/ros2_ws/install/px4_msgs/include/px4_msgs/msg/manual_control_setpoint__rosidl_typesupport_introspection_c.h
[4.765s] -- Up-to-date symlink: /home/patryk/ros2_ws/install/px4_msgs/include/px4_msgs/msg/rosidl_typesupport_introspection_c__visibility_control.h
[4.768s] -- Up-to-date symlink: /home/patryk/ros2_ws/install/px4_msgs/lib/libpx4_msgs__rosidl_typesupport_introspection_c.so
[4.772s] -- Up-to-date symlink: /home/patryk/ros2_ws/install/px4_msgs/include/px4_msgs/msg/manual_control_setpoint__rosidl_typesupport_opensplice_c.h
[4.774s] -- Up-to-date symlink: /home/patryk/ros2_ws/install/px4_msgs/include/px4_msgs/msg/rosidl_typesupport_opensplice_c__visibility_control.h
[4.777s] -- Up-to-date symlink: /home/patryk/ros2_ws/install/px4_msgs/lib/libpx4_msgs__rosidl_typesupport_opensplice_c.so
[4.780s] -- Up-to-date symlink: /home/patryk/ros2_ws/install/px4_msgs/share/px4_msgs/msg/dds_opensplice/ManualControlSetpoint_.idl
[4.784s] -- Up-to-date symlink: /home/patryk/ros2_ws/install/px4_msgs/include/px4_msgs/msg/dds_opensplice/ManualControlSetpoint_.h
[4.785s] -- Up-to-date symlink: /home/patryk/ros2_ws/install/px4_msgs/include/px4_msgs/msg/dds_opensplice/ManualControlSetpoint_Dcps.h
[4.787s] -- Up-to-date symlink: /home/patryk/ros2_ws/install/px4_msgs/include/px4_msgs/msg/dds_opensplice/ManualControlSetpoint_Dcps_impl.h
[4.788s] -- Up-to-date symlink: /home/patryk/ros2_ws/install/px4_msgs/include/px4_msgs/msg/dds_opensplice/ManualControlSetpoint_SplDcps.h
[4.790s] -- Up-to-date symlink: /home/patryk/ros2_ws/install/px4_msgs/include/px4_msgs/msg/dds_opensplice/ccpp_ManualControlSetpoint_.h
[4.791s] -- Up-to-date symlink: /home/patryk/ros2_ws/install/px4_msgs/include/px4_msgs/msg/manual_control_setpoint__rosidl_typesupport_opensplice_cpp.hpp
[4.793s] -- Up-to-date symlink: /home/patryk/ros2_ws/install/px4_msgs/include/px4_msgs/msg/rosidl_typesupport_opensplice_cpp__visibility_control.h
[4.796s] -- Up-to-date symlink: /home/patryk/ros2_ws/install/px4_msgs/lib/libpx4_msgs__rosidl_typesupport_opensplice_cpp.so
[4.799s] -- Up-to-date symlink: /home/patryk/ros2_ws/install/px4_msgs/include/px4_msgs/msg/manual_control_setpoint__rosidl_typesupport_introspection_cpp.hpp
[4.803s] -- Up-to-date symlink: /home/patryk/ros2_ws/install/px4_msgs/lib/libpx4_msgs__rosidl_typesupport_introspection_cpp.so
[4.805s] -- Up-to-date symlink: /home/patryk/ros2_ws/install/px4_msgs/share/px4_msgs/environment/pythonpath.sh
[4.807s] -- Up-to-date symlink: /home/patryk/ros2_ws/install/px4_msgs/lib/python3.6/site-packages/px4_msgs/__init__.py
[4.809s] -- Up-to-date symlink: /home/patryk/ros2_ws/install/px4_msgs/lib/python3.6/site-packages/px4_msgs/msg/__init__.py
[4.811s] -- Up-to-date symlink: /home/patryk/ros2_ws/install/px4_msgs/lib/python3.6/site-packages/px4_msgs/msg/_manual_control_setpoint.py
[4.815s] -- Up-to-date symlink: /home/patryk/ros2_ws/install/px4_msgs/lib/python3.6/site-packages/px4_msgs/px4_msgs_s__rosidl_typesupport_c.cpython-36m-aarch64-linux-gnu.so
[4.819s] -- Up-to-date symlink: /home/patryk/ros2_ws/install/px4_msgs/lib/python3.6/site-packages/px4_msgs/px4_msgs_s__rosidl_typesupport_introspection_c.cpython-36m-aarch64-linux-gnu.so
[4.821s] -- Up-to-date symlink: /home/patryk/ros2_ws/install/px4_msgs/lib/python3.6/site-packages/px4_msgs/px4_msgs_s__rosidl_typesupport_fastrtps_c.cpython-36m-aarch64-linux-gnu.so
[4.828s] -- Up-to-date symlink: /home/patryk/ros2_ws/install/px4_msgs/lib/python3.6/site-packages/px4_msgs/px4_msgs_s__rosidl_typesupport_opensplice_c.cpython-36m-aarch64-linux-gnu.so
[4.829s] -- Up-to-date symlink: /home/patryk/ros2_ws/install/px4_msgs/lib/libpx4_msgs__python.so
[4.830s] -- Up-to-date symlink: /home/patryk/ros2_ws/install/px4_msgs/share/px4_msgs/msg/ManualControlSetpoint.idl
[4.832s] -- Up-to-date symlink: /home/patryk/ros2_ws/install/px4_msgs/share/px4_msgs/msg/ManualControlSetpoint.msg
[4.834s] -- Up-to-date symlink: /home/patryk/ros2_ws/install/px4_msgs/share/ament_index/resource_index/package_run_dependencies/px4_msgs
[4.836s] -- Up-to-date symlink: /home/patryk/ros2_ws/install/px4_msgs/share/ament_index/resource_index/parent_prefix_path/px4_msgs
[4.838s] -- Up-to-date symlink: /home/patryk/ros2_ws/install/px4_msgs/share/px4_msgs/environment/ament_prefix_path.sh
[4.840s] -- Up-to-date symlink: /home/patryk/ros2_ws/install/px4_msgs/share/px4_msgs/environment/path.sh
[4.842s] -- Up-to-date symlink: /home/patryk/ros2_ws/install/px4_msgs/share/px4_msgs/local_setup.bash
[4.843s] -- Up-to-date symlink: /home/patryk/ros2_ws/install/px4_msgs/share/px4_msgs/local_setup.sh
[4.845s] -- Up-to-date symlink: /home/patryk/ros2_ws/install/px4_msgs/share/px4_msgs/local_setup.zsh
[4.847s] -- Up-to-date symlink: /home/patryk/ros2_ws/install/px4_msgs/share/ament_index/resource_index/packages/px4_msgs
[4.849s] -- Up-to-date symlink: /home/patryk/ros2_ws/install/px4_msgs/share/px4_msgs/cmake/rosidl_cmake-extras.cmake
[4.851s] -- Up-to-date symlink: /home/patryk/ros2_ws/install/px4_msgs/share/px4_msgs/cmake/ament_cmake_export_libraries-extras.cmake
[4.853s] -- Up-to-date symlink: /home/patryk/ros2_ws/install/px4_msgs/share/px4_msgs/cmake/ament_cmake_export_include_directories-extras.cmake
[4.855s] -- Up-to-date symlink: /home/patryk/ros2_ws/install/px4_msgs/share/px4_msgs/cmake/rosidl_cmake_export_typesupport_libraries-extras.cmake
[4.857s] -- Up-to-date symlink: /home/patryk/ros2_ws/install/px4_msgs/share/px4_msgs/cmake/ament_cmake_export_dependencies-extras.cmake
[4.859s] -- Up-to-date symlink: /home/patryk/ros2_ws/install/px4_msgs/share/px4_msgs/cmake/px4_msgsConfig.cmake
[4.867s] -- Up-to-date symlink: /home/patryk/ros2_ws/install/px4_msgs/share/px4_msgs/cmake/px4_msgsConfig-version.cmake
[4.868s] -- Up-to-date symlink: /home/patryk/ros2_ws/install/px4_msgs/share/px4_msgs/package.xml
[5.235s] Invoked command in '/home/patryk/ros2_ws/build/px4_msgs' returned '0': CMAKE_PREFIX_PATH=${CMAKE_PREFIX_PATH}:/home/patryk/ros2_ws/install/controller /usr/bin/cmake --build /home/patryk/ros2_ws/build/px4_msgs --target install -- -j4 -l4
