[5.408s] Invoking command in '/home/patryk/ros2_ws/src/controller': PYTHONPATH=/home/patryk/ros2_ws/build/controller/prefix_override:/home/patryk/ros2_ws/install/controller/lib/python3.6/site-packages:${PYTHONPATH} /usr/bin/python3 setup.py egg_info --egg-base ../../build/controller build --build-base /home/patryk/ros2_ws/build/controller/build install --record /home/patryk/ros2_ws/build/controller/install.log --install-scripts $base/lib/controller --single-version-externally-managed
[6.896s] /home/patryk/.local/lib/python3.6/site-packages/setuptools/dist.py:720: UserWarning: Usage of dash-separated 'script-dir' will not be supported in future versions. Please use the underscore name 'script_dir' instead
[6.897s]   % (opt, underscore_opt)
[7.063s] running egg_info
[7.068s] writing ../../build/controller/controller.egg-info/PKG-INFO
[7.069s] writing dependency_links to ../../build/controller/controller.egg-info/dependency_links.txt
[7.070s] writing entry points to ../../build/controller/controller.egg-info/entry_points.txt
[7.071s] writing requirements to ../../build/controller/controller.egg-info/requires.txt
[7.071s] writing top-level names to ../../build/controller/controller.egg-info/top_level.txt
[7.107s] reading manifest file '../../build/controller/controller.egg-info/SOURCES.txt'
[7.116s] writing manifest file '../../build/controller/controller.egg-info/SOURCES.txt'
[7.117s] running build
[7.117s] running build_py
[7.119s] copying controller/controller.py -> /home/patryk/ros2_ws/build/controller/build/lib/controller
[7.121s] running install
[7.123s] running install_lib
[7.127s] copying /home/patryk/ros2_ws/build/controller/build/lib/controller/controller.py -> /home/patryk/ros2_ws/install/controller/lib/python3.6/site-packages/controller
[7.130s] byte-compiling /home/patryk/ros2_ws/install/controller/lib/python3.6/site-packages/controller/controller.py to controller.cpython-36.pyc
[7.141s] running install_data
[7.145s] running install_egg_info
[7.152s] removing '/home/patryk/ros2_ws/install/controller/lib/python3.6/site-packages/controller-0.0.0-py3.6.egg-info' (and everything under it)
[7.154s] Copying ../../build/controller/controller.egg-info to /home/patryk/ros2_ws/install/controller/lib/python3.6/site-packages/controller-0.0.0-py3.6.egg-info
[7.158s] running install_scripts
[7.246s] Installing controller script to /home/patryk/ros2_ws/install/controller/lib/controller
[7.250s] writing list of installed files to '/home/patryk/ros2_ws/build/controller/install.log'
[7.360s] Invoked command in '/home/patryk/ros2_ws/src/controller' returned '0': PYTHONPATH=/home/patryk/ros2_ws/build/controller/prefix_override:/home/patryk/ros2_ws/install/controller/lib/python3.6/site-packages:${PYTHONPATH} /usr/bin/python3 setup.py egg_info --egg-base ../../build/controller build --build-base /home/patryk/ros2_ws/build/controller/build install --record /home/patryk/ros2_ws/build/controller/install.log --install-scripts $base/lib/controller --single-version-externally-managed
