[1.832s] Invoking command in '/home/patryk/ros2_ws/build/px4_msgs': CMAKE_PREFIX_PATH=${CMAKE_PREFIX_PATH}:/home/patryk/ros2_ws/install/controller /usr/bin/cmake --build /home/patryk/ros2_ws/build/px4_msgs -- -j4 -l4
[1.977s] make: Warning: File 'Makefile' has modification time 1453 s in the future
[2.152s] make[1]: Warning: File 'CMakeFiles/Makefile2' has modification time 1453 s in the future
[2.161s] make[2]: Warning: File 'CMakeFiles/px4_msgs__cpp.dir/progress.make' has modification time 1453 s in the future
[2.162s] make[2]: Warning: File 'CMakeFiles/px4_msgs__rosidl_generator_c.dir/progress.make' has modification time 1453 s in the future
[2.163s] make[2]: Warning: File 'CMakeFiles/px4_msgs__dds_opensplice_idl.dir/progress.make' has modification time 1453 s in the future
[2.210s] make[2]: warning:  Clock skew detected.  Your build may be incomplete.
[2.213s] make[2]: warning:  Clock skew detected.  Your build may be incomplete.
[2.215s] make[2]: Warning: File 'CMakeFiles/px4_msgs__cpp.dir/progress.make' has modification time 1453 s in the future
[2.219s] make[2]: warning:  Clock skew detected.  Your build may be incomplete.
[2.219s] make[2]: warning:  Clock skew detected.  Your build may be incomplete.
[2.222s] make[2]: Warning: File 'CMakeFiles/px4_msgs__dds_opensplice_idl.dir/progress.make' has modification time 1453 s in the future
[2.226s] make[2]: Warning: File 'CMakeFiles/px4_msgs__rosidl_generator_c.dir/progress.make' has modification time 1453 s in the future
[2.227s] make[2]: warning:  Clock skew detected.  Your build may be incomplete.
[2.236s] make[2]: warning:  Clock skew detected.  Your build may be incomplete.
[2.269s] [  3%] Built target px4_msgs__dds_opensplice_idl
[2.270s] [  3%] Built target px4_msgs__cpp
[2.287s] make[2]: Warning: File 'CMakeFiles/px4_msgs__rosidl_typesupport_introspection_cpp.dir/progress.make' has modification time 1453 s in the future
[2.288s] make[2]: Warning: File 'CMakeFiles/px4_msgs__rosidl_typesupport_cpp.dir/progress.make' has modification time 1453 s in the future
[2.290s] make[2]: Warning: File 'CMakeFiles/px4_msgs__rosidl_typesupport_fastrtps_cpp.dir/progress.make' has modification time 1453 s in the future
[2.293s] [  9%] Built target px4_msgs__rosidl_generator_c
[2.337s] make[2]: Warning: File 'CMakeFiles/px4_msgs__rosidl_typesupport_opensplice_cpp.dir/progress.make' has modification time 1453 s in the future
[2.361s] make[2]: warning:  Clock skew detected.  Your build may be incomplete.
[2.369s] make[2]: warning:  Clock skew detected.  Your build may be incomplete.
[2.371s] make[2]: warning:  Clock skew detected.  Your build may be incomplete.
[2.372s] make[2]: Warning: File 'CMakeFiles/px4_msgs__rosidl_typesupport_introspection_cpp.dir/progress.make' has modification time 1453 s in the future
[2.375s] make[2]: warning:  Clock skew detected.  Your build may be incomplete.
[2.380s] make[2]: Warning: File 'CMakeFiles/px4_msgs__rosidl_typesupport_cpp.dir/progress.make' has modification time 1453 s in the future
[2.381s] make[2]: Warning: File 'CMakeFiles/px4_msgs__rosidl_typesupport_fastrtps_cpp.dir/progress.make' has modification time 1453 s in the future
[2.386s] make[2]: warning:  Clock skew detected.  Your build may be incomplete.
[2.403s] make[2]: warning:  Clock skew detected.  Your build may be incomplete.
[2.428s] [ 15%] Built target px4_msgs__rosidl_typesupport_cpp
[2.454s] [ 27%] Built target px4_msgs__rosidl_typesupport_fastrtps_cpp
[2.454s] [ 27%] Built target px4_msgs__rosidl_typesupport_introspection_cpp
[2.459s] make[2]: Warning: File 'CMakeFiles/px4_msgs__rosidl_typesupport_c.dir/progress.make' has modification time 1453 s in the future
[2.463s] make[2]: warning:  Clock skew detected.  Your build may be incomplete.
[2.467s] make[2]: Warning: File 'CMakeFiles/px4_msgs__rosidl_typesupport_introspection_c.dir/progress.make' has modification time 1453 s in the future
[2.471s] make[2]: Warning: File 'CMakeFiles/px4_msgs__rosidl_typesupport_fastrtps_c.dir/progress.make' has modification time 1453 s in the future
[2.489s] make[2]: Warning: File 'CMakeFiles/px4_msgs__rosidl_typesupport_opensplice_cpp.dir/progress.make' has modification time 1453 s in the future
[2.505s] make[2]: warning:  Clock skew detected.  Your build may be incomplete.
[2.523s] make[2]: warning:  Clock skew detected.  Your build may be incomplete.
[2.529s] make[2]: warning:  Clock skew detected.  Your build may be incomplete.
[2.543s] make[2]: Warning: File 'CMakeFiles/px4_msgs__rosidl_typesupport_fastrtps_c.dir/progress.make' has modification time 1453 s in the future
[2.548s] [ 43%] Built target px4_msgs__rosidl_typesupport_opensplice_cpp
[2.549s] make[2]: Warning: File 'CMakeFiles/px4_msgs__rosidl_typesupport_c.dir/progress.make' has modification time 1453 s in the future
[2.555s] make[2]: warning:  Clock skew detected.  Your build may be incomplete.
[2.556s] make[2]: warning:  Clock skew detected.  Your build may be incomplete.
[2.560s] make[2]: Warning: File 'CMakeFiles/px4_msgs__rosidl_typesupport_introspection_c.dir/progress.make' has modification time 1453 s in the future
[2.564s] make[2]: warning:  Clock skew detected.  Your build may be incomplete.
[2.571s] make[2]: warning:  Clock skew detected.  Your build may be incomplete.
[2.583s] make[2]: Warning: File 'CMakeFiles/px4_msgs__rosidl_typesupport_opensplice_c.dir/progress.make' has modification time 1453 s in the future
[2.604s] [ 49%] Built target px4_msgs__rosidl_typesupport_introspection_c
[2.610s] [ 54%] Built target px4_msgs__rosidl_typesupport_c
[2.631s] [ 60%] Built target px4_msgs__rosidl_typesupport_fastrtps_c
[2.669s] make[2]: warning:  Clock skew detected.  Your build may be incomplete.
[2.690s] make[2]: Warning: File 'CMakeFiles/px4_msgs__rosidl_typesupport_opensplice_c.dir/progress.make' has modification time 1453 s in the future
[2.706s] make[2]: warning:  Clock skew detected.  Your build may be incomplete.
[2.743s] [ 78%] Built target px4_msgs__rosidl_typesupport_opensplice_c
[2.753s] make[2]: Warning: File 'CMakeFiles/px4_msgs.dir/progress.make' has modification time 1452 s in the future
[2.794s] make[2]: warning:  Clock skew detected.  Your build may be incomplete.
[2.799s] make[2]: Warning: File 'CMakeFiles/px4_msgs.dir/progress.make' has modification time 1452 s in the future
[2.800s] make[2]: warning:  Clock skew detected.  Your build may be incomplete.
[2.835s] [ 78%] Built target px4_msgs
[2.845s] make[2]: Warning: File 'px4_msgs__py/CMakeFiles/px4_msgs__py.dir/progress.make' has modification time 1452 s in the future
[2.888s] make[2]: warning:  Clock skew detected.  Your build may be incomplete.
[2.893s] make[2]: Warning: File 'px4_msgs__py/CMakeFiles/px4_msgs__py.dir/progress.make' has modification time 1452 s in the future
[2.896s] make[2]: warning:  Clock skew detected.  Your build may be incomplete.
[2.931s] [ 80%] Built target px4_msgs__py
[2.944s] make[2]: Warning: File 'CMakeFiles/px4_msgs__python.dir/progress.make' has modification time 1452 s in the future
[2.992s] make[2]: warning:  Clock skew detected.  Your build may be incomplete.
[2.998s] make[2]: Warning: File 'CMakeFiles/px4_msgs__python.dir/progress.make' has modification time 1452 s in the future
[3.019s] make[2]: warning:  Clock skew detected.  Your build may be incomplete.
[3.056s] [ 84%] Built target px4_msgs__python
[3.072s] make[2]: Warning: File 'CMakeFiles/px4_msgs__rosidl_typesupport_c__pyext.dir/progress.make' has modification time 1452 s in the future
[3.075s] make[2]: Warning: File 'CMakeFiles/px4_msgs__rosidl_typesupport_opensplice_c__pyext.dir/progress.make' has modification time 1452 s in the future
[3.078s] make[2]: Warning: File 'CMakeFiles/px4_msgs__rosidl_typesupport_fastrtps_c__pyext.dir/progress.make' has modification time 1452 s in the future
[3.079s] make[2]: Warning: File 'CMakeFiles/px4_msgs__rosidl_typesupport_introspection_c__pyext.dir/progress.make' has modification time 1452 s in the future
[3.125s] make[2]: warning:  Clock skew detected.  Your build may be incomplete.
[3.130s] make[2]: warning:  Clock skew detected.  Your build may be incomplete.
[3.140s] make[2]: warning:  Clock skew detected.  Your build may be incomplete.
[3.142s] make[2]: Warning: File 'CMakeFiles/px4_msgs__rosidl_typesupport_opensplice_c__pyext.dir/progress.make' has modification time 1452 s in the future
[3.148s] make[2]: Warning: File 'CMakeFiles/px4_msgs__rosidl_typesupport_introspection_c__pyext.dir/progress.make' has modification time 1452 s in the future
[3.151s] make[2]: Warning: File 'CMakeFiles/px4_msgs__rosidl_typesupport_c__pyext.dir/progress.make' has modification time 1452 s in the future
[3.153s] make[2]: warning:  Clock skew detected.  Your build may be incomplete.
[3.169s] make[2]: warning:  Clock skew detected.  Your build may be incomplete.
[3.175s] make[2]: warning:  Clock skew detected.  Your build may be incomplete.
[3.176s] make[2]: Warning: File 'CMakeFiles/px4_msgs__rosidl_typesupport_fastrtps_c__pyext.dir/progress.make' has modification time 1452 s in the future
[3.177s] make[2]: warning:  Clock skew detected.  Your build may be incomplete.
[3.200s] make[2]: warning:  Clock skew detected.  Your build may be incomplete.
[3.225s] [ 88%] Built target px4_msgs__rosidl_typesupport_opensplice_c__pyext
[3.233s] [ 92%] Built target px4_msgs__rosidl_typesupport_c__pyext
[3.244s] [ 96%] Built target px4_msgs__rosidl_typesupport_fastrtps_c__pyext
[3.251s] [100%] Built target px4_msgs__rosidl_typesupport_introspection_c__pyext
[3.253s] make[1]: warning:  Clock skew detected.  Your build may be incomplete.
[3.291s] make: warning:  Clock skew detected.  Your build may be incomplete.
[3.298s] Invoked command in '/home/patryk/ros2_ws/build/px4_msgs' returned '0': CMAKE_PREFIX_PATH=${CMAKE_PREFIX_PATH}:/home/patryk/ros2_ws/install/controller /usr/bin/cmake --build /home/patryk/ros2_ws/build/px4_msgs -- -j4 -l4
[3.685s] Invoking command in '/home/patryk/ros2_ws/build/px4_msgs': CMAKE_PREFIX_PATH=${CMAKE_PREFIX_PATH}:/home/patryk/ros2_ws/install/controller /usr/bin/cmake --build /home/patryk/ros2_ws/build/px4_msgs --target install -- -j4 -l4
[3.729s] make: Warning: File 'Makefile' has modification time 1451 s in the future
[3.819s] make[1]: Warning: File 'CMakeFiles/Makefile2' has modification time 1451 s in the future
[3.823s] make[2]: Warning: File 'CMakeFiles/px4_msgs__cpp.dir/progress.make' has modification time 1451 s in the future
[3.825s] make[2]: Warning: File 'CMakeFiles/px4_msgs__dds_opensplice_idl.dir/progress.make' has modification time 1451 s in the future
[3.825s] make[2]: Warning: File 'CMakeFiles/px4_msgs__rosidl_generator_c.dir/progress.make' has modification time 1451 s in the future
[3.866s] make[2]: warning:  Clock skew detected.  Your build may be incomplete.
[3.867s] make[2]: warning:  Clock skew detected.  Your build may be incomplete.
[3.872s] make[2]: Warning: File 'CMakeFiles/px4_msgs__rosidl_generator_c.dir/progress.make' has modification time 1451 s in the future
[3.873s] make[2]: Warning: File 'CMakeFiles/px4_msgs__cpp.dir/progress.make' has modification time 1451 s in the future
[3.875s] make[2]: warning:  Clock skew detected.  Your build may be incomplete.
[3.877s] make[2]: warning:  Clock skew detected.  Your build may be incomplete.
[3.879s] make[2]: warning:  Clock skew detected.  Your build may be incomplete.
[3.885s] make[2]: Warning: File 'CMakeFiles/px4_msgs__dds_opensplice_idl.dir/progress.make' has modification time 1451 s in the future
[3.886s] make[2]: warning:  Clock skew detected.  Your build may be incomplete.
[3.913s] [  1%] Built target px4_msgs__cpp
[3.920s] [  7%] Built target px4_msgs__rosidl_generator_c
[3.923s] make[2]: Warning: File 'CMakeFiles/px4_msgs__rosidl_typesupport_introspection_cpp.dir/progress.make' has modification time 1451 s in the future
[3.925s] [  9%] Built target px4_msgs__dds_opensplice_idl
[3.927s] make[2]: Warning: File 'CMakeFiles/px4_msgs__rosidl_typesupport_fastrtps_cpp.dir/progress.make' has modification time 1451 s in the future
[3.933s] make[2]: Warning: File 'CMakeFiles/px4_msgs__rosidl_typesupport_cpp.dir/progress.make' has modification time 1451 s in the future
[3.959s] make[2]: Warning: File 'CMakeFiles/px4_msgs__rosidl_typesupport_opensplice_cpp.dir/progress.make' has modification time 1451 s in the future
[3.984s] make[2]: warning:  Clock skew detected.  Your build may be incomplete.
[3.985s] make[2]: warning:  Clock skew detected.  Your build may be incomplete.
[3.991s] make[2]: Warning: File 'CMakeFiles/px4_msgs__rosidl_typesupport_fastrtps_cpp.dir/progress.make' has modification time 1451 s in the future
[3.994s] make[2]: warning:  Clock skew detected.  Your build may be incomplete.
[3.996s] make[2]: Warning: File 'CMakeFiles/px4_msgs__rosidl_typesupport_introspection_cpp.dir/progress.make' has modification time 1451 s in the future
[4.001s] make[2]: warning:  Clock skew detected.  Your build may be incomplete.
[4.002s] make[2]: Warning: File 'CMakeFiles/px4_msgs__rosidl_typesupport_cpp.dir/progress.make' has modification time 1451 s in the future
[4.007s] make[2]: warning:  Clock skew detected.  Your build may be incomplete.
[4.018s] make[2]: warning:  Clock skew detected.  Your build may be incomplete.
[4.042s] make[2]: warning:  Clock skew detected.  Your build may be incomplete.
[4.047s] [ 15%] Built target px4_msgs__rosidl_typesupport_introspection_cpp
[4.063s] make[2]: Warning: File 'CMakeFiles/px4_msgs__rosidl_typesupport_opensplice_cpp.dir/progress.make' has modification time 1451 s in the future
[4.064s] [ 21%] Built target px4_msgs__rosidl_typesupport_cpp
[4.067s] make[2]: Warning: File 'CMakeFiles/px4_msgs__rosidl_typesupport_c.dir/progress.make' has modification time 1451 s in the future
[4.081s] [ 27%] Built target px4_msgs__rosidl_typesupport_fastrtps_cpp
[4.085s] make[2]: Warning: File 'CMakeFiles/px4_msgs__rosidl_typesupport_introspection_c.dir/progress.make' has modification time 1451 s in the future
[4.088s] make[2]: warning:  Clock skew detected.  Your build may be incomplete.
[4.093s] make[2]: Warning: File 'CMakeFiles/px4_msgs__rosidl_typesupport_fastrtps_c.dir/progress.make' has modification time 1451 s in the future
[4.113s] make[2]: warning:  Clock skew detected.  Your build may be incomplete.
[4.130s] make[2]: Warning: File 'CMakeFiles/px4_msgs__rosidl_typesupport_c.dir/progress.make' has modification time 1451 s in the future
[4.133s] make[2]: warning:  Clock skew detected.  Your build may be incomplete.
[4.134s] [ 43%] Built target px4_msgs__rosidl_typesupport_opensplice_cpp
[4.135s] make[2]: warning:  Clock skew detected.  Your build may be incomplete.
[4.143s] make[2]: Warning: File 'CMakeFiles/px4_msgs__rosidl_typesupport_introspection_c.dir/progress.make' has modification time 1451 s in the future
[4.149s] make[2]: warning:  Clock skew detected.  Your build may be incomplete.
[4.158s] make[2]: Warning: File 'CMakeFiles/px4_msgs__rosidl_typesupport_opensplice_c.dir/progress.make' has modification time 1451 s in the future
[4.160s] make[2]: warning:  Clock skew detected.  Your build may be incomplete.
[4.178s] make[2]: Warning: File 'CMakeFiles/px4_msgs__rosidl_typesupport_fastrtps_c.dir/progress.make' has modification time 1451 s in the future
[4.190s] [ 49%] Built target px4_msgs__rosidl_typesupport_c
[4.194s] [ 54%] Built target px4_msgs__rosidl_typesupport_introspection_c
[4.206s] make[2]: warning:  Clock skew detected.  Your build may be incomplete.
[4.234s] make[2]: warning:  Clock skew detected.  Your build may be incomplete.
[4.245s] [ 60%] Built target px4_msgs__rosidl_typesupport_fastrtps_c
[4.254s] make[2]: Warning: File 'CMakeFiles/px4_msgs__rosidl_typesupport_opensplice_c.dir/progress.make' has modification time 1451 s in the future
[4.269s] make[2]: warning:  Clock skew detected.  Your build may be incomplete.
[4.307s] [ 78%] Built target px4_msgs__rosidl_typesupport_opensplice_c
[4.314s] make[2]: Warning: File 'CMakeFiles/px4_msgs.dir/progress.make' has modification time 1451 s in the future
[4.357s] make[2]: warning:  Clock skew detected.  Your build may be incomplete.
[4.362s] make[2]: Warning: File 'CMakeFiles/px4_msgs.dir/progress.make' has modification time 1451 s in the future
[4.362s] make[2]: warning:  Clock skew detected.  Your build may be incomplete.
[4.399s] [ 78%] Built target px4_msgs
[4.407s] make[2]: Warning: File 'px4_msgs__py/CMakeFiles/px4_msgs__py.dir/progress.make' has modification time 1451 s in the future
[4.450s] make[2]: warning:  Clock skew detected.  Your build may be incomplete.
[4.455s] make[2]: Warning: File 'px4_msgs__py/CMakeFiles/px4_msgs__py.dir/progress.make' has modification time 1451 s in the future
[4.456s] make[2]: warning:  Clock skew detected.  Your build may be incomplete.
[4.494s] [ 80%] Built target px4_msgs__py
[4.503s] make[2]: Warning: File 'CMakeFiles/px4_msgs__python.dir/progress.make' has modification time 1451 s in the future
[4.545s] make[2]: warning:  Clock skew detected.  Your build may be incomplete.
[4.555s] make[2]: Warning: File 'CMakeFiles/px4_msgs__python.dir/progress.make' has modification time 1451 s in the future
[4.576s] make[2]: warning:  Clock skew detected.  Your build may be incomplete.
[4.613s] [ 84%] Built target px4_msgs__python
[4.622s] make[2]: Warning: File 'CMakeFiles/px4_msgs__rosidl_typesupport_c__pyext.dir/progress.make' has modification time 1451 s in the future
[4.623s] make[2]: Warning: File 'CMakeFiles/px4_msgs__rosidl_typesupport_opensplice_c__pyext.dir/progress.make' has modification time 1451 s in the future
[4.625s] make[2]: Warning: File 'CMakeFiles/px4_msgs__rosidl_typesupport_introspection_c__pyext.dir/progress.make' has modification time 1451 s in the future
[4.628s] make[2]: Warning: File 'CMakeFiles/px4_msgs__rosidl_typesupport_fastrtps_c__pyext.dir/progress.make' has modification time 1451 s in the future
[4.679s] make[2]: warning:  Clock skew detected.  Your build may be incomplete.
[4.682s] make[2]: warning:  Clock skew detected.  Your build may be incomplete.
[4.689s] make[2]: Warning: File 'CMakeFiles/px4_msgs__rosidl_typesupport_c__pyext.dir/progress.make' has modification time 1451 s in the future
[4.690s] make[2]: Warning: File 'CMakeFiles/px4_msgs__rosidl_typesupport_opensplice_c__pyext.dir/progress.make' has modification time 1451 s in the future
[4.694s] make[2]: warning:  Clock skew detected.  Your build may be incomplete.
[4.697s] make[2]: warning:  Clock skew detected.  Your build may be incomplete.
[4.702s] make[2]: Warning: File 'CMakeFiles/px4_msgs__rosidl_typesupport_introspection_c__pyext.dir/progress.make' has modification time 1451 s in the future
[4.718s] make[2]: warning:  Clock skew detected.  Your build may be incomplete.
[4.722s] make[2]: Warning: File 'CMakeFiles/px4_msgs__rosidl_typesupport_fastrtps_c__pyext.dir/progress.make' has modification time 1450 s in the future
[4.723s] make[2]: warning:  Clock skew detected.  Your build may be incomplete.
[4.729s] make[2]: warning:  Clock skew detected.  Your build may be incomplete.
[4.751s] make[2]: warning:  Clock skew detected.  Your build may be incomplete.
[4.755s] [ 88%] Built target px4_msgs__rosidl_typesupport_opensplice_c__pyext
[4.775s] [ 92%] Built target px4_msgs__rosidl_typesupport_c__pyext
[4.786s] [ 96%] Built target px4_msgs__rosidl_typesupport_introspection_c__pyext
[4.796s] [100%] Built target px4_msgs__rosidl_typesupport_fastrtps_c__pyext
[4.799s] make[1]: warning:  Clock skew detected.  Your build may be incomplete.
[4.844s] make[1]: Warning: File 'CMakeFiles/Makefile2' has modification time 1450 s in the future
[4.845s] make[1]: warning:  Clock skew detected.  Your build may be incomplete.
[4.883s] [36mInstall the project...[0m
[4.923s] -- Install configuration: ""
[4.926s] -- Execute custom install script
[4.929s] -- Up-to-date symlink: /home/patryk/ros2_ws/install/px4_msgs/share/ament_index/resource_index/rosidl_interfaces/px4_msgs
[4.932s] -- Up-to-date symlink: /home/patryk/ros2_ws/install/px4_msgs/lib/libpx4_msgs__rosidl_typesupport_c.so
[4.933s] -- Up-to-date symlink: /home/patryk/ros2_ws/install/px4_msgs/share/px4_msgs/environment/library_path.sh
[4.935s] -- Up-to-date symlink: /home/patryk/ros2_ws/install/px4_msgs/lib/libpx4_msgs__rosidl_typesupport_cpp.so
[4.939s] -- Up-to-date symlink: /home/patryk/ros2_ws/install/px4_msgs/include/px4_msgs/msg/manual_control_setpoint__rosidl_typesupport_fastrtps_c.h
[4.940s] -- Up-to-date symlink: /home/patryk/ros2_ws/install/px4_msgs/include/px4_msgs/msg/rosidl_typesupport_fastrtps_c__visibility_control.h
[4.944s] -- Up-to-date symlink: /home/patryk/ros2_ws/install/px4_msgs/lib/libpx4_msgs__rosidl_typesupport_fastrtps_c.so
[4.952s] -- Up-to-date symlink: /home/patryk/ros2_ws/install/px4_msgs/include/px4_msgs/msg/manual_control_setpoint.h
[4.953s] -- Up-to-date symlink: /home/patryk/ros2_ws/install/px4_msgs/include/px4_msgs/msg/manual_control_setpoint__functions.h
[4.954s] -- Up-to-date symlink: /home/patryk/ros2_ws/install/px4_msgs/include/px4_msgs/msg/manual_control_setpoint__struct.h
[4.955s] -- Up-to-date symlink: /home/patryk/ros2_ws/install/px4_msgs/include/px4_msgs/msg/manual_control_setpoint__type_support.h
[4.955s] -- Up-to-date symlink: /home/patryk/ros2_ws/install/px4_msgs/include/px4_msgs/msg/rosidl_generator_c__visibility_control.h
[4.956s] -- Up-to-date symlink: /home/patryk/ros2_ws/install/px4_msgs/lib/libpx4_msgs__rosidl_generator_c.so
[4.957s] -- Up-to-date symlink: /home/patryk/ros2_ws/install/px4_msgs/include/px4_msgs/msg/manual_control_setpoint__rosidl_typesupport_fastrtps_cpp.hpp
[4.958s] -- Up-to-date symlink: /home/patryk/ros2_ws/install/px4_msgs/include/px4_msgs/msg/rosidl_typesupport_fastrtps_cpp__visibility_control.h
[4.960s] -- Up-to-date symlink: /home/patryk/ros2_ws/install/px4_msgs/lib/libpx4_msgs__rosidl_typesupport_fastrtps_cpp.so
[4.963s] -- Up-to-date symlink: /home/patryk/ros2_ws/install/px4_msgs/include/px4_msgs/msg/manual_control_setpoint.hpp
[4.964s] -- Up-to-date symlink: /home/patryk/ros2_ws/install/px4_msgs/include/px4_msgs/msg/manual_control_setpoint__struct.hpp
[4.965s] -- Up-to-date symlink: /home/patryk/ros2_ws/install/px4_msgs/include/px4_msgs/msg/manual_control_setpoint__traits.hpp
[4.968s] -- Up-to-date symlink: /home/patryk/ros2_ws/install/px4_msgs/include/px4_msgs/msg/manual_control_setpoint__rosidl_typesupport_introspection_c.h
[4.970s] -- Up-to-date symlink: /home/patryk/ros2_ws/install/px4_msgs/include/px4_msgs/msg/rosidl_typesupport_introspection_c__visibility_control.h
[4.972s] -- Up-to-date symlink: /home/patryk/ros2_ws/install/px4_msgs/lib/libpx4_msgs__rosidl_typesupport_introspection_c.so
[4.975s] -- Up-to-date symlink: /home/patryk/ros2_ws/install/px4_msgs/include/px4_msgs/msg/manual_control_setpoint__rosidl_typesupport_opensplice_c.h
[4.977s] -- Up-to-date symlink: /home/patryk/ros2_ws/install/px4_msgs/include/px4_msgs/msg/rosidl_typesupport_opensplice_c__visibility_control.h
[4.980s] -- Up-to-date symlink: /home/patryk/ros2_ws/install/px4_msgs/lib/libpx4_msgs__rosidl_typesupport_opensplice_c.so
[4.983s] -- Up-to-date symlink: /home/patryk/ros2_ws/install/px4_msgs/share/px4_msgs/msg/dds_opensplice/ManualControlSetpoint_.idl
[4.988s] -- Up-to-date symlink: /home/patryk/ros2_ws/install/px4_msgs/include/px4_msgs/msg/dds_opensplice/ManualControlSetpoint_.h
[4.990s] -- Up-to-date symlink: /home/patryk/ros2_ws/install/px4_msgs/include/px4_msgs/msg/dds_opensplice/ManualControlSetpoint_Dcps.h
[4.991s] -- Up-to-date symlink: /home/patryk/ros2_ws/install/px4_msgs/include/px4_msgs/msg/dds_opensplice/ManualControlSetpoint_Dcps_impl.h
[4.993s] -- Up-to-date symlink: /home/patryk/ros2_ws/install/px4_msgs/include/px4_msgs/msg/dds_opensplice/ManualControlSetpoint_SplDcps.h
[4.995s] -- Up-to-date symlink: /home/patryk/ros2_ws/install/px4_msgs/include/px4_msgs/msg/dds_opensplice/ccpp_ManualControlSetpoint_.h
[4.997s] -- Up-to-date symlink: /home/patryk/ros2_ws/install/px4_msgs/include/px4_msgs/msg/manual_control_setpoint__rosidl_typesupport_opensplice_cpp.hpp
[4.998s] -- Up-to-date symlink: /home/patryk/ros2_ws/install/px4_msgs/include/px4_msgs/msg/rosidl_typesupport_opensplice_cpp__visibility_control.h
[5.001s] -- Up-to-date symlink: /home/patryk/ros2_ws/install/px4_msgs/lib/libpx4_msgs__rosidl_typesupport_opensplice_cpp.so
[5.005s] -- Up-to-date symlink: /home/patryk/ros2_ws/install/px4_msgs/include/px4_msgs/msg/manual_control_setpoint__rosidl_typesupport_introspection_cpp.hpp
[5.008s] -- Up-to-date symlink: /home/patryk/ros2_ws/install/px4_msgs/lib/libpx4_msgs__rosidl_typesupport_introspection_cpp.so
[5.009s] -- Up-to-date symlink: /home/patryk/ros2_ws/install/px4_msgs/share/px4_msgs/environment/pythonpath.sh
[5.011s] -- Up-to-date symlink: /home/patryk/ros2_ws/install/px4_msgs/lib/python3.6/site-packages/px4_msgs/__init__.py
[5.015s] -- Up-to-date symlink: /home/patryk/ros2_ws/install/px4_msgs/lib/python3.6/site-packages/px4_msgs/msg/__init__.py
[5.016s] -- Up-to-date symlink: /home/patryk/ros2_ws/install/px4_msgs/lib/python3.6/site-packages/px4_msgs/msg/_manual_control_setpoint.py
[5.020s] -- Up-to-date symlink: /home/patryk/ros2_ws/install/px4_msgs/lib/python3.6/site-packages/px4_msgs/px4_msgs_s__rosidl_typesupport_c.cpython-36m-aarch64-linux-gnu.so
[5.023s] -- Up-to-date symlink: /home/patryk/ros2_ws/install/px4_msgs/lib/python3.6/site-packages/px4_msgs/px4_msgs_s__rosidl_typesupport_introspection_c.cpython-36m-aarch64-linux-gnu.so
[5.027s] -- Up-to-date symlink: /home/patryk/ros2_ws/install/px4_msgs/lib/python3.6/site-packages/px4_msgs/px4_msgs_s__rosidl_typesupport_fastrtps_c.cpython-36m-aarch64-linux-gnu.so
[5.030s] -- Up-to-date symlink: /home/patryk/ros2_ws/install/px4_msgs/lib/python3.6/site-packages/px4_msgs/px4_msgs_s__rosidl_typesupport_opensplice_c.cpython-36m-aarch64-linux-gnu.so
[5.033s] -- Up-to-date symlink: /home/patryk/ros2_ws/install/px4_msgs/lib/libpx4_msgs__python.so
[5.035s] -- Up-to-date symlink: /home/patryk/ros2_ws/install/px4_msgs/share/px4_msgs/msg/ManualControlSetpoint.idl
[5.037s] -- Up-to-date symlink: /home/patryk/ros2_ws/install/px4_msgs/share/px4_msgs/msg/ManualControlSetpoint.msg
[5.038s] -- Up-to-date symlink: /home/patryk/ros2_ws/install/px4_msgs/share/ament_index/resource_index/package_run_dependencies/px4_msgs
[5.041s] -- Up-to-date symlink: /home/patryk/ros2_ws/install/px4_msgs/share/ament_index/resource_index/parent_prefix_path/px4_msgs
[5.044s] -- Up-to-date symlink: /home/patryk/ros2_ws/install/px4_msgs/share/px4_msgs/environment/ament_prefix_path.sh
[5.045s] -- Up-to-date symlink: /home/patryk/ros2_ws/install/px4_msgs/share/px4_msgs/environment/path.sh
[5.054s] -- Up-to-date symlink: /home/patryk/ros2_ws/install/px4_msgs/share/px4_msgs/local_setup.bash
[5.055s] -- Up-to-date symlink: /home/patryk/ros2_ws/install/px4_msgs/share/px4_msgs/local_setup.sh
[5.056s] -- Up-to-date symlink: /home/patryk/ros2_ws/install/px4_msgs/share/px4_msgs/local_setup.zsh
[5.057s] -- Up-to-date symlink: /home/patryk/ros2_ws/install/px4_msgs/share/ament_index/resource_index/packages/px4_msgs
[5.057s] -- Up-to-date symlink: /home/patryk/ros2_ws/install/px4_msgs/share/px4_msgs/cmake/rosidl_cmake-extras.cmake
[5.058s] -- Up-to-date symlink: /home/patryk/ros2_ws/install/px4_msgs/share/px4_msgs/cmake/ament_cmake_export_libraries-extras.cmake
[5.059s] -- Up-to-date symlink: /home/patryk/ros2_ws/install/px4_msgs/share/px4_msgs/cmake/ament_cmake_export_include_directories-extras.cmake
[5.060s] -- Up-to-date symlink: /home/patryk/ros2_ws/install/px4_msgs/share/px4_msgs/cmake/rosidl_cmake_export_typesupport_libraries-extras.cmake
[5.062s] -- Up-to-date symlink: /home/patryk/ros2_ws/install/px4_msgs/share/px4_msgs/cmake/ament_cmake_export_dependencies-extras.cmake
[5.064s] -- Up-to-date symlink: /home/patryk/ros2_ws/install/px4_msgs/share/px4_msgs/cmake/px4_msgsConfig.cmake
[5.066s] -- Up-to-date symlink: /home/patryk/ros2_ws/install/px4_msgs/share/px4_msgs/cmake/px4_msgsConfig-version.cmake
[5.067s] -- Up-to-date symlink: /home/patryk/ros2_ws/install/px4_msgs/share/px4_msgs/package.xml
[5.412s] make: warning:  Clock skew detected.  Your build may be incomplete.
[5.422s] Invoked command in '/home/patryk/ros2_ws/build/px4_msgs' returned '0': CMAKE_PREFIX_PATH=${CMAKE_PREFIX_PATH}:/home/patryk/ros2_ws/install/controller /usr/bin/cmake --build /home/patryk/ros2_ws/build/px4_msgs --target install -- -j4 -l4
