[4.729s] Invoking command in '/home/patryk/ros2_ws/src/controller': PYTHONPATH=/home/patryk/ros2_ws/build/controller/prefix_override:/home/patryk/ros2_ws/install/controller/lib/python3.6/site-packages:${PYTHONPATH} /usr/bin/python3 setup.py egg_info --egg-base ../../build/controller build --build-base /home/patryk/ros2_ws/build/controller/build install --record /home/patryk/ros2_ws/build/controller/install.log --install-scripts $base/lib/controller --single-version-externally-managed
[6.170s] /home/patryk/.local/lib/python3.6/site-packages/setuptools/dist.py:720: UserWarning: Usage of dash-separated 'script-dir' will not be supported in future versions. Please use the underscore name 'script_dir' instead
[6.171s]   % (opt, underscore_opt)
[6.337s] running egg_info
[6.342s] writing ../../build/controller/controller.egg-info/PKG-INFO
[6.344s] writing dependency_links to ../../build/controller/controller.egg-info/dependency_links.txt
[6.345s] writing entry points to ../../build/controller/controller.egg-info/entry_points.txt
[6.346s] writing requirements to ../../build/controller/controller.egg-info/requires.txt
[6.346s] writing top-level names to ../../build/controller/controller.egg-info/top_level.txt
[6.372s] reading manifest file '../../build/controller/controller.egg-info/SOURCES.txt'
[6.380s] writing manifest file '../../build/controller/controller.egg-info/SOURCES.txt'
[6.380s] running build
[6.381s] running build_py
[6.383s] running install
[6.385s] running install_lib
[6.390s] running install_data
[6.393s] running install_egg_info
[6.400s] removing '/home/patryk/ros2_ws/install/controller/lib/python3.6/site-packages/controller-0.0.0-py3.6.egg-info' (and everything under it)
[6.401s] Copying ../../build/controller/controller.egg-info to /home/patryk/ros2_ws/install/controller/lib/python3.6/site-packages/controller-0.0.0-py3.6.egg-info
[6.406s] running install_scripts
[6.489s] Installing controller script to /home/patryk/ros2_ws/install/controller/lib/controller
[6.492s] writing list of installed files to '/home/patryk/ros2_ws/build/controller/install.log'
[6.602s] Invoked command in '/home/patryk/ros2_ws/src/controller' returned '0': PYTHONPATH=/home/patryk/ros2_ws/build/controller/prefix_override:/home/patryk/ros2_ws/install/controller/lib/python3.6/site-packages:${PYTHONPATH} /usr/bin/python3 setup.py egg_info --egg-base ../../build/controller build --build-base /home/patryk/ros2_ws/build/controller/build install --record /home/patryk/ros2_ws/build/controller/install.log --install-scripts $base/lib/controller --single-version-externally-managed
