[4.345s] Invoking command in '/home/patryk/ros2_ws/src/controller': PYTHONPATH=/home/patryk/ros2_ws/build/controller/prefix_override:/home/patryk/ros2_ws/install/controller/lib/python3.6/site-packages:${PYTHONPATH} /usr/bin/python3 setup.py egg_info --egg-base ../../build/controller build --build-base /home/patryk/ros2_ws/build/controller/build install --record /home/patryk/ros2_ws/build/controller/install.log --install-scripts $base/lib/controller --single-version-externally-managed
[5.777s] /home/patryk/.local/lib/python3.6/site-packages/setuptools/dist.py:720: UserWarning: Usage of dash-separated 'script-dir' will not be supported in future versions. Please use the underscore name 'script_dir' instead
[5.777s]   % (opt, underscore_opt)
[5.942s] running egg_info
[5.947s] writing ../../build/controller/controller.egg-info/PKG-INFO
[5.948s] writing dependency_links to ../../build/controller/controller.egg-info/dependency_links.txt
[5.948s] writing entry points to ../../build/controller/controller.egg-info/entry_points.txt
[5.949s] writing requirements to ../../build/controller/controller.egg-info/requires.txt
[5.950s] writing top-level names to ../../build/controller/controller.egg-info/top_level.txt
[5.961s] reading manifest file '../../build/controller/controller.egg-info/SOURCES.txt'
[5.968s] writing manifest file '../../build/controller/controller.egg-info/SOURCES.txt'
[5.969s] running build
[5.969s] running build_py
[5.970s] copying controller/controller.py -> /home/patryk/ros2_ws/build/controller/build/lib/controller
[5.971s] running install
[5.972s] running install_lib
[5.976s] copying /home/patryk/ros2_ws/build/controller/build/lib/controller/controller.py -> /home/patryk/ros2_ws/install/controller/lib/python3.6/site-packages/controller
[5.978s] byte-compiling /home/patryk/ros2_ws/install/controller/lib/python3.6/site-packages/controller/controller.py to controller.cpython-36.pyc
[5.989s] running install_data
[5.991s] running install_egg_info
[5.998s] removing '/home/patryk/ros2_ws/install/controller/lib/python3.6/site-packages/controller-0.0.0-py3.6.egg-info' (and everything under it)
[5.999s] Copying ../../build/controller/controller.egg-info to /home/patryk/ros2_ws/install/controller/lib/python3.6/site-packages/controller-0.0.0-py3.6.egg-info
[6.003s] running install_scripts
[6.088s] Installing controller script to /home/patryk/ros2_ws/install/controller/lib/controller
[6.089s] writing list of installed files to '/home/patryk/ros2_ws/build/controller/install.log'
[6.198s] Invoked command in '/home/patryk/ros2_ws/src/controller' returned '0': PYTHONPATH=/home/patryk/ros2_ws/build/controller/prefix_override:/home/patryk/ros2_ws/install/controller/lib/python3.6/site-packages:${PYTHONPATH} /usr/bin/python3 setup.py egg_info --egg-base ../../build/controller build --build-base /home/patryk/ros2_ws/build/controller/build install --record /home/patryk/ros2_ws/build/controller/install.log --install-scripts $base/lib/controller --single-version-externally-managed
