[1.669s] DEBUG:colcon:Command line arguments: ['/usr/bin/colcon', 'build', '--symlink-install']
[1.669s] DEBUG:colcon:Parsed command line arguments: Namespace(allow_overriding=[], ament_cmake_args=None, base_paths=['.'], build_base='build', catkin_cmake_args=None, catkin_skip_building_tests=False, cmake_args=None, cmake_clean_cache=False, cmake_clean_first=False, cmake_force_configure=False, cmake_target=None, cmake_target_skip_unavailable=False, continue_on_error=False, event_handlers=None, executor='parallel', ignore_user_meta=False, install_base='install', log_base=None, log_level=None, main=<bound method BuildVerb.main of <colcon_core.verb.build.BuildVerb object at 0x7fa079e940>>, merge_install=False, metas=['./colcon.meta'], packages_above=None, packages_above_and_dependencies=None, packages_above_depth=None, packages_end=None, packages_ignore=None, packages_ignore_regex=None, packages_select=None, packages_select_build_failed=False, packages_select_by_dep=None, packages_select_regex=None, packages_select_test_failures=False, packages_skip=None, packages_skip_build_finished=False, packages_skip_by_dep=None, packages_skip_regex=None, packages_skip_test_passed=False, packages_skip_up_to=None, packages_start=None, packages_up_to=None, packages_up_to_regex=None, parallel_workers=4, paths=None, symlink_install=True, test_result_base=None, verb_extension=<colcon_core.verb.build.BuildVerb object at 0x7fa079e940>, verb_name='build', verb_parser=<colcon_defaults.argument_parser.defaults.DefaultArgumentsDecorator object at 0x7fa079ecc0>)
[1.748s] Level 1:colcon.colcon_core.package_discovery:discover_packages(colcon_meta) check parameters
[1.749s] Level 1:colcon.colcon_core.package_discovery:discover_packages(recursive) check parameters
[1.749s] Level 1:colcon.colcon_core.package_discovery:discover_packages(ignore) check parameters
[1.749s] Level 1:colcon.colcon_core.package_discovery:discover_packages(path) check parameters
[1.750s] Level 1:colcon.colcon_core.package_discovery:discover_packages(colcon_meta) discover
[1.751s] Level 1:colcon.colcon_core.package_discovery:discover_packages(recursive) discover
[1.751s] INFO:colcon.colcon_core.package_discovery:Crawling recursively for packages in '/home/patryk/ros2_ws'
[1.752s] Level 1:colcon.colcon_core.package_identification:_identify(.) by extensions ['ignore', 'ignore_ament_install']
[1.752s] Level 1:colcon.colcon_core.package_identification:_identify(.) by extension 'ignore'
[1.753s] Level 1:colcon.colcon_core.package_identification:_identify(.) by extension 'ignore_ament_install'
[1.753s] Level 1:colcon.colcon_core.package_identification:_identify(.) by extensions ['colcon_pkg']
[1.753s] Level 1:colcon.colcon_core.package_identification:_identify(.) by extension 'colcon_pkg'
[1.753s] Level 1:colcon.colcon_core.package_identification:_identify(.) by extensions ['colcon_meta']
[1.754s] Level 1:colcon.colcon_core.package_identification:_identify(.) by extension 'colcon_meta'
[1.754s] Level 1:colcon.colcon_core.package_identification:_identify(.) by extensions ['ros']
[1.754s] Level 1:colcon.colcon_core.package_identification:_identify(.) by extension 'ros'
[1.848s] Level 1:colcon.colcon_core.package_identification:_identify(.) by extensions ['cmake', 'python']
[1.848s] Level 1:colcon.colcon_core.package_identification:_identify(.) by extension 'cmake'
[1.849s] Level 1:colcon.colcon_core.package_identification:_identify(.) by extension 'python'
[1.849s] Level 1:colcon.colcon_core.package_identification:_identify(.) by extensions ['python_setup_py']
[1.849s] Level 1:colcon.colcon_core.package_identification:_identify(.) by extension 'python_setup_py'
[1.850s] Level 1:colcon.colcon_core.package_identification:_identify(build) by extensions ['ignore', 'ignore_ament_install']
[1.850s] Level 1:colcon.colcon_core.package_identification:_identify(build) by extension 'ignore'
[1.850s] Level 1:colcon.colcon_core.package_identification:_identify(build) ignored
[1.852s] Level 1:colcon.colcon_core.package_identification:_identify(install) by extensions ['ignore', 'ignore_ament_install']
[1.853s] Level 1:colcon.colcon_core.package_identification:_identify(install) by extension 'ignore'
[1.853s] Level 1:colcon.colcon_core.package_identification:_identify(install) ignored
[1.855s] Level 1:colcon.colcon_core.package_identification:_identify(log) by extensions ['ignore', 'ignore_ament_install']
[1.856s] Level 1:colcon.colcon_core.package_identification:_identify(log) by extension 'ignore'
[1.856s] Level 1:colcon.colcon_core.package_identification:_identify(log) ignored
[1.857s] Level 1:colcon.colcon_core.package_identification:_identify(src) by extensions ['ignore', 'ignore_ament_install']
[1.857s] Level 1:colcon.colcon_core.package_identification:_identify(src) by extension 'ignore'
[1.857s] Level 1:colcon.colcon_core.package_identification:_identify(src) by extension 'ignore_ament_install'
[1.858s] Level 1:colcon.colcon_core.package_identification:_identify(src) by extensions ['colcon_pkg']
[1.858s] Level 1:colcon.colcon_core.package_identification:_identify(src) by extension 'colcon_pkg'
[1.858s] Level 1:colcon.colcon_core.package_identification:_identify(src) by extensions ['colcon_meta']
[1.858s] Level 1:colcon.colcon_core.package_identification:_identify(src) by extension 'colcon_meta'
[1.858s] Level 1:colcon.colcon_core.package_identification:_identify(src) by extensions ['ros']
[1.859s] Level 1:colcon.colcon_core.package_identification:_identify(src) by extension 'ros'
[1.859s] Level 1:colcon.colcon_core.package_identification:_identify(src) by extensions ['cmake', 'python']
[1.859s] Level 1:colcon.colcon_core.package_identification:_identify(src) by extension 'cmake'
[1.859s] Level 1:colcon.colcon_core.package_identification:_identify(src) by extension 'python'
[1.860s] Level 1:colcon.colcon_core.package_identification:_identify(src) by extensions ['python_setup_py']
[1.860s] Level 1:colcon.colcon_core.package_identification:_identify(src) by extension 'python_setup_py'
[1.860s] Level 1:colcon.colcon_core.package_identification:_identify(src/controller) by extensions ['ignore', 'ignore_ament_install']
[1.861s] Level 1:colcon.colcon_core.package_identification:_identify(src/controller) by extension 'ignore'
[1.861s] Level 1:colcon.colcon_core.package_identification:_identify(src/controller) by extension 'ignore_ament_install'
[1.861s] Level 1:colcon.colcon_core.package_identification:_identify(src/controller) by extensions ['colcon_pkg']
[1.862s] Level 1:colcon.colcon_core.package_identification:_identify(src/controller) by extension 'colcon_pkg'
[1.862s] Level 1:colcon.colcon_core.package_identification:_identify(src/controller) by extensions ['colcon_meta']
[1.862s] Level 1:colcon.colcon_core.package_identification:_identify(src/controller) by extension 'colcon_meta'
[1.862s] Level 1:colcon.colcon_core.package_identification:_identify(src/controller) by extensions ['ros']
[1.862s] Level 1:colcon.colcon_core.package_identification:_identify(src/controller) by extension 'ros'
[1.874s] DEBUG:colcon.colcon_core.package_identification:Package 'src/controller' with type 'ros.ament_python' and name 'controller'
[1.875s] Level 1:colcon.colcon_core.package_identification:_identify(src/px4_msgs) by extensions ['ignore', 'ignore_ament_install']
[1.875s] Level 1:colcon.colcon_core.package_identification:_identify(src/px4_msgs) by extension 'ignore'
[1.876s] Level 1:colcon.colcon_core.package_identification:_identify(src/px4_msgs) by extension 'ignore_ament_install'
[1.876s] Level 1:colcon.colcon_core.package_identification:_identify(src/px4_msgs) by extensions ['colcon_pkg']
[1.876s] Level 1:colcon.colcon_core.package_identification:_identify(src/px4_msgs) by extension 'colcon_pkg'
[1.876s] Level 1:colcon.colcon_core.package_identification:_identify(src/px4_msgs) by extensions ['colcon_meta']
[1.877s] Level 1:colcon.colcon_core.package_identification:_identify(src/px4_msgs) by extension 'colcon_meta'
[1.877s] Level 1:colcon.colcon_core.package_identification:_identify(src/px4_msgs) by extensions ['ros']
[1.877s] Level 1:colcon.colcon_core.package_identification:_identify(src/px4_msgs) by extension 'ros'
[1.880s] DEBUG:colcon.colcon_core.package_identification:Package 'src/px4_msgs' with type 'ros.ament_cmake' and name 'px4_msgs'
[1.880s] Level 1:colcon.colcon_core.package_discovery:discover_packages(recursive) using defaults
[1.881s] Level 1:colcon.colcon_core.package_discovery:discover_packages(ignore) discover
[1.881s] Level 1:colcon.colcon_core.package_discovery:discover_packages(ignore) using defaults
[1.881s] Level 1:colcon.colcon_core.package_discovery:discover_packages(path) discover
[1.881s] Level 1:colcon.colcon_core.package_discovery:discover_packages(path) using defaults
[1.988s] Level 1:colcon.colcon_core.package_discovery:discover_packages(prefix_path) check parameters
[1.988s] Level 1:colcon.colcon_core.package_discovery:discover_packages(prefix_path) discover
[2.000s] DEBUG:colcon.colcon_installed_package_information.package_discovery:Found 2 installed packages in /home/patryk/ros2_ws/install
[2.035s] DEBUG:colcon.colcon_installed_package_information.package_discovery:Found 264 installed packages in /home/patryk/ros2_dashing/ros2-linux
[2.048s] Level 1:colcon.colcon_core.package_discovery:discover_packages(prefix_path) using defaults
[2.195s] Level 5:colcon.colcon_core.verb:set package 'controller' build argument 'cmake_args' from command line to 'None'
[2.196s] Level 5:colcon.colcon_core.verb:set package 'controller' build argument 'cmake_target' from command line to 'None'
[2.196s] Level 5:colcon.colcon_core.verb:set package 'controller' build argument 'cmake_target_skip_unavailable' from command line to 'False'
[2.196s] Level 5:colcon.colcon_core.verb:set package 'controller' build argument 'cmake_clean_cache' from command line to 'False'
[2.196s] Level 5:colcon.colcon_core.verb:set package 'controller' build argument 'cmake_clean_first' from command line to 'False'
[2.196s] Level 5:colcon.colcon_core.verb:set package 'controller' build argument 'cmake_force_configure' from command line to 'False'
[2.197s] Level 5:colcon.colcon_core.verb:set package 'controller' build argument 'ament_cmake_args' from command line to 'None'
[2.197s] Level 5:colcon.colcon_core.verb:set package 'controller' build argument 'catkin_cmake_args' from command line to 'None'
[2.197s] Level 5:colcon.colcon_core.verb:set package 'controller' build argument 'catkin_skip_building_tests' from command line to 'False'
[2.197s] DEBUG:colcon.colcon_core.verb:Building package 'controller' with the following arguments: {'ament_cmake_args': None, 'build_base': '/home/patryk/ros2_ws/build/controller', 'catkin_cmake_args': None, 'catkin_skip_building_tests': False, 'cmake_args': None, 'cmake_clean_cache': False, 'cmake_clean_first': False, 'cmake_force_configure': False, 'cmake_target': None, 'cmake_target_skip_unavailable': False, 'install_base': '/home/patryk/ros2_ws/install/controller', 'merge_install': False, 'path': '/home/patryk/ros2_ws/src/controller', 'symlink_install': True, 'test_result_base': None}
[2.200s] Level 5:colcon.colcon_core.verb:set package 'px4_msgs' build argument 'cmake_args' from command line to 'None'
[2.200s] Level 5:colcon.colcon_core.verb:set package 'px4_msgs' build argument 'cmake_target' from command line to 'None'
[2.201s] Level 5:colcon.colcon_core.verb:set package 'px4_msgs' build argument 'cmake_target_skip_unavailable' from command line to 'False'
[2.201s] Level 5:colcon.colcon_core.verb:set package 'px4_msgs' build argument 'cmake_clean_cache' from command line to 'False'
[2.201s] Level 5:colcon.colcon_core.verb:set package 'px4_msgs' build argument 'cmake_clean_first' from command line to 'False'
[2.201s] Level 5:colcon.colcon_core.verb:set package 'px4_msgs' build argument 'cmake_force_configure' from command line to 'False'
[2.201s] Level 5:colcon.colcon_core.verb:set package 'px4_msgs' build argument 'ament_cmake_args' from command line to 'None'
[2.201s] Level 5:colcon.colcon_core.verb:set package 'px4_msgs' build argument 'catkin_cmake_args' from command line to 'None'
[2.202s] Level 5:colcon.colcon_core.verb:set package 'px4_msgs' build argument 'catkin_skip_building_tests' from command line to 'False'
[2.202s] DEBUG:colcon.colcon_core.verb:Building package 'px4_msgs' with the following arguments: {'ament_cmake_args': None, 'build_base': '/home/patryk/ros2_ws/build/px4_msgs', 'catkin_cmake_args': None, 'catkin_skip_building_tests': False, 'cmake_args': None, 'cmake_clean_cache': False, 'cmake_clean_first': False, 'cmake_force_configure': False, 'cmake_target': None, 'cmake_target_skip_unavailable': False, 'install_base': '/home/patryk/ros2_ws/install/px4_msgs', 'merge_install': False, 'path': '/home/patryk/ros2_ws/src/px4_msgs', 'symlink_install': True, 'test_result_base': None}
[2.203s] INFO:colcon.colcon_core.executor:Executing jobs using 'parallel' executor
[2.207s] DEBUG:colcon.colcon_parallel_executor.executor.parallel:run_until_complete
[2.208s] INFO:colcon.colcon_ros.task.ament_python.build:Building ROS package in '/home/patryk/ros2_ws/src/controller' with build type 'ament_python'
[2.209s] Level 1:colcon.colcon_core.shell:create_environment_hook('controller', 'ament_prefix_path')
[2.220s] INFO:colcon.colcon_core.plugin_system:Skipping extension 'colcon_core.shell.bat': Not used on non-Windows systems
[2.221s] INFO:colcon.colcon_core.shell:Creating environment hook '/home/patryk/ros2_ws/install/controller/share/controller/hook/ament_prefix_path.ps1'
[2.224s] INFO:colcon.colcon_core.shell:Creating environment descriptor '/home/patryk/ros2_ws/install/controller/share/controller/hook/ament_prefix_path.dsv'
[2.226s] INFO:colcon.colcon_core.shell:Creating environment hook '/home/patryk/ros2_ws/install/controller/share/controller/hook/ament_prefix_path.sh'
[2.231s] INFO:colcon.colcon_core.shell:Skip shell extension 'powershell' for command environment: Not usable outside of PowerShell
[2.231s] DEBUG:colcon.colcon_core.shell:Skip shell extension 'dsv' for command environment
[2.283s] INFO:colcon.colcon_ros.task.ament_cmake.build:Building ROS package in '/home/patryk/ros2_ws/src/px4_msgs' with build type 'ament_cmake'
[2.285s] INFO:colcon.colcon_cmake.task.cmake.build:Building CMake package in '/home/patryk/ros2_ws/src/px4_msgs'
[2.287s] INFO:colcon.colcon_core.shell:Skip shell extension 'powershell' for command environment: Not usable outside of PowerShell
[2.288s] DEBUG:colcon.colcon_core.shell:Skip shell extension 'dsv' for command environment
[4.050s] INFO:colcon.colcon_core.task.python.build:Building Python package in '/home/patryk/ros2_ws/src/controller'
[4.053s] INFO:colcon.colcon_core.shell:Skip shell extension 'powershell' for command environment: Not usable outside of PowerShell
[4.053s] DEBUG:colcon.colcon_core.shell:Skip shell extension 'dsv' for command environment
[4.122s] DEBUG:colcon.colcon_core.event_handler.log_command:Invoking command in '/home/patryk/ros2_ws/build/px4_msgs': CMAKE_PREFIX_PATH=${CMAKE_PREFIX_PATH}:/home/patryk/ros2_ws/install/controller /usr/bin/cmake --build /home/patryk/ros2_ws/build/px4_msgs -- -j4 -l4
[5.300s] DEBUG:colcon.colcon_core.event_handler.log_command:Invoked command in '/home/patryk/ros2_ws/build/px4_msgs' returned '0': CMAKE_PREFIX_PATH=${CMAKE_PREFIX_PATH}:/home/patryk/ros2_ws/install/controller /usr/bin/cmake --build /home/patryk/ros2_ws/build/px4_msgs -- -j4 -l4
[5.689s] DEBUG:colcon.colcon_core.event_handler.log_command:Invoking command in '/home/patryk/ros2_ws/build/px4_msgs': CMAKE_PREFIX_PATH=${CMAKE_PREFIX_PATH}:/home/patryk/ros2_ws/install/controller /usr/bin/cmake --build /home/patryk/ros2_ws/build/px4_msgs --target install -- -j4 -l4
[7.038s] DEBUG:colcon.colcon_core.event_handler.log_command:Invoking command in '/home/patryk/ros2_ws/build/controller': PYTHONPATH=/home/patryk/ros2_ws/build/controller/prefix_override:/home/patryk/ros2_ws/install/controller/lib/python3.6/site-packages:${PYTHONPATH} /usr/bin/python3 setup.py develop --editable --build-directory /home/patryk/ros2_ws/build/controller/build --no-deps install_data
[7.327s] Level 1:colcon.colcon_core.environment:create_environment_scripts_only(px4_msgs)
[7.333s] DEBUG:colcon.colcon_core.event_handler.log_command:Invoked command in '/home/patryk/ros2_ws/build/px4_msgs' returned '0': CMAKE_PREFIX_PATH=${CMAKE_PREFIX_PATH}:/home/patryk/ros2_ws/install/controller /usr/bin/cmake --build /home/patryk/ros2_ws/build/px4_msgs --target install -- -j4 -l4
[7.345s] Level 1:colcon.colcon_core.environment:checking '/home/patryk/ros2_ws/install/px4_msgs' for CMake module files
[7.348s] Level 1:colcon.colcon_core.environment:checking '/home/patryk/ros2_ws/install/px4_msgs' for CMake config files
[7.353s] Level 1:colcon.colcon_core.shell:create_environment_hook('px4_msgs', 'cmake_prefix_path')
[7.355s] INFO:colcon.colcon_core.shell:Creating environment hook '/home/patryk/ros2_ws/install/px4_msgs/share/px4_msgs/hook/cmake_prefix_path.ps1'
[7.357s] INFO:colcon.colcon_core.shell:Creating environment descriptor '/home/patryk/ros2_ws/install/px4_msgs/share/px4_msgs/hook/cmake_prefix_path.dsv'
[7.359s] INFO:colcon.colcon_core.shell:Creating environment hook '/home/patryk/ros2_ws/install/px4_msgs/share/px4_msgs/hook/cmake_prefix_path.sh'
[7.363s] Level 1:colcon.colcon_core.environment:checking '/home/patryk/ros2_ws/install/px4_msgs/lib'
[7.364s] Level 1:colcon.colcon_core.shell:create_environment_hook('px4_msgs', 'ld_library_path_lib')
[7.366s] INFO:colcon.colcon_core.shell:Creating environment hook '/home/patryk/ros2_ws/install/px4_msgs/share/px4_msgs/hook/ld_library_path_lib.ps1'
[7.368s] INFO:colcon.colcon_core.shell:Creating environment descriptor '/home/patryk/ros2_ws/install/px4_msgs/share/px4_msgs/hook/ld_library_path_lib.dsv'
[7.369s] INFO:colcon.colcon_core.shell:Creating environment hook '/home/patryk/ros2_ws/install/px4_msgs/share/px4_msgs/hook/ld_library_path_lib.sh'
[7.371s] Level 1:colcon.colcon_core.environment:checking '/home/patryk/ros2_ws/install/px4_msgs/bin'
[7.372s] Level 1:colcon.colcon_core.environment:checking '/home/patryk/ros2_ws/install/px4_msgs/lib/pkgconfig/px4_msgs.pc'
[7.373s] Level 1:colcon.colcon_core.environment:checking '/home/patryk/ros2_ws/install/px4_msgs/lib/python3.6/site-packages'
[7.373s] Level 1:colcon.colcon_core.shell:create_environment_hook('px4_msgs', 'pythonpath')
[7.376s] INFO:colcon.colcon_core.shell:Creating environment hook '/home/patryk/ros2_ws/install/px4_msgs/share/px4_msgs/hook/pythonpath.ps1'
[7.378s] INFO:colcon.colcon_core.shell:Creating environment descriptor '/home/patryk/ros2_ws/install/px4_msgs/share/px4_msgs/hook/pythonpath.dsv'
[7.380s] INFO:colcon.colcon_core.shell:Creating environment hook '/home/patryk/ros2_ws/install/px4_msgs/share/px4_msgs/hook/pythonpath.sh'
[7.382s] Level 1:colcon.colcon_core.environment:checking '/home/patryk/ros2_ws/install/px4_msgs/bin'
[7.385s] INFO:colcon.colcon_core.shell:Creating package script '/home/patryk/ros2_ws/install/px4_msgs/share/px4_msgs/package.ps1'
[7.390s] INFO:colcon.colcon_core.shell:Creating package descriptor '/home/patryk/ros2_ws/install/px4_msgs/share/px4_msgs/package.dsv'
[7.394s] INFO:colcon.colcon_core.shell:Creating package script '/home/patryk/ros2_ws/install/px4_msgs/share/px4_msgs/package.sh'
[7.399s] INFO:colcon.colcon_core.shell:Creating package script '/home/patryk/ros2_ws/install/px4_msgs/share/px4_msgs/package.bash'
[7.403s] INFO:colcon.colcon_core.shell:Creating package script '/home/patryk/ros2_ws/install/px4_msgs/share/px4_msgs/package.zsh'
[7.407s] Level 1:colcon.colcon_core.environment:create_file_with_runtime_dependencies(/home/patryk/ros2_ws/install/px4_msgs/share/colcon-core/packages/px4_msgs)
[7.747s] Level 1:colcon.colcon_core.environment:create_environment_scripts_only(px4_msgs)
[7.750s] Level 1:colcon.colcon_core.environment:checking '/home/patryk/ros2_ws/install/px4_msgs' for CMake module files
[7.754s] Level 1:colcon.colcon_core.environment:checking '/home/patryk/ros2_ws/install/px4_msgs' for CMake config files
[7.758s] Level 1:colcon.colcon_core.shell:create_environment_hook('px4_msgs', 'cmake_prefix_path')
[7.760s] INFO:colcon.colcon_core.shell:Creating environment hook '/home/patryk/ros2_ws/install/px4_msgs/share/px4_msgs/hook/cmake_prefix_path.ps1'
[7.763s] INFO:colcon.colcon_core.shell:Creating environment descriptor '/home/patryk/ros2_ws/install/px4_msgs/share/px4_msgs/hook/cmake_prefix_path.dsv'
[7.765s] INFO:colcon.colcon_core.shell:Creating environment hook '/home/patryk/ros2_ws/install/px4_msgs/share/px4_msgs/hook/cmake_prefix_path.sh'
[7.769s] Level 1:colcon.colcon_core.environment:checking '/home/patryk/ros2_ws/install/px4_msgs/lib'
[7.769s] Level 1:colcon.colcon_core.shell:create_environment_hook('px4_msgs', 'ld_library_path_lib')
[7.771s] INFO:colcon.colcon_core.shell:Creating environment hook '/home/patryk/ros2_ws/install/px4_msgs/share/px4_msgs/hook/ld_library_path_lib.ps1'
[7.773s] INFO:colcon.colcon_core.shell:Creating environment descriptor '/home/patryk/ros2_ws/install/px4_msgs/share/px4_msgs/hook/ld_library_path_lib.dsv'
[7.775s] INFO:colcon.colcon_core.shell:Creating environment hook '/home/patryk/ros2_ws/install/px4_msgs/share/px4_msgs/hook/ld_library_path_lib.sh'
[7.776s] Level 1:colcon.colcon_core.environment:checking '/home/patryk/ros2_ws/install/px4_msgs/bin'
[7.776s] Level 1:colcon.colcon_core.environment:checking '/home/patryk/ros2_ws/install/px4_msgs/lib/pkgconfig/px4_msgs.pc'
[7.777s] Level 1:colcon.colcon_core.environment:checking '/home/patryk/ros2_ws/install/px4_msgs/lib/python3.6/site-packages'
[7.778s] Level 1:colcon.colcon_core.shell:create_environment_hook('px4_msgs', 'pythonpath')
[7.780s] INFO:colcon.colcon_core.shell:Creating environment hook '/home/patryk/ros2_ws/install/px4_msgs/share/px4_msgs/hook/pythonpath.ps1'
[7.782s] INFO:colcon.colcon_core.shell:Creating environment descriptor '/home/patryk/ros2_ws/install/px4_msgs/share/px4_msgs/hook/pythonpath.dsv'
[7.784s] INFO:colcon.colcon_core.shell:Creating environment hook '/home/patryk/ros2_ws/install/px4_msgs/share/px4_msgs/hook/pythonpath.sh'
[7.786s] Level 1:colcon.colcon_core.environment:checking '/home/patryk/ros2_ws/install/px4_msgs/bin'
[7.789s] INFO:colcon.colcon_core.shell:Creating package script '/home/patryk/ros2_ws/install/px4_msgs/share/px4_msgs/package.ps1'
[7.792s] INFO:colcon.colcon_core.shell:Creating package descriptor '/home/patryk/ros2_ws/install/px4_msgs/share/px4_msgs/package.dsv'
[7.795s] INFO:colcon.colcon_core.shell:Creating package script '/home/patryk/ros2_ws/install/px4_msgs/share/px4_msgs/package.sh'
[7.797s] INFO:colcon.colcon_core.shell:Creating package script '/home/patryk/ros2_ws/install/px4_msgs/share/px4_msgs/package.bash'
[7.799s] INFO:colcon.colcon_core.shell:Creating package script '/home/patryk/ros2_ws/install/px4_msgs/share/px4_msgs/package.zsh'
[7.801s] Level 1:colcon.colcon_core.environment:create_file_with_runtime_dependencies(/home/patryk/ros2_ws/install/px4_msgs/share/colcon-core/packages/px4_msgs)
[10.200s] Level 1:colcon.colcon_core.shell:create_environment_hook('controller', 'pythonpath_develop')
[10.203s] INFO:colcon.colcon_core.shell:Creating environment hook '/home/patryk/ros2_ws/build/controller/share/controller/hook/pythonpath_develop.ps1'
[10.205s] DEBUG:colcon.colcon_core.event_handler.log_command:Invoked command in '/home/patryk/ros2_ws/build/controller' returned '0': PYTHONPATH=/home/patryk/ros2_ws/build/controller/prefix_override:/home/patryk/ros2_ws/install/controller/lib/python3.6/site-packages:${PYTHONPATH} /usr/bin/python3 setup.py develop --editable --build-directory /home/patryk/ros2_ws/build/controller/build --no-deps install_data
[10.207s] INFO:colcon.colcon_core.shell:Creating environment descriptor '/home/patryk/ros2_ws/build/controller/share/controller/hook/pythonpath_develop.dsv'
[10.209s] INFO:colcon.colcon_core.shell:Creating environment hook '/home/patryk/ros2_ws/build/controller/share/controller/hook/pythonpath_develop.sh'
[10.212s] Level 1:colcon.colcon_core.environment:checking '/home/patryk/ros2_ws/install/controller' for CMake module files
[10.215s] Level 1:colcon.colcon_core.environment:checking '/home/patryk/ros2_ws/install/controller' for CMake config files
[10.218s] Level 1:colcon.colcon_core.environment:checking '/home/patryk/ros2_ws/install/controller/lib'
[10.218s] Level 1:colcon.colcon_core.environment:checking '/home/patryk/ros2_ws/install/controller/bin'
[10.219s] Level 1:colcon.colcon_core.environment:checking '/home/patryk/ros2_ws/install/controller/lib/pkgconfig/controller.pc'
[10.219s] Level 1:colcon.colcon_core.environment:checking '/home/patryk/ros2_ws/install/controller/lib/python3.6/site-packages'
[10.220s] Level 1:colcon.colcon_core.shell:create_environment_hook('controller', 'pythonpath')
[10.222s] INFO:colcon.colcon_core.shell:Creating environment hook '/home/patryk/ros2_ws/install/controller/share/controller/hook/pythonpath.ps1'
[10.223s] INFO:colcon.colcon_core.shell:Creating environment descriptor '/home/patryk/ros2_ws/install/controller/share/controller/hook/pythonpath.dsv'
[10.225s] INFO:colcon.colcon_core.shell:Creating environment hook '/home/patryk/ros2_ws/install/controller/share/controller/hook/pythonpath.sh'
[10.227s] Level 1:colcon.colcon_core.environment:checking '/home/patryk/ros2_ws/install/controller/bin'
[10.227s] Level 1:colcon.colcon_core.environment:create_environment_scripts_only(controller)
[10.230s] INFO:colcon.colcon_core.shell:Creating package script '/home/patryk/ros2_ws/install/controller/share/controller/package.ps1'
[10.232s] INFO:colcon.colcon_core.shell:Creating package descriptor '/home/patryk/ros2_ws/install/controller/share/controller/package.dsv'
[10.235s] INFO:colcon.colcon_core.shell:Creating package script '/home/patryk/ros2_ws/install/controller/share/controller/package.sh'
[10.237s] INFO:colcon.colcon_core.shell:Creating package script '/home/patryk/ros2_ws/install/controller/share/controller/package.bash'
[10.238s] INFO:colcon.colcon_core.shell:Creating package script '/home/patryk/ros2_ws/install/controller/share/controller/package.zsh'
[10.239s] Level 1:colcon.colcon_core.environment:create_file_with_runtime_dependencies(/home/patryk/ros2_ws/install/controller/share/colcon-core/packages/controller)
[10.240s] DEBUG:colcon.colcon_parallel_executor.executor.parallel:closing loop
[10.241s] DEBUG:colcon.colcon_parallel_executor.executor.parallel:loop closed
[10.241s] DEBUG:colcon.colcon_parallel_executor.executor.parallel:run_until_complete finished with '0'
[10.241s] DEBUG:colcon.colcon_core.event_reactor:joining thread
[10.273s] INFO:colcon.colcon_core.plugin_system:Skipping extension 'colcon_notification.desktop_notification.terminal_notifier': Not used on non-Darwin systems
[10.274s] INFO:colcon.colcon_core.plugin_system:Skipping extension 'colcon_notification.desktop_notification.win32': Not used on non-Windows systems
[10.274s] INFO:colcon.colcon_notification.desktop_notification:Sending desktop notification using 'notify2'
[10.339s] DEBUG:colcon.colcon_core.event_reactor:joined thread
[10.341s] INFO:colcon.colcon_core.shell:Creating prefix script '/home/patryk/ros2_ws/install/local_setup.ps1'
[10.347s] INFO:colcon.colcon_core.shell:Creating prefix util module '/home/patryk/ros2_ws/install/_local_setup_util_ps1.py'
[10.357s] INFO:colcon.colcon_core.shell:Creating prefix chain script '/home/patryk/ros2_ws/install/setup.ps1'
[10.364s] INFO:colcon.colcon_core.shell:Creating prefix script '/home/patryk/ros2_ws/install/local_setup.sh'
[10.367s] INFO:colcon.colcon_core.shell:Creating prefix util module '/home/patryk/ros2_ws/install/_local_setup_util_sh.py'
[10.369s] INFO:colcon.colcon_core.shell:Creating prefix chain script '/home/patryk/ros2_ws/install/setup.sh'
[10.376s] INFO:colcon.colcon_core.shell:Creating prefix script '/home/patryk/ros2_ws/install/local_setup.bash'
[10.379s] INFO:colcon.colcon_core.shell:Creating prefix chain script '/home/patryk/ros2_ws/install/setup.bash'
[10.386s] INFO:colcon.colcon_core.shell:Creating prefix script '/home/patryk/ros2_ws/install/local_setup.zsh'
[10.389s] INFO:colcon.colcon_core.shell:Creating prefix chain script '/home/patryk/ros2_ws/install/setup.zsh'
