[5.197s] Invoking command in '/home/patryk/ros2_ws/src/controller': PYTHONPATH=/home/patryk/ros2_ws/build/controller/prefix_override:/home/patryk/ros2_ws/install/controller/lib/python3.6/site-packages:${PYTHONPATH} /usr/bin/python3 setup.py egg_info --egg-base ../../build/controller build --build-base /home/patryk/ros2_ws/build/controller/build install --record /home/patryk/ros2_ws/build/controller/install.log --install-scripts $base/lib/controller --single-version-externally-managed
[6.679s] /home/patryk/.local/lib/python3.6/site-packages/setuptools/dist.py:720: UserWarning: Usage of dash-separated 'script-dir' will not be supported in future versions. Please use the underscore name 'script_dir' instead
[6.679s]   % (opt, underscore_opt)
[6.842s] running egg_info
[6.846s] writing ../../build/controller/controller.egg-info/PKG-INFO
[6.848s] writing dependency_links to ../../build/controller/controller.egg-info/dependency_links.txt
[6.849s] writing entry points to ../../build/controller/controller.egg-info/entry_points.txt
[6.849s] writing requirements to ../../build/controller/controller.egg-info/requires.txt
[6.850s] writing top-level names to ../../build/controller/controller.egg-info/top_level.txt
[6.871s] reading manifest file '../../build/controller/controller.egg-info/SOURCES.txt'
[6.879s] writing manifest file '../../build/controller/controller.egg-info/SOURCES.txt'
[6.879s] running build
[6.880s] running build_py
[6.881s] running install
[6.883s] running install_lib
[6.889s] running install_data
[6.891s] running install_egg_info
[6.898s] removing '/home/patryk/ros2_ws/install/controller/lib/python3.6/site-packages/controller-0.0.0-py3.6.egg-info' (and everything under it)
[6.899s] Copying ../../build/controller/controller.egg-info to /home/patryk/ros2_ws/install/controller/lib/python3.6/site-packages/controller-0.0.0-py3.6.egg-info
[6.904s] running install_scripts
[6.989s] Installing controller script to /home/patryk/ros2_ws/install/controller/lib/controller
[6.990s] writing list of installed files to '/home/patryk/ros2_ws/build/controller/install.log'
[7.107s] Invoked command in '/home/patryk/ros2_ws/src/controller' returned '0': PYTHONPATH=/home/patryk/ros2_ws/build/controller/prefix_override:/home/patryk/ros2_ws/install/controller/lib/python3.6/site-packages:${PYTHONPATH} /usr/bin/python3 setup.py egg_info --egg-base ../../build/controller build --build-base /home/patryk/ros2_ws/build/controller/build install --record /home/patryk/ros2_ws/build/controller/install.log --install-scripts $base/lib/controller --single-version-externally-managed
