[1.838s] Invoking command in '/home/patryk/ros2_ws/build/px4_msgs': CMAKE_PREFIX_PATH=${CMAKE_PREFIX_PATH}:/home/patryk/ros2_ws/install/controller /usr/bin/cmake --build /home/patryk/ros2_ws/build/px4_msgs -- -j4 -l4
[2.219s] [  5%] Built target px4_msgs__dds_opensplice_idl
[2.220s] [  9%] Built target px4_msgs__cpp
[2.221s] [  9%] Built target px4_msgs__rosidl_generator_c
[2.354s] [ 15%] Built target px4_msgs__rosidl_typesupport_introspection_cpp
[2.379s] [ 23%] Built target px4_msgs__rosidl_typesupport_fastrtps_cpp
[2.380s] [ 27%] Built target px4_msgs__rosidl_typesupport_cpp
[2.431s] [ 43%] Built target px4_msgs__rosidl_typesupport_opensplice_cpp
[2.490s] [ 50%] Built target px4_msgs__rosidl_typesupport_introspection_c
[2.495s] [ 54%] Built target px4_msgs__rosidl_typesupport_c
[2.578s] [ 60%] Built target px4_msgs__rosidl_typesupport_fastrtps_c
[2.612s] [ 78%] Built target px4_msgs__rosidl_typesupport_opensplice_c
[2.705s] [ 78%] Built target px4_msgs
[2.799s] [ 80%] Built target px4_msgs__py
[2.925s] [ 84%] Built target px4_msgs__python
[3.090s] [ 88%] Built target px4_msgs__rosidl_typesupport_introspection_c__pyext
[3.096s] [ 96%] Built target px4_msgs__rosidl_typesupport_c__pyext
[3.098s] [ 92%] Built target px4_msgs__rosidl_typesupport_fastrtps_c__pyext
[3.101s] [100%] Built target px4_msgs__rosidl_typesupport_opensplice_c__pyext
[3.149s] Invoked command in '/home/patryk/ros2_ws/build/px4_msgs' returned '0': CMAKE_PREFIX_PATH=${CMAKE_PREFIX_PATH}:/home/patryk/ros2_ws/install/controller /usr/bin/cmake --build /home/patryk/ros2_ws/build/px4_msgs -- -j4 -l4
[3.534s] Invoking command in '/home/patryk/ros2_ws/build/px4_msgs': CMAKE_PREFIX_PATH=${CMAKE_PREFIX_PATH}:/home/patryk/ros2_ws/install/controller /usr/bin/cmake --build /home/patryk/ros2_ws/build/px4_msgs --target install -- -j4 -l4
[3.761s] [  7%] Built target px4_msgs__cpp
[3.762s] [  7%] Built target px4_msgs__dds_opensplice_idl
[3.762s] [  9%] Built target px4_msgs__rosidl_generator_c
[3.886s] [ 15%] Built target px4_msgs__rosidl_typesupport_cpp
[3.892s] [ 21%] Built target px4_msgs__rosidl_typesupport_introspection_cpp
[3.911s] [ 27%] Built target px4_msgs__rosidl_typesupport_fastrtps_cpp
[3.953s] [ 43%] Built target px4_msgs__rosidl_typesupport_opensplice_cpp
[4.017s] [ 49%] Built target px4_msgs__rosidl_typesupport_introspection_c
[4.018s] [ 54%] Built target px4_msgs__rosidl_typesupport_c
[4.072s] [ 60%] Built target px4_msgs__rosidl_typesupport_fastrtps_c
[4.122s] [ 78%] Built target px4_msgs__rosidl_typesupport_opensplice_c
[4.211s] [ 78%] Built target px4_msgs
[4.303s] [ 80%] Built target px4_msgs__py
[4.422s] [ 84%] Built target px4_msgs__python
[4.551s] [ 88%] Built target px4_msgs__rosidl_typesupport_c__pyext
[4.565s] [ 92%] Built target px4_msgs__rosidl_typesupport_introspection_c__pyext
[4.584s] [ 96%] Built target px4_msgs__rosidl_typesupport_opensplice_c__pyext
[4.594s] [100%] Built target px4_msgs__rosidl_typesupport_fastrtps_c__pyext
[4.678s] [36mInstall the project...[0m
[4.717s] -- Install configuration: ""
[4.721s] -- Execute custom install script
[4.723s] -- Up-to-date symlink: /home/patryk/ros2_ws/install/px4_msgs/share/ament_index/resource_index/rosidl_interfaces/px4_msgs
[4.726s] -- Up-to-date symlink: /home/patryk/ros2_ws/install/px4_msgs/lib/libpx4_msgs__rosidl_typesupport_c.so
[4.728s] -- Up-to-date symlink: /home/patryk/ros2_ws/install/px4_msgs/share/px4_msgs/environment/library_path.sh
[4.731s] -- Up-to-date symlink: /home/patryk/ros2_ws/install/px4_msgs/lib/libpx4_msgs__rosidl_typesupport_cpp.so
[4.734s] -- Up-to-date symlink: /home/patryk/ros2_ws/install/px4_msgs/include/px4_msgs/msg/manual_control_setpoint__rosidl_typesupport_fastrtps_c.h
[4.736s] -- Up-to-date symlink: /home/patryk/ros2_ws/install/px4_msgs/include/px4_msgs/msg/rosidl_typesupport_fastrtps_c__visibility_control.h
[4.739s] -- Up-to-date symlink: /home/patryk/ros2_ws/install/px4_msgs/lib/libpx4_msgs__rosidl_typesupport_fastrtps_c.so
[4.742s] -- Up-to-date symlink: /home/patryk/ros2_ws/install/px4_msgs/include/px4_msgs/msg/manual_control_setpoint.h
[4.744s] -- Up-to-date symlink: /home/patryk/ros2_ws/install/px4_msgs/include/px4_msgs/msg/manual_control_setpoint__functions.h
[4.745s] -- Up-to-date symlink: /home/patryk/ros2_ws/install/px4_msgs/include/px4_msgs/msg/manual_control_setpoint__struct.h
[4.746s] -- Up-to-date symlink: /home/patryk/ros2_ws/install/px4_msgs/include/px4_msgs/msg/manual_control_setpoint__type_support.h
[4.748s] -- Up-to-date symlink: /home/patryk/ros2_ws/install/px4_msgs/include/px4_msgs/msg/rosidl_generator_c__visibility_control.h
[4.751s] -- Up-to-date symlink: /home/patryk/ros2_ws/install/px4_msgs/lib/libpx4_msgs__rosidl_generator_c.so
[4.754s] -- Up-to-date symlink: /home/patryk/ros2_ws/install/px4_msgs/include/px4_msgs/msg/manual_control_setpoint__rosidl_typesupport_fastrtps_cpp.hpp
[4.756s] -- Up-to-date symlink: /home/patryk/ros2_ws/install/px4_msgs/include/px4_msgs/msg/rosidl_typesupport_fastrtps_cpp__visibility_control.h
[4.759s] -- Up-to-date symlink: /home/patryk/ros2_ws/install/px4_msgs/lib/libpx4_msgs__rosidl_typesupport_fastrtps_cpp.so
[4.762s] -- Up-to-date symlink: /home/patryk/ros2_ws/install/px4_msgs/include/px4_msgs/msg/manual_control_setpoint.hpp
[4.763s] -- Up-to-date symlink: /home/patryk/ros2_ws/install/px4_msgs/include/px4_msgs/msg/manual_control_setpoint__struct.hpp
[4.764s] -- Up-to-date symlink: /home/patryk/ros2_ws/install/px4_msgs/include/px4_msgs/msg/manual_control_setpoint__traits.hpp
[4.767s] -- Up-to-date symlink: /home/patryk/ros2_ws/install/px4_msgs/include/px4_msgs/msg/manual_control_setpoint__rosidl_typesupport_introspection_c.h
[4.769s] -- Up-to-date symlink: /home/patryk/ros2_ws/install/px4_msgs/include/px4_msgs/msg/rosidl_typesupport_introspection_c__visibility_control.h
[4.772s] -- Up-to-date symlink: /home/patryk/ros2_ws/install/px4_msgs/lib/libpx4_msgs__rosidl_typesupport_introspection_c.so
[4.776s] -- Up-to-date symlink: /home/patryk/ros2_ws/install/px4_msgs/include/px4_msgs/msg/manual_control_setpoint__rosidl_typesupport_opensplice_c.h
[4.777s] -- Up-to-date symlink: /home/patryk/ros2_ws/install/px4_msgs/include/px4_msgs/msg/rosidl_typesupport_opensplice_c__visibility_control.h
[4.782s] -- Up-to-date symlink: /home/patryk/ros2_ws/install/px4_msgs/lib/libpx4_msgs__rosidl_typesupport_opensplice_c.so
[4.785s] -- Up-to-date symlink: /home/patryk/ros2_ws/install/px4_msgs/share/px4_msgs/msg/dds_opensplice/ManualControlSetpoint_.idl
[4.789s] -- Up-to-date symlink: /home/patryk/ros2_ws/install/px4_msgs/include/px4_msgs/msg/dds_opensplice/ManualControlSetpoint_.h
[4.790s] -- Up-to-date symlink: /home/patryk/ros2_ws/install/px4_msgs/include/px4_msgs/msg/dds_opensplice/ManualControlSetpoint_Dcps.h
[4.792s] -- Up-to-date symlink: /home/patryk/ros2_ws/install/px4_msgs/include/px4_msgs/msg/dds_opensplice/ManualControlSetpoint_Dcps_impl.h
[4.793s] -- Up-to-date symlink: /home/patryk/ros2_ws/install/px4_msgs/include/px4_msgs/msg/dds_opensplice/ManualControlSetpoint_SplDcps.h
[4.795s] -- Up-to-date symlink: /home/patryk/ros2_ws/install/px4_msgs/include/px4_msgs/msg/dds_opensplice/ccpp_ManualControlSetpoint_.h
[4.796s] -- Up-to-date symlink: /home/patryk/ros2_ws/install/px4_msgs/include/px4_msgs/msg/manual_control_setpoint__rosidl_typesupport_opensplice_cpp.hpp
[4.798s] -- Up-to-date symlink: /home/patryk/ros2_ws/install/px4_msgs/include/px4_msgs/msg/rosidl_typesupport_opensplice_cpp__visibility_control.h
[4.801s] -- Up-to-date symlink: /home/patryk/ros2_ws/install/px4_msgs/lib/libpx4_msgs__rosidl_typesupport_opensplice_cpp.so
[4.804s] -- Up-to-date symlink: /home/patryk/ros2_ws/install/px4_msgs/include/px4_msgs/msg/manual_control_setpoint__rosidl_typesupport_introspection_cpp.hpp
[4.808s] -- Up-to-date symlink: /home/patryk/ros2_ws/install/px4_msgs/lib/libpx4_msgs__rosidl_typesupport_introspection_cpp.so
[4.810s] -- Up-to-date symlink: /home/patryk/ros2_ws/install/px4_msgs/share/px4_msgs/environment/pythonpath.sh
[4.812s] -- Up-to-date symlink: /home/patryk/ros2_ws/install/px4_msgs/lib/python3.6/site-packages/px4_msgs/__init__.py
[4.814s] -- Up-to-date symlink: /home/patryk/ros2_ws/install/px4_msgs/lib/python3.6/site-packages/px4_msgs/msg/__init__.py
[4.816s] -- Up-to-date symlink: /home/patryk/ros2_ws/install/px4_msgs/lib/python3.6/site-packages/px4_msgs/msg/_manual_control_setpoint.py
[4.819s] -- Up-to-date symlink: /home/patryk/ros2_ws/install/px4_msgs/lib/python3.6/site-packages/px4_msgs/px4_msgs_s__rosidl_typesupport_c.cpython-36m-aarch64-linux-gnu.so
[4.822s] -- Up-to-date symlink: /home/patryk/ros2_ws/install/px4_msgs/lib/python3.6/site-packages/px4_msgs/px4_msgs_s__rosidl_typesupport_introspection_c.cpython-36m-aarch64-linux-gnu.so
[4.825s] -- Up-to-date symlink: /home/patryk/ros2_ws/install/px4_msgs/lib/python3.6/site-packages/px4_msgs/px4_msgs_s__rosidl_typesupport_fastrtps_c.cpython-36m-aarch64-linux-gnu.so
[4.828s] -- Up-to-date symlink: /home/patryk/ros2_ws/install/px4_msgs/lib/python3.6/site-packages/px4_msgs/px4_msgs_s__rosidl_typesupport_opensplice_c.cpython-36m-aarch64-linux-gnu.so
[4.832s] -- Up-to-date symlink: /home/patryk/ros2_ws/install/px4_msgs/lib/libpx4_msgs__python.so
[4.834s] -- Up-to-date symlink: /home/patryk/ros2_ws/install/px4_msgs/share/px4_msgs/msg/ManualControlSetpoint.idl
[4.836s] -- Up-to-date symlink: /home/patryk/ros2_ws/install/px4_msgs/share/px4_msgs/msg/ManualControlSetpoint.msg
[4.837s] -- Up-to-date symlink: /home/patryk/ros2_ws/install/px4_msgs/share/ament_index/resource_index/package_run_dependencies/px4_msgs
[4.839s] -- Up-to-date symlink: /home/patryk/ros2_ws/install/px4_msgs/share/ament_index/resource_index/parent_prefix_path/px4_msgs
[4.841s] -- Up-to-date symlink: /home/patryk/ros2_ws/install/px4_msgs/share/px4_msgs/environment/ament_prefix_path.sh
[4.844s] -- Up-to-date symlink: /home/patryk/ros2_ws/install/px4_msgs/share/px4_msgs/environment/path.sh
[4.846s] -- Up-to-date symlink: /home/patryk/ros2_ws/install/px4_msgs/share/px4_msgs/local_setup.bash
[4.848s] -- Up-to-date symlink: /home/patryk/ros2_ws/install/px4_msgs/share/px4_msgs/local_setup.sh
[4.850s] -- Up-to-date symlink: /home/patryk/ros2_ws/install/px4_msgs/share/px4_msgs/local_setup.zsh
[4.852s] -- Up-to-date symlink: /home/patryk/ros2_ws/install/px4_msgs/share/ament_index/resource_index/packages/px4_msgs
[4.854s] -- Up-to-date symlink: /home/patryk/ros2_ws/install/px4_msgs/share/px4_msgs/cmake/rosidl_cmake-extras.cmake
[4.856s] -- Up-to-date symlink: /home/patryk/ros2_ws/install/px4_msgs/share/px4_msgs/cmake/ament_cmake_export_libraries-extras.cmake
[4.858s] -- Up-to-date symlink: /home/patryk/ros2_ws/install/px4_msgs/share/px4_msgs/cmake/ament_cmake_export_include_directories-extras.cmake
[4.859s] -- Up-to-date symlink: /home/patryk/ros2_ws/install/px4_msgs/share/px4_msgs/cmake/rosidl_cmake_export_typesupport_libraries-extras.cmake
[4.861s] -- Up-to-date symlink: /home/patryk/ros2_ws/install/px4_msgs/share/px4_msgs/cmake/ament_cmake_export_dependencies-extras.cmake
[4.863s] -- Up-to-date symlink: /home/patryk/ros2_ws/install/px4_msgs/share/px4_msgs/cmake/px4_msgsConfig.cmake
[4.865s] -- Up-to-date symlink: /home/patryk/ros2_ws/install/px4_msgs/share/px4_msgs/cmake/px4_msgsConfig-version.cmake
[4.866s] -- Up-to-date symlink: /home/patryk/ros2_ws/install/px4_msgs/share/px4_msgs/package.xml
[5.240s] Invoked command in '/home/patryk/ros2_ws/build/px4_msgs' returned '0': CMAKE_PREFIX_PATH=${CMAKE_PREFIX_PATH}:/home/patryk/ros2_ws/install/controller /usr/bin/cmake --build /home/patryk/ros2_ws/build/px4_msgs --target install -- -j4 -l4
