[1.846s] Invoking command in '/home/patryk/ros2_ws/build/px4_msgs': CMAKE_PREFIX_PATH=${CMAKE_PREFIX_PATH}:/home/patryk/ros2_ws/install/controller /usr/bin/cmake --build /home/patryk/ros2_ws/build/px4_msgs -- -j4 -l4
[2.125s] make: Warning: File 'Makefile' has modification time 1464 s in the future
[2.483s] make[1]: Warning: File 'CMakeFiles/Makefile2' has modification time 1464 s in the future
[2.491s] make[2]: Warning: File 'CMakeFiles/px4_msgs__cpp.dir/progress.make' has modification time 1464 s in the future
[2.493s] make[2]: Warning: File 'CMakeFiles/px4_msgs__rosidl_generator_c.dir/progress.make' has modification time 1464 s in the future
[2.495s] make[2]: Warning: File 'CMakeFiles/px4_msgs__dds_opensplice_idl.dir/progress.make' has modification time 1464 s in the future
[2.553s] make[2]: warning:  Clock skew detected.  Your build may be incomplete.
[2.556s] make[2]: warning:  Clock skew detected.  Your build may be incomplete.
[2.560s] make[2]: Warning: File 'CMakeFiles/px4_msgs__cpp.dir/progress.make' has modification time 1463 s in the future
[2.562s] make[2]: Warning: File 'CMakeFiles/px4_msgs__dds_opensplice_idl.dir/progress.make' has modification time 1463 s in the future
[2.570s] make[2]: warning:  Clock skew detected.  Your build may be incomplete.
[2.572s] make[2]: warning:  Clock skew detected.  Your build may be incomplete.
[2.574s] make[2]: warning:  Clock skew detected.  Your build may be incomplete.
[2.577s] make[2]: Warning: File 'CMakeFiles/px4_msgs__rosidl_generator_c.dir/progress.make' has modification time 1463 s in the future
[2.582s] make[2]: warning:  Clock skew detected.  Your build may be incomplete.
[2.609s] [  1%] Built target px4_msgs__cpp
[2.615s] [  3%] Built target px4_msgs__dds_opensplice_idl
[2.622s] [  9%] Built target px4_msgs__rosidl_generator_c
[2.626s] make[2]: Warning: File 'CMakeFiles/px4_msgs__rosidl_typesupport_fastrtps_cpp.dir/progress.make' has modification time 1463 s in the future
[2.631s] make[2]: Warning: File 'CMakeFiles/px4_msgs__rosidl_typesupport_introspection_cpp.dir/progress.make' has modification time 1463 s in the future
[2.635s] make[2]: Warning: File 'CMakeFiles/px4_msgs__rosidl_typesupport_cpp.dir/progress.make' has modification time 1463 s in the future
[2.656s] make[2]: Warning: File 'CMakeFiles/px4_msgs__rosidl_typesupport_opensplice_cpp.dir/progress.make' has modification time 1463 s in the future
[2.706s] make[2]: warning:  Clock skew detected.  Your build may be incomplete.
[2.713s] make[2]: Warning: File 'CMakeFiles/px4_msgs__rosidl_typesupport_fastrtps_cpp.dir/progress.make' has modification time 1463 s in the future
[2.714s] make[2]: warning:  Clock skew detected.  Your build may be incomplete.
[2.719s] make[2]: warning:  Clock skew detected.  Your build may be incomplete.
[2.723s] make[2]: Warning: File 'CMakeFiles/px4_msgs__rosidl_typesupport_introspection_cpp.dir/progress.make' has modification time 1463 s in the future
[2.732s] make[2]: Warning: File 'CMakeFiles/px4_msgs__rosidl_typesupport_cpp.dir/progress.make' has modification time 1463 s in the future
[2.736s] make[2]: warning:  Clock skew detected.  Your build may be incomplete.
[2.736s] make[2]: warning:  Clock skew detected.  Your build may be incomplete.
[2.741s] make[2]: warning:  Clock skew detected.  Your build may be incomplete.
[2.784s] [ 15%] Built target px4_msgs__rosidl_typesupport_fastrtps_cpp
[2.785s] make[2]: warning:  Clock skew detected.  Your build may be incomplete.
[2.790s] [ 21%] Built target px4_msgs__rosidl_typesupport_cpp
[2.796s] make[2]: Warning: File 'CMakeFiles/px4_msgs__rosidl_typesupport_c.dir/progress.make' has modification time 1463 s in the future
[2.798s] [ 27%] Built target px4_msgs__rosidl_typesupport_introspection_cpp
[2.809s] make[2]: Warning: File 'CMakeFiles/px4_msgs__rosidl_typesupport_introspection_c.dir/progress.make' has modification time 1463 s in the future
[2.814s] make[2]: Warning: File 'CMakeFiles/px4_msgs__rosidl_typesupport_fastrtps_c.dir/progress.make' has modification time 1463 s in the future
[2.818s] make[2]: Warning: File 'CMakeFiles/px4_msgs__rosidl_typesupport_opensplice_cpp.dir/progress.make' has modification time 1463 s in the future
[2.837s] make[2]: warning:  Clock skew detected.  Your build may be incomplete.
[2.853s] make[2]: warning:  Clock skew detected.  Your build may be incomplete.
[2.860s] make[2]: Warning: File 'CMakeFiles/px4_msgs__rosidl_typesupport_c.dir/progress.make' has modification time 1463 s in the future
[2.864s] make[2]: warning:  Clock skew detected.  Your build may be incomplete.
[2.871s] make[2]: warning:  Clock skew detected.  Your build may be incomplete.
[2.877s] make[2]: Warning: File 'CMakeFiles/px4_msgs__rosidl_typesupport_introspection_c.dir/progress.make' has modification time 1463 s in the future
[2.883s] make[2]: warning:  Clock skew detected.  Your build may be incomplete.
[2.893s] [ 43%] Built target px4_msgs__rosidl_typesupport_opensplice_cpp
[2.905s] make[2]: warning:  Clock skew detected.  Your build may be incomplete.
[2.916s] make[2]: Warning: File 'CMakeFiles/px4_msgs__rosidl_typesupport_fastrtps_c.dir/progress.make' has modification time 1463 s in the future
[2.922s] [ 49%] Built target px4_msgs__rosidl_typesupport_c
[2.925s] [ 54%] Built target px4_msgs__rosidl_typesupport_introspection_c
[2.934s] make[2]: Warning: File 'CMakeFiles/px4_msgs__rosidl_typesupport_opensplice_c.dir/progress.make' has modification time 1463 s in the future
[2.945s] make[2]: warning:  Clock skew detected.  Your build may be incomplete.
[2.982s] [ 60%] Built target px4_msgs__rosidl_typesupport_fastrtps_c
[3.008s] make[2]: warning:  Clock skew detected.  Your build may be incomplete.
[3.028s] make[2]: Warning: File 'CMakeFiles/px4_msgs__rosidl_typesupport_opensplice_c.dir/progress.make' has modification time 1463 s in the future
[3.044s] make[2]: warning:  Clock skew detected.  Your build may be incomplete.
[3.081s] [ 78%] Built target px4_msgs__rosidl_typesupport_opensplice_c
[3.091s] make[2]: Warning: File 'CMakeFiles/px4_msgs.dir/progress.make' has modification time 1463 s in the future
[3.132s] make[2]: warning:  Clock skew detected.  Your build may be incomplete.
[3.137s] make[2]: Warning: File 'CMakeFiles/px4_msgs.dir/progress.make' has modification time 1463 s in the future
[3.138s] make[2]: warning:  Clock skew detected.  Your build may be incomplete.
[3.174s] [ 78%] Built target px4_msgs
[3.184s] make[2]: Warning: File 'px4_msgs__py/CMakeFiles/px4_msgs__py.dir/progress.make' has modification time 1463 s in the future
[3.228s] make[2]: warning:  Clock skew detected.  Your build may be incomplete.
[3.233s] make[2]: Warning: File 'px4_msgs__py/CMakeFiles/px4_msgs__py.dir/progress.make' has modification time 1463 s in the future
[3.236s] make[2]: warning:  Clock skew detected.  Your build may be incomplete.
[3.273s] [ 80%] Built target px4_msgs__py
[3.285s] make[2]: Warning: File 'CMakeFiles/px4_msgs__python.dir/progress.make' has modification time 1463 s in the future
[3.335s] make[2]: warning:  Clock skew detected.  Your build may be incomplete.
[3.341s] make[2]: Warning: File 'CMakeFiles/px4_msgs__python.dir/progress.make' has modification time 1463 s in the future
[3.362s] make[2]: warning:  Clock skew detected.  Your build may be incomplete.
[3.399s] [ 84%] Built target px4_msgs__python
[3.414s] make[2]: Warning: File 'CMakeFiles/px4_msgs__rosidl_typesupport_c__pyext.dir/progress.make' has modification time 1463 s in the future
[3.417s] make[2]: Warning: File 'CMakeFiles/px4_msgs__rosidl_typesupport_opensplice_c__pyext.dir/progress.make' has modification time 1463 s in the future
[3.419s] make[2]: Warning: File 'CMakeFiles/px4_msgs__rosidl_typesupport_fastrtps_c__pyext.dir/progress.make' has modification time 1463 s in the future
[3.426s] make[2]: Warning: File 'CMakeFiles/px4_msgs__rosidl_typesupport_introspection_c__pyext.dir/progress.make' has modification time 1463 s in the future
[3.467s] make[2]: warning:  Clock skew detected.  Your build may be incomplete.
[3.480s] make[2]: warning:  Clock skew detected.  Your build may be incomplete.
[3.481s] make[2]: Warning: File 'CMakeFiles/px4_msgs__rosidl_typesupport_opensplice_c__pyext.dir/progress.make' has modification time 1463 s in the future
[3.490s] make[2]: warning:  Clock skew detected.  Your build may be incomplete.
[3.493s] make[2]: warning:  Clock skew detected.  Your build may be incomplete.
[3.494s] make[2]: Warning: File 'CMakeFiles/px4_msgs__rosidl_typesupport_introspection_c__pyext.dir/progress.make' has modification time 1463 s in the future
[3.499s] make[2]: Warning: File 'CMakeFiles/px4_msgs__rosidl_typesupport_c__pyext.dir/progress.make' has modification time 1463 s in the future
[3.505s] make[2]: Warning: File 'CMakeFiles/px4_msgs__rosidl_typesupport_fastrtps_c__pyext.dir/progress.make' has modification time 1463 s in the future
[3.511s] make[2]: warning:  Clock skew detected.  Your build may be incomplete.
[3.520s] make[2]: warning:  Clock skew detected.  Your build may be incomplete.
[3.529s] make[2]: warning:  Clock skew detected.  Your build may be incomplete.
[3.537s] make[2]: warning:  Clock skew detected.  Your build may be incomplete.
[3.552s] [ 88%] Built target px4_msgs__rosidl_typesupport_opensplice_c__pyext
[3.571s] [ 92%] Built target px4_msgs__rosidl_typesupport_c__pyext
[3.582s] [ 96%] Built target px4_msgs__rosidl_typesupport_introspection_c__pyext
[3.595s] [100%] Built target px4_msgs__rosidl_typesupport_fastrtps_c__pyext
[3.598s] make[1]: warning:  Clock skew detected.  Your build may be incomplete.
[3.636s] make: warning:  Clock skew detected.  Your build may be incomplete.
[3.643s] Invoked command in '/home/patryk/ros2_ws/build/px4_msgs' returned '0': CMAKE_PREFIX_PATH=${CMAKE_PREFIX_PATH}:/home/patryk/ros2_ws/install/controller /usr/bin/cmake --build /home/patryk/ros2_ws/build/px4_msgs -- -j4 -l4
[4.039s] Invoking command in '/home/patryk/ros2_ws/build/px4_msgs': CMAKE_PREFIX_PATH=${CMAKE_PREFIX_PATH}:/home/patryk/ros2_ws/install/controller /usr/bin/cmake --build /home/patryk/ros2_ws/build/px4_msgs --target install -- -j4 -l4
[4.083s] make: Warning: File 'Makefile' has modification time 1462 s in the future
[4.175s] make[1]: Warning: File 'CMakeFiles/Makefile2' has modification time 1462 s in the future
[4.181s] make[2]: Warning: File 'CMakeFiles/px4_msgs__cpp.dir/progress.make' has modification time 1462 s in the future
[4.182s] make[2]: Warning: File 'CMakeFiles/px4_msgs__rosidl_generator_c.dir/progress.make' has modification time 1462 s in the future
[4.182s] make[2]: Warning: File 'CMakeFiles/px4_msgs__dds_opensplice_idl.dir/progress.make' has modification time 1462 s in the future
[4.224s] make[2]: warning:  Clock skew detected.  Your build may be incomplete.
[4.227s] make[2]: warning:  Clock skew detected.  Your build may be incomplete.
[4.227s] make[2]: warning:  Clock skew detected.  Your build may be incomplete.
[4.230s] make[2]: Warning: File 'CMakeFiles/px4_msgs__dds_opensplice_idl.dir/progress.make' has modification time 1462 s in the future
[4.231s] make[2]: Warning: File 'CMakeFiles/px4_msgs__cpp.dir/progress.make' has modification time 1462 s in the future
[4.231s] make[2]: warning:  Clock skew detected.  Your build may be incomplete.
[4.232s] make[2]: warning:  Clock skew detected.  Your build may be incomplete.
[4.239s] make[2]: Warning: File 'CMakeFiles/px4_msgs__rosidl_generator_c.dir/progress.make' has modification time 1462 s in the future
[4.243s] make[2]: warning:  Clock skew detected.  Your build may be incomplete.
[4.272s] [  1%] Built target px4_msgs__cpp
[4.276s] [  3%] Built target px4_msgs__dds_opensplice_idl
[4.283s] make[2]: Warning: File 'CMakeFiles/px4_msgs__rosidl_typesupport_introspection_cpp.dir/progress.make' has modification time 1462 s in the future
[4.284s] [  9%] Built target px4_msgs__rosidl_generator_c
[4.285s] make[2]: Warning: File 'CMakeFiles/px4_msgs__rosidl_typesupport_fastrtps_cpp.dir/progress.make' has modification time 1462 s in the future
[4.290s] make[2]: Warning: File 'CMakeFiles/px4_msgs__rosidl_typesupport_cpp.dir/progress.make' has modification time 1462 s in the future
[4.313s] make[2]: Warning: File 'CMakeFiles/px4_msgs__rosidl_typesupport_opensplice_cpp.dir/progress.make' has modification time 1462 s in the future
[4.329s] make[2]: warning:  Clock skew detected.  Your build may be incomplete.
[4.335s] make[2]: warning:  Clock skew detected.  Your build may be incomplete.
[4.338s] make[2]: Warning: File 'CMakeFiles/px4_msgs__rosidl_typesupport_introspection_cpp.dir/progress.make' has modification time 1462 s in the future
[4.342s] make[2]: warning:  Clock skew detected.  Your build may be incomplete.
[4.344s] make[2]: Warning: File 'CMakeFiles/px4_msgs__rosidl_typesupport_cpp.dir/progress.make' has modification time 1462 s in the future
[4.349s] make[2]: warning:  Clock skew detected.  Your build may be incomplete.
[4.365s] make[2]: warning:  Clock skew detected.  Your build may be incomplete.
[4.371s] make[2]: warning:  Clock skew detected.  Your build may be incomplete.
[4.374s] make[2]: Warning: File 'CMakeFiles/px4_msgs__rosidl_typesupport_fastrtps_cpp.dir/progress.make' has modification time 1462 s in the future
[4.394s] [ 15%] Built target px4_msgs__rosidl_typesupport_introspection_cpp
[4.395s] make[2]: warning:  Clock skew detected.  Your build may be incomplete.
[4.400s] [ 21%] Built target px4_msgs__rosidl_typesupport_cpp
[4.404s] make[2]: Warning: File 'CMakeFiles/px4_msgs__rosidl_typesupport_c.dir/progress.make' has modification time 1462 s in the future
[4.409s] make[2]: Warning: File 'CMakeFiles/px4_msgs__rosidl_typesupport_opensplice_cpp.dir/progress.make' has modification time 1462 s in the future
[4.414s] make[2]: Warning: File 'CMakeFiles/px4_msgs__rosidl_typesupport_introspection_c.dir/progress.make' has modification time 1462 s in the future
[4.427s] make[2]: warning:  Clock skew detected.  Your build may be incomplete.
[4.436s] [ 27%] Built target px4_msgs__rosidl_typesupport_fastrtps_cpp
[4.446s] make[2]: Warning: File 'CMakeFiles/px4_msgs__rosidl_typesupport_fastrtps_c.dir/progress.make' has modification time 1462 s in the future
[4.449s] make[2]: warning:  Clock skew detected.  Your build may be incomplete.
[4.456s] make[2]: Warning: File 'CMakeFiles/px4_msgs__rosidl_typesupport_c.dir/progress.make' has modification time 1462 s in the future
[4.465s] make[2]: warning:  Clock skew detected.  Your build may be incomplete.
[4.473s] make[2]: warning:  Clock skew detected.  Your build may be incomplete.
[4.479s] make[2]: Warning: File 'CMakeFiles/px4_msgs__rosidl_typesupport_introspection_c.dir/progress.make' has modification time 1462 s in the future
[4.485s] make[2]: warning:  Clock skew detected.  Your build may be incomplete.
[4.499s] [ 33%] Built target px4_msgs__rosidl_typesupport_c
[4.509s] [ 49%] Built target px4_msgs__rosidl_typesupport_opensplice_cpp
[4.530s] [ 54%] Built target px4_msgs__rosidl_typesupport_introspection_c
[4.532s] make[2]: warning:  Clock skew detected.  Your build may be incomplete.
[4.539s] make[2]: Warning: File 'CMakeFiles/px4_msgs__rosidl_typesupport_fastrtps_c.dir/progress.make' has modification time 1461 s in the future
[4.540s] make[2]: Warning: File 'CMakeFiles/px4_msgs__rosidl_typesupport_opensplice_c.dir/progress.make' has modification time 1461 s in the future
[4.562s] make[2]: warning:  Clock skew detected.  Your build may be incomplete.
[4.596s] make[2]: warning:  Clock skew detected.  Your build may be incomplete.
[4.604s] [ 60%] Built target px4_msgs__rosidl_typesupport_fastrtps_c
[4.618s] make[2]: Warning: File 'CMakeFiles/px4_msgs__rosidl_typesupport_opensplice_c.dir/progress.make' has modification time 1461 s in the future
[4.634s] make[2]: warning:  Clock skew detected.  Your build may be incomplete.
[4.672s] [ 78%] Built target px4_msgs__rosidl_typesupport_opensplice_c
[4.679s] make[2]: Warning: File 'CMakeFiles/px4_msgs.dir/progress.make' has modification time 1461 s in the future
[4.721s] make[2]: warning:  Clock skew detected.  Your build may be incomplete.
[4.725s] make[2]: Warning: File 'CMakeFiles/px4_msgs.dir/progress.make' has modification time 1461 s in the future
[4.726s] make[2]: warning:  Clock skew detected.  Your build may be incomplete.
[4.762s] [ 78%] Built target px4_msgs
[4.770s] make[2]: Warning: File 'px4_msgs__py/CMakeFiles/px4_msgs__py.dir/progress.make' has modification time 1461 s in the future
[4.811s] make[2]: warning:  Clock skew detected.  Your build may be incomplete.
[4.816s] make[2]: Warning: File 'px4_msgs__py/CMakeFiles/px4_msgs__py.dir/progress.make' has modification time 1461 s in the future
[4.817s] make[2]: warning:  Clock skew detected.  Your build may be incomplete.
[4.856s] [ 80%] Built target px4_msgs__py
[4.863s] make[2]: Warning: File 'CMakeFiles/px4_msgs__python.dir/progress.make' has modification time 1461 s in the future
[4.907s] make[2]: warning:  Clock skew detected.  Your build may be incomplete.
[4.913s] make[2]: Warning: File 'CMakeFiles/px4_msgs__python.dir/progress.make' has modification time 1461 s in the future
[4.936s] make[2]: warning:  Clock skew detected.  Your build may be incomplete.
[4.973s] [ 84%] Built target px4_msgs__python
[4.983s] make[2]: Warning: File 'CMakeFiles/px4_msgs__rosidl_typesupport_c__pyext.dir/progress.make' has modification time 1461 s in the future
[4.983s] make[2]: Warning: File 'CMakeFiles/px4_msgs__rosidl_typesupport_opensplice_c__pyext.dir/progress.make' has modification time 1461 s in the future
[4.989s] make[2]: Warning: File 'CMakeFiles/px4_msgs__rosidl_typesupport_introspection_c__pyext.dir/progress.make' has modification time 1461 s in the future
[4.990s] make[2]: Warning: File 'CMakeFiles/px4_msgs__rosidl_typesupport_fastrtps_c__pyext.dir/progress.make' has modification time 1461 s in the future
[5.035s] make[2]: warning:  Clock skew detected.  Your build may be incomplete.
[5.037s] make[2]: warning:  Clock skew detected.  Your build may be incomplete.
[5.042s] make[2]: warning:  Clock skew detected.  Your build may be incomplete.
[5.044s] make[2]: Warning: File 'CMakeFiles/px4_msgs__rosidl_typesupport_fastrtps_c__pyext.dir/progress.make' has modification time 1461 s in the future
[5.049s] make[2]: Warning: File 'CMakeFiles/px4_msgs__rosidl_typesupport_opensplice_c__pyext.dir/progress.make' has modification time 1461 s in the future
[5.053s] make[2]: warning:  Clock skew detected.  Your build may be incomplete.
[5.061s] make[2]: Warning: File 'CMakeFiles/px4_msgs__rosidl_typesupport_c__pyext.dir/progress.make' has modification time 1461 s in the future
[5.071s] make[2]: warning:  Clock skew detected.  Your build may be incomplete.
[5.075s] make[2]: Warning: File 'CMakeFiles/px4_msgs__rosidl_typesupport_introspection_c__pyext.dir/progress.make' has modification time 1461 s in the future
[5.079s] make[2]: warning:  Clock skew detected.  Your build may be incomplete.
[5.087s] make[2]: warning:  Clock skew detected.  Your build may be incomplete.
[5.098s] make[2]: warning:  Clock skew detected.  Your build may be incomplete.
[5.127s] [ 88%] Built target px4_msgs__rosidl_typesupport_opensplice_c__pyext
[5.134s] [ 92%] Built target px4_msgs__rosidl_typesupport_fastrtps_c__pyext
[5.142s] [ 96%] Built target px4_msgs__rosidl_typesupport_c__pyext
[5.156s] [100%] Built target px4_msgs__rosidl_typesupport_introspection_c__pyext
[5.160s] make[1]: warning:  Clock skew detected.  Your build may be incomplete.
[5.206s] make[1]: Warning: File 'CMakeFiles/Makefile2' has modification time 1461 s in the future
[5.207s] make[1]: warning:  Clock skew detected.  Your build may be incomplete.
[5.245s] [36mInstall the project...[0m
[5.283s] -- Install configuration: ""
[5.286s] -- Execute custom install script
[5.289s] -- Up-to-date symlink: /home/patryk/ros2_ws/install/px4_msgs/share/ament_index/resource_index/rosidl_interfaces/px4_msgs
[5.291s] -- Up-to-date symlink: /home/patryk/ros2_ws/install/px4_msgs/lib/libpx4_msgs__rosidl_typesupport_c.so
[5.294s] -- Up-to-date symlink: /home/patryk/ros2_ws/install/px4_msgs/share/px4_msgs/environment/library_path.sh
[5.296s] -- Up-to-date symlink: /home/patryk/ros2_ws/install/px4_msgs/lib/libpx4_msgs__rosidl_typesupport_cpp.so
[5.301s] -- Up-to-date symlink: /home/patryk/ros2_ws/install/px4_msgs/include/px4_msgs/msg/manual_control_setpoint__rosidl_typesupport_fastrtps_c.h
[5.302s] -- Up-to-date symlink: /home/patryk/ros2_ws/install/px4_msgs/include/px4_msgs/msg/rosidl_typesupport_fastrtps_c__visibility_control.h
[5.304s] -- Up-to-date symlink: /home/patryk/ros2_ws/install/px4_msgs/lib/libpx4_msgs__rosidl_typesupport_fastrtps_c.so
[5.307s] -- Up-to-date symlink: /home/patryk/ros2_ws/install/px4_msgs/include/px4_msgs/msg/manual_control_setpoint.h
[5.308s] -- Up-to-date symlink: /home/patryk/ros2_ws/install/px4_msgs/include/px4_msgs/msg/manual_control_setpoint__functions.h
[5.309s] -- Up-to-date symlink: /home/patryk/ros2_ws/install/px4_msgs/include/px4_msgs/msg/manual_control_setpoint__struct.h
[5.310s] -- Up-to-date symlink: /home/patryk/ros2_ws/install/px4_msgs/include/px4_msgs/msg/manual_control_setpoint__type_support.h
[5.312s] -- Up-to-date symlink: /home/patryk/ros2_ws/install/px4_msgs/include/px4_msgs/msg/rosidl_generator_c__visibility_control.h
[5.314s] -- Up-to-date symlink: /home/patryk/ros2_ws/install/px4_msgs/lib/libpx4_msgs__rosidl_generator_c.so
[5.317s] -- Up-to-date symlink: /home/patryk/ros2_ws/install/px4_msgs/include/px4_msgs/msg/manual_control_setpoint__rosidl_typesupport_fastrtps_cpp.hpp
[5.319s] -- Up-to-date symlink: /home/patryk/ros2_ws/install/px4_msgs/include/px4_msgs/msg/rosidl_typesupport_fastrtps_cpp__visibility_control.h
[5.321s] -- Up-to-date symlink: /home/patryk/ros2_ws/install/px4_msgs/lib/libpx4_msgs__rosidl_typesupport_fastrtps_cpp.so
[5.324s] -- Up-to-date symlink: /home/patryk/ros2_ws/install/px4_msgs/include/px4_msgs/msg/manual_control_setpoint.hpp
[5.325s] -- Up-to-date symlink: /home/patryk/ros2_ws/install/px4_msgs/include/px4_msgs/msg/manual_control_setpoint__struct.hpp
[5.326s] -- Up-to-date symlink: /home/patryk/ros2_ws/install/px4_msgs/include/px4_msgs/msg/manual_control_setpoint__traits.hpp
[5.329s] -- Up-to-date symlink: /home/patryk/ros2_ws/install/px4_msgs/include/px4_msgs/msg/manual_control_setpoint__rosidl_typesupport_introspection_c.h
[5.330s] -- Up-to-date symlink: /home/patryk/ros2_ws/install/px4_msgs/include/px4_msgs/msg/rosidl_typesupport_introspection_c__visibility_control.h
[5.333s] -- Up-to-date symlink: /home/patryk/ros2_ws/install/px4_msgs/lib/libpx4_msgs__rosidl_typesupport_introspection_c.so
[5.336s] -- Up-to-date symlink: /home/patryk/ros2_ws/install/px4_msgs/include/px4_msgs/msg/manual_control_setpoint__rosidl_typesupport_opensplice_c.h
[5.337s] -- Up-to-date symlink: /home/patryk/ros2_ws/install/px4_msgs/include/px4_msgs/msg/rosidl_typesupport_opensplice_c__visibility_control.h
[5.341s] -- Up-to-date symlink: /home/patryk/ros2_ws/install/px4_msgs/lib/libpx4_msgs__rosidl_typesupport_opensplice_c.so
[5.344s] -- Up-to-date symlink: /home/patryk/ros2_ws/install/px4_msgs/share/px4_msgs/msg/dds_opensplice/ManualControlSetpoint_.idl
[5.348s] -- Up-to-date symlink: /home/patryk/ros2_ws/install/px4_msgs/include/px4_msgs/msg/dds_opensplice/ManualControlSetpoint_.h
[5.350s] -- Up-to-date symlink: /home/patryk/ros2_ws/install/px4_msgs/include/px4_msgs/msg/dds_opensplice/ManualControlSetpoint_Dcps.h
[5.351s] -- Up-to-date symlink: /home/patryk/ros2_ws/install/px4_msgs/include/px4_msgs/msg/dds_opensplice/ManualControlSetpoint_Dcps_impl.h
[5.353s] -- Up-to-date symlink: /home/patryk/ros2_ws/install/px4_msgs/include/px4_msgs/msg/dds_opensplice/ManualControlSetpoint_SplDcps.h
[5.354s] -- Up-to-date symlink: /home/patryk/ros2_ws/install/px4_msgs/include/px4_msgs/msg/dds_opensplice/ccpp_ManualControlSetpoint_.h
[5.364s] -- Up-to-date symlink: /home/patryk/ros2_ws/install/px4_msgs/include/px4_msgs/msg/manual_control_setpoint__rosidl_typesupport_opensplice_cpp.hpp
[5.365s] -- Up-to-date symlink: /home/patryk/ros2_ws/install/px4_msgs/include/px4_msgs/msg/rosidl_typesupport_opensplice_cpp__visibility_control.h
[5.366s] -- Up-to-date symlink: /home/patryk/ros2_ws/install/px4_msgs/lib/libpx4_msgs__rosidl_typesupport_opensplice_cpp.so
[5.366s] -- Up-to-date symlink: /home/patryk/ros2_ws/install/px4_msgs/include/px4_msgs/msg/manual_control_setpoint__rosidl_typesupport_introspection_cpp.hpp
[5.367s] -- Up-to-date symlink: /home/patryk/ros2_ws/install/px4_msgs/lib/libpx4_msgs__rosidl_typesupport_introspection_cpp.so
[5.369s] -- Up-to-date symlink: /home/patryk/ros2_ws/install/px4_msgs/share/px4_msgs/environment/pythonpath.sh
[5.370s] -- Up-to-date symlink: /home/patryk/ros2_ws/install/px4_msgs/lib/python3.6/site-packages/px4_msgs/__init__.py
[5.373s] -- Up-to-date symlink: /home/patryk/ros2_ws/install/px4_msgs/lib/python3.6/site-packages/px4_msgs/msg/__init__.py
[5.375s] -- Up-to-date symlink: /home/patryk/ros2_ws/install/px4_msgs/lib/python3.6/site-packages/px4_msgs/msg/_manual_control_setpoint.py
[5.378s] -- Up-to-date symlink: /home/patryk/ros2_ws/install/px4_msgs/lib/python3.6/site-packages/px4_msgs/px4_msgs_s__rosidl_typesupport_c.cpython-36m-aarch64-linux-gnu.so
[5.381s] -- Up-to-date symlink: /home/patryk/ros2_ws/install/px4_msgs/lib/python3.6/site-packages/px4_msgs/px4_msgs_s__rosidl_typesupport_introspection_c.cpython-36m-aarch64-linux-gnu.so
[5.384s] -- Up-to-date symlink: /home/patryk/ros2_ws/install/px4_msgs/lib/python3.6/site-packages/px4_msgs/px4_msgs_s__rosidl_typesupport_fastrtps_c.cpython-36m-aarch64-linux-gnu.so
[5.387s] -- Up-to-date symlink: /home/patryk/ros2_ws/install/px4_msgs/lib/python3.6/site-packages/px4_msgs/px4_msgs_s__rosidl_typesupport_opensplice_c.cpython-36m-aarch64-linux-gnu.so
[5.390s] -- Up-to-date symlink: /home/patryk/ros2_ws/install/px4_msgs/lib/libpx4_msgs__python.so
[5.392s] -- Up-to-date symlink: /home/patryk/ros2_ws/install/px4_msgs/share/px4_msgs/msg/ManualControlSetpoint.idl
[5.393s] -- Up-to-date symlink: /home/patryk/ros2_ws/install/px4_msgs/share/px4_msgs/msg/ManualControlSetpoint.msg
[5.394s] -- Up-to-date symlink: /home/patryk/ros2_ws/install/px4_msgs/share/ament_index/resource_index/package_run_dependencies/px4_msgs
[5.397s] -- Up-to-date symlink: /home/patryk/ros2_ws/install/px4_msgs/share/ament_index/resource_index/parent_prefix_path/px4_msgs
[5.399s] -- Up-to-date symlink: /home/patryk/ros2_ws/install/px4_msgs/share/px4_msgs/environment/ament_prefix_path.sh
[5.401s] -- Up-to-date symlink: /home/patryk/ros2_ws/install/px4_msgs/share/px4_msgs/environment/path.sh
[5.402s] -- Up-to-date symlink: /home/patryk/ros2_ws/install/px4_msgs/share/px4_msgs/local_setup.bash
[5.404s] -- Up-to-date symlink: /home/patryk/ros2_ws/install/px4_msgs/share/px4_msgs/local_setup.sh
[5.406s] -- Up-to-date symlink: /home/patryk/ros2_ws/install/px4_msgs/share/px4_msgs/local_setup.zsh
[5.408s] -- Up-to-date symlink: /home/patryk/ros2_ws/install/px4_msgs/share/ament_index/resource_index/packages/px4_msgs
[5.410s] -- Up-to-date symlink: /home/patryk/ros2_ws/install/px4_msgs/share/px4_msgs/cmake/rosidl_cmake-extras.cmake
[5.412s] -- Up-to-date symlink: /home/patryk/ros2_ws/install/px4_msgs/share/px4_msgs/cmake/ament_cmake_export_libraries-extras.cmake
[5.414s] -- Up-to-date symlink: /home/patryk/ros2_ws/install/px4_msgs/share/px4_msgs/cmake/ament_cmake_export_include_directories-extras.cmake
[5.416s] -- Up-to-date symlink: /home/patryk/ros2_ws/install/px4_msgs/share/px4_msgs/cmake/rosidl_cmake_export_typesupport_libraries-extras.cmake
[5.418s] -- Up-to-date symlink: /home/patryk/ros2_ws/install/px4_msgs/share/px4_msgs/cmake/ament_cmake_export_dependencies-extras.cmake
[5.420s] -- Up-to-date symlink: /home/patryk/ros2_ws/install/px4_msgs/share/px4_msgs/cmake/px4_msgsConfig.cmake
[5.421s] -- Up-to-date symlink: /home/patryk/ros2_ws/install/px4_msgs/share/px4_msgs/cmake/px4_msgsConfig-version.cmake
[5.422s] -- Up-to-date symlink: /home/patryk/ros2_ws/install/px4_msgs/share/px4_msgs/package.xml
[5.783s] make: warning:  Clock skew detected.  Your build may be incomplete.
[5.792s] Invoked command in '/home/patryk/ros2_ws/build/px4_msgs' returned '0': CMAKE_PREFIX_PATH=${CMAKE_PREFIX_PATH}:/home/patryk/ros2_ws/install/controller /usr/bin/cmake --build /home/patryk/ros2_ws/build/px4_msgs --target install -- -j4 -l4
