[2.485s] DEBUG:colcon:Command line arguments: ['/usr/bin/colcon', 'build', '--symlink-install']
[2.485s] DEBUG:colcon:Parsed command line arguments: Namespace(allow_overriding=[], ament_cmake_args=None, base_paths=['.'], build_base='build', catkin_cmake_args=None, catkin_skip_building_tests=False, cmake_args=None, cmake_clean_cache=False, cmake_clean_first=False, cmake_force_configure=False, cmake_target=None, cmake_target_skip_unavailable=False, continue_on_error=False, event_handlers=None, executor='parallel', ignore_user_meta=False, install_base='install', log_base=None, log_level=None, main=<bound method BuildVerb.main of <colcon_core.verb.build.BuildVerb object at 0x7f7dbd6940>>, merge_install=False, metas=['./colcon.meta'], packages_above=None, packages_above_and_dependencies=None, packages_above_depth=None, packages_end=None, packages_ignore=None, packages_ignore_regex=None, packages_select=None, packages_select_build_failed=False, packages_select_by_dep=None, packages_select_regex=None, packages_select_test_failures=False, packages_skip=None, packages_skip_build_finished=False, packages_skip_by_dep=None, packages_skip_regex=None, packages_skip_test_passed=False, packages_skip_up_to=None, packages_start=None, packages_up_to=None, packages_up_to_regex=None, parallel_workers=4, paths=None, symlink_install=True, test_result_base=None, verb_extension=<colcon_core.verb.build.BuildVerb object at 0x7f7dbd6940>, verb_name='build', verb_parser=<colcon_defaults.argument_parser.defaults.DefaultArgumentsDecorator object at 0x7f7dbd6cc0>)
[2.629s] Level 1:colcon.colcon_core.package_discovery:discover_packages(colcon_meta) check parameters
[2.629s] Level 1:colcon.colcon_core.package_discovery:discover_packages(recursive) check parameters
[2.630s] Level 1:colcon.colcon_core.package_discovery:discover_packages(ignore) check parameters
[2.630s] Level 1:colcon.colcon_core.package_discovery:discover_packages(path) check parameters
[2.630s] Level 1:colcon.colcon_core.package_discovery:discover_packages(colcon_meta) discover
[2.632s] Level 1:colcon.colcon_core.package_discovery:discover_packages(recursive) discover
[2.632s] INFO:colcon.colcon_core.package_discovery:Crawling recursively for packages in '/home/patryk/ros2_ws'
[2.632s] Level 1:colcon.colcon_core.package_identification:_identify(.) by extensions ['ignore', 'ignore_ament_install']
[2.633s] Level 1:colcon.colcon_core.package_identification:_identify(.) by extension 'ignore'
[2.633s] Level 1:colcon.colcon_core.package_identification:_identify(.) by extension 'ignore_ament_install'
[2.633s] Level 1:colcon.colcon_core.package_identification:_identify(.) by extensions ['colcon_pkg']
[2.633s] Level 1:colcon.colcon_core.package_identification:_identify(.) by extension 'colcon_pkg'
[2.634s] Level 1:colcon.colcon_core.package_identification:_identify(.) by extensions ['colcon_meta']
[2.634s] Level 1:colcon.colcon_core.package_identification:_identify(.) by extension 'colcon_meta'
[2.634s] Level 1:colcon.colcon_core.package_identification:_identify(.) by extensions ['ros']
[2.634s] Level 1:colcon.colcon_core.package_identification:_identify(.) by extension 'ros'
[2.749s] Level 1:colcon.colcon_core.package_identification:_identify(.) by extensions ['cmake', 'python']
[2.750s] Level 1:colcon.colcon_core.package_identification:_identify(.) by extension 'cmake'
[2.750s] Level 1:colcon.colcon_core.package_identification:_identify(.) by extension 'python'
[2.750s] Level 1:colcon.colcon_core.package_identification:_identify(.) by extensions ['python_setup_py']
[2.750s] Level 1:colcon.colcon_core.package_identification:_identify(.) by extension 'python_setup_py'
[2.751s] Level 1:colcon.colcon_core.package_identification:_identify(build) by extensions ['ignore', 'ignore_ament_install']
[2.752s] Level 1:colcon.colcon_core.package_identification:_identify(build) by extension 'ignore'
[2.752s] Level 1:colcon.colcon_core.package_identification:_identify(build) ignored
[2.754s] Level 1:colcon.colcon_core.package_identification:_identify(install) by extensions ['ignore', 'ignore_ament_install']
[2.754s] Level 1:colcon.colcon_core.package_identification:_identify(install) by extension 'ignore'
[2.754s] Level 1:colcon.colcon_core.package_identification:_identify(install) ignored
[2.758s] Level 1:colcon.colcon_core.package_identification:_identify(log) by extensions ['ignore', 'ignore_ament_install']
[2.758s] Level 1:colcon.colcon_core.package_identification:_identify(log) by extension 'ignore'
[2.759s] Level 1:colcon.colcon_core.package_identification:_identify(log) ignored
[2.759s] Level 1:colcon.colcon_core.package_identification:_identify(src) by extensions ['ignore', 'ignore_ament_install']
[2.759s] Level 1:colcon.colcon_core.package_identification:_identify(src) by extension 'ignore'
[2.760s] Level 1:colcon.colcon_core.package_identification:_identify(src) by extension 'ignore_ament_install'
[2.760s] Level 1:colcon.colcon_core.package_identification:_identify(src) by extensions ['colcon_pkg']
[2.760s] Level 1:colcon.colcon_core.package_identification:_identify(src) by extension 'colcon_pkg'
[2.761s] Level 1:colcon.colcon_core.package_identification:_identify(src) by extensions ['colcon_meta']
[2.761s] Level 1:colcon.colcon_core.package_identification:_identify(src) by extension 'colcon_meta'
[2.761s] Level 1:colcon.colcon_core.package_identification:_identify(src) by extensions ['ros']
[2.761s] Level 1:colcon.colcon_core.package_identification:_identify(src) by extension 'ros'
[2.762s] Level 1:colcon.colcon_core.package_identification:_identify(src) by extensions ['cmake', 'python']
[2.762s] Level 1:colcon.colcon_core.package_identification:_identify(src) by extension 'cmake'
[2.762s] Level 1:colcon.colcon_core.package_identification:_identify(src) by extension 'python'
[2.763s] Level 1:colcon.colcon_core.package_identification:_identify(src) by extensions ['python_setup_py']
[2.763s] Level 1:colcon.colcon_core.package_identification:_identify(src) by extension 'python_setup_py'
[2.763s] Level 1:colcon.colcon_core.package_identification:_identify(src/controller) by extensions ['ignore', 'ignore_ament_install']
[2.764s] Level 1:colcon.colcon_core.package_identification:_identify(src/controller) by extension 'ignore'
[2.764s] Level 1:colcon.colcon_core.package_identification:_identify(src/controller) by extension 'ignore_ament_install'
[2.764s] Level 1:colcon.colcon_core.package_identification:_identify(src/controller) by extensions ['colcon_pkg']
[2.764s] Level 1:colcon.colcon_core.package_identification:_identify(src/controller) by extension 'colcon_pkg'
[2.765s] Level 1:colcon.colcon_core.package_identification:_identify(src/controller) by extensions ['colcon_meta']
[2.765s] Level 1:colcon.colcon_core.package_identification:_identify(src/controller) by extension 'colcon_meta'
[2.765s] Level 1:colcon.colcon_core.package_identification:_identify(src/controller) by extensions ['ros']
[2.765s] Level 1:colcon.colcon_core.package_identification:_identify(src/controller) by extension 'ros'
[2.795s] DEBUG:colcon.colcon_core.package_identification:Package 'src/controller' with type 'ros.ament_python' and name 'controller'
[2.796s] Level 1:colcon.colcon_core.package_identification:_identify(src/px4_msgs) by extensions ['ignore', 'ignore_ament_install']
[2.797s] Level 1:colcon.colcon_core.package_identification:_identify(src/px4_msgs) by extension 'ignore'
[2.797s] Level 1:colcon.colcon_core.package_identification:_identify(src/px4_msgs) by extension 'ignore_ament_install'
[2.797s] Level 1:colcon.colcon_core.package_identification:_identify(src/px4_msgs) by extensions ['colcon_pkg']
[2.797s] Level 1:colcon.colcon_core.package_identification:_identify(src/px4_msgs) by extension 'colcon_pkg'
[2.798s] Level 1:colcon.colcon_core.package_identification:_identify(src/px4_msgs) by extensions ['colcon_meta']
[2.798s] Level 1:colcon.colcon_core.package_identification:_identify(src/px4_msgs) by extension 'colcon_meta'
[2.798s] Level 1:colcon.colcon_core.package_identification:_identify(src/px4_msgs) by extensions ['ros']
[2.798s] Level 1:colcon.colcon_core.package_identification:_identify(src/px4_msgs) by extension 'ros'
[2.805s] DEBUG:colcon.colcon_core.package_identification:Package 'src/px4_msgs' with type 'ros.ament_cmake' and name 'px4_msgs'
[2.805s] Level 1:colcon.colcon_core.package_discovery:discover_packages(recursive) using defaults
[2.806s] Level 1:colcon.colcon_core.package_discovery:discover_packages(ignore) discover
[2.806s] Level 1:colcon.colcon_core.package_discovery:discover_packages(ignore) using defaults
[2.806s] Level 1:colcon.colcon_core.package_discovery:discover_packages(path) discover
[2.806s] Level 1:colcon.colcon_core.package_discovery:discover_packages(path) using defaults
[2.971s] Level 1:colcon.colcon_core.package_discovery:discover_packages(prefix_path) check parameters
[2.971s] Level 1:colcon.colcon_core.package_discovery:discover_packages(prefix_path) discover
[2.998s] DEBUG:colcon.colcon_installed_package_information.package_discovery:Found 2 installed packages in /home/patryk/ros2_ws/install
[3.048s] DEBUG:colcon.colcon_installed_package_information.package_discovery:Found 264 installed packages in /home/patryk/ros2_dashing/ros2-linux
[3.061s] Level 1:colcon.colcon_core.package_discovery:discover_packages(prefix_path) using defaults
[3.586s] Level 5:colcon.colcon_core.verb:set package 'controller' build argument 'cmake_args' from command line to 'None'
[3.586s] Level 5:colcon.colcon_core.verb:set package 'controller' build argument 'cmake_target' from command line to 'None'
[3.586s] Level 5:colcon.colcon_core.verb:set package 'controller' build argument 'cmake_target_skip_unavailable' from command line to 'False'
[3.586s] Level 5:colcon.colcon_core.verb:set package 'controller' build argument 'cmake_clean_cache' from command line to 'False'
[3.587s] Level 5:colcon.colcon_core.verb:set package 'controller' build argument 'cmake_clean_first' from command line to 'False'
[3.587s] Level 5:colcon.colcon_core.verb:set package 'controller' build argument 'cmake_force_configure' from command line to 'False'
[3.587s] Level 5:colcon.colcon_core.verb:set package 'controller' build argument 'ament_cmake_args' from command line to 'None'
[3.587s] Level 5:colcon.colcon_core.verb:set package 'controller' build argument 'catkin_cmake_args' from command line to 'None'
[3.587s] Level 5:colcon.colcon_core.verb:set package 'controller' build argument 'catkin_skip_building_tests' from command line to 'False'
[3.587s] DEBUG:colcon.colcon_core.verb:Building package 'controller' with the following arguments: {'ament_cmake_args': None, 'build_base': '/home/patryk/ros2_ws/build/controller', 'catkin_cmake_args': None, 'catkin_skip_building_tests': False, 'cmake_args': None, 'cmake_clean_cache': False, 'cmake_clean_first': False, 'cmake_force_configure': False, 'cmake_target': None, 'cmake_target_skip_unavailable': False, 'install_base': '/home/patryk/ros2_ws/install/controller', 'merge_install': False, 'path': '/home/patryk/ros2_ws/src/controller', 'symlink_install': True, 'test_result_base': None}
[3.590s] Level 5:colcon.colcon_core.verb:set package 'px4_msgs' build argument 'cmake_args' from command line to 'None'
[3.591s] Level 5:colcon.colcon_core.verb:set package 'px4_msgs' build argument 'cmake_target' from command line to 'None'
[3.591s] Level 5:colcon.colcon_core.verb:set package 'px4_msgs' build argument 'cmake_target_skip_unavailable' from command line to 'False'
[3.591s] Level 5:colcon.colcon_core.verb:set package 'px4_msgs' build argument 'cmake_clean_cache' from command line to 'False'
[3.591s] Level 5:colcon.colcon_core.verb:set package 'px4_msgs' build argument 'cmake_clean_first' from command line to 'False'
[3.591s] Level 5:colcon.colcon_core.verb:set package 'px4_msgs' build argument 'cmake_force_configure' from command line to 'False'
[3.592s] Level 5:colcon.colcon_core.verb:set package 'px4_msgs' build argument 'ament_cmake_args' from command line to 'None'
[3.592s] Level 5:colcon.colcon_core.verb:set package 'px4_msgs' build argument 'catkin_cmake_args' from command line to 'None'
[3.592s] Level 5:colcon.colcon_core.verb:set package 'px4_msgs' build argument 'catkin_skip_building_tests' from command line to 'False'
[3.592s] DEBUG:colcon.colcon_core.verb:Building package 'px4_msgs' with the following arguments: {'ament_cmake_args': None, 'build_base': '/home/patryk/ros2_ws/build/px4_msgs', 'catkin_cmake_args': None, 'catkin_skip_building_tests': False, 'cmake_args': None, 'cmake_clean_cache': False, 'cmake_clean_first': False, 'cmake_force_configure': False, 'cmake_target': None, 'cmake_target_skip_unavailable': False, 'install_base': '/home/patryk/ros2_ws/install/px4_msgs', 'merge_install': False, 'path': '/home/patryk/ros2_ws/src/px4_msgs', 'symlink_install': True, 'test_result_base': None}
[3.593s] INFO:colcon.colcon_core.executor:Executing jobs using 'parallel' executor
[3.597s] DEBUG:colcon.colcon_parallel_executor.executor.parallel:run_until_complete
[3.598s] INFO:colcon.colcon_ros.task.ament_python.build:Building ROS package in '/home/patryk/ros2_ws/src/controller' with build type 'ament_python'
[3.599s] Level 1:colcon.colcon_core.shell:create_environment_hook('controller', 'ament_prefix_path')
[3.621s] INFO:colcon.colcon_core.plugin_system:Skipping extension 'colcon_core.shell.bat': Not used on non-Windows systems
[3.622s] INFO:colcon.colcon_core.shell:Creating environment hook '/home/patryk/ros2_ws/install/controller/share/controller/hook/ament_prefix_path.ps1'
[3.626s] INFO:colcon.colcon_core.shell:Creating environment descriptor '/home/patryk/ros2_ws/install/controller/share/controller/hook/ament_prefix_path.dsv'
[3.629s] INFO:colcon.colcon_core.shell:Creating environment hook '/home/patryk/ros2_ws/install/controller/share/controller/hook/ament_prefix_path.sh'
[3.635s] INFO:colcon.colcon_core.shell:Skip shell extension 'powershell' for command environment: Not usable outside of PowerShell
[3.635s] DEBUG:colcon.colcon_core.shell:Skip shell extension 'dsv' for command environment
[3.688s] INFO:colcon.colcon_ros.task.ament_cmake.build:Building ROS package in '/home/patryk/ros2_ws/src/px4_msgs' with build type 'ament_cmake'
[3.689s] INFO:colcon.colcon_cmake.task.cmake.build:Building CMake package in '/home/patryk/ros2_ws/src/px4_msgs'
[3.692s] INFO:colcon.colcon_core.shell:Skip shell extension 'powershell' for command environment: Not usable outside of PowerShell
[3.692s] DEBUG:colcon.colcon_core.shell:Skip shell extension 'dsv' for command environment
[5.448s] INFO:colcon.colcon_core.task.python.build:Building Python package in '/home/patryk/ros2_ws/src/controller'
[5.451s] INFO:colcon.colcon_core.shell:Skip shell extension 'powershell' for command environment: Not usable outside of PowerShell
[5.451s] DEBUG:colcon.colcon_core.shell:Skip shell extension 'dsv' for command environment
[5.523s] DEBUG:colcon.colcon_core.event_handler.log_command:Invoking command in '/home/patryk/ros2_ws/build/px4_msgs': CMAKE_PREFIX_PATH=${CMAKE_PREFIX_PATH}:/home/patryk/ros2_ws/install/controller /usr/bin/cmake --build /home/patryk/ros2_ws/build/px4_msgs -- -j4 -l4
[7.076s] DEBUG:colcon.colcon_core.event_handler.log_command:Invoked command in '/home/patryk/ros2_ws/build/px4_msgs' returned '0': CMAKE_PREFIX_PATH=${CMAKE_PREFIX_PATH}:/home/patryk/ros2_ws/install/controller /usr/bin/cmake --build /home/patryk/ros2_ws/build/px4_msgs -- -j4 -l4
[7.469s] DEBUG:colcon.colcon_core.event_handler.log_command:Invoking command in '/home/patryk/ros2_ws/build/px4_msgs': CMAKE_PREFIX_PATH=${CMAKE_PREFIX_PATH}:/home/patryk/ros2_ws/install/controller /usr/bin/cmake --build /home/patryk/ros2_ws/build/px4_msgs --target install -- -j4 -l4
[8.718s] DEBUG:colcon.colcon_core.event_handler.log_command:Invoking command in '/home/patryk/ros2_ws/build/controller': PYTHONPATH=/home/patryk/ros2_ws/build/controller/prefix_override:/home/patryk/ros2_ws/install/controller/lib/python3.6/site-packages:${PYTHONPATH} /usr/bin/python3 setup.py develop --editable --build-directory /home/patryk/ros2_ws/build/controller/build --no-deps install_data
[9.172s] Level 1:colcon.colcon_core.environment:create_environment_scripts_only(px4_msgs)
[9.177s] DEBUG:colcon.colcon_core.event_handler.log_command:Invoked command in '/home/patryk/ros2_ws/build/px4_msgs' returned '0': CMAKE_PREFIX_PATH=${CMAKE_PREFIX_PATH}:/home/patryk/ros2_ws/install/controller /usr/bin/cmake --build /home/patryk/ros2_ws/build/px4_msgs --target install -- -j4 -l4
[9.195s] Level 1:colcon.colcon_core.environment:checking '/home/patryk/ros2_ws/install/px4_msgs' for CMake module files
[9.199s] Level 1:colcon.colcon_core.environment:checking '/home/patryk/ros2_ws/install/px4_msgs' for CMake config files
[9.203s] Level 1:colcon.colcon_core.shell:create_environment_hook('px4_msgs', 'cmake_prefix_path')
[9.205s] INFO:colcon.colcon_core.shell:Creating environment hook '/home/patryk/ros2_ws/install/px4_msgs/share/px4_msgs/hook/cmake_prefix_path.ps1'
[9.207s] INFO:colcon.colcon_core.shell:Creating environment descriptor '/home/patryk/ros2_ws/install/px4_msgs/share/px4_msgs/hook/cmake_prefix_path.dsv'
[9.209s] INFO:colcon.colcon_core.shell:Creating environment hook '/home/patryk/ros2_ws/install/px4_msgs/share/px4_msgs/hook/cmake_prefix_path.sh'
[9.213s] Level 1:colcon.colcon_core.environment:checking '/home/patryk/ros2_ws/install/px4_msgs/lib'
[9.213s] Level 1:colcon.colcon_core.shell:create_environment_hook('px4_msgs', 'ld_library_path_lib')
[9.216s] INFO:colcon.colcon_core.shell:Creating environment hook '/home/patryk/ros2_ws/install/px4_msgs/share/px4_msgs/hook/ld_library_path_lib.ps1'
[9.217s] INFO:colcon.colcon_core.shell:Creating environment descriptor '/home/patryk/ros2_ws/install/px4_msgs/share/px4_msgs/hook/ld_library_path_lib.dsv'
[9.219s] INFO:colcon.colcon_core.shell:Creating environment hook '/home/patryk/ros2_ws/install/px4_msgs/share/px4_msgs/hook/ld_library_path_lib.sh'
[9.221s] Level 1:colcon.colcon_core.environment:checking '/home/patryk/ros2_ws/install/px4_msgs/bin'
[9.221s] Level 1:colcon.colcon_core.environment:checking '/home/patryk/ros2_ws/install/px4_msgs/lib/pkgconfig/px4_msgs.pc'
[9.222s] Level 1:colcon.colcon_core.environment:checking '/home/patryk/ros2_ws/install/px4_msgs/lib/python3.6/site-packages'
[9.223s] Level 1:colcon.colcon_core.shell:create_environment_hook('px4_msgs', 'pythonpath')
[9.225s] INFO:colcon.colcon_core.shell:Creating environment hook '/home/patryk/ros2_ws/install/px4_msgs/share/px4_msgs/hook/pythonpath.ps1'
[9.227s] INFO:colcon.colcon_core.shell:Creating environment descriptor '/home/patryk/ros2_ws/install/px4_msgs/share/px4_msgs/hook/pythonpath.dsv'
[9.230s] INFO:colcon.colcon_core.shell:Creating environment hook '/home/patryk/ros2_ws/install/px4_msgs/share/px4_msgs/hook/pythonpath.sh'
[9.232s] Level 1:colcon.colcon_core.environment:checking '/home/patryk/ros2_ws/install/px4_msgs/bin'
[9.235s] INFO:colcon.colcon_core.shell:Creating package script '/home/patryk/ros2_ws/install/px4_msgs/share/px4_msgs/package.ps1'
[9.241s] INFO:colcon.colcon_core.shell:Creating package descriptor '/home/patryk/ros2_ws/install/px4_msgs/share/px4_msgs/package.dsv'
[9.245s] INFO:colcon.colcon_core.shell:Creating package script '/home/patryk/ros2_ws/install/px4_msgs/share/px4_msgs/package.sh'
[9.251s] INFO:colcon.colcon_core.shell:Creating package script '/home/patryk/ros2_ws/install/px4_msgs/share/px4_msgs/package.bash'
[9.257s] INFO:colcon.colcon_core.shell:Creating package script '/home/patryk/ros2_ws/install/px4_msgs/share/px4_msgs/package.zsh'
[9.262s] Level 1:colcon.colcon_core.environment:create_file_with_runtime_dependencies(/home/patryk/ros2_ws/install/px4_msgs/share/colcon-core/packages/px4_msgs)
[9.612s] Level 1:colcon.colcon_core.environment:create_environment_scripts_only(px4_msgs)
[9.614s] Level 1:colcon.colcon_core.environment:checking '/home/patryk/ros2_ws/install/px4_msgs' for CMake module files
[9.617s] Level 1:colcon.colcon_core.environment:checking '/home/patryk/ros2_ws/install/px4_msgs' for CMake config files
[9.621s] Level 1:colcon.colcon_core.shell:create_environment_hook('px4_msgs', 'cmake_prefix_path')
[9.623s] INFO:colcon.colcon_core.shell:Creating environment hook '/home/patryk/ros2_ws/install/px4_msgs/share/px4_msgs/hook/cmake_prefix_path.ps1'
[9.625s] INFO:colcon.colcon_core.shell:Creating environment descriptor '/home/patryk/ros2_ws/install/px4_msgs/share/px4_msgs/hook/cmake_prefix_path.dsv'
[9.627s] INFO:colcon.colcon_core.shell:Creating environment hook '/home/patryk/ros2_ws/install/px4_msgs/share/px4_msgs/hook/cmake_prefix_path.sh'
[9.630s] Level 1:colcon.colcon_core.environment:checking '/home/patryk/ros2_ws/install/px4_msgs/lib'
[9.631s] Level 1:colcon.colcon_core.shell:create_environment_hook('px4_msgs', 'ld_library_path_lib')
[9.633s] INFO:colcon.colcon_core.shell:Creating environment hook '/home/patryk/ros2_ws/install/px4_msgs/share/px4_msgs/hook/ld_library_path_lib.ps1'
[9.635s] INFO:colcon.colcon_core.shell:Creating environment descriptor '/home/patryk/ros2_ws/install/px4_msgs/share/px4_msgs/hook/ld_library_path_lib.dsv'
[9.636s] INFO:colcon.colcon_core.shell:Creating environment hook '/home/patryk/ros2_ws/install/px4_msgs/share/px4_msgs/hook/ld_library_path_lib.sh'
[9.638s] Level 1:colcon.colcon_core.environment:checking '/home/patryk/ros2_ws/install/px4_msgs/bin'
[9.638s] Level 1:colcon.colcon_core.environment:checking '/home/patryk/ros2_ws/install/px4_msgs/lib/pkgconfig/px4_msgs.pc'
[9.639s] Level 1:colcon.colcon_core.environment:checking '/home/patryk/ros2_ws/install/px4_msgs/lib/python3.6/site-packages'
[9.639s] Level 1:colcon.colcon_core.shell:create_environment_hook('px4_msgs', 'pythonpath')
[9.641s] INFO:colcon.colcon_core.shell:Creating environment hook '/home/patryk/ros2_ws/install/px4_msgs/share/px4_msgs/hook/pythonpath.ps1'
[9.643s] INFO:colcon.colcon_core.shell:Creating environment descriptor '/home/patryk/ros2_ws/install/px4_msgs/share/px4_msgs/hook/pythonpath.dsv'
[9.644s] INFO:colcon.colcon_core.shell:Creating environment hook '/home/patryk/ros2_ws/install/px4_msgs/share/px4_msgs/hook/pythonpath.sh'
[9.647s] Level 1:colcon.colcon_core.environment:checking '/home/patryk/ros2_ws/install/px4_msgs/bin'
[9.650s] INFO:colcon.colcon_core.shell:Creating package script '/home/patryk/ros2_ws/install/px4_msgs/share/px4_msgs/package.ps1'
[9.652s] INFO:colcon.colcon_core.shell:Creating package descriptor '/home/patryk/ros2_ws/install/px4_msgs/share/px4_msgs/package.dsv'
[9.655s] INFO:colcon.colcon_core.shell:Creating package script '/home/patryk/ros2_ws/install/px4_msgs/share/px4_msgs/package.sh'
[9.657s] INFO:colcon.colcon_core.shell:Creating package script '/home/patryk/ros2_ws/install/px4_msgs/share/px4_msgs/package.bash'
[9.659s] INFO:colcon.colcon_core.shell:Creating package script '/home/patryk/ros2_ws/install/px4_msgs/share/px4_msgs/package.zsh'
[9.661s] Level 1:colcon.colcon_core.environment:create_file_with_runtime_dependencies(/home/patryk/ros2_ws/install/px4_msgs/share/colcon-core/packages/px4_msgs)
[11.881s] Level 1:colcon.colcon_core.shell:create_environment_hook('controller', 'pythonpath_develop')
[11.884s] INFO:colcon.colcon_core.shell:Creating environment hook '/home/patryk/ros2_ws/build/controller/share/controller/hook/pythonpath_develop.ps1'
[11.887s] DEBUG:colcon.colcon_core.event_handler.log_command:Invoked command in '/home/patryk/ros2_ws/build/controller' returned '0': PYTHONPATH=/home/patryk/ros2_ws/build/controller/prefix_override:/home/patryk/ros2_ws/install/controller/lib/python3.6/site-packages:${PYTHONPATH} /usr/bin/python3 setup.py develop --editable --build-directory /home/patryk/ros2_ws/build/controller/build --no-deps install_data
[11.889s] INFO:colcon.colcon_core.shell:Creating environment descriptor '/home/patryk/ros2_ws/build/controller/share/controller/hook/pythonpath_develop.dsv'
[11.891s] INFO:colcon.colcon_core.shell:Creating environment hook '/home/patryk/ros2_ws/build/controller/share/controller/hook/pythonpath_develop.sh'
[11.894s] Level 1:colcon.colcon_core.environment:checking '/home/patryk/ros2_ws/install/controller' for CMake module files
[11.897s] Level 1:colcon.colcon_core.environment:checking '/home/patryk/ros2_ws/install/controller' for CMake config files
[11.900s] Level 1:colcon.colcon_core.environment:checking '/home/patryk/ros2_ws/install/controller/lib'
[11.901s] Level 1:colcon.colcon_core.environment:checking '/home/patryk/ros2_ws/install/controller/bin'
[11.901s] Level 1:colcon.colcon_core.environment:checking '/home/patryk/ros2_ws/install/controller/lib/pkgconfig/controller.pc'
[11.902s] Level 1:colcon.colcon_core.environment:checking '/home/patryk/ros2_ws/install/controller/lib/python3.6/site-packages'
[11.902s] Level 1:colcon.colcon_core.shell:create_environment_hook('controller', 'pythonpath')
[11.904s] INFO:colcon.colcon_core.shell:Creating environment hook '/home/patryk/ros2_ws/install/controller/share/controller/hook/pythonpath.ps1'
[11.906s] INFO:colcon.colcon_core.shell:Creating environment descriptor '/home/patryk/ros2_ws/install/controller/share/controller/hook/pythonpath.dsv'
[11.907s] INFO:colcon.colcon_core.shell:Creating environment hook '/home/patryk/ros2_ws/install/controller/share/controller/hook/pythonpath.sh'
[11.909s] Level 1:colcon.colcon_core.environment:checking '/home/patryk/ros2_ws/install/controller/bin'
[11.910s] Level 1:colcon.colcon_core.environment:create_environment_scripts_only(controller)
[11.912s] INFO:colcon.colcon_core.shell:Creating package script '/home/patryk/ros2_ws/install/controller/share/controller/package.ps1'
[11.915s] INFO:colcon.colcon_core.shell:Creating package descriptor '/home/patryk/ros2_ws/install/controller/share/controller/package.dsv'
[11.917s] INFO:colcon.colcon_core.shell:Creating package script '/home/patryk/ros2_ws/install/controller/share/controller/package.sh'
[11.919s] INFO:colcon.colcon_core.shell:Creating package script '/home/patryk/ros2_ws/install/controller/share/controller/package.bash'
[11.921s] INFO:colcon.colcon_core.shell:Creating package script '/home/patryk/ros2_ws/install/controller/share/controller/package.zsh'
[11.922s] Level 1:colcon.colcon_core.environment:create_file_with_runtime_dependencies(/home/patryk/ros2_ws/install/controller/share/colcon-core/packages/controller)
[11.923s] DEBUG:colcon.colcon_parallel_executor.executor.parallel:closing loop
[11.925s] DEBUG:colcon.colcon_parallel_executor.executor.parallel:loop closed
[11.926s] DEBUG:colcon.colcon_parallel_executor.executor.parallel:run_until_complete finished with '0'
[11.926s] DEBUG:colcon.colcon_core.event_reactor:joining thread
[11.963s] INFO:colcon.colcon_core.plugin_system:Skipping extension 'colcon_notification.desktop_notification.terminal_notifier': Not used on non-Darwin systems
[11.964s] INFO:colcon.colcon_core.plugin_system:Skipping extension 'colcon_notification.desktop_notification.win32': Not used on non-Windows systems
[11.964s] INFO:colcon.colcon_notification.desktop_notification:Sending desktop notification using 'notify2'
[12.049s] DEBUG:colcon.colcon_core.event_reactor:joined thread
[12.052s] INFO:colcon.colcon_core.shell:Creating prefix script '/home/patryk/ros2_ws/install/local_setup.ps1'
[12.059s] INFO:colcon.colcon_core.shell:Creating prefix util module '/home/patryk/ros2_ws/install/_local_setup_util_ps1.py'
[12.070s] INFO:colcon.colcon_core.shell:Creating prefix chain script '/home/patryk/ros2_ws/install/setup.ps1'
[12.077s] INFO:colcon.colcon_core.shell:Creating prefix script '/home/patryk/ros2_ws/install/local_setup.sh'
[12.082s] INFO:colcon.colcon_core.shell:Creating prefix util module '/home/patryk/ros2_ws/install/_local_setup_util_sh.py'
[12.084s] INFO:colcon.colcon_core.shell:Creating prefix chain script '/home/patryk/ros2_ws/install/setup.sh'
[12.092s] INFO:colcon.colcon_core.shell:Creating prefix script '/home/patryk/ros2_ws/install/local_setup.bash'
[12.096s] INFO:colcon.colcon_core.shell:Creating prefix chain script '/home/patryk/ros2_ws/install/setup.bash'
[12.103s] INFO:colcon.colcon_core.shell:Creating prefix script '/home/patryk/ros2_ws/install/local_setup.zsh'
[12.106s] INFO:colcon.colcon_core.shell:Creating prefix chain script '/home/patryk/ros2_ws/install/setup.zsh'
