[1.835s] Invoking command in '/home/patryk/ros2_ws/build/px4_msgs': CMAKE_PREFIX_PATH=${CMAKE_PREFIX_PATH}:/home/patryk/ros2_ws/install/controller /usr/bin/cmake --build /home/patryk/ros2_ws/build/px4_msgs -- -j4 -l4
[2.092s] make: Warning: File 'Makefile' has modification time 490 s in the future
[2.194s] make[1]: Warning: File 'CMakeFiles/Makefile2' has modification time 490 s in the future
[2.201s] make[2]: Warning: File 'CMakeFiles/px4_msgs__cpp.dir/progress.make' has modification time 490 s in the future
[2.206s] make[2]: Warning: File 'CMakeFiles/px4_msgs__dds_opensplice_idl.dir/progress.make' has modification time 490 s in the future
[2.207s] make[2]: Warning: File 'CMakeFiles/px4_msgs__rosidl_generator_c.dir/progress.make' has modification time 490 s in the future
[2.248s] make[2]: warning:  Clock skew detected.  Your build may be incomplete.
[2.250s] make[2]: warning:  Clock skew detected.  Your build may be incomplete.
[2.255s] make[2]: Warning: File 'CMakeFiles/px4_msgs__dds_opensplice_idl.dir/progress.make' has modification time 490 s in the future
[2.256s] make[2]: Warning: File 'CMakeFiles/px4_msgs__cpp.dir/progress.make' has modification time 490 s in the future
[2.257s] make[2]: warning:  Clock skew detected.  Your build may be incomplete.
[2.259s] make[2]: warning:  Clock skew detected.  Your build may be incomplete.
[2.266s] make[2]: warning:  Clock skew detected.  Your build may be incomplete.
[2.273s] make[2]: Warning: File 'CMakeFiles/px4_msgs__rosidl_generator_c.dir/progress.make' has modification time 490 s in the future
[2.278s] make[2]: warning:  Clock skew detected.  Your build may be incomplete.
[2.299s] [  1%] Built target px4_msgs__cpp
[2.300s] [  3%] Built target px4_msgs__dds_opensplice_idl
[2.314s] make[2]: Warning: File 'CMakeFiles/px4_msgs__rosidl_typesupport_cpp.dir/progress.make' has modification time 490 s in the future
[2.317s] make[2]: Warning: File 'CMakeFiles/px4_msgs__rosidl_typesupport_fastrtps_cpp.dir/progress.make' has modification time 490 s in the future
[2.317s] [  9%] Built target px4_msgs__rosidl_generator_c
[2.318s] make[2]: Warning: File 'CMakeFiles/px4_msgs__rosidl_typesupport_introspection_cpp.dir/progress.make' has modification time 490 s in the future
[2.364s] make[2]: warning:  Clock skew detected.  Your build may be incomplete.
[2.367s] make[2]: Warning: File 'CMakeFiles/px4_msgs__rosidl_typesupport_opensplice_cpp.dir/progress.make' has modification time 490 s in the future
[2.374s] make[2]: Warning: File 'CMakeFiles/px4_msgs__rosidl_typesupport_cpp.dir/progress.make' has modification time 490 s in the future
[2.375s] make[2]: warning:  Clock skew detected.  Your build may be incomplete.
[2.383s] make[2]: warning:  Clock skew detected.  Your build may be incomplete.
[2.386s] make[2]: Warning: File 'CMakeFiles/px4_msgs__rosidl_typesupport_fastrtps_cpp.dir/progress.make' has modification time 490 s in the future
[2.396s] make[2]: warning:  Clock skew detected.  Your build may be incomplete.
[2.412s] make[2]: warning:  Clock skew detected.  Your build may be incomplete.
[2.416s] make[2]: Warning: File 'CMakeFiles/px4_msgs__rosidl_typesupport_introspection_cpp.dir/progress.make' has modification time 490 s in the future
[2.420s] make[2]: warning:  Clock skew detected.  Your build may be incomplete.
[2.434s] [ 15%] Built target px4_msgs__rosidl_typesupport_cpp
[2.445s] make[2]: warning:  Clock skew detected.  Your build may be incomplete.
[2.447s] make[2]: Warning: File 'CMakeFiles/px4_msgs__rosidl_typesupport_c.dir/progress.make' has modification time 490 s in the future
[2.469s] [ 21%] Built target px4_msgs__rosidl_typesupport_introspection_cpp
[2.474s] make[2]: Warning: File 'CMakeFiles/px4_msgs__rosidl_typesupport_opensplice_cpp.dir/progress.make' has modification time 490 s in the future
[2.478s] [ 27%] Built target px4_msgs__rosidl_typesupport_fastrtps_cpp
[2.492s] make[2]: warning:  Clock skew detected.  Your build may be incomplete.
[2.493s] make[2]: Warning: File 'CMakeFiles/px4_msgs__rosidl_typesupport_introspection_c.dir/progress.make' has modification time 490 s in the future
[2.499s] make[2]: Warning: File 'CMakeFiles/px4_msgs__rosidl_typesupport_fastrtps_c.dir/progress.make' has modification time 490 s in the future
[2.532s] make[2]: warning:  Clock skew detected.  Your build may be incomplete.
[2.541s] make[2]: warning:  Clock skew detected.  Your build may be incomplete.
[2.544s] [ 43%] Built target px4_msgs__rosidl_typesupport_opensplice_cpp
[2.548s] make[2]: Warning: File 'CMakeFiles/px4_msgs__rosidl_typesupport_c.dir/progress.make' has modification time 490 s in the future
[2.549s] make[2]: Warning: File 'CMakeFiles/px4_msgs__rosidl_typesupport_introspection_c.dir/progress.make' has modification time 490 s in the future
[2.552s] make[2]: warning:  Clock skew detected.  Your build may be incomplete.
[2.556s] make[2]: warning:  Clock skew detected.  Your build may be incomplete.
[2.576s] make[2]: warning:  Clock skew detected.  Your build may be incomplete.
[2.590s] make[2]: Warning: File 'CMakeFiles/px4_msgs__rosidl_typesupport_fastrtps_c.dir/progress.make' has modification time 490 s in the future
[2.597s] make[2]: Warning: File 'CMakeFiles/px4_msgs__rosidl_typesupport_opensplice_c.dir/progress.make' has modification time 490 s in the future
[2.597s] [ 49%] Built target px4_msgs__rosidl_typesupport_c
[2.602s] [ 54%] Built target px4_msgs__rosidl_typesupport_introspection_c
[2.616s] make[2]: warning:  Clock skew detected.  Your build may be incomplete.
[2.655s] [ 60%] Built target px4_msgs__rosidl_typesupport_fastrtps_c
[2.657s] make[2]: warning:  Clock skew detected.  Your build may be incomplete.
[2.680s] make[2]: Warning: File 'CMakeFiles/px4_msgs__rosidl_typesupport_opensplice_c.dir/progress.make' has modification time 490 s in the future
[2.696s] make[2]: warning:  Clock skew detected.  Your build may be incomplete.
[2.732s] [ 78%] Built target px4_msgs__rosidl_typesupport_opensplice_c
[2.742s] make[2]: Warning: File 'CMakeFiles/px4_msgs.dir/progress.make' has modification time 490 s in the future
[2.785s] make[2]: warning:  Clock skew detected.  Your build may be incomplete.
[2.790s] make[2]: Warning: File 'CMakeFiles/px4_msgs.dir/progress.make' has modification time 490 s in the future
[2.790s] make[2]: warning:  Clock skew detected.  Your build may be incomplete.
[2.826s] [ 78%] Built target px4_msgs
[2.835s] make[2]: Warning: File 'px4_msgs__py/CMakeFiles/px4_msgs__py.dir/progress.make' has modification time 490 s in the future
[2.879s] make[2]: warning:  Clock skew detected.  Your build may be incomplete.
[2.884s] make[2]: Warning: File 'px4_msgs__py/CMakeFiles/px4_msgs__py.dir/progress.make' has modification time 490 s in the future
[2.885s] make[2]: warning:  Clock skew detected.  Your build may be incomplete.
[2.921s] [ 80%] Built target px4_msgs__py
[2.933s] make[2]: Warning: File 'CMakeFiles/px4_msgs__python.dir/progress.make' has modification time 490 s in the future
[2.978s] make[2]: warning:  Clock skew detected.  Your build may be incomplete.
[2.984s] make[2]: Warning: File 'CMakeFiles/px4_msgs__python.dir/progress.make' has modification time 489 s in the future
[3.005s] make[2]: warning:  Clock skew detected.  Your build may be incomplete.
[3.041s] [ 84%] Built target px4_msgs__python
[3.063s] make[2]: Warning: File 'CMakeFiles/px4_msgs__rosidl_typesupport_c__pyext.dir/progress.make' has modification time 489 s in the future
[3.064s] make[2]: Warning: File 'CMakeFiles/px4_msgs__rosidl_typesupport_opensplice_c__pyext.dir/progress.make' has modification time 489 s in the future
[3.064s] make[2]: Warning: File 'CMakeFiles/px4_msgs__rosidl_typesupport_introspection_c__pyext.dir/progress.make' has modification time 489 s in the future
[3.065s] make[2]: Warning: File 'CMakeFiles/px4_msgs__rosidl_typesupport_fastrtps_c__pyext.dir/progress.make' has modification time 489 s in the future
[3.117s] make[2]: warning:  Clock skew detected.  Your build may be incomplete.
[3.123s] make[2]: warning:  Clock skew detected.  Your build may be incomplete.
[3.129s] make[2]: Warning: File 'CMakeFiles/px4_msgs__rosidl_typesupport_c__pyext.dir/progress.make' has modification time 489 s in the future
[3.132s] make[2]: warning:  Clock skew detected.  Your build may be incomplete.
[3.136s] make[2]: Warning: File 'CMakeFiles/px4_msgs__rosidl_typesupport_fastrtps_c__pyext.dir/progress.make' has modification time 489 s in the future
[3.146s] make[2]: Warning: File 'CMakeFiles/px4_msgs__rosidl_typesupport_opensplice_c__pyext.dir/progress.make' has modification time 489 s in the future
[3.149s] make[2]: warning:  Clock skew detected.  Your build may be incomplete.
[3.159s] make[2]: warning:  Clock skew detected.  Your build may be incomplete.
[3.166s] make[2]: warning:  Clock skew detected.  Your build may be incomplete.
[3.167s] make[2]: Warning: File 'CMakeFiles/px4_msgs__rosidl_typesupport_introspection_c__pyext.dir/progress.make' has modification time 489 s in the future
[3.191s] make[2]: warning:  Clock skew detected.  Your build may be incomplete.
[3.201s] [ 88%] Built target px4_msgs__rosidl_typesupport_fastrtps_c__pyext
[3.202s] make[2]: warning:  Clock skew detected.  Your build may be incomplete.
[3.208s] [ 92%] Built target px4_msgs__rosidl_typesupport_c__pyext
[3.239s] [ 96%] Built target px4_msgs__rosidl_typesupport_introspection_c__pyext
[3.244s] [100%] Built target px4_msgs__rosidl_typesupport_opensplice_c__pyext
[3.247s] make[1]: warning:  Clock skew detected.  Your build may be incomplete.
[3.285s] make: warning:  Clock skew detected.  Your build may be incomplete.
[3.293s] Invoked command in '/home/patryk/ros2_ws/build/px4_msgs' returned '0': CMAKE_PREFIX_PATH=${CMAKE_PREFIX_PATH}:/home/patryk/ros2_ws/install/controller /usr/bin/cmake --build /home/patryk/ros2_ws/build/px4_msgs -- -j4 -l4
[3.675s] Invoking command in '/home/patryk/ros2_ws/build/px4_msgs': CMAKE_PREFIX_PATH=${CMAKE_PREFIX_PATH}:/home/patryk/ros2_ws/install/controller /usr/bin/cmake --build /home/patryk/ros2_ws/build/px4_msgs --target install -- -j4 -l4
[3.729s] make: Warning: File 'Makefile' has modification time 489 s in the future
[3.819s] make[1]: Warning: File 'CMakeFiles/Makefile2' has modification time 489 s in the future
[3.824s] make[2]: Warning: File 'CMakeFiles/px4_msgs__cpp.dir/progress.make' has modification time 489 s in the future
[3.825s] make[2]: Warning: File 'CMakeFiles/px4_msgs__dds_opensplice_idl.dir/progress.make' has modification time 489 s in the future
[3.825s] make[2]: Warning: File 'CMakeFiles/px4_msgs__rosidl_generator_c.dir/progress.make' has modification time 489 s in the future
[3.867s] make[2]: warning:  Clock skew detected.  Your build may be incomplete.
[3.869s] make[2]: warning:  Clock skew detected.  Your build may be incomplete.
[3.871s] make[2]: Warning: File 'CMakeFiles/px4_msgs__dds_opensplice_idl.dir/progress.make' has modification time 489 s in the future
[3.873s] make[2]: warning:  Clock skew detected.  Your build may be incomplete.
[3.874s] make[2]: warning:  Clock skew detected.  Your build may be incomplete.
[3.875s] make[2]: Warning: File 'CMakeFiles/px4_msgs__rosidl_generator_c.dir/progress.make' has modification time 489 s in the future
[3.879s] make[2]: Warning: File 'CMakeFiles/px4_msgs__cpp.dir/progress.make' has modification time 489 s in the future
[3.879s] make[2]: warning:  Clock skew detected.  Your build may be incomplete.
[3.880s] make[2]: warning:  Clock skew detected.  Your build may be incomplete.
[3.914s] [  1%] Built target px4_msgs__dds_opensplice_idl
[3.919s] [  7%] Built target px4_msgs__cpp
[3.920s] [  9%] Built target px4_msgs__rosidl_generator_c
[3.928s] make[2]: Warning: File 'CMakeFiles/px4_msgs__rosidl_typesupport_introspection_cpp.dir/progress.make' has modification time 489 s in the future
[3.928s] make[2]: Warning: File 'CMakeFiles/px4_msgs__rosidl_typesupport_cpp.dir/progress.make' has modification time 489 s in the future
[3.929s] make[2]: Warning: File 'CMakeFiles/px4_msgs__rosidl_typesupport_fastrtps_cpp.dir/progress.make' has modification time 489 s in the future
[3.954s] make[2]: Warning: File 'CMakeFiles/px4_msgs__rosidl_typesupport_opensplice_cpp.dir/progress.make' has modification time 488 s in the future
[3.972s] make[2]: warning:  Clock skew detected.  Your build may be incomplete.
[3.978s] make[2]: warning:  Clock skew detected.  Your build may be incomplete.
[3.981s] make[2]: Warning: File 'CMakeFiles/px4_msgs__rosidl_typesupport_cpp.dir/progress.make' has modification time 488 s in the future
[3.985s] make[2]: warning:  Clock skew detected.  Your build may be incomplete.
[3.991s] make[2]: Warning: File 'CMakeFiles/px4_msgs__rosidl_typesupport_introspection_cpp.dir/progress.make' has modification time 488 s in the future
[3.995s] make[2]: warning:  Clock skew detected.  Your build may be incomplete.
[4.006s] make[2]: warning:  Clock skew detected.  Your build may be incomplete.
[4.020s] make[2]: Warning: File 'CMakeFiles/px4_msgs__rosidl_typesupport_fastrtps_cpp.dir/progress.make' has modification time 488 s in the future
[4.024s] make[2]: warning:  Clock skew detected.  Your build may be incomplete.
[4.034s] [ 15%] Built target px4_msgs__rosidl_typesupport_introspection_cpp
[4.049s] make[2]: Warning: File 'CMakeFiles/px4_msgs__rosidl_typesupport_opensplice_cpp.dir/progress.make' has modification time 488 s in the future
[4.052s] make[2]: warning:  Clock skew detected.  Your build may be incomplete.
[4.055s] make[2]: Warning: File 'CMakeFiles/px4_msgs__rosidl_typesupport_c.dir/progress.make' has modification time 488 s in the future
[4.065s] make[2]: warning:  Clock skew detected.  Your build may be incomplete.
[4.069s] [ 21%] Built target px4_msgs__rosidl_typesupport_cpp
[4.088s] make[2]: Warning: File 'CMakeFiles/px4_msgs__rosidl_typesupport_introspection_c.dir/progress.make' has modification time 488 s in the future
[4.096s] [ 27%] Built target px4_msgs__rosidl_typesupport_fastrtps_cpp
[4.105s] [ 43%] Built target px4_msgs__rosidl_typesupport_opensplice_cpp
[4.107s] make[2]: Warning: File 'CMakeFiles/px4_msgs__rosidl_typesupport_fastrtps_c.dir/progress.make' has modification time 488 s in the future
[4.119s] make[2]: warning:  Clock skew detected.  Your build may be incomplete.
[4.125s] make[2]: Warning: File 'CMakeFiles/px4_msgs__rosidl_typesupport_c.dir/progress.make' has modification time 488 s in the future
[4.130s] make[2]: Warning: File 'CMakeFiles/px4_msgs__rosidl_typesupport_opensplice_c.dir/progress.make' has modification time 488 s in the future
[4.131s] make[2]: warning:  Clock skew detected.  Your build may be incomplete.
[4.163s] make[2]: warning:  Clock skew detected.  Your build may be incomplete.
[4.164s] make[2]: Warning: File 'CMakeFiles/px4_msgs__rosidl_typesupport_introspection_c.dir/progress.make' has modification time 488 s in the future
[4.169s] make[2]: warning:  Clock skew detected.  Your build may be incomplete.
[4.193s] make[2]: warning:  Clock skew detected.  Your build may be incomplete.
[4.201s] make[2]: warning:  Clock skew detected.  Your build may be incomplete.
[4.210s] make[2]: Warning: File 'CMakeFiles/px4_msgs__rosidl_typesupport_fastrtps_c.dir/progress.make' has modification time 488 s in the future
[4.211s] [ 49%] Built target px4_msgs__rosidl_typesupport_introspection_c
[4.216s] [ 54%] Built target px4_msgs__rosidl_typesupport_c
[4.222s] make[2]: Warning: File 'CMakeFiles/px4_msgs__rosidl_typesupport_opensplice_c.dir/progress.make' has modification time 488 s in the future
[4.231s] make[2]: warning:  Clock skew detected.  Your build may be incomplete.
[4.237s] make[2]: warning:  Clock skew detected.  Your build may be incomplete.
[4.272s] [ 60%] Built target px4_msgs__rosidl_typesupport_fastrtps_c
[4.275s] [ 78%] Built target px4_msgs__rosidl_typesupport_opensplice_c
[4.283s] make[2]: Warning: File 'CMakeFiles/px4_msgs.dir/progress.make' has modification time 488 s in the future
[4.326s] make[2]: warning:  Clock skew detected.  Your build may be incomplete.
[4.330s] make[2]: Warning: File 'CMakeFiles/px4_msgs.dir/progress.make' has modification time 488 s in the future
[4.331s] make[2]: warning:  Clock skew detected.  Your build may be incomplete.
[4.367s] [ 78%] Built target px4_msgs
[4.375s] make[2]: Warning: File 'px4_msgs__py/CMakeFiles/px4_msgs__py.dir/progress.make' has modification time 488 s in the future
[4.417s] make[2]: warning:  Clock skew detected.  Your build may be incomplete.
[4.423s] make[2]: Warning: File 'px4_msgs__py/CMakeFiles/px4_msgs__py.dir/progress.make' has modification time 488 s in the future
[4.424s] make[2]: warning:  Clock skew detected.  Your build may be incomplete.
[4.462s] [ 80%] Built target px4_msgs__py
[4.471s] make[2]: Warning: File 'CMakeFiles/px4_msgs__python.dir/progress.make' has modification time 488 s in the future
[4.513s] make[2]: warning:  Clock skew detected.  Your build may be incomplete.
[4.519s] make[2]: Warning: File 'CMakeFiles/px4_msgs__python.dir/progress.make' has modification time 488 s in the future
[4.540s] make[2]: warning:  Clock skew detected.  Your build may be incomplete.
[4.577s] [ 84%] Built target px4_msgs__python
[4.586s] make[2]: Warning: File 'CMakeFiles/px4_msgs__rosidl_typesupport_opensplice_c__pyext.dir/progress.make' has modification time 488 s in the future
[4.589s] make[2]: Warning: File 'CMakeFiles/px4_msgs__rosidl_typesupport_fastrtps_c__pyext.dir/progress.make' has modification time 488 s in the future
[4.589s] make[2]: Warning: File 'CMakeFiles/px4_msgs__rosidl_typesupport_introspection_c__pyext.dir/progress.make' has modification time 488 s in the future
[4.592s] make[2]: Warning: File 'CMakeFiles/px4_msgs__rosidl_typesupport_c__pyext.dir/progress.make' has modification time 488 s in the future
[4.632s] make[2]: warning:  Clock skew detected.  Your build may be incomplete.
[4.635s] make[2]: warning:  Clock skew detected.  Your build may be incomplete.
[4.638s] make[2]: warning:  Clock skew detected.  Your build may be incomplete.
[4.644s] make[2]: Warning: File 'CMakeFiles/px4_msgs__rosidl_typesupport_opensplice_c__pyext.dir/progress.make' has modification time 488 s in the future
[4.645s] make[2]: Warning: File 'CMakeFiles/px4_msgs__rosidl_typesupport_introspection_c__pyext.dir/progress.make' has modification time 488 s in the future
[4.651s] make[2]: Warning: File 'CMakeFiles/px4_msgs__rosidl_typesupport_c__pyext.dir/progress.make' has modification time 488 s in the future
[4.667s] make[2]: warning:  Clock skew detected.  Your build may be incomplete.
[4.671s] make[2]: warning:  Clock skew detected.  Your build may be incomplete.
[4.677s] make[2]: warning:  Clock skew detected.  Your build may be incomplete.
[4.683s] make[2]: warning:  Clock skew detected.  Your build may be incomplete.
[4.687s] make[2]: Warning: File 'CMakeFiles/px4_msgs__rosidl_typesupport_fastrtps_c__pyext.dir/progress.make' has modification time 488 s in the future
[4.709s] [ 88%] Built target px4_msgs__rosidl_typesupport_introspection_c__pyext
[4.721s] make[2]: warning:  Clock skew detected.  Your build may be incomplete.
[4.722s] [ 92%] Built target px4_msgs__rosidl_typesupport_opensplice_c__pyext
[4.740s] [ 96%] Built target px4_msgs__rosidl_typesupport_c__pyext
[4.759s] [100%] Built target px4_msgs__rosidl_typesupport_fastrtps_c__pyext
[4.762s] make[1]: warning:  Clock skew detected.  Your build may be incomplete.
[4.808s] make[1]: Warning: File 'CMakeFiles/Makefile2' has modification time 488 s in the future
[4.809s] make[1]: warning:  Clock skew detected.  Your build may be incomplete.
[4.844s] [36mInstall the project...[0m
[4.883s] -- Install configuration: ""
[4.885s] -- Execute custom install script
[4.887s] -- Up-to-date symlink: /home/patryk/ros2_ws/install/px4_msgs/share/ament_index/resource_index/rosidl_interfaces/px4_msgs
[4.890s] -- Up-to-date symlink: /home/patryk/ros2_ws/install/px4_msgs/lib/libpx4_msgs__rosidl_typesupport_c.so
[4.892s] -- Up-to-date symlink: /home/patryk/ros2_ws/install/px4_msgs/share/px4_msgs/environment/library_path.sh
[4.895s] -- Up-to-date symlink: /home/patryk/ros2_ws/install/px4_msgs/lib/libpx4_msgs__rosidl_typesupport_cpp.so
[4.898s] -- Up-to-date symlink: /home/patryk/ros2_ws/install/px4_msgs/include/px4_msgs/msg/manual_control_setpoint__rosidl_typesupport_fastrtps_c.h
[4.899s] -- Up-to-date symlink: /home/patryk/ros2_ws/install/px4_msgs/include/px4_msgs/msg/rosidl_typesupport_fastrtps_c__visibility_control.h
[4.902s] -- Up-to-date symlink: /home/patryk/ros2_ws/install/px4_msgs/lib/libpx4_msgs__rosidl_typesupport_fastrtps_c.so
[4.905s] -- Up-to-date symlink: /home/patryk/ros2_ws/install/px4_msgs/include/px4_msgs/msg/manual_control_setpoint.h
[4.907s] -- Up-to-date symlink: /home/patryk/ros2_ws/install/px4_msgs/include/px4_msgs/msg/manual_control_setpoint__functions.h
[4.909s] -- Up-to-date symlink: /home/patryk/ros2_ws/install/px4_msgs/include/px4_msgs/msg/manual_control_setpoint__struct.h
[4.910s] -- Up-to-date symlink: /home/patryk/ros2_ws/install/px4_msgs/include/px4_msgs/msg/manual_control_setpoint__type_support.h
[4.912s] -- Up-to-date symlink: /home/patryk/ros2_ws/install/px4_msgs/include/px4_msgs/msg/rosidl_generator_c__visibility_control.h
[4.915s] -- Up-to-date symlink: /home/patryk/ros2_ws/install/px4_msgs/lib/libpx4_msgs__rosidl_generator_c.so
[4.918s] -- Up-to-date symlink: /home/patryk/ros2_ws/install/px4_msgs/include/px4_msgs/msg/manual_control_setpoint__rosidl_typesupport_fastrtps_cpp.hpp
[4.920s] -- Up-to-date symlink: /home/patryk/ros2_ws/install/px4_msgs/include/px4_msgs/msg/rosidl_typesupport_fastrtps_cpp__visibility_control.h
[4.923s] -- Up-to-date symlink: /home/patryk/ros2_ws/install/px4_msgs/lib/libpx4_msgs__rosidl_typesupport_fastrtps_cpp.so
[4.926s] -- Up-to-date symlink: /home/patryk/ros2_ws/install/px4_msgs/include/px4_msgs/msg/manual_control_setpoint.hpp
[4.928s] -- Up-to-date symlink: /home/patryk/ros2_ws/install/px4_msgs/include/px4_msgs/msg/manual_control_setpoint__struct.hpp
[4.930s] -- Up-to-date symlink: /home/patryk/ros2_ws/install/px4_msgs/include/px4_msgs/msg/manual_control_setpoint__traits.hpp
[4.933s] -- Up-to-date symlink: /home/patryk/ros2_ws/install/px4_msgs/include/px4_msgs/msg/manual_control_setpoint__rosidl_typesupport_introspection_c.h
[4.935s] -- Up-to-date symlink: /home/patryk/ros2_ws/install/px4_msgs/include/px4_msgs/msg/rosidl_typesupport_introspection_c__visibility_control.h
[4.938s] -- Up-to-date symlink: /home/patryk/ros2_ws/install/px4_msgs/lib/libpx4_msgs__rosidl_typesupport_introspection_c.so
[4.942s] -- Up-to-date symlink: /home/patryk/ros2_ws/install/px4_msgs/include/px4_msgs/msg/manual_control_setpoint__rosidl_typesupport_opensplice_c.h
[4.943s] -- Up-to-date symlink: /home/patryk/ros2_ws/install/px4_msgs/include/px4_msgs/msg/rosidl_typesupport_opensplice_c__visibility_control.h
[4.946s] -- Up-to-date symlink: /home/patryk/ros2_ws/install/px4_msgs/lib/libpx4_msgs__rosidl_typesupport_opensplice_c.so
[4.949s] -- Up-to-date symlink: /home/patryk/ros2_ws/install/px4_msgs/share/px4_msgs/msg/dds_opensplice/ManualControlSetpoint_.idl
[4.954s] -- Up-to-date symlink: /home/patryk/ros2_ws/install/px4_msgs/include/px4_msgs/msg/dds_opensplice/ManualControlSetpoint_.h
[4.955s] -- Up-to-date symlink: /home/patryk/ros2_ws/install/px4_msgs/include/px4_msgs/msg/dds_opensplice/ManualControlSetpoint_Dcps.h
[4.956s] -- Up-to-date symlink: /home/patryk/ros2_ws/install/px4_msgs/include/px4_msgs/msg/dds_opensplice/ManualControlSetpoint_Dcps_impl.h
[4.958s] -- Up-to-date symlink: /home/patryk/ros2_ws/install/px4_msgs/include/px4_msgs/msg/dds_opensplice/ManualControlSetpoint_SplDcps.h
[4.959s] -- Up-to-date symlink: /home/patryk/ros2_ws/install/px4_msgs/include/px4_msgs/msg/dds_opensplice/ccpp_ManualControlSetpoint_.h
[4.963s] -- Up-to-date symlink: /home/patryk/ros2_ws/install/px4_msgs/include/px4_msgs/msg/manual_control_setpoint__rosidl_typesupport_opensplice_cpp.hpp
[4.964s] -- Up-to-date symlink: /home/patryk/ros2_ws/install/px4_msgs/include/px4_msgs/msg/rosidl_typesupport_opensplice_cpp__visibility_control.h
[4.965s] -- Up-to-date symlink: /home/patryk/ros2_ws/install/px4_msgs/lib/libpx4_msgs__rosidl_typesupport_opensplice_cpp.so
[4.968s] -- Up-to-date symlink: /home/patryk/ros2_ws/install/px4_msgs/include/px4_msgs/msg/manual_control_setpoint__rosidl_typesupport_introspection_cpp.hpp
[4.971s] -- Up-to-date symlink: /home/patryk/ros2_ws/install/px4_msgs/lib/libpx4_msgs__rosidl_typesupport_introspection_cpp.so
[4.973s] -- Up-to-date symlink: /home/patryk/ros2_ws/install/px4_msgs/share/px4_msgs/environment/pythonpath.sh
[4.974s] -- Up-to-date symlink: /home/patryk/ros2_ws/install/px4_msgs/lib/python3.6/site-packages/px4_msgs/__init__.py
[4.977s] -- Up-to-date symlink: /home/patryk/ros2_ws/install/px4_msgs/lib/python3.6/site-packages/px4_msgs/msg/__init__.py
[4.978s] -- Up-to-date symlink: /home/patryk/ros2_ws/install/px4_msgs/lib/python3.6/site-packages/px4_msgs/msg/_manual_control_setpoint.py
[4.982s] -- Up-to-date symlink: /home/patryk/ros2_ws/install/px4_msgs/lib/python3.6/site-packages/px4_msgs/px4_msgs_s__rosidl_typesupport_c.cpython-36m-aarch64-linux-gnu.so
[4.985s] -- Up-to-date symlink: /home/patryk/ros2_ws/install/px4_msgs/lib/python3.6/site-packages/px4_msgs/px4_msgs_s__rosidl_typesupport_introspection_c.cpython-36m-aarch64-linux-gnu.so
[4.988s] -- Up-to-date symlink: /home/patryk/ros2_ws/install/px4_msgs/lib/python3.6/site-packages/px4_msgs/px4_msgs_s__rosidl_typesupport_fastrtps_c.cpython-36m-aarch64-linux-gnu.so
[4.991s] -- Up-to-date symlink: /home/patryk/ros2_ws/install/px4_msgs/lib/python3.6/site-packages/px4_msgs/px4_msgs_s__rosidl_typesupport_opensplice_c.cpython-36m-aarch64-linux-gnu.so
[4.994s] -- Up-to-date symlink: /home/patryk/ros2_ws/install/px4_msgs/lib/libpx4_msgs__python.so
[4.995s] -- Up-to-date symlink: /home/patryk/ros2_ws/install/px4_msgs/share/px4_msgs/msg/ManualControlSetpoint.idl
[4.997s] -- Up-to-date symlink: /home/patryk/ros2_ws/install/px4_msgs/share/px4_msgs/msg/ManualControlSetpoint.msg
[4.998s] -- Up-to-date symlink: /home/patryk/ros2_ws/install/px4_msgs/share/ament_index/resource_index/package_run_dependencies/px4_msgs
[5.000s] -- Up-to-date symlink: /home/patryk/ros2_ws/install/px4_msgs/share/ament_index/resource_index/parent_prefix_path/px4_msgs
[5.002s] -- Up-to-date symlink: /home/patryk/ros2_ws/install/px4_msgs/share/px4_msgs/environment/ament_prefix_path.sh
[5.004s] -- Up-to-date symlink: /home/patryk/ros2_ws/install/px4_msgs/share/px4_msgs/environment/path.sh
[5.005s] -- Up-to-date symlink: /home/patryk/ros2_ws/install/px4_msgs/share/px4_msgs/local_setup.bash
[5.007s] -- Up-to-date symlink: /home/patryk/ros2_ws/install/px4_msgs/share/px4_msgs/local_setup.sh
[5.009s] -- Up-to-date symlink: /home/patryk/ros2_ws/install/px4_msgs/share/px4_msgs/local_setup.zsh
[5.011s] -- Up-to-date symlink: /home/patryk/ros2_ws/install/px4_msgs/share/ament_index/resource_index/packages/px4_msgs
[5.012s] -- Up-to-date symlink: /home/patryk/ros2_ws/install/px4_msgs/share/px4_msgs/cmake/rosidl_cmake-extras.cmake
[5.014s] -- Up-to-date symlink: /home/patryk/ros2_ws/install/px4_msgs/share/px4_msgs/cmake/ament_cmake_export_libraries-extras.cmake
[5.016s] -- Up-to-date symlink: /home/patryk/ros2_ws/install/px4_msgs/share/px4_msgs/cmake/ament_cmake_export_include_directories-extras.cmake
[5.018s] -- Up-to-date symlink: /home/patryk/ros2_ws/install/px4_msgs/share/px4_msgs/cmake/rosidl_cmake_export_typesupport_libraries-extras.cmake
[5.019s] -- Up-to-date symlink: /home/patryk/ros2_ws/install/px4_msgs/share/px4_msgs/cmake/ament_cmake_export_dependencies-extras.cmake
[5.021s] -- Up-to-date symlink: /home/patryk/ros2_ws/install/px4_msgs/share/px4_msgs/cmake/px4_msgsConfig.cmake
[5.022s] -- Up-to-date symlink: /home/patryk/ros2_ws/install/px4_msgs/share/px4_msgs/cmake/px4_msgsConfig-version.cmake
[5.024s] -- Up-to-date symlink: /home/patryk/ros2_ws/install/px4_msgs/share/px4_msgs/package.xml
[5.375s] make: warning:  Clock skew detected.  Your build may be incomplete.
[5.385s] Invoked command in '/home/patryk/ros2_ws/build/px4_msgs' returned '0': CMAKE_PREFIX_PATH=${CMAKE_PREFIX_PATH}:/home/patryk/ros2_ws/install/controller /usr/bin/cmake --build /home/patryk/ros2_ws/build/px4_msgs --target install -- -j4 -l4
