[1.685s] DEBUG:colcon:Command line arguments: ['/usr/bin/colcon', 'build', '--symlink-install']
[1.685s] DEBUG:colcon:Parsed command line arguments: Namespace(allow_overriding=[], ament_cmake_args=None, base_paths=['.'], build_base='build', catkin_cmake_args=None, catkin_skip_building_tests=False, cmake_args=None, cmake_clean_cache=False, cmake_clean_first=False, cmake_force_configure=False, cmake_target=None, cmake_target_skip_unavailable=False, continue_on_error=False, event_handlers=None, executor='parallel', ignore_user_meta=False, install_base='install', log_base=None, log_level=None, main=<bound method BuildVerb.main of <colcon_core.verb.build.BuildVerb object at 0x7fac3e2940>>, merge_install=False, metas=['./colcon.meta'], packages_above=None, packages_above_and_dependencies=None, packages_above_depth=None, packages_end=None, packages_ignore=None, packages_ignore_regex=None, packages_select=None, packages_select_build_failed=False, packages_select_by_dep=None, packages_select_regex=None, packages_select_test_failures=False, packages_skip=None, packages_skip_build_finished=False, packages_skip_by_dep=None, packages_skip_regex=None, packages_skip_test_passed=False, packages_skip_up_to=None, packages_start=None, packages_up_to=None, packages_up_to_regex=None, parallel_workers=4, paths=None, symlink_install=True, test_result_base=None, verb_extension=<colcon_core.verb.build.BuildVerb object at 0x7fac3e2940>, verb_name='build', verb_parser=<colcon_defaults.argument_parser.defaults.DefaultArgumentsDecorator object at 0x7fac3e2cc0>)
[1.764s] Level 1:colcon.colcon_core.package_discovery:discover_packages(colcon_meta) check parameters
[1.765s] Level 1:colcon.colcon_core.package_discovery:discover_packages(recursive) check parameters
[1.765s] Level 1:colcon.colcon_core.package_discovery:discover_packages(ignore) check parameters
[1.765s] Level 1:colcon.colcon_core.package_discovery:discover_packages(path) check parameters
[1.765s] Level 1:colcon.colcon_core.package_discovery:discover_packages(colcon_meta) discover
[1.767s] Level 1:colcon.colcon_core.package_discovery:discover_packages(recursive) discover
[1.767s] INFO:colcon.colcon_core.package_discovery:Crawling recursively for packages in '/home/patryk/ros2_ws'
[1.768s] Level 1:colcon.colcon_core.package_identification:_identify(.) by extensions ['ignore', 'ignore_ament_install']
[1.768s] Level 1:colcon.colcon_core.package_identification:_identify(.) by extension 'ignore'
[1.769s] Level 1:colcon.colcon_core.package_identification:_identify(.) by extension 'ignore_ament_install'
[1.769s] Level 1:colcon.colcon_core.package_identification:_identify(.) by extensions ['colcon_pkg']
[1.769s] Level 1:colcon.colcon_core.package_identification:_identify(.) by extension 'colcon_pkg'
[1.769s] Level 1:colcon.colcon_core.package_identification:_identify(.) by extensions ['colcon_meta']
[1.770s] Level 1:colcon.colcon_core.package_identification:_identify(.) by extension 'colcon_meta'
[1.770s] Level 1:colcon.colcon_core.package_identification:_identify(.) by extensions ['ros']
[1.770s] Level 1:colcon.colcon_core.package_identification:_identify(.) by extension 'ros'
[1.865s] Level 1:colcon.colcon_core.package_identification:_identify(.) by extensions ['cmake', 'python']
[1.865s] Level 1:colcon.colcon_core.package_identification:_identify(.) by extension 'cmake'
[1.865s] Level 1:colcon.colcon_core.package_identification:_identify(.) by extension 'python'
[1.865s] Level 1:colcon.colcon_core.package_identification:_identify(.) by extensions ['python_setup_py']
[1.866s] Level 1:colcon.colcon_core.package_identification:_identify(.) by extension 'python_setup_py'
[1.866s] Level 1:colcon.colcon_core.package_identification:_identify(build) by extensions ['ignore', 'ignore_ament_install']
[1.867s] Level 1:colcon.colcon_core.package_identification:_identify(build) by extension 'ignore'
[1.867s] Level 1:colcon.colcon_core.package_identification:_identify(build) ignored
[1.869s] Level 1:colcon.colcon_core.package_identification:_identify(install) by extensions ['ignore', 'ignore_ament_install']
[1.869s] Level 1:colcon.colcon_core.package_identification:_identify(install) by extension 'ignore'
[1.870s] Level 1:colcon.colcon_core.package_identification:_identify(install) ignored
[1.872s] Level 1:colcon.colcon_core.package_identification:_identify(log) by extensions ['ignore', 'ignore_ament_install']
[1.872s] Level 1:colcon.colcon_core.package_identification:_identify(log) by extension 'ignore'
[1.873s] Level 1:colcon.colcon_core.package_identification:_identify(log) ignored
[1.873s] Level 1:colcon.colcon_core.package_identification:_identify(src) by extensions ['ignore', 'ignore_ament_install']
[1.873s] Level 1:colcon.colcon_core.package_identification:_identify(src) by extension 'ignore'
[1.874s] Level 1:colcon.colcon_core.package_identification:_identify(src) by extension 'ignore_ament_install'
[1.874s] Level 1:colcon.colcon_core.package_identification:_identify(src) by extensions ['colcon_pkg']
[1.874s] Level 1:colcon.colcon_core.package_identification:_identify(src) by extension 'colcon_pkg'
[1.874s] Level 1:colcon.colcon_core.package_identification:_identify(src) by extensions ['colcon_meta']
[1.875s] Level 1:colcon.colcon_core.package_identification:_identify(src) by extension 'colcon_meta'
[1.875s] Level 1:colcon.colcon_core.package_identification:_identify(src) by extensions ['ros']
[1.875s] Level 1:colcon.colcon_core.package_identification:_identify(src) by extension 'ros'
[1.876s] Level 1:colcon.colcon_core.package_identification:_identify(src) by extensions ['cmake', 'python']
[1.876s] Level 1:colcon.colcon_core.package_identification:_identify(src) by extension 'cmake'
[1.876s] Level 1:colcon.colcon_core.package_identification:_identify(src) by extension 'python'
[1.876s] Level 1:colcon.colcon_core.package_identification:_identify(src) by extensions ['python_setup_py']
[1.876s] Level 1:colcon.colcon_core.package_identification:_identify(src) by extension 'python_setup_py'
[1.877s] Level 1:colcon.colcon_core.package_identification:_identify(src/controller) by extensions ['ignore', 'ignore_ament_install']
[1.877s] Level 1:colcon.colcon_core.package_identification:_identify(src/controller) by extension 'ignore'
[1.878s] Level 1:colcon.colcon_core.package_identification:_identify(src/controller) by extension 'ignore_ament_install'
[1.878s] Level 1:colcon.colcon_core.package_identification:_identify(src/controller) by extensions ['colcon_pkg']
[1.878s] Level 1:colcon.colcon_core.package_identification:_identify(src/controller) by extension 'colcon_pkg'
[1.878s] Level 1:colcon.colcon_core.package_identification:_identify(src/controller) by extensions ['colcon_meta']
[1.879s] Level 1:colcon.colcon_core.package_identification:_identify(src/controller) by extension 'colcon_meta'
[1.879s] Level 1:colcon.colcon_core.package_identification:_identify(src/controller) by extensions ['ros']
[1.879s] Level 1:colcon.colcon_core.package_identification:_identify(src/controller) by extension 'ros'
[1.891s] DEBUG:colcon.colcon_core.package_identification:Package 'src/controller' with type 'ros.ament_python' and name 'controller'
[1.892s] Level 1:colcon.colcon_core.package_identification:_identify(src/px4_msgs) by extensions ['ignore', 'ignore_ament_install']
[1.892s] Level 1:colcon.colcon_core.package_identification:_identify(src/px4_msgs) by extension 'ignore'
[1.893s] Level 1:colcon.colcon_core.package_identification:_identify(src/px4_msgs) by extension 'ignore_ament_install'
[1.893s] Level 1:colcon.colcon_core.package_identification:_identify(src/px4_msgs) by extensions ['colcon_pkg']
[1.893s] Level 1:colcon.colcon_core.package_identification:_identify(src/px4_msgs) by extension 'colcon_pkg'
[1.893s] Level 1:colcon.colcon_core.package_identification:_identify(src/px4_msgs) by extensions ['colcon_meta']
[1.893s] Level 1:colcon.colcon_core.package_identification:_identify(src/px4_msgs) by extension 'colcon_meta'
[1.894s] Level 1:colcon.colcon_core.package_identification:_identify(src/px4_msgs) by extensions ['ros']
[1.894s] Level 1:colcon.colcon_core.package_identification:_identify(src/px4_msgs) by extension 'ros'
[1.897s] DEBUG:colcon.colcon_core.package_identification:Package 'src/px4_msgs' with type 'ros.ament_cmake' and name 'px4_msgs'
[1.897s] Level 1:colcon.colcon_core.package_discovery:discover_packages(recursive) using defaults
[1.898s] Level 1:colcon.colcon_core.package_discovery:discover_packages(ignore) discover
[1.898s] Level 1:colcon.colcon_core.package_discovery:discover_packages(ignore) using defaults
[1.898s] Level 1:colcon.colcon_core.package_discovery:discover_packages(path) discover
[1.898s] Level 1:colcon.colcon_core.package_discovery:discover_packages(path) using defaults
[2.006s] Level 1:colcon.colcon_core.package_discovery:discover_packages(prefix_path) check parameters
[2.006s] Level 1:colcon.colcon_core.package_discovery:discover_packages(prefix_path) discover
[2.017s] DEBUG:colcon.colcon_installed_package_information.package_discovery:Found 2 installed packages in /home/patryk/ros2_ws/install
[2.053s] DEBUG:colcon.colcon_installed_package_information.package_discovery:Found 264 installed packages in /home/patryk/ros2_dashing/ros2-linux
[2.066s] Level 1:colcon.colcon_core.package_discovery:discover_packages(prefix_path) using defaults
[2.214s] Level 5:colcon.colcon_core.verb:set package 'controller' build argument 'cmake_args' from command line to 'None'
[2.215s] Level 5:colcon.colcon_core.verb:set package 'controller' build argument 'cmake_target' from command line to 'None'
[2.215s] Level 5:colcon.colcon_core.verb:set package 'controller' build argument 'cmake_target_skip_unavailable' from command line to 'False'
[2.215s] Level 5:colcon.colcon_core.verb:set package 'controller' build argument 'cmake_clean_cache' from command line to 'False'
[2.215s] Level 5:colcon.colcon_core.verb:set package 'controller' build argument 'cmake_clean_first' from command line to 'False'
[2.215s] Level 5:colcon.colcon_core.verb:set package 'controller' build argument 'cmake_force_configure' from command line to 'False'
[2.215s] Level 5:colcon.colcon_core.verb:set package 'controller' build argument 'ament_cmake_args' from command line to 'None'
[2.216s] Level 5:colcon.colcon_core.verb:set package 'controller' build argument 'catkin_cmake_args' from command line to 'None'
[2.216s] Level 5:colcon.colcon_core.verb:set package 'controller' build argument 'catkin_skip_building_tests' from command line to 'False'
[2.216s] DEBUG:colcon.colcon_core.verb:Building package 'controller' with the following arguments: {'ament_cmake_args': None, 'build_base': '/home/patryk/ros2_ws/build/controller', 'catkin_cmake_args': None, 'catkin_skip_building_tests': False, 'cmake_args': None, 'cmake_clean_cache': False, 'cmake_clean_first': False, 'cmake_force_configure': False, 'cmake_target': None, 'cmake_target_skip_unavailable': False, 'install_base': '/home/patryk/ros2_ws/install/controller', 'merge_install': False, 'path': '/home/patryk/ros2_ws/src/controller', 'symlink_install': True, 'test_result_base': None}
[2.219s] Level 5:colcon.colcon_core.verb:set package 'px4_msgs' build argument 'cmake_args' from command line to 'None'
[2.219s] Level 5:colcon.colcon_core.verb:set package 'px4_msgs' build argument 'cmake_target' from command line to 'None'
[2.220s] Level 5:colcon.colcon_core.verb:set package 'px4_msgs' build argument 'cmake_target_skip_unavailable' from command line to 'False'
[2.220s] Level 5:colcon.colcon_core.verb:set package 'px4_msgs' build argument 'cmake_clean_cache' from command line to 'False'
[2.220s] Level 5:colcon.colcon_core.verb:set package 'px4_msgs' build argument 'cmake_clean_first' from command line to 'False'
[2.220s] Level 5:colcon.colcon_core.verb:set package 'px4_msgs' build argument 'cmake_force_configure' from command line to 'False'
[2.220s] Level 5:colcon.colcon_core.verb:set package 'px4_msgs' build argument 'ament_cmake_args' from command line to 'None'
[2.220s] Level 5:colcon.colcon_core.verb:set package 'px4_msgs' build argument 'catkin_cmake_args' from command line to 'None'
[2.221s] Level 5:colcon.colcon_core.verb:set package 'px4_msgs' build argument 'catkin_skip_building_tests' from command line to 'False'
[2.221s] DEBUG:colcon.colcon_core.verb:Building package 'px4_msgs' with the following arguments: {'ament_cmake_args': None, 'build_base': '/home/patryk/ros2_ws/build/px4_msgs', 'catkin_cmake_args': None, 'catkin_skip_building_tests': False, 'cmake_args': None, 'cmake_clean_cache': False, 'cmake_clean_first': False, 'cmake_force_configure': False, 'cmake_target': None, 'cmake_target_skip_unavailable': False, 'install_base': '/home/patryk/ros2_ws/install/px4_msgs', 'merge_install': False, 'path': '/home/patryk/ros2_ws/src/px4_msgs', 'symlink_install': True, 'test_result_base': None}
[2.222s] INFO:colcon.colcon_core.executor:Executing jobs using 'parallel' executor
[2.226s] DEBUG:colcon.colcon_parallel_executor.executor.parallel:run_until_complete
[2.227s] INFO:colcon.colcon_ros.task.ament_python.build:Building ROS package in '/home/patryk/ros2_ws/src/controller' with build type 'ament_python'
[2.228s] Level 1:colcon.colcon_core.shell:create_environment_hook('controller', 'ament_prefix_path')
[2.241s] INFO:colcon.colcon_core.plugin_system:Skipping extension 'colcon_core.shell.bat': Not used on non-Windows systems
[2.242s] INFO:colcon.colcon_core.shell:Creating environment hook '/home/patryk/ros2_ws/install/controller/share/controller/hook/ament_prefix_path.ps1'
[2.245s] INFO:colcon.colcon_core.shell:Creating environment descriptor '/home/patryk/ros2_ws/install/controller/share/controller/hook/ament_prefix_path.dsv'
[2.248s] INFO:colcon.colcon_core.shell:Creating environment hook '/home/patryk/ros2_ws/install/controller/share/controller/hook/ament_prefix_path.sh'
[2.253s] INFO:colcon.colcon_core.shell:Skip shell extension 'powershell' for command environment: Not usable outside of PowerShell
[2.254s] DEBUG:colcon.colcon_core.shell:Skip shell extension 'dsv' for command environment
[2.307s] INFO:colcon.colcon_ros.task.ament_cmake.build:Building ROS package in '/home/patryk/ros2_ws/src/px4_msgs' with build type 'ament_cmake'
[2.308s] INFO:colcon.colcon_cmake.task.cmake.build:Building CMake package in '/home/patryk/ros2_ws/src/px4_msgs'
[2.311s] INFO:colcon.colcon_core.shell:Skip shell extension 'powershell' for command environment: Not usable outside of PowerShell
[2.312s] DEBUG:colcon.colcon_core.shell:Skip shell extension 'dsv' for command environment
[4.055s] INFO:colcon.colcon_core.task.python.build:Building Python package in '/home/patryk/ros2_ws/src/controller'
[4.058s] INFO:colcon.colcon_core.shell:Skip shell extension 'powershell' for command environment: Not usable outside of PowerShell
[4.059s] DEBUG:colcon.colcon_core.shell:Skip shell extension 'dsv' for command environment
[4.128s] DEBUG:colcon.colcon_core.event_handler.log_command:Invoking command in '/home/patryk/ros2_ws/build/px4_msgs': CMAKE_PREFIX_PATH=${CMAKE_PREFIX_PATH}:/home/patryk/ros2_ws/install/controller /usr/bin/cmake --build /home/patryk/ros2_ws/build/px4_msgs -- -j4 -l4
[5.362s] DEBUG:colcon.colcon_core.event_handler.log_command:Invoked command in '/home/patryk/ros2_ws/build/px4_msgs' returned '0': CMAKE_PREFIX_PATH=${CMAKE_PREFIX_PATH}:/home/patryk/ros2_ws/install/controller /usr/bin/cmake --build /home/patryk/ros2_ws/build/px4_msgs -- -j4 -l4
[5.759s] DEBUG:colcon.colcon_core.event_handler.log_command:Invoking command in '/home/patryk/ros2_ws/build/px4_msgs': CMAKE_PREFIX_PATH=${CMAKE_PREFIX_PATH}:/home/patryk/ros2_ws/install/controller /usr/bin/cmake --build /home/patryk/ros2_ws/build/px4_msgs --target install -- -j4 -l4
[7.039s] DEBUG:colcon.colcon_core.event_handler.log_command:Invoking command in '/home/patryk/ros2_ws/build/controller': PYTHONPATH=/home/patryk/ros2_ws/build/controller/prefix_override:/home/patryk/ros2_ws/install/controller/lib/python3.6/site-packages:${PYTHONPATH} /usr/bin/python3 setup.py develop --editable --build-directory /home/patryk/ros2_ws/build/controller/build --no-deps install_data
[7.474s] Level 1:colcon.colcon_core.environment:create_environment_scripts_only(px4_msgs)
[7.479s] DEBUG:colcon.colcon_core.event_handler.log_command:Invoked command in '/home/patryk/ros2_ws/build/px4_msgs' returned '0': CMAKE_PREFIX_PATH=${CMAKE_PREFIX_PATH}:/home/patryk/ros2_ws/install/controller /usr/bin/cmake --build /home/patryk/ros2_ws/build/px4_msgs --target install -- -j4 -l4
[7.491s] Level 1:colcon.colcon_core.environment:checking '/home/patryk/ros2_ws/install/px4_msgs' for CMake module files
[7.495s] Level 1:colcon.colcon_core.environment:checking '/home/patryk/ros2_ws/install/px4_msgs' for CMake config files
[7.499s] Level 1:colcon.colcon_core.shell:create_environment_hook('px4_msgs', 'cmake_prefix_path')
[7.502s] INFO:colcon.colcon_core.shell:Creating environment hook '/home/patryk/ros2_ws/install/px4_msgs/share/px4_msgs/hook/cmake_prefix_path.ps1'
[7.504s] INFO:colcon.colcon_core.shell:Creating environment descriptor '/home/patryk/ros2_ws/install/px4_msgs/share/px4_msgs/hook/cmake_prefix_path.dsv'
[7.506s] INFO:colcon.colcon_core.shell:Creating environment hook '/home/patryk/ros2_ws/install/px4_msgs/share/px4_msgs/hook/cmake_prefix_path.sh'
[7.510s] Level 1:colcon.colcon_core.environment:checking '/home/patryk/ros2_ws/install/px4_msgs/lib'
[7.511s] Level 1:colcon.colcon_core.shell:create_environment_hook('px4_msgs', 'ld_library_path_lib')
[7.513s] INFO:colcon.colcon_core.shell:Creating environment hook '/home/patryk/ros2_ws/install/px4_msgs/share/px4_msgs/hook/ld_library_path_lib.ps1'
[7.515s] INFO:colcon.colcon_core.shell:Creating environment descriptor '/home/patryk/ros2_ws/install/px4_msgs/share/px4_msgs/hook/ld_library_path_lib.dsv'
[7.516s] INFO:colcon.colcon_core.shell:Creating environment hook '/home/patryk/ros2_ws/install/px4_msgs/share/px4_msgs/hook/ld_library_path_lib.sh'
[7.518s] Level 1:colcon.colcon_core.environment:checking '/home/patryk/ros2_ws/install/px4_msgs/bin'
[7.518s] Level 1:colcon.colcon_core.environment:checking '/home/patryk/ros2_ws/install/px4_msgs/lib/pkgconfig/px4_msgs.pc'
[7.519s] Level 1:colcon.colcon_core.environment:checking '/home/patryk/ros2_ws/install/px4_msgs/lib/python3.6/site-packages'
[7.519s] Level 1:colcon.colcon_core.shell:create_environment_hook('px4_msgs', 'pythonpath')
[7.521s] INFO:colcon.colcon_core.shell:Creating environment hook '/home/patryk/ros2_ws/install/px4_msgs/share/px4_msgs/hook/pythonpath.ps1'
[7.523s] INFO:colcon.colcon_core.shell:Creating environment descriptor '/home/patryk/ros2_ws/install/px4_msgs/share/px4_msgs/hook/pythonpath.dsv'
[7.525s] INFO:colcon.colcon_core.shell:Creating environment hook '/home/patryk/ros2_ws/install/px4_msgs/share/px4_msgs/hook/pythonpath.sh'
[7.527s] Level 1:colcon.colcon_core.environment:checking '/home/patryk/ros2_ws/install/px4_msgs/bin'
[7.530s] INFO:colcon.colcon_core.shell:Creating package script '/home/patryk/ros2_ws/install/px4_msgs/share/px4_msgs/package.ps1'
[7.535s] INFO:colcon.colcon_core.shell:Creating package descriptor '/home/patryk/ros2_ws/install/px4_msgs/share/px4_msgs/package.dsv'
[7.538s] INFO:colcon.colcon_core.shell:Creating package script '/home/patryk/ros2_ws/install/px4_msgs/share/px4_msgs/package.sh'
[7.543s] INFO:colcon.colcon_core.shell:Creating package script '/home/patryk/ros2_ws/install/px4_msgs/share/px4_msgs/package.bash'
[7.548s] INFO:colcon.colcon_core.shell:Creating package script '/home/patryk/ros2_ws/install/px4_msgs/share/px4_msgs/package.zsh'
[7.552s] Level 1:colcon.colcon_core.environment:create_file_with_runtime_dependencies(/home/patryk/ros2_ws/install/px4_msgs/share/colcon-core/packages/px4_msgs)
[7.887s] Level 1:colcon.colcon_core.environment:create_environment_scripts_only(px4_msgs)
[7.890s] Level 1:colcon.colcon_core.environment:checking '/home/patryk/ros2_ws/install/px4_msgs' for CMake module files
[7.893s] Level 1:colcon.colcon_core.environment:checking '/home/patryk/ros2_ws/install/px4_msgs' for CMake config files
[7.898s] Level 1:colcon.colcon_core.shell:create_environment_hook('px4_msgs', 'cmake_prefix_path')
[7.900s] INFO:colcon.colcon_core.shell:Creating environment hook '/home/patryk/ros2_ws/install/px4_msgs/share/px4_msgs/hook/cmake_prefix_path.ps1'
[7.902s] INFO:colcon.colcon_core.shell:Creating environment descriptor '/home/patryk/ros2_ws/install/px4_msgs/share/px4_msgs/hook/cmake_prefix_path.dsv'
[7.903s] INFO:colcon.colcon_core.shell:Creating environment hook '/home/patryk/ros2_ws/install/px4_msgs/share/px4_msgs/hook/cmake_prefix_path.sh'
[7.907s] Level 1:colcon.colcon_core.environment:checking '/home/patryk/ros2_ws/install/px4_msgs/lib'
[7.907s] Level 1:colcon.colcon_core.shell:create_environment_hook('px4_msgs', 'ld_library_path_lib')
[7.910s] INFO:colcon.colcon_core.shell:Creating environment hook '/home/patryk/ros2_ws/install/px4_msgs/share/px4_msgs/hook/ld_library_path_lib.ps1'
[7.911s] INFO:colcon.colcon_core.shell:Creating environment descriptor '/home/patryk/ros2_ws/install/px4_msgs/share/px4_msgs/hook/ld_library_path_lib.dsv'
[7.913s] INFO:colcon.colcon_core.shell:Creating environment hook '/home/patryk/ros2_ws/install/px4_msgs/share/px4_msgs/hook/ld_library_path_lib.sh'
[7.914s] Level 1:colcon.colcon_core.environment:checking '/home/patryk/ros2_ws/install/px4_msgs/bin'
[7.915s] Level 1:colcon.colcon_core.environment:checking '/home/patryk/ros2_ws/install/px4_msgs/lib/pkgconfig/px4_msgs.pc'
[7.915s] Level 1:colcon.colcon_core.environment:checking '/home/patryk/ros2_ws/install/px4_msgs/lib/python3.6/site-packages'
[7.916s] Level 1:colcon.colcon_core.shell:create_environment_hook('px4_msgs', 'pythonpath')
[7.918s] INFO:colcon.colcon_core.shell:Creating environment hook '/home/patryk/ros2_ws/install/px4_msgs/share/px4_msgs/hook/pythonpath.ps1'
[7.919s] INFO:colcon.colcon_core.shell:Creating environment descriptor '/home/patryk/ros2_ws/install/px4_msgs/share/px4_msgs/hook/pythonpath.dsv'
[7.921s] INFO:colcon.colcon_core.shell:Creating environment hook '/home/patryk/ros2_ws/install/px4_msgs/share/px4_msgs/hook/pythonpath.sh'
[7.923s] Level 1:colcon.colcon_core.environment:checking '/home/patryk/ros2_ws/install/px4_msgs/bin'
[7.926s] INFO:colcon.colcon_core.shell:Creating package script '/home/patryk/ros2_ws/install/px4_msgs/share/px4_msgs/package.ps1'
[7.929s] INFO:colcon.colcon_core.shell:Creating package descriptor '/home/patryk/ros2_ws/install/px4_msgs/share/px4_msgs/package.dsv'
[7.931s] INFO:colcon.colcon_core.shell:Creating package script '/home/patryk/ros2_ws/install/px4_msgs/share/px4_msgs/package.sh'
[7.934s] INFO:colcon.colcon_core.shell:Creating package script '/home/patryk/ros2_ws/install/px4_msgs/share/px4_msgs/package.bash'
[7.936s] INFO:colcon.colcon_core.shell:Creating package script '/home/patryk/ros2_ws/install/px4_msgs/share/px4_msgs/package.zsh'
[7.937s] Level 1:colcon.colcon_core.environment:create_file_with_runtime_dependencies(/home/patryk/ros2_ws/install/px4_msgs/share/colcon-core/packages/px4_msgs)
[10.232s] Level 1:colcon.colcon_core.shell:create_environment_hook('controller', 'pythonpath_develop')
[10.236s] INFO:colcon.colcon_core.shell:Creating environment hook '/home/patryk/ros2_ws/build/controller/share/controller/hook/pythonpath_develop.ps1'
[10.237s] DEBUG:colcon.colcon_core.event_handler.log_command:Invoked command in '/home/patryk/ros2_ws/build/controller' returned '0': PYTHONPATH=/home/patryk/ros2_ws/build/controller/prefix_override:/home/patryk/ros2_ws/install/controller/lib/python3.6/site-packages:${PYTHONPATH} /usr/bin/python3 setup.py develop --editable --build-directory /home/patryk/ros2_ws/build/controller/build --no-deps install_data
[10.239s] INFO:colcon.colcon_core.shell:Creating environment descriptor '/home/patryk/ros2_ws/build/controller/share/controller/hook/pythonpath_develop.dsv'
[10.240s] INFO:colcon.colcon_core.shell:Creating environment hook '/home/patryk/ros2_ws/build/controller/share/controller/hook/pythonpath_develop.sh'
[10.244s] Level 1:colcon.colcon_core.environment:checking '/home/patryk/ros2_ws/install/controller' for CMake module files
[10.246s] Level 1:colcon.colcon_core.environment:checking '/home/patryk/ros2_ws/install/controller' for CMake config files
[10.249s] Level 1:colcon.colcon_core.environment:checking '/home/patryk/ros2_ws/install/controller/lib'
[10.250s] Level 1:colcon.colcon_core.environment:checking '/home/patryk/ros2_ws/install/controller/bin'
[10.250s] Level 1:colcon.colcon_core.environment:checking '/home/patryk/ros2_ws/install/controller/lib/pkgconfig/controller.pc'
[10.251s] Level 1:colcon.colcon_core.environment:checking '/home/patryk/ros2_ws/install/controller/lib/python3.6/site-packages'
[10.251s] Level 1:colcon.colcon_core.shell:create_environment_hook('controller', 'pythonpath')
[10.253s] INFO:colcon.colcon_core.shell:Creating environment hook '/home/patryk/ros2_ws/install/controller/share/controller/hook/pythonpath.ps1'
[10.255s] INFO:colcon.colcon_core.shell:Creating environment descriptor '/home/patryk/ros2_ws/install/controller/share/controller/hook/pythonpath.dsv'
[10.256s] INFO:colcon.colcon_core.shell:Creating environment hook '/home/patryk/ros2_ws/install/controller/share/controller/hook/pythonpath.sh'
[10.258s] Level 1:colcon.colcon_core.environment:checking '/home/patryk/ros2_ws/install/controller/bin'
[10.259s] Level 1:colcon.colcon_core.environment:create_environment_scripts_only(controller)
[10.261s] INFO:colcon.colcon_core.shell:Creating package script '/home/patryk/ros2_ws/install/controller/share/controller/package.ps1'
[10.264s] INFO:colcon.colcon_core.shell:Creating package descriptor '/home/patryk/ros2_ws/install/controller/share/controller/package.dsv'
[10.266s] INFO:colcon.colcon_core.shell:Creating package script '/home/patryk/ros2_ws/install/controller/share/controller/package.sh'
[10.268s] INFO:colcon.colcon_core.shell:Creating package script '/home/patryk/ros2_ws/install/controller/share/controller/package.bash'
[10.269s] INFO:colcon.colcon_core.shell:Creating package script '/home/patryk/ros2_ws/install/controller/share/controller/package.zsh'
[10.270s] Level 1:colcon.colcon_core.environment:create_file_with_runtime_dependencies(/home/patryk/ros2_ws/install/controller/share/colcon-core/packages/controller)
[10.271s] DEBUG:colcon.colcon_parallel_executor.executor.parallel:closing loop
[10.272s] DEBUG:colcon.colcon_parallel_executor.executor.parallel:loop closed
[10.273s] DEBUG:colcon.colcon_parallel_executor.executor.parallel:run_until_complete finished with '0'
[10.273s] DEBUG:colcon.colcon_core.event_reactor:joining thread
[10.304s] INFO:colcon.colcon_core.plugin_system:Skipping extension 'colcon_notification.desktop_notification.terminal_notifier': Not used on non-Darwin systems
[10.305s] INFO:colcon.colcon_core.plugin_system:Skipping extension 'colcon_notification.desktop_notification.win32': Not used on non-Windows systems
[10.305s] INFO:colcon.colcon_notification.desktop_notification:Sending desktop notification using 'notify2'
[10.384s] DEBUG:colcon.colcon_core.event_reactor:joined thread
[10.387s] INFO:colcon.colcon_core.shell:Creating prefix script '/home/patryk/ros2_ws/install/local_setup.ps1'
[10.394s] INFO:colcon.colcon_core.shell:Creating prefix util module '/home/patryk/ros2_ws/install/_local_setup_util_ps1.py'
[10.404s] INFO:colcon.colcon_core.shell:Creating prefix chain script '/home/patryk/ros2_ws/install/setup.ps1'
[10.411s] INFO:colcon.colcon_core.shell:Creating prefix script '/home/patryk/ros2_ws/install/local_setup.sh'
[10.415s] INFO:colcon.colcon_core.shell:Creating prefix util module '/home/patryk/ros2_ws/install/_local_setup_util_sh.py'
[10.418s] INFO:colcon.colcon_core.shell:Creating prefix chain script '/home/patryk/ros2_ws/install/setup.sh'
[10.425s] INFO:colcon.colcon_core.shell:Creating prefix script '/home/patryk/ros2_ws/install/local_setup.bash'
[10.428s] INFO:colcon.colcon_core.shell:Creating prefix chain script '/home/patryk/ros2_ws/install/setup.bash'
[10.436s] INFO:colcon.colcon_core.shell:Creating prefix script '/home/patryk/ros2_ws/install/local_setup.zsh'
[10.439s] INFO:colcon.colcon_core.shell:Creating prefix chain script '/home/patryk/ros2_ws/install/setup.zsh'
