[1.824s] Invoking command in '/home/patryk/ros2_ws/build/px4_msgs': CMAKE_PREFIX_PATH=${CMAKE_PREFIX_PATH}:/home/patryk/ros2_ws/install/controller /usr/bin/cmake --build /home/patryk/ros2_ws/build/px4_msgs -- -j4 -l4
[1.944s] -- Found ament_cmake: 0.7.6 (/home/patryk/ros2_dashing/ros2-linux/share/ament_cmake/cmake)
[2.221s] -- Found PythonInterp: /home/patryk/.pyenv/shims/python3 (found suitable version "3.6.9", minimum required is "3") 
[2.221s] -- Using PYTHON_EXECUTABLE: /home/patryk/.pyenv/shims/python3
[3.688s] -- Found rosidl_default_generators: 0.7.0 (/home/patryk/ros2_dashing/ros2-linux/share/rosidl_default_generators/cmake)
[3.966s] -- Found rosidl_adapter: 0.7.10 (/home/patryk/ros2_dashing/ros2-linux/share/rosidl_adapter/cmake)
[4.238s] -- Found PrismTech OpenSplice: /usr/share/opensplice/cmake
[4.645s] -- Found PythonInterp: /home/patryk/.pyenv/shims/python3 (found version "3.6.9") 
[5.578s] -- Using all available rosidl_typesupport_c: rosidl_typesupport_fastrtps_c;rosidl_typesupport_introspection_c;rosidl_typesupport_opensplice_c
[5.598s] -- Using all available rosidl_typesupport_cpp: rosidl_typesupport_fastrtps_cpp;rosidl_typesupport_introspection_cpp;rosidl_typesupport_opensplice_cpp
[6.038s] -- Found rmw_implementation_cmake: 0.7.2 (/home/patryk/ros2_dashing/ros2-linux/share/rmw_implementation_cmake/cmake)
[6.307s] -- Found PythonInterp: /home/patryk/.pyenv/shims/python3 (found suitable version "3.6.9", minimum required is "3.5") 
[6.308s] -- Found python_cmake_module: 0.7.11 (/home/patryk/ros2_dashing/ros2-linux/share/python_cmake_module/cmake)
[6.582s] -- Using PYTHON_EXECUTABLE: /home/patryk/.pyenv/shims/python3
[6.582s] -- Using PYTHON_INCLUDE_DIRS: /usr/include/python3.6m
[6.583s] -- Using PYTHON_LIBRARIES: /usr/lib/aarch64-linux-gnu/libpython3.6m.so
[7.225s] -- Found ament_lint_auto: 0.7.12 (/home/patryk/ros2_dashing/ros2-linux/share/ament_lint_auto/cmake)
[7.265s] -- Added test 'lint_cmake' to check CMake code style
[7.268s] -- Added test 'xmllint' to check XML markup files
[7.286s] -- Configuring done
[7.509s] -- Generating done
[7.525s] -- Build files have been written to: /home/patryk/ros2_ws/build/px4_msgs
[7.667s] [  3%] Built target px4_msgs__dds_opensplice_idl
[7.668s] [  3%] Built target px4_msgs__cpp
[7.669s] [  9%] Built target px4_msgs__rosidl_generator_c
[7.770s] [ 15%] Built target px4_msgs__rosidl_typesupport_introspection_cpp
[7.784s] [ 21%] Built target px4_msgs__rosidl_typesupport_cpp
[7.791s] [ 27%] Built target px4_msgs__rosidl_typesupport_fastrtps_cpp
[7.840s] [ 43%] Built target px4_msgs__rosidl_typesupport_opensplice_cpp
[7.906s] [ 49%] Built target px4_msgs__rosidl_typesupport_introspection_c
[7.907s] [ 54%] Built target px4_msgs__rosidl_typesupport_c
[7.928s] [ 60%] Built target px4_msgs__rosidl_typesupport_fastrtps_c
[7.994s] [ 78%] Built target px4_msgs__rosidl_typesupport_opensplice_c
[8.079s] [ 78%] Built target px4_msgs
[8.167s] [ 80%] Built target px4_msgs__py
[8.277s] [ 84%] Built target px4_msgs__python
[8.395s] [ 88%] Built target px4_msgs__rosidl_typesupport_introspection_c__pyext
[8.398s] [ 92%] Built target px4_msgs__rosidl_typesupport_opensplice_c__pyext
[8.399s] [ 96%] Built target px4_msgs__rosidl_typesupport_fastrtps_c__pyext
[8.407s] [100%] Built target px4_msgs__rosidl_typesupport_c__pyext
[8.454s] Invoked command in '/home/patryk/ros2_ws/build/px4_msgs' returned '0': CMAKE_PREFIX_PATH=${CMAKE_PREFIX_PATH}:/home/patryk/ros2_ws/install/controller /usr/bin/cmake --build /home/patryk/ros2_ws/build/px4_msgs -- -j4 -l4
[8.828s] Invoking command in '/home/patryk/ros2_ws/build/px4_msgs': CMAKE_PREFIX_PATH=${CMAKE_PREFIX_PATH}:/home/patryk/ros2_ws/install/controller /usr/bin/cmake --build /home/patryk/ros2_ws/build/px4_msgs --target install -- -j4 -l4
[9.046s] [  3%] Built target px4_msgs__dds_opensplice_idl
[9.047s] [  3%] Built target px4_msgs__cpp
[9.053s] [  9%] Built target px4_msgs__rosidl_generator_c
[9.147s] [ 15%] Built target px4_msgs__rosidl_typesupport_introspection_cpp
[9.157s] [ 21%] Built target px4_msgs__rosidl_typesupport_cpp
[9.174s] [ 27%] Built target px4_msgs__rosidl_typesupport_fastrtps_cpp
[9.239s] [ 43%] Built target px4_msgs__rosidl_typesupport_opensplice_cpp
[9.253s] [ 49%] Built target px4_msgs__rosidl_typesupport_c
[9.272s] [ 54%] Built target px4_msgs__rosidl_typesupport_introspection_c
[9.300s] [ 60%] Built target px4_msgs__rosidl_typesupport_fastrtps_c
[9.384s] [ 78%] Built target px4_msgs__rosidl_typesupport_opensplice_c
[9.469s] [ 78%] Built target px4_msgs
[9.556s] [ 80%] Built target px4_msgs__py
[9.667s] [ 84%] Built target px4_msgs__python
[9.786s] [ 96%] Built target px4_msgs__rosidl_typesupport_fastrtps_c__pyext
[9.787s] [ 96%] Built target px4_msgs__rosidl_typesupport_c__pyext
[9.788s] [ 96%] Built target px4_msgs__rosidl_typesupport_introspection_c__pyext
[9.803s] [100%] Built target px4_msgs__rosidl_typesupport_opensplice_c__pyext
[9.884s] [36mInstall the project...[0m
[9.922s] -- Install configuration: ""
[9.923s] -- Up-to-date: /home/patryk/ros2_ws/install/px4_msgs/share/ament_index/resource_index/rosidl_interfaces/px4_msgs
[9.923s] -- Up-to-date: /home/patryk/ros2_ws/install/px4_msgs/lib/libpx4_msgs__rosidl_typesupport_c.so
[9.924s] -- Up-to-date: /home/patryk/ros2_ws/install/px4_msgs/share/px4_msgs/environment/library_path.sh
[9.925s] -- Up-to-date: /home/patryk/ros2_ws/install/px4_msgs/lib/libpx4_msgs__rosidl_typesupport_cpp.so
[9.925s] -- Up-to-date: /home/patryk/ros2_ws/install/px4_msgs/include/px4_msgs
[9.926s] -- Up-to-date: /home/patryk/ros2_ws/install/px4_msgs/include/px4_msgs/msg
[9.926s] -- Up-to-date: /home/patryk/ros2_ws/install/px4_msgs/include/px4_msgs/msg/manual_control_setpoint__rosidl_typesupport_fastrtps_c.h
[9.927s] -- Up-to-date: /home/patryk/ros2_ws/install/px4_msgs/include/px4_msgs/msg/rosidl_typesupport_fastrtps_c__visibility_control.h
[9.927s] -- Up-to-date: /home/patryk/ros2_ws/install/px4_msgs/lib/libpx4_msgs__rosidl_typesupport_fastrtps_c.so
[9.928s] -- Up-to-date: /home/patryk/ros2_ws/install/px4_msgs/include/px4_msgs
[9.929s] -- Up-to-date: /home/patryk/ros2_ws/install/px4_msgs/include/px4_msgs/msg
[9.929s] -- Up-to-date: /home/patryk/ros2_ws/install/px4_msgs/include/px4_msgs/msg/manual_control_setpoint__type_support.h
[9.930s] -- Up-to-date: /home/patryk/ros2_ws/install/px4_msgs/include/px4_msgs/msg/manual_control_setpoint.h
[9.930s] -- Up-to-date: /home/patryk/ros2_ws/install/px4_msgs/include/px4_msgs/msg/manual_control_setpoint__struct.h
[9.931s] -- Up-to-date: /home/patryk/ros2_ws/install/px4_msgs/include/px4_msgs/msg/manual_control_setpoint__functions.h
[9.931s] -- Up-to-date: /home/patryk/ros2_ws/install/px4_msgs/include/px4_msgs/msg/manual_control_setpoint__functions.c
[9.932s] -- Up-to-date: /home/patryk/ros2_ws/install/px4_msgs/include/px4_msgs/msg/rosidl_generator_c__visibility_control.h
[9.933s] -- Up-to-date: /home/patryk/ros2_ws/install/px4_msgs/lib/libpx4_msgs__rosidl_generator_c.so
[9.933s] -- Up-to-date: /home/patryk/ros2_ws/install/px4_msgs/include/px4_msgs
[9.934s] -- Up-to-date: /home/patryk/ros2_ws/install/px4_msgs/include/px4_msgs/msg
[9.934s] -- Up-to-date: /home/patryk/ros2_ws/install/px4_msgs/include/px4_msgs/msg/manual_control_setpoint__rosidl_typesupport_fastrtps_cpp.hpp
[9.935s] -- Up-to-date: /home/patryk/ros2_ws/install/px4_msgs/include/px4_msgs/msg/rosidl_typesupport_fastrtps_cpp__visibility_control.h
[9.935s] -- Up-to-date: /home/patryk/ros2_ws/install/px4_msgs/include/px4_msgs/msg/dds_fastrtps
[9.936s] -- Up-to-date: /home/patryk/ros2_ws/install/px4_msgs/lib/libpx4_msgs__rosidl_typesupport_fastrtps_cpp.so
[9.936s] -- Up-to-date: /home/patryk/ros2_ws/install/px4_msgs/include/px4_msgs
[9.937s] -- Up-to-date: /home/patryk/ros2_ws/install/px4_msgs/include/px4_msgs/msg
[9.938s] -- Up-to-date: /home/patryk/ros2_ws/install/px4_msgs/include/px4_msgs/msg/manual_control_setpoint.hpp
[9.938s] -- Up-to-date: /home/patryk/ros2_ws/install/px4_msgs/include/px4_msgs/msg/manual_control_setpoint__struct.hpp
[9.939s] -- Up-to-date: /home/patryk/ros2_ws/install/px4_msgs/include/px4_msgs/msg/manual_control_setpoint__traits.hpp
[9.939s] -- Up-to-date: /home/patryk/ros2_ws/install/px4_msgs/include/px4_msgs
[9.940s] -- Up-to-date: /home/patryk/ros2_ws/install/px4_msgs/include/px4_msgs/msg
[9.941s] -- Up-to-date: /home/patryk/ros2_ws/install/px4_msgs/include/px4_msgs/msg/rosidl_typesupport_introspection_c__visibility_control.h
[9.941s] -- Up-to-date: /home/patryk/ros2_ws/install/px4_msgs/include/px4_msgs/msg/manual_control_setpoint__rosidl_typesupport_introspection_c.h
[9.942s] -- Up-to-date: /home/patryk/ros2_ws/install/px4_msgs/include/px4_msgs/msg/manual_control_setpoint__type_support.c
[9.942s] -- Up-to-date: /home/patryk/ros2_ws/install/px4_msgs/lib/libpx4_msgs__rosidl_typesupport_introspection_c.so
[9.943s] -- Up-to-date: /home/patryk/ros2_ws/install/px4_msgs/include/px4_msgs
[9.943s] -- Up-to-date: /home/patryk/ros2_ws/install/px4_msgs/include/px4_msgs/msg
[9.944s] -- Up-to-date: /home/patryk/ros2_ws/install/px4_msgs/include/px4_msgs/msg/manual_control_setpoint__rosidl_typesupport_opensplice_c.h
[9.944s] -- Up-to-date: /home/patryk/ros2_ws/install/px4_msgs/include/px4_msgs/msg/rosidl_typesupport_opensplice_c__visibility_control.h
[9.945s] -- Up-to-date: /home/patryk/ros2_ws/install/px4_msgs/include/px4_msgs/msg/dds_opensplice_c
[9.945s] -- Up-to-date: /home/patryk/ros2_ws/install/px4_msgs/lib/libpx4_msgs__rosidl_typesupport_opensplice_c.so
[9.946s] -- Up-to-date: /home/patryk/ros2_ws/install/px4_msgs/share/px4_msgs/msg/dds_opensplice
[9.946s] -- Up-to-date: /home/patryk/ros2_ws/install/px4_msgs/share/px4_msgs/msg/dds_opensplice/ManualControlSetpoint_.idl
[9.947s] -- Up-to-date: /home/patryk/ros2_ws/install/px4_msgs/include/px4_msgs
[9.947s] -- Up-to-date: /home/patryk/ros2_ws/install/px4_msgs/include/px4_msgs/msg
[9.948s] -- Up-to-date: /home/patryk/ros2_ws/install/px4_msgs/include/px4_msgs/msg/manual_control_setpoint__rosidl_typesupport_opensplice_cpp.hpp
[9.948s] -- Up-to-date: /home/patryk/ros2_ws/install/px4_msgs/include/px4_msgs/msg/dds_opensplice
[9.949s] -- Up-to-date: /home/patryk/ros2_ws/install/px4_msgs/include/px4_msgs/msg/dds_opensplice/ManualControlSetpoint_.h
[9.949s] -- Up-to-date: /home/patryk/ros2_ws/install/px4_msgs/include/px4_msgs/msg/dds_opensplice/ccpp_ManualControlSetpoint_.h
[9.950s] -- Up-to-date: /home/patryk/ros2_ws/install/px4_msgs/include/px4_msgs/msg/dds_opensplice/ManualControlSetpoint_Dcps_impl.h
[9.950s] -- Up-to-date: /home/patryk/ros2_ws/install/px4_msgs/include/px4_msgs/msg/dds_opensplice/ManualControlSetpoint_SplDcps.h
[9.950s] -- Up-to-date: /home/patryk/ros2_ws/install/px4_msgs/include/px4_msgs/msg/dds_opensplice/ManualControlSetpoint_Dcps.h
[9.951s] -- Up-to-date: /home/patryk/ros2_ws/install/px4_msgs/include/px4_msgs/msg/rosidl_typesupport_opensplice_cpp__visibility_control.h
[9.951s] -- Up-to-date: /home/patryk/ros2_ws/install/px4_msgs/lib/libpx4_msgs__rosidl_typesupport_opensplice_cpp.so
[9.952s] -- Up-to-date: /home/patryk/ros2_ws/install/px4_msgs/include/px4_msgs
[9.952s] -- Up-to-date: /home/patryk/ros2_ws/install/px4_msgs/include/px4_msgs/msg
[9.953s] -- Up-to-date: /home/patryk/ros2_ws/install/px4_msgs/include/px4_msgs/msg/manual_control_setpoint__rosidl_typesupport_introspection_cpp.hpp
[9.953s] -- Up-to-date: /home/patryk/ros2_ws/install/px4_msgs/include/px4_msgs/msg/manual_control_setpoint__type_support.cpp
[9.954s] -- Up-to-date: /home/patryk/ros2_ws/install/px4_msgs/lib/libpx4_msgs__rosidl_typesupport_introspection_cpp.so
[9.954s] -- Up-to-date: /home/patryk/ros2_ws/install/px4_msgs/share/px4_msgs/environment/pythonpath.sh
[9.955s] -- Installing: /home/patryk/ros2_ws/install/px4_msgs/lib/python3.6/site-packages/px4_msgs/__init__.py
[10.244s] Compiling '/home/patryk/ros2_ws/install/px4_msgs/lib/python3.6/site-packages/px4_msgs/__init__.py'...
[10.265s] -- Up-to-date: /home/patryk/ros2_ws/install/px4_msgs/lib/python3.6/site-packages/px4_msgs/msg
[10.266s] -- Up-to-date: /home/patryk/ros2_ws/install/px4_msgs/lib/python3.6/site-packages/px4_msgs/msg/_manual_control_setpoint_s.c
[10.267s] -- Up-to-date: /home/patryk/ros2_ws/install/px4_msgs/lib/python3.6/site-packages/px4_msgs/msg/__init__.py
[10.267s] -- Up-to-date: /home/patryk/ros2_ws/install/px4_msgs/lib/python3.6/site-packages/px4_msgs/msg/_manual_control_setpoint.py
[10.268s] -- Up-to-date: /home/patryk/ros2_ws/install/px4_msgs/lib/python3.6/site-packages/px4_msgs/px4_msgs_s__rosidl_typesupport_c.cpython-36m-aarch64-linux-gnu.so
[10.268s] -- Up-to-date: /home/patryk/ros2_ws/install/px4_msgs/lib/python3.6/site-packages/px4_msgs/px4_msgs_s__rosidl_typesupport_introspection_c.cpython-36m-aarch64-linux-gnu.so
[10.271s] -- Up-to-date: /home/patryk/ros2_ws/install/px4_msgs/lib/python3.6/site-packages/px4_msgs/px4_msgs_s__rosidl_typesupport_fastrtps_c.cpython-36m-aarch64-linux-gnu.so
[10.273s] -- Up-to-date: /home/patryk/ros2_ws/install/px4_msgs/lib/python3.6/site-packages/px4_msgs/px4_msgs_s__rosidl_typesupport_opensplice_c.cpython-36m-aarch64-linux-gnu.so
[10.274s] -- Up-to-date: /home/patryk/ros2_ws/install/px4_msgs/lib/libpx4_msgs__python.so
[10.275s] -- Up-to-date: /home/patryk/ros2_ws/install/px4_msgs/share/px4_msgs/msg/ManualControlSetpoint.idl
[10.276s] -- Up-to-date: /home/patryk/ros2_ws/install/px4_msgs/share/px4_msgs/msg/ManualControlSetpoint.msg
[10.277s] -- Up-to-date: /home/patryk/ros2_ws/install/px4_msgs/share/ament_index/resource_index/package_run_dependencies/px4_msgs
[10.277s] -- Installing: /home/patryk/ros2_ws/install/px4_msgs/share/ament_index/resource_index/parent_prefix_path/px4_msgs
[10.278s] -- Up-to-date: /home/patryk/ros2_ws/install/px4_msgs/share/px4_msgs/environment/ament_prefix_path.sh
[10.278s] -- Up-to-date: /home/patryk/ros2_ws/install/px4_msgs/share/px4_msgs/environment/path.sh
[10.279s] -- Up-to-date: /home/patryk/ros2_ws/install/px4_msgs/share/px4_msgs/local_setup.bash
[10.280s] -- Up-to-date: /home/patryk/ros2_ws/install/px4_msgs/share/px4_msgs/local_setup.sh
[10.280s] -- Up-to-date: /home/patryk/ros2_ws/install/px4_msgs/share/px4_msgs/local_setup.zsh
[10.281s] -- Up-to-date: /home/patryk/ros2_ws/install/px4_msgs/share/ament_index/resource_index/packages/px4_msgs
[10.281s] -- Up-to-date: /home/patryk/ros2_ws/install/px4_msgs/share/px4_msgs/cmake/rosidl_cmake-extras.cmake
[10.282s] -- Up-to-date: /home/patryk/ros2_ws/install/px4_msgs/share/px4_msgs/cmake/ament_cmake_export_libraries-extras.cmake
[10.282s] -- Up-to-date: /home/patryk/ros2_ws/install/px4_msgs/share/px4_msgs/cmake/ament_cmake_export_include_directories-extras.cmake
[10.283s] -- Up-to-date: /home/patryk/ros2_ws/install/px4_msgs/share/px4_msgs/cmake/rosidl_cmake_export_typesupport_libraries-extras.cmake
[10.283s] -- Up-to-date: /home/patryk/ros2_ws/install/px4_msgs/share/px4_msgs/cmake/ament_cmake_export_dependencies-extras.cmake
[10.284s] -- Up-to-date: /home/patryk/ros2_ws/install/px4_msgs/share/px4_msgs/cmake/px4_msgsConfig.cmake
[10.284s] -- Up-to-date: /home/patryk/ros2_ws/install/px4_msgs/share/px4_msgs/cmake/px4_msgsConfig-version.cmake
[10.285s] -- Up-to-date: /home/patryk/ros2_ws/install/px4_msgs/share/px4_msgs/package.xml
[10.297s] Invoked command in '/home/patryk/ros2_ws/build/px4_msgs' returned '0': CMAKE_PREFIX_PATH=${CMAKE_PREFIX_PATH}:/home/patryk/ros2_ws/install/controller /usr/bin/cmake --build /home/patryk/ros2_ws/build/px4_msgs --target install -- -j4 -l4
