make: Warning: File 'Makefile' has modification time 3197 s in the future
make[2]: Warning: File 'CMakeFiles/px4_msgs__cpp.dir/build.make' has modification time 1092 s in the future
make[2]: Warning: File 'CMakeFiles/px4_msgs__dds_opensplice_idl.dir/build.make' has modification time 1092 s in the future
make[2]: Warning: File 'CMakeFiles/px4_msgs__rosidl_generator_c.dir/depend.make' has modification time 1100 s in the future
make[2]: warning:  Clock skew detected.  Your build may be incomplete.
make[2]: warning:  Clock skew detected.  Your build may be incomplete.
make[2]: Warning: File 'CMakeFiles/px4_msgs__cpp.dir/build.make' has modification time 1092 s in the future
make[2]: Warning: File 'CMakeFiles/px4_msgs__dds_opensplice_idl.dir/build.make' has modification time 1092 s in the future
make[2]: warning:  Clock skew detected.  Your build may be incomplete.
make[2]: warning:  Clock skew detected.  Your build may be incomplete.
make[2]: warning:  Clock skew detected.  Your build may be incomplete.
make[2]: Warning: File 'CMakeFiles/px4_msgs__rosidl_generator_c.dir/depend.make' has modification time 1100 s in the future
make[2]: warning:  Clock skew detected.  Your build may be incomplete.
make[2]: Warning: File 'CMakeFiles/px4_msgs__rosidl_typesupport_introspection_cpp.dir/depend.make' has modification time 1107 s in the future
make[2]: Warning: File 'CMakeFiles/px4_msgs__rosidl_typesupport_fastrtps_cpp.dir/depend.make' has modification time 1108 s in the future
make[2]: Warning: File 'CMakeFiles/px4_msgs__rosidl_typesupport_cpp.dir/depend.make' has modification time 1107 s in the future
make[2]: warning:  Clock skew detected.  Your build may be incomplete.
make[2]: warning:  Clock skew detected.  Your build may be incomplete.
make[2]: warning:  Clock skew detected.  Your build may be incomplete.
make[2]: Warning: File 'CMakeFiles/px4_msgs__rosidl_typesupport_cpp.dir/depend.make' has modification time 1107 s in the future
make[2]: Warning: File 'CMakeFiles/px4_msgs__rosidl_typesupport_fastrtps_cpp.dir/depend.make' has modification time 1108 s in the future
make[2]: Warning: File 'CMakeFiles/px4_msgs__rosidl_typesupport_introspection_cpp.dir/depend.make' has modification time 1107 s in the future
make[2]: Warning: File 'CMakeFiles/px4_msgs__rosidl_typesupport_opensplice_cpp.dir/flags.make' has modification time 1092 s in the future
make[2]: warning:  Clock skew detected.  Your build may be incomplete.
make[2]: warning:  Clock skew detected.  Your build may be incomplete.
make[2]: Warning: File 'CMakeFiles/px4_msgs__rosidl_typesupport_c.dir/depend.make' has modification time 1118 s in the future
make[2]: warning:  Clock skew detected.  Your build may be incomplete.
make[2]: Warning: File 'CMakeFiles/px4_msgs__rosidl_typesupport_introspection_c.dir/depend.make' has modification time 1122 s in the future
make[2]: warning:  Clock skew detected.  Your build may be incomplete.
make[2]: warning:  Clock skew detected.  Your build may be incomplete.
make[2]: Warning: File 'CMakeFiles/px4_msgs__rosidl_typesupport_fastrtps_c.dir/depend.make' has modification time 1123 s in the future
make[2]: Warning: File 'CMakeFiles/px4_msgs__rosidl_typesupport_c.dir/depend.make' has modification time 1118 s in the future
make[2]: warning:  Clock skew detected.  Your build may be incomplete.
make[2]: Warning: File 'CMakeFiles/px4_msgs__rosidl_typesupport_introspection_c.dir/depend.make' has modification time 1122 s in the future
make[2]: warning:  Clock skew detected.  Your build may be incomplete.
make[2]: warning:  Clock skew detected.  Your build may be incomplete.
make[2]: Warning: File 'CMakeFiles/px4_msgs__rosidl_typesupport_opensplice_cpp.dir/flags.make' has modification time 1092 s in the future
make[2]: warning:  Clock skew detected.  Your build may be incomplete.
make[2]: warning:  Clock skew detected.  Your build may be incomplete.
make[2]: Warning: File 'CMakeFiles/px4_msgs__rosidl_typesupport_fastrtps_c.dir/depend.make' has modification time 1123 s in the future
make[2]: warning:  Clock skew detected.  Your build may be incomplete.
make[2]: Warning: File 'CMakeFiles/px4_msgs__rosidl_typesupport_opensplice_c.dir/flags.make' has modification time 1091 s in the future
make[2]: warning:  Clock skew detected.  Your build may be incomplete.
make[2]: Warning: File 'CMakeFiles/px4_msgs__rosidl_typesupport_opensplice_c.dir/flags.make' has modification time 1091 s in the future
make[2]: warning:  Clock skew detected.  Your build may be incomplete.
make[2]: Warning: File 'CMakeFiles/px4_msgs.dir/build.make' has modification time 1091 s in the future
make[2]: warning:  Clock skew detected.  Your build may be incomplete.
make[2]: Warning: File 'CMakeFiles/px4_msgs.dir/build.make' has modification time 1091 s in the future
make[2]: warning:  Clock skew detected.  Your build may be incomplete.
make[2]: Warning: File 'px4_msgs__py/CMakeFiles/px4_msgs__py.dir/build.make' has modification time 1091 s in the future
make[2]: warning:  Clock skew detected.  Your build may be incomplete.
make[2]: Warning: File 'px4_msgs__py/CMakeFiles/px4_msgs__py.dir/build.make' has modification time 1091 s in the future
make[2]: warning:  Clock skew detected.  Your build may be incomplete.
make[2]: Warning: File 'CMakeFiles/px4_msgs__python.dir/depend.make' has modification time 1143 s in the future
make[2]: warning:  Clock skew detected.  Your build may be incomplete.
make[2]: Warning: File 'CMakeFiles/px4_msgs__python.dir/depend.make' has modification time 1143 s in the future
make[2]: warning:  Clock skew detected.  Your build may be incomplete.
make[2]: Warning: File 'CMakeFiles/px4_msgs__rosidl_typesupport_opensplice_c__pyext.dir/depend.make' has modification time 1144 s in the future
make[2]: Warning: File 'CMakeFiles/px4_msgs__rosidl_typesupport_c__pyext.dir/depend.make' has modification time 1144 s in the future
make[2]: Warning: File 'CMakeFiles/px4_msgs__rosidl_typesupport_fastrtps_c__pyext.dir/depend.make' has modification time 1144 s in the future
make[2]: Warning: File 'CMakeFiles/px4_msgs__rosidl_typesupport_introspection_c__pyext.dir/depend.make' has modification time 1144 s in the future
make[2]: warning:  Clock skew detected.  Your build may be incomplete.
make[2]: warning:  Clock skew detected.  Your build may be incomplete.
make[2]: warning:  Clock skew detected.  Your build may be incomplete.
make[2]: warning:  Clock skew detected.  Your build may be incomplete.
make[2]: Warning: File 'CMakeFiles/px4_msgs__rosidl_typesupport_fastrtps_c__pyext.dir/depend.make' has modification time 1144 s in the future
make[2]: Warning: File 'CMakeFiles/px4_msgs__rosidl_typesupport_c__pyext.dir/depend.make' has modification time 1144 s in the future
make[2]: Warning: File 'CMakeFiles/px4_msgs__rosidl_typesupport_introspection_c__pyext.dir/depend.make' has modification time 1144 s in the future
make[2]: Warning: File 'CMakeFiles/px4_msgs__rosidl_typesupport_opensplice_c__pyext.dir/depend.make' has modification time 1144 s in the future
make[2]: warning:  Clock skew detected.  Your build may be incomplete.
make[2]: warning:  Clock skew detected.  Your build may be incomplete.
make[2]: warning:  Clock skew detected.  Your build may be incomplete.
make[2]: warning:  Clock skew detected.  Your build may be incomplete.
make: warning:  Clock skew detected.  Your build may be incomplete.
