[10.342s] Invoking command in '/home/patryk/ros2_ws/src/controller': PYTHONPATH=/home/patryk/ros2_ws/build/controller/prefix_override:/home/patryk/ros2_ws/install/controller/lib/python3.6/site-packages:${PYTHONPATH} /usr/bin/python3 setup.py egg_info --egg-base ../../build/controller build --build-base /home/patryk/ros2_ws/build/controller/build install --record /home/patryk/ros2_ws/build/controller/install.log --install-scripts $base/lib/controller --single-version-externally-managed
[15.674s] /home/patryk/.local/lib/python3.6/site-packages/setuptools/dist.py:720: UserWarning: Usage of dash-separated 'script-dir' will not be supported in future versions. Please use the underscore name 'script_dir' instead
[15.675s]   % (opt, underscore_opt)
[15.864s] running egg_info
[15.870s] writing ../../build/controller/controller.egg-info/PKG-INFO
[15.872s] writing dependency_links to ../../build/controller/controller.egg-info/dependency_links.txt
[15.873s] writing entry points to ../../build/controller/controller.egg-info/entry_points.txt
[15.874s] writing requirements to ../../build/controller/controller.egg-info/requires.txt
[15.874s] writing top-level names to ../../build/controller/controller.egg-info/top_level.txt
[15.929s] reading manifest file '../../build/controller/controller.egg-info/SOURCES.txt'
[15.938s] writing manifest file '../../build/controller/controller.egg-info/SOURCES.txt'
[15.938s] running build
[15.939s] running build_py
[15.941s] copying controller/controller.py -> /home/patryk/ros2_ws/build/controller/build/lib/controller
[15.943s] running install
[15.945s] running install_lib
[15.950s] copying /home/patryk/ros2_ws/build/controller/build/lib/controller/controller.py -> /home/patryk/ros2_ws/install/controller/lib/python3.6/site-packages/controller
[15.953s] byte-compiling /home/patryk/ros2_ws/install/controller/lib/python3.6/site-packages/controller/controller.py to controller.cpython-36.pyc
[15.963s] running install_data
[15.969s] running install_egg_info
[15.979s] removing '/home/patryk/ros2_ws/install/controller/lib/python3.6/site-packages/controller-0.0.0-py3.6.egg-info' (and everything under it)
[15.980s] Copying ../../build/controller/controller.egg-info to /home/patryk/ros2_ws/install/controller/lib/python3.6/site-packages/controller-0.0.0-py3.6.egg-info
[15.985s] running install_scripts
[16.113s] Installing controller script to /home/patryk/ros2_ws/install/controller/lib/controller
[16.115s] writing list of installed files to '/home/patryk/ros2_ws/build/controller/install.log'
[16.227s] Invoked command in '/home/patryk/ros2_ws/src/controller' returned '0': PYTHONPATH=/home/patryk/ros2_ws/build/controller/prefix_override:/home/patryk/ros2_ws/install/controller/lib/python3.6/site-packages:${PYTHONPATH} /usr/bin/python3 setup.py egg_info --egg-base ../../build/controller build --build-base /home/patryk/ros2_ws/build/controller/build install --record /home/patryk/ros2_ws/build/controller/install.log --install-scripts $base/lib/controller --single-version-externally-managed
