[5.503s] Invoking command in '/home/patryk/ros2_ws/src/controller': PYTHONPATH=/home/patryk/ros2_ws/build/controller/prefix_override:/home/patryk/ros2_ws/install/controller/lib/python3.6/site-packages:${PYTHONPATH} /usr/bin/python3 setup.py egg_info --egg-base ../../build/controller build --build-base /home/patryk/ros2_ws/build/controller/build install --record /home/patryk/ros2_ws/build/controller/install.log --install-scripts $base/lib/controller --single-version-externally-managed
[7.052s] /home/patryk/.local/lib/python3.6/site-packages/setuptools/dist.py:720: UserWarning: Usage of dash-separated 'script-dir' will not be supported in future versions. Please use the underscore name 'script_dir' instead
[7.053s]   % (opt, underscore_opt)
[7.228s] running egg_info
[7.232s] writing ../../build/controller/controller.egg-info/PKG-INFO
[7.233s] writing dependency_links to ../../build/controller/controller.egg-info/dependency_links.txt
[7.235s] writing entry points to ../../build/controller/controller.egg-info/entry_points.txt
[7.236s] writing requirements to ../../build/controller/controller.egg-info/requires.txt
[7.236s] writing top-level names to ../../build/controller/controller.egg-info/top_level.txt
[7.285s] reading manifest file '../../build/controller/controller.egg-info/SOURCES.txt'
[7.293s] writing manifest file '../../build/controller/controller.egg-info/SOURCES.txt'
[7.293s] running build
[7.294s] running build_py
[7.299s] running install
[7.301s] running install_lib
[7.309s] byte-compiling /home/patryk/ros2_ws/install/controller/lib/python3.6/site-packages/controller/controller.py to controller.cpython-36.pyc
[7.321s] running install_data
[7.326s] running install_egg_info
[7.332s] removing '/home/patryk/ros2_ws/install/controller/lib/python3.6/site-packages/controller-0.0.0-py3.6.egg-info' (and everything under it)
[7.334s] Copying ../../build/controller/controller.egg-info to /home/patryk/ros2_ws/install/controller/lib/python3.6/site-packages/controller-0.0.0-py3.6.egg-info
[7.338s] running install_scripts
[7.426s] Installing controller script to /home/patryk/ros2_ws/install/controller/lib/controller
[7.429s] writing list of installed files to '/home/patryk/ros2_ws/build/controller/install.log'
[7.541s] Invoked command in '/home/patryk/ros2_ws/src/controller' returned '0': PYTHONPATH=/home/patryk/ros2_ws/build/controller/prefix_override:/home/patryk/ros2_ws/install/controller/lib/python3.6/site-packages:${PYTHONPATH} /usr/bin/python3 setup.py egg_info --egg-base ../../build/controller build --build-base /home/patryk/ros2_ws/build/controller/build install --record /home/patryk/ros2_ws/build/controller/install.log --install-scripts $base/lib/controller --single-version-externally-managed
