[1.905s] Invoking command in '/home/patryk/ros2_ws/build/px4_msgs': CMAKE_PREFIX_PATH=${CMAKE_PREFIX_PATH}:/home/patryk/ros2_ws/install/controller /usr/local/bin/cmake --build /home/patryk/ros2_ws/build/px4_msgs -- -j4 -l4
[2.119s] make: Warning: File 'Makefile' has modification time 98405 s in the future
[2.279s] make[1]: Warning: File 'CMakeFiles/Makefile2' has modification time 98405 s in the future
[2.285s] make[2]: Warning: File 'CMakeFiles/px4_msgs__cpp.dir/progress.make' has modification time 98405 s in the future
[2.288s] make[2]: Warning: File 'CMakeFiles/px4_msgs__rosidl_generator_c.dir/flags.make' has modification time 98405 s in the future
[2.290s] make[2]: Warning: File 'CMakeFiles/px4_msgs__dds_opensplice_idl.dir/progress.make' has modification time 98405 s in the future
[2.320s] make[2]: warning:  Clock skew detected.  Your build may be incomplete.
[2.321s] make[2]: warning:  Clock skew detected.  Your build may be incomplete.
[2.325s] make[2]: Warning: File 'CMakeFiles/px4_msgs__dds_opensplice_idl.dir/progress.make' has modification time 98405 s in the future
[2.327s] make[2]: Warning: File 'CMakeFiles/px4_msgs__cpp.dir/progress.make' has modification time 98405 s in the future
[2.338s] make[2]: warning:  Clock skew detected.  Your build may be incomplete.
[2.341s] make[2]: warning:  Clock skew detected.  Your build may be incomplete.
[2.343s] make[2]: warning:  Clock skew detected.  Your build may be incomplete.
[2.353s] [  1%] Built target px4_msgs__cpp
[2.358s] make[2]: Warning: File 'CMakeFiles/px4_msgs__rosidl_generator_c.dir/flags.make' has modification time 98405 s in the future
[2.363s] make[2]: warning:  Clock skew detected.  Your build may be incomplete.
[2.364s] [  3%] Built target px4_msgs__dds_opensplice_idl
[2.370s] make[2]: Warning: File 'CMakeFiles/px4_msgs__rosidl_typesupport_fastrtps_cpp.dir/flags.make' has modification time 98405 s in the future
[2.371s] make[2]: Warning: File 'CMakeFiles/px4_msgs__rosidl_typesupport_introspection_cpp.dir/flags.make' has modification time 98405 s in the future
[2.376s] make[2]: Warning: File 'CMakeFiles/px4_msgs__rosidl_typesupport_cpp.dir/flags.make' has modification time 98405 s in the future
[2.385s] [  9%] Built target px4_msgs__rosidl_generator_c
[2.415s] make[2]: warning:  Clock skew detected.  Your build may be incomplete.
[2.418s] make[2]: warning:  Clock skew detected.  Your build may be incomplete.
[2.421s] make[2]: Warning: File 'CMakeFiles/px4_msgs__rosidl_typesupport_fastrtps_cpp.dir/flags.make' has modification time 98405 s in the future
[2.424s] make[2]: warning:  Clock skew detected.  Your build may be incomplete.
[2.430s] make[2]: Warning: File 'CMakeFiles/px4_msgs__rosidl_typesupport_cpp.dir/flags.make' has modification time 98405 s in the future
[2.431s] make[2]: Warning: File 'CMakeFiles/px4_msgs__rosidl_typesupport_introspection_cpp.dir/flags.make' has modification time 98405 s in the future
[2.436s] make[2]: warning:  Clock skew detected.  Your build may be incomplete.
[2.437s] make[2]: Warning: File 'CMakeFiles/px4_msgs__rosidl_typesupport_opensplice_cpp.dir/flags.make' has modification time 98405 s in the future
[2.443s] make[2]: warning:  Clock skew detected.  Your build may be incomplete.
[2.456s] [ 15%] Built target px4_msgs__rosidl_typesupport_cpp
[2.457s] make[2]: warning:  Clock skew detected.  Your build may be incomplete.
[2.463s] make[2]: Warning: File 'CMakeFiles/px4_msgs__rosidl_typesupport_c.dir/flags.make' has modification time 98405 s in the future
[2.470s] [ 21%] Built target px4_msgs__rosidl_typesupport_fastrtps_cpp
[2.471s] [ 27%] Built target px4_msgs__rosidl_typesupport_introspection_cpp
[2.489s] make[2]: Warning: File 'CMakeFiles/px4_msgs__rosidl_typesupport_fastrtps_c.dir/flags.make' has modification time 98405 s in the future
[2.489s] make[2]: Warning: File 'CMakeFiles/px4_msgs__rosidl_typesupport_introspection_c.dir/flags.make' has modification time 98405 s in the future
[2.499s] make[2]: warning:  Clock skew detected.  Your build may be incomplete.
[2.505s] make[2]: Warning: File 'CMakeFiles/px4_msgs__rosidl_typesupport_c.dir/flags.make' has modification time 98405 s in the future
[2.511s] make[2]: warning:  Clock skew detected.  Your build may be incomplete.
[2.521s] make[2]: warning:  Clock skew detected.  Your build may be incomplete.
[2.523s] make[2]: warning:  Clock skew detected.  Your build may be incomplete.
[2.527s] [ 33%] Built target px4_msgs__rosidl_typesupport_c
[2.529s] make[2]: Warning: File 'CMakeFiles/px4_msgs__rosidl_typesupport_fastrtps_c.dir/flags.make' has modification time 98405 s in the future
[2.534s] make[2]: Warning: File 'CMakeFiles/px4_msgs__rosidl_typesupport_introspection_c.dir/flags.make' has modification time 98405 s in the future
[2.539s] make[2]: warning:  Clock skew detected.  Your build may be incomplete.
[2.547s] make[2]: warning:  Clock skew detected.  Your build may be incomplete.
[2.560s] make[2]: warning:  Clock skew detected.  Your build may be incomplete.
[2.565s] [ 39%] Built target px4_msgs__rosidl_typesupport_introspection_c
[2.568s] make[2]: Warning: File 'CMakeFiles/px4_msgs__rosidl_typesupport_opensplice_cpp.dir/flags.make' has modification time 98405 s in the future
[2.574s] [ 45%] Built target px4_msgs__rosidl_typesupport_fastrtps_c
[2.582s] make[2]: warning:  Clock skew detected.  Your build may be incomplete.
[2.595s] [ 60%] Built target px4_msgs__rosidl_typesupport_opensplice_cpp
[2.625s] make[2]: Warning: File 'CMakeFiles/px4_msgs__rosidl_typesupport_opensplice_c.dir/flags.make' has modification time 98405 s in the future
[2.661s] make[2]: warning:  Clock skew detected.  Your build may be incomplete.
[2.681s] make[2]: Warning: File 'CMakeFiles/px4_msgs__rosidl_typesupport_opensplice_c.dir/flags.make' has modification time 98405 s in the future
[2.696s] make[2]: warning:  Clock skew detected.  Your build may be incomplete.
[2.708s] [ 78%] Built target px4_msgs__rosidl_typesupport_opensplice_c
[2.716s] make[2]: Warning: File 'CMakeFiles/px4_msgs.dir/progress.make' has modification time 98405 s in the future
[2.736s] make[2]: warning:  Clock skew detected.  Your build may be incomplete.
[2.741s] make[2]: Warning: File 'CMakeFiles/px4_msgs.dir/progress.make' has modification time 98405 s in the future
[2.741s] make[2]: warning:  Clock skew detected.  Your build may be incomplete.
[2.753s] [ 78%] Built target px4_msgs
[2.761s] make[2]: Warning: File 'px4_msgs__py/CMakeFiles/px4_msgs__py.dir/progress.make' has modification time 98405 s in the future
[2.778s] make[2]: warning:  Clock skew detected.  Your build may be incomplete.
[2.783s] make[2]: Warning: File 'px4_msgs__py/CMakeFiles/px4_msgs__py.dir/progress.make' has modification time 98405 s in the future
[2.785s] make[2]: warning:  Clock skew detected.  Your build may be incomplete.
[2.797s] [ 80%] Built target px4_msgs__py
[2.807s] make[2]: Warning: File 'CMakeFiles/px4_msgs__python.dir/flags.make' has modification time 98405 s in the future
[2.842s] make[2]: warning:  Clock skew detected.  Your build may be incomplete.
[2.847s] make[2]: Warning: File 'CMakeFiles/px4_msgs__python.dir/flags.make' has modification time 98405 s in the future
[2.884s] make[2]: warning:  Clock skew detected.  Your build may be incomplete.
[2.896s] [ 84%] Built target px4_msgs__python
[2.910s] make[2]: Warning: File 'CMakeFiles/px4_msgs__rosidl_typesupport_opensplice_c__pyext.dir/flags.make' has modification time 98404 s in the future
[2.911s] make[2]: Warning: File 'CMakeFiles/px4_msgs__rosidl_typesupport_fastrtps_c__pyext.dir/flags.make' has modification time 98404 s in the future
[2.912s] make[2]: Warning: File 'CMakeFiles/px4_msgs__rosidl_typesupport_c__pyext.dir/flags.make' has modification time 98404 s in the future
[2.914s] make[2]: Warning: File 'CMakeFiles/px4_msgs__rosidl_typesupport_introspection_c__pyext.dir/flags.make' has modification time 98404 s in the future
[2.934s] make[2]: warning:  Clock skew detected.  Your build may be incomplete.
[2.936s] make[2]: warning:  Clock skew detected.  Your build may be incomplete.
[2.941s] make[2]: warning:  Clock skew detected.  Your build may be incomplete.
[2.943s] make[2]: Warning: File 'CMakeFiles/px4_msgs__rosidl_typesupport_opensplice_c__pyext.dir/flags.make' has modification time 98404 s in the future
[2.949s] make[2]: warning:  Clock skew detected.  Your build may be incomplete.
[2.956s] make[2]: Warning: File 'CMakeFiles/px4_msgs__rosidl_typesupport_introspection_c__pyext.dir/flags.make' has modification time 98404 s in the future
[2.960s] make[2]: Warning: File 'CMakeFiles/px4_msgs__rosidl_typesupport_c__pyext.dir/flags.make' has modification time 98404 s in the future
[2.962s] make[2]: Warning: File 'CMakeFiles/px4_msgs__rosidl_typesupport_fastrtps_c__pyext.dir/flags.make' has modification time 98404 s in the future
[2.992s] make[2]: warning:  Clock skew detected.  Your build may be incomplete.
[2.995s] make[2]: warning:  Clock skew detected.  Your build may be incomplete.
[3.004s] make[2]: warning:  Clock skew detected.  Your build may be incomplete.
[3.007s] [ 88%] Built target px4_msgs__rosidl_typesupport_fastrtps_c__pyext
[3.009s] [ 92%] Built target px4_msgs__rosidl_typesupport_introspection_c__pyext
[3.013s] make[2]: warning:  Clock skew detected.  Your build may be incomplete.
[3.023s] [ 96%] Built target px4_msgs__rosidl_typesupport_c__pyext
[3.026s] [100%] Built target px4_msgs__rosidl_typesupport_opensplice_c__pyext
[3.027s] make[1]: warning:  Clock skew detected.  Your build may be incomplete.
[3.041s] make: warning:  Clock skew detected.  Your build may be incomplete.
[3.046s] Invoked command in '/home/patryk/ros2_ws/build/px4_msgs' returned '0': CMAKE_PREFIX_PATH=${CMAKE_PREFIX_PATH}:/home/patryk/ros2_ws/install/controller /usr/local/bin/cmake --build /home/patryk/ros2_ws/build/px4_msgs -- -j4 -l4
[3.341s] Invoking command in '/home/patryk/ros2_ws/build/px4_msgs': CMAKE_PREFIX_PATH=${CMAKE_PREFIX_PATH}:/home/patryk/ros2_ws/install/controller /usr/local/bin/cmake --install /home/patryk/ros2_ws/build/px4_msgs
[3.366s] -- Install configuration: ""
[3.374s] -- Execute custom install script
[3.378s] -- Up-to-date symlink: /home/patryk/ros2_ws/install/px4_msgs/share/ament_index/resource_index/rosidl_interfaces/px4_msgs
[3.383s] -- Up-to-date symlink: /home/patryk/ros2_ws/install/px4_msgs/lib/libpx4_msgs__rosidl_typesupport_c.so
[3.388s] -- Up-to-date symlink: /home/patryk/ros2_ws/install/px4_msgs/share/px4_msgs/environment/library_path.sh
[3.393s] -- Up-to-date symlink: /home/patryk/ros2_ws/install/px4_msgs/lib/libpx4_msgs__rosidl_typesupport_cpp.so
[3.402s] -- Up-to-date symlink: /home/patryk/ros2_ws/install/px4_msgs/include/px4_msgs/msg/manual_control_setpoint__rosidl_typesupport_fastrtps_c.h
[3.404s] -- Up-to-date symlink: /home/patryk/ros2_ws/install/px4_msgs/include/px4_msgs/msg/rosidl_typesupport_fastrtps_c__visibility_control.h
[3.409s] -- Up-to-date symlink: /home/patryk/ros2_ws/install/px4_msgs/lib/libpx4_msgs__rosidl_typesupport_fastrtps_c.so
[3.416s] -- Up-to-date symlink: /home/patryk/ros2_ws/install/px4_msgs/include/px4_msgs/msg/manual_control_setpoint.h
[3.418s] -- Up-to-date symlink: /home/patryk/ros2_ws/install/px4_msgs/include/px4_msgs/msg/manual_control_setpoint__functions.h
[3.421s] -- Up-to-date symlink: /home/patryk/ros2_ws/install/px4_msgs/include/px4_msgs/msg/manual_control_setpoint__struct.h
[3.423s] -- Up-to-date symlink: /home/patryk/ros2_ws/install/px4_msgs/include/px4_msgs/msg/manual_control_setpoint__type_support.h
[3.425s] -- Up-to-date symlink: /home/patryk/ros2_ws/install/px4_msgs/include/px4_msgs/msg/rosidl_generator_c__visibility_control.h
[3.430s] -- Up-to-date symlink: /home/patryk/ros2_ws/install/px4_msgs/lib/libpx4_msgs__rosidl_generator_c.so
[3.438s] -- Up-to-date symlink: /home/patryk/ros2_ws/install/px4_msgs/include/px4_msgs/msg/manual_control_setpoint__rosidl_typesupport_fastrtps_cpp.hpp
[3.440s] -- Up-to-date symlink: /home/patryk/ros2_ws/install/px4_msgs/include/px4_msgs/msg/rosidl_typesupport_fastrtps_cpp__visibility_control.h
[3.446s] -- Up-to-date symlink: /home/patryk/ros2_ws/install/px4_msgs/lib/libpx4_msgs__rosidl_typesupport_fastrtps_cpp.so
[3.453s] -- Up-to-date symlink: /home/patryk/ros2_ws/install/px4_msgs/include/px4_msgs/msg/manual_control_setpoint.hpp
[3.456s] -- Up-to-date symlink: /home/patryk/ros2_ws/install/px4_msgs/include/px4_msgs/msg/manual_control_setpoint__struct.hpp
[3.458s] -- Up-to-date symlink: /home/patryk/ros2_ws/install/px4_msgs/include/px4_msgs/msg/manual_control_setpoint__traits.hpp
[3.465s] -- Up-to-date symlink: /home/patryk/ros2_ws/install/px4_msgs/include/px4_msgs/msg/manual_control_setpoint__rosidl_typesupport_introspection_c.h
[3.468s] -- Up-to-date symlink: /home/patryk/ros2_ws/install/px4_msgs/include/px4_msgs/msg/rosidl_typesupport_introspection_c__visibility_control.h
[3.473s] -- Up-to-date symlink: /home/patryk/ros2_ws/install/px4_msgs/lib/libpx4_msgs__rosidl_typesupport_introspection_c.so
[3.493s] -- Up-to-date symlink: /home/patryk/ros2_ws/install/px4_msgs/include/px4_msgs/msg/manual_control_setpoint__rosidl_typesupport_opensplice_c.h
[3.493s] -- Up-to-date symlink: /home/patryk/ros2_ws/install/px4_msgs/include/px4_msgs/msg/rosidl_typesupport_opensplice_c__visibility_control.h
[3.494s] -- Up-to-date symlink: /home/patryk/ros2_ws/install/px4_msgs/lib/libpx4_msgs__rosidl_typesupport_opensplice_c.so
[3.501s] -- Up-to-date symlink: /home/patryk/ros2_ws/install/px4_msgs/share/px4_msgs/msg/dds_opensplice/ManualControlSetpoint_.idl
[3.512s] -- Up-to-date symlink: /home/patryk/ros2_ws/install/px4_msgs/include/px4_msgs/msg/dds_opensplice/ManualControlSetpoint_.h
[3.514s] -- Up-to-date symlink: /home/patryk/ros2_ws/install/px4_msgs/include/px4_msgs/msg/dds_opensplice/ManualControlSetpoint_Dcps.h
[3.517s] -- Up-to-date symlink: /home/patryk/ros2_ws/install/px4_msgs/include/px4_msgs/msg/dds_opensplice/ManualControlSetpoint_Dcps_impl.h
[3.520s] -- Up-to-date symlink: /home/patryk/ros2_ws/install/px4_msgs/include/px4_msgs/msg/dds_opensplice/ManualControlSetpoint_SplDcps.h
[3.523s] -- Up-to-date symlink: /home/patryk/ros2_ws/install/px4_msgs/include/px4_msgs/msg/dds_opensplice/ccpp_ManualControlSetpoint_.h
[3.526s] -- Up-to-date symlink: /home/patryk/ros2_ws/install/px4_msgs/include/px4_msgs/msg/manual_control_setpoint__rosidl_typesupport_opensplice_cpp.hpp
[3.528s] -- Up-to-date symlink: /home/patryk/ros2_ws/install/px4_msgs/include/px4_msgs/msg/rosidl_typesupport_opensplice_cpp__visibility_control.h
[3.535s] -- Up-to-date symlink: /home/patryk/ros2_ws/install/px4_msgs/lib/libpx4_msgs__rosidl_typesupport_opensplice_cpp.so
[3.541s] -- Up-to-date symlink: /home/patryk/ros2_ws/install/px4_msgs/include/px4_msgs/msg/manual_control_setpoint__rosidl_typesupport_introspection_cpp.hpp
[3.547s] -- Up-to-date symlink: /home/patryk/ros2_ws/install/px4_msgs/lib/libpx4_msgs__rosidl_typesupport_introspection_cpp.so
[3.552s] -- Up-to-date symlink: /home/patryk/ros2_ws/install/px4_msgs/share/px4_msgs/environment/pythonpath.sh
[3.555s] -- Up-to-date symlink: /home/patryk/ros2_ws/install/px4_msgs/lib/python3.6/site-packages/px4_msgs/__init__.py
[3.561s] -- Up-to-date symlink: /home/patryk/ros2_ws/install/px4_msgs/lib/python3.6/site-packages/px4_msgs/msg/__init__.py
[3.563s] -- Up-to-date symlink: /home/patryk/ros2_ws/install/px4_msgs/lib/python3.6/site-packages/px4_msgs/msg/_manual_control_setpoint.py
[3.569s] -- Up-to-date symlink: /home/patryk/ros2_ws/install/px4_msgs/lib/python3.6/site-packages/px4_msgs/px4_msgs_s__rosidl_typesupport_c.cpython-36m-aarch64-linux-gnu.so
[3.575s] -- Up-to-date symlink: /home/patryk/ros2_ws/install/px4_msgs/lib/python3.6/site-packages/px4_msgs/px4_msgs_s__rosidl_typesupport_introspection_c.cpython-36m-aarch64-linux-gnu.so
[3.581s] -- Up-to-date symlink: /home/patryk/ros2_ws/install/px4_msgs/lib/python3.6/site-packages/px4_msgs/px4_msgs_s__rosidl_typesupport_fastrtps_c.cpython-36m-aarch64-linux-gnu.so
[3.587s] -- Up-to-date symlink: /home/patryk/ros2_ws/install/px4_msgs/lib/python3.6/site-packages/px4_msgs/px4_msgs_s__rosidl_typesupport_opensplice_c.cpython-36m-aarch64-linux-gnu.so
[3.591s] -- Up-to-date symlink: /home/patryk/ros2_ws/install/px4_msgs/lib/libpx4_msgs__python.so
[3.596s] -- Up-to-date symlink: /home/patryk/ros2_ws/install/px4_msgs/share/px4_msgs/msg/ManualControlSetpoint.idl
[3.599s] -- Up-to-date symlink: /home/patryk/ros2_ws/install/px4_msgs/share/px4_msgs/msg/ManualControlSetpoint.msg
[3.603s] -- Up-to-date symlink: /home/patryk/ros2_ws/install/px4_msgs/share/ament_index/resource_index/package_run_dependencies/px4_msgs
[3.616s] -- Up-to-date symlink: /home/patryk/ros2_ws/install/px4_msgs/share/ament_index/resource_index/parent_prefix_path/px4_msgs
[3.620s] -- Up-to-date symlink: /home/patryk/ros2_ws/install/px4_msgs/share/px4_msgs/environment/ament_prefix_path.sh
[3.625s] -- Up-to-date symlink: /home/patryk/ros2_ws/install/px4_msgs/share/px4_msgs/environment/path.sh
[3.628s] -- Up-to-date symlink: /home/patryk/ros2_ws/install/px4_msgs/share/px4_msgs/local_setup.bash
[3.633s] -- Up-to-date symlink: /home/patryk/ros2_ws/install/px4_msgs/share/px4_msgs/local_setup.sh
[3.637s] -- Up-to-date symlink: /home/patryk/ros2_ws/install/px4_msgs/share/px4_msgs/local_setup.zsh
[3.641s] -- Up-to-date symlink: /home/patryk/ros2_ws/install/px4_msgs/share/ament_index/resource_index/packages/px4_msgs
[3.645s] -- Up-to-date symlink: /home/patryk/ros2_ws/install/px4_msgs/share/px4_msgs/cmake/rosidl_cmake-extras.cmake
[3.650s] -- Up-to-date symlink: /home/patryk/ros2_ws/install/px4_msgs/share/px4_msgs/cmake/ament_cmake_export_libraries-extras.cmake
[3.660s] -- Up-to-date symlink: /home/patryk/ros2_ws/install/px4_msgs/share/px4_msgs/cmake/ament_cmake_export_include_directories-extras.cmake
[3.661s] -- Up-to-date symlink: /home/patryk/ros2_ws/install/px4_msgs/share/px4_msgs/cmake/rosidl_cmake_export_typesupport_libraries-extras.cmake
[3.663s] -- Up-to-date symlink: /home/patryk/ros2_ws/install/px4_msgs/share/px4_msgs/cmake/ament_cmake_export_dependencies-extras.cmake
[3.667s] -- Up-to-date symlink: /home/patryk/ros2_ws/install/px4_msgs/share/px4_msgs/cmake/px4_msgsConfig.cmake
[3.670s] -- Up-to-date symlink: /home/patryk/ros2_ws/install/px4_msgs/share/px4_msgs/cmake/px4_msgsConfig-version.cmake
[3.673s] -- Up-to-date symlink: /home/patryk/ros2_ws/install/px4_msgs/share/px4_msgs/package.xml
[4.010s] Invoked command in '/home/patryk/ros2_ws/build/px4_msgs' returned '0': CMAKE_PREFIX_PATH=${CMAKE_PREFIX_PATH}:/home/patryk/ros2_ws/install/controller /usr/local/bin/cmake --install /home/patryk/ros2_ws/build/px4_msgs
