[1.842s] Invoking command in '/home/patryk/ros2_ws/build/px4_msgs': CMAKE_PREFIX_PATH=${CMAKE_PREFIX_PATH}:/home/patryk/ros2_ws/install/controller /usr/bin/cmake --build /home/patryk/ros2_ws/build/px4_msgs -- -j4 -l4
[1.979s] make: Warning: File 'Makefile' has modification time 350 s in the future
[2.135s] make[1]: Warning: File 'CMakeFiles/Makefile2' has modification time 350 s in the future
[2.142s] make[2]: Warning: File 'CMakeFiles/px4_msgs__cpp.dir/progress.make' has modification time 350 s in the future
[2.144s] make[2]: Warning: File 'CMakeFiles/px4_msgs__rosidl_generator_c.dir/progress.make' has modification time 350 s in the future
[2.146s] make[2]: Warning: File 'CMakeFiles/px4_msgs__dds_opensplice_idl.dir/progress.make' has modification time 350 s in the future
[2.198s] make[2]: warning:  Clock skew detected.  Your build may be incomplete.
[2.203s] make[2]: Warning: File 'CMakeFiles/px4_msgs__cpp.dir/progress.make' has modification time 350 s in the future
[2.204s] make[2]: warning:  Clock skew detected.  Your build may be incomplete.
[2.206s] make[2]: warning:  Clock skew detected.  Your build may be incomplete.
[2.210s] make[2]: warning:  Clock skew detected.  Your build may be incomplete.
[2.212s] make[2]: Warning: File 'CMakeFiles/px4_msgs__rosidl_generator_c.dir/progress.make' has modification time 350 s in the future
[2.216s] make[2]: Warning: File 'CMakeFiles/px4_msgs__dds_opensplice_idl.dir/progress.make' has modification time 350 s in the future
[2.217s] make[2]: warning:  Clock skew detected.  Your build may be incomplete.
[2.222s] make[2]: warning:  Clock skew detected.  Your build may be incomplete.
[2.254s] [  1%] Built target px4_msgs__cpp
[2.259s] [  7%] Built target px4_msgs__rosidl_generator_c
[2.272s] make[2]: Warning: File 'CMakeFiles/px4_msgs__rosidl_typesupport_introspection_cpp.dir/progress.make' has modification time 350 s in the future
[2.273s] make[2]: Warning: File 'CMakeFiles/px4_msgs__rosidl_typesupport_fastrtps_cpp.dir/progress.make' has modification time 350 s in the future
[2.275s] make[2]: Warning: File 'CMakeFiles/px4_msgs__rosidl_typesupport_cpp.dir/progress.make' has modification time 350 s in the future
[2.290s] [  9%] Built target px4_msgs__dds_opensplice_idl
[2.312s] make[2]: Warning: File 'CMakeFiles/px4_msgs__rosidl_typesupport_c.dir/progress.make' has modification time 350 s in the future
[2.338s] make[2]: warning:  Clock skew detected.  Your build may be incomplete.
[2.341s] make[2]: warning:  Clock skew detected.  Your build may be incomplete.
[2.346s] make[2]: warning:  Clock skew detected.  Your build may be incomplete.
[2.347s] make[2]: Warning: File 'CMakeFiles/px4_msgs__rosidl_typesupport_cpp.dir/progress.make' has modification time 350 s in the future
[2.350s] make[2]: Warning: File 'CMakeFiles/px4_msgs__rosidl_typesupport_introspection_cpp.dir/progress.make' has modification time 350 s in the future
[2.351s] make[2]: warning:  Clock skew detected.  Your build may be incomplete.
[2.355s] make[2]: warning:  Clock skew detected.  Your build may be incomplete.
[2.356s] make[2]: Warning: File 'CMakeFiles/px4_msgs__rosidl_typesupport_fastrtps_cpp.dir/progress.make' has modification time 350 s in the future
[2.393s] make[2]: warning:  Clock skew detected.  Your build may be incomplete.
[2.399s] [ 15%] Built target px4_msgs__rosidl_typesupport_introspection_cpp
[2.406s] make[2]: warning:  Clock skew detected.  Your build may be incomplete.
[2.408s] make[2]: Warning: File 'CMakeFiles/px4_msgs__rosidl_typesupport_c.dir/progress.make' has modification time 350 s in the future
[2.413s] [ 21%] Built target px4_msgs__rosidl_typesupport_cpp
[2.417s] make[2]: warning:  Clock skew detected.  Your build may be incomplete.
[2.419s] make[2]: Warning: File 'CMakeFiles/px4_msgs__rosidl_typesupport_introspection_c.dir/progress.make' has modification time 350 s in the future
[2.443s] make[2]: Warning: File 'CMakeFiles/px4_msgs__rosidl_typesupport_opensplice_cpp.dir/progress.make' has modification time 350 s in the future
[2.452s] [ 27%] Built target px4_msgs__rosidl_typesupport_fastrtps_cpp
[2.481s] make[2]: Warning: File 'CMakeFiles/px4_msgs__rosidl_typesupport_fastrtps_c.dir/progress.make' has modification time 350 s in the future
[2.493s] [ 33%] Built target px4_msgs__rosidl_typesupport_c
[2.501s] make[2]: warning:  Clock skew detected.  Your build may be incomplete.
[2.517s] make[2]: Warning: File 'CMakeFiles/px4_msgs__rosidl_typesupport_introspection_c.dir/progress.make' has modification time 350 s in the future
[2.522s] make[2]: warning:  Clock skew detected.  Your build may be incomplete.
[2.551s] make[2]: warning:  Clock skew detected.  Your build may be incomplete.
[2.563s] [ 39%] Built target px4_msgs__rosidl_typesupport_introspection_c
[2.568s] make[2]: Warning: File 'CMakeFiles/px4_msgs__rosidl_typesupport_fastrtps_c.dir/progress.make' has modification time 350 s in the future
[2.569s] make[2]: warning:  Clock skew detected.  Your build may be incomplete.
[2.588s] make[2]: warning:  Clock skew detected.  Your build may be incomplete.
[2.592s] make[2]: Warning: File 'CMakeFiles/px4_msgs__rosidl_typesupport_opensplice_cpp.dir/progress.make' has modification time 350 s in the future
[2.608s] make[2]: warning:  Clock skew detected.  Your build may be incomplete.
[2.625s] [ 45%] Built target px4_msgs__rosidl_typesupport_fastrtps_c
[2.644s] [ 60%] Built target px4_msgs__rosidl_typesupport_opensplice_cpp
[2.673s] make[2]: Warning: File 'CMakeFiles/px4_msgs__rosidl_typesupport_opensplice_c.dir/progress.make' has modification time 350 s in the future
[2.738s] make[2]: warning:  Clock skew detected.  Your build may be incomplete.
[2.758s] make[2]: Warning: File 'CMakeFiles/px4_msgs__rosidl_typesupport_opensplice_c.dir/progress.make' has modification time 350 s in the future
[2.775s] make[2]: warning:  Clock skew detected.  Your build may be incomplete.
[2.811s] [ 78%] Built target px4_msgs__rosidl_typesupport_opensplice_c
[2.821s] make[2]: Warning: File 'CMakeFiles/px4_msgs.dir/progress.make' has modification time 349 s in the future
[2.863s] make[2]: warning:  Clock skew detected.  Your build may be incomplete.
[2.869s] make[2]: Warning: File 'CMakeFiles/px4_msgs.dir/progress.make' has modification time 349 s in the future
[2.869s] make[2]: warning:  Clock skew detected.  Your build may be incomplete.
[2.903s] [ 78%] Built target px4_msgs
[2.912s] make[2]: Warning: File 'px4_msgs__py/CMakeFiles/px4_msgs__py.dir/progress.make' has modification time 349 s in the future
[2.956s] make[2]: warning:  Clock skew detected.  Your build may be incomplete.
[2.961s] make[2]: Warning: File 'px4_msgs__py/CMakeFiles/px4_msgs__py.dir/progress.make' has modification time 349 s in the future
[2.964s] make[2]: warning:  Clock skew detected.  Your build may be incomplete.
[2.999s] [ 80%] Built target px4_msgs__py
[3.011s] make[2]: Warning: File 'CMakeFiles/px4_msgs__python.dir/progress.make' has modification time 349 s in the future
[3.059s] make[2]: warning:  Clock skew detected.  Your build may be incomplete.
[3.065s] make[2]: Warning: File 'CMakeFiles/px4_msgs__python.dir/progress.make' has modification time 349 s in the future
[3.086s] make[2]: warning:  Clock skew detected.  Your build may be incomplete.
[3.123s] [ 84%] Built target px4_msgs__python
[3.140s] make[2]: Warning: File 'CMakeFiles/px4_msgs__rosidl_typesupport_c__pyext.dir/progress.make' has modification time 349 s in the future
[3.143s] make[2]: Warning: File 'CMakeFiles/px4_msgs__rosidl_typesupport_opensplice_c__pyext.dir/progress.make' has modification time 349 s in the future
[3.143s] make[2]: Warning: File 'CMakeFiles/px4_msgs__rosidl_typesupport_fastrtps_c__pyext.dir/progress.make' has modification time 349 s in the future
[3.145s] make[2]: Warning: File 'CMakeFiles/px4_msgs__rosidl_typesupport_introspection_c__pyext.dir/progress.make' has modification time 349 s in the future
[3.190s] make[2]: warning:  Clock skew detected.  Your build may be incomplete.
[3.197s] make[2]: warning:  Clock skew detected.  Your build may be incomplete.
[3.203s] make[2]: Warning: File 'CMakeFiles/px4_msgs__rosidl_typesupport_c__pyext.dir/progress.make' has modification time 349 s in the future
[3.219s] make[2]: warning:  Clock skew detected.  Your build may be incomplete.
[3.220s] make[2]: Warning: File 'CMakeFiles/px4_msgs__rosidl_typesupport_introspection_c__pyext.dir/progress.make' has modification time 349 s in the future
[3.222s] make[2]: warning:  Clock skew detected.  Your build may be incomplete.
[3.229s] make[2]: Warning: File 'CMakeFiles/px4_msgs__rosidl_typesupport_fastrtps_c__pyext.dir/progress.make' has modification time 349 s in the future
[3.231s] make[2]: warning:  Clock skew detected.  Your build may be incomplete.
[3.246s] make[2]: Warning: File 'CMakeFiles/px4_msgs__rosidl_typesupport_opensplice_c__pyext.dir/progress.make' has modification time 349 s in the future
[3.251s] make[2]: warning:  Clock skew detected.  Your build may be incomplete.
[3.270s] [ 88%] Built target px4_msgs__rosidl_typesupport_c__pyext
[3.272s] make[2]: warning:  Clock skew detected.  Your build may be incomplete.
[3.279s] make[2]: warning:  Clock skew detected.  Your build may be incomplete.
[3.304s] [ 92%] Built target px4_msgs__rosidl_typesupport_fastrtps_c__pyext
[3.317s] [ 96%] Built target px4_msgs__rosidl_typesupport_introspection_c__pyext
[3.318s] [100%] Built target px4_msgs__rosidl_typesupport_opensplice_c__pyext
[3.321s] make[1]: warning:  Clock skew detected.  Your build may be incomplete.
[3.359s] make: warning:  Clock skew detected.  Your build may be incomplete.
[3.368s] Invoked command in '/home/patryk/ros2_ws/build/px4_msgs' returned '0': CMAKE_PREFIX_PATH=${CMAKE_PREFIX_PATH}:/home/patryk/ros2_ws/install/controller /usr/bin/cmake --build /home/patryk/ros2_ws/build/px4_msgs -- -j4 -l4
[3.755s] Invoking command in '/home/patryk/ros2_ws/build/px4_msgs': CMAKE_PREFIX_PATH=${CMAKE_PREFIX_PATH}:/home/patryk/ros2_ws/install/controller /usr/bin/cmake --build /home/patryk/ros2_ws/build/px4_msgs --target install -- -j4 -l4
[3.798s] make: Warning: File 'Makefile' has modification time 348 s in the future
[3.889s] make[1]: Warning: File 'CMakeFiles/Makefile2' has modification time 348 s in the future
[3.894s] make[2]: Warning: File 'CMakeFiles/px4_msgs__cpp.dir/progress.make' has modification time 348 s in the future
[3.895s] make[2]: Warning: File 'CMakeFiles/px4_msgs__rosidl_generator_c.dir/progress.make' has modification time 348 s in the future
[3.895s] make[2]: Warning: File 'CMakeFiles/px4_msgs__dds_opensplice_idl.dir/progress.make' has modification time 348 s in the future
[3.935s] make[2]: warning:  Clock skew detected.  Your build may be incomplete.
[3.937s] make[2]: warning:  Clock skew detected.  Your build may be incomplete.
[3.938s] make[2]: warning:  Clock skew detected.  Your build may be incomplete.
[3.941s] make[2]: Warning: File 'CMakeFiles/px4_msgs__dds_opensplice_idl.dir/progress.make' has modification time 348 s in the future
[3.942s] make[2]: Warning: File 'CMakeFiles/px4_msgs__rosidl_generator_c.dir/progress.make' has modification time 348 s in the future
[3.943s] make[2]: warning:  Clock skew detected.  Your build may be incomplete.
[3.944s] make[2]: Warning: File 'CMakeFiles/px4_msgs__cpp.dir/progress.make' has modification time 348 s in the future
[3.945s] make[2]: warning:  Clock skew detected.  Your build may be incomplete.
[3.947s] make[2]: warning:  Clock skew detected.  Your build may be incomplete.
[3.984s] [  1%] Built target px4_msgs__cpp
[3.987s] [  3%] Built target px4_msgs__dds_opensplice_idl
[3.993s] make[2]: Warning: File 'CMakeFiles/px4_msgs__rosidl_typesupport_fastrtps_cpp.dir/progress.make' has modification time 348 s in the future
[3.995s] make[2]: Warning: File 'CMakeFiles/px4_msgs__rosidl_typesupport_introspection_cpp.dir/progress.make' has modification time 348 s in the future
[3.999s] make[2]: Warning: File 'CMakeFiles/px4_msgs__rosidl_typesupport_cpp.dir/progress.make' has modification time 348 s in the future
[4.014s] [  9%] Built target px4_msgs__rosidl_generator_c
[4.037s] make[2]: warning:  Clock skew detected.  Your build may be incomplete.
[4.043s] make[2]: Warning: File 'CMakeFiles/px4_msgs__rosidl_typesupport_introspection_cpp.dir/progress.make' has modification time 348 s in the future
[4.047s] make[2]: warning:  Clock skew detected.  Your build may be incomplete.
[4.048s] make[2]: warning:  Clock skew detected.  Your build may be incomplete.
[4.050s] make[2]: Warning: File 'CMakeFiles/px4_msgs__rosidl_typesupport_opensplice_cpp.dir/progress.make' has modification time 348 s in the future
[4.058s] make[2]: Warning: File 'CMakeFiles/px4_msgs__rosidl_typesupport_cpp.dir/progress.make' has modification time 348 s in the future
[4.064s] make[2]: warning:  Clock skew detected.  Your build may be incomplete.
[4.087s] make[2]: warning:  Clock skew detected.  Your build may be incomplete.
[4.107s] make[2]: warning:  Clock skew detected.  Your build may be incomplete.
[4.109s] [ 15%] Built target px4_msgs__rosidl_typesupport_cpp
[4.110s] [ 21%] Built target px4_msgs__rosidl_typesupport_introspection_cpp
[4.111s] make[2]: Warning: File 'CMakeFiles/px4_msgs__rosidl_typesupport_fastrtps_cpp.dir/progress.make' has modification time 348 s in the future
[4.116s] make[2]: Warning: File 'CMakeFiles/px4_msgs__rosidl_typesupport_c.dir/progress.make' has modification time 348 s in the future
[4.120s] make[2]: Warning: File 'CMakeFiles/px4_msgs__rosidl_typesupport_introspection_c.dir/progress.make' has modification time 348 s in the future
[4.132s] make[2]: Warning: File 'CMakeFiles/px4_msgs__rosidl_typesupport_opensplice_cpp.dir/progress.make' has modification time 348 s in the future
[4.136s] make[2]: warning:  Clock skew detected.  Your build may be incomplete.
[4.151s] make[2]: warning:  Clock skew detected.  Your build may be incomplete.
[4.166s] make[2]: warning:  Clock skew detected.  Your build may be incomplete.
[4.172s] make[2]: Warning: File 'CMakeFiles/px4_msgs__rosidl_typesupport_introspection_c.dir/progress.make' has modification time 348 s in the future
[4.178s] make[2]: warning:  Clock skew detected.  Your build may be incomplete.
[4.181s] make[2]: warning:  Clock skew detected.  Your build may be incomplete.
[4.189s] make[2]: Warning: File 'CMakeFiles/px4_msgs__rosidl_typesupport_c.dir/progress.make' has modification time 348 s in the future
[4.195s] make[2]: warning:  Clock skew detected.  Your build may be incomplete.
[4.202s] [ 37%] Built target px4_msgs__rosidl_typesupport_opensplice_cpp
[4.213s] [ 43%] Built target px4_msgs__rosidl_typesupport_fastrtps_cpp
[4.221s] [ 49%] Built target px4_msgs__rosidl_typesupport_introspection_c
[4.224s] make[2]: Warning: File 'CMakeFiles/px4_msgs__rosidl_typesupport_fastrtps_c.dir/progress.make' has modification time 348 s in the future
[4.240s] make[2]: Warning: File 'CMakeFiles/px4_msgs__rosidl_typesupport_opensplice_c.dir/progress.make' has modification time 348 s in the future
[4.242s] [ 54%] Built target px4_msgs__rosidl_typesupport_c
[4.271s] make[2]: warning:  Clock skew detected.  Your build may be incomplete.
[4.278s] make[2]: Warning: File 'CMakeFiles/px4_msgs__rosidl_typesupport_fastrtps_c.dir/progress.make' has modification time 348 s in the future
[4.297s] make[2]: warning:  Clock skew detected.  Your build may be incomplete.
[4.300s] make[2]: warning:  Clock skew detected.  Your build may be incomplete.
[4.320s] make[2]: Warning: File 'CMakeFiles/px4_msgs__rosidl_typesupport_opensplice_c.dir/progress.make' has modification time 348 s in the future
[4.336s] make[2]: warning:  Clock skew detected.  Your build may be incomplete.
[4.337s] [ 60%] Built target px4_msgs__rosidl_typesupport_fastrtps_c
[4.375s] [ 78%] Built target px4_msgs__rosidl_typesupport_opensplice_c
[4.382s] make[2]: Warning: File 'CMakeFiles/px4_msgs.dir/progress.make' has modification time 348 s in the future
[4.424s] make[2]: warning:  Clock skew detected.  Your build may be incomplete.
[4.428s] make[2]: Warning: File 'CMakeFiles/px4_msgs.dir/progress.make' has modification time 348 s in the future
[4.429s] make[2]: warning:  Clock skew detected.  Your build may be incomplete.
[4.465s] [ 78%] Built target px4_msgs
[4.473s] make[2]: Warning: File 'px4_msgs__py/CMakeFiles/px4_msgs__py.dir/progress.make' has modification time 348 s in the future
[4.514s] make[2]: warning:  Clock skew detected.  Your build may be incomplete.
[4.520s] make[2]: Warning: File 'px4_msgs__py/CMakeFiles/px4_msgs__py.dir/progress.make' has modification time 348 s in the future
[4.521s] make[2]: warning:  Clock skew detected.  Your build may be incomplete.
[4.558s] [ 80%] Built target px4_msgs__py
[4.567s] make[2]: Warning: File 'CMakeFiles/px4_msgs__python.dir/progress.make' has modification time 348 s in the future
[4.611s] make[2]: warning:  Clock skew detected.  Your build may be incomplete.
[4.617s] make[2]: Warning: File 'CMakeFiles/px4_msgs__python.dir/progress.make' has modification time 348 s in the future
[4.638s] make[2]: warning:  Clock skew detected.  Your build may be incomplete.
[4.675s] [ 84%] Built target px4_msgs__python
[4.684s] make[2]: Warning: File 'CMakeFiles/px4_msgs__rosidl_typesupport_c__pyext.dir/progress.make' has modification time 348 s in the future
[4.685s] make[2]: Warning: File 'CMakeFiles/px4_msgs__rosidl_typesupport_opensplice_c__pyext.dir/progress.make' has modification time 348 s in the future
[4.690s] make[2]: Warning: File 'CMakeFiles/px4_msgs__rosidl_typesupport_introspection_c__pyext.dir/progress.make' has modification time 348 s in the future
[4.695s] make[2]: Warning: File 'CMakeFiles/px4_msgs__rosidl_typesupport_fastrtps_c__pyext.dir/progress.make' has modification time 348 s in the future
[4.731s] make[2]: warning:  Clock skew detected.  Your build may be incomplete.
[4.735s] make[2]: warning:  Clock skew detected.  Your build may be incomplete.
[4.740s] make[2]: Warning: File 'CMakeFiles/px4_msgs__rosidl_typesupport_opensplice_c__pyext.dir/progress.make' has modification time 348 s in the future
[4.745s] make[2]: warning:  Clock skew detected.  Your build may be incomplete.
[4.751s] make[2]: Warning: File 'CMakeFiles/px4_msgs__rosidl_typesupport_introspection_c__pyext.dir/progress.make' has modification time 348 s in the future
[4.753s] make[2]: Warning: File 'CMakeFiles/px4_msgs__rosidl_typesupport_fastrtps_c__pyext.dir/progress.make' has modification time 348 s in the future
[4.759s] make[2]: warning:  Clock skew detected.  Your build may be incomplete.
[4.775s] make[2]: Warning: File 'CMakeFiles/px4_msgs__rosidl_typesupport_c__pyext.dir/progress.make' has modification time 348 s in the future
[4.776s] make[2]: warning:  Clock skew detected.  Your build may be incomplete.
[4.783s] make[2]: warning:  Clock skew detected.  Your build may be incomplete.
[4.795s] make[2]: warning:  Clock skew detected.  Your build may be incomplete.
[4.799s] make[2]: warning:  Clock skew detected.  Your build may be incomplete.
[4.823s] [ 88%] Built target px4_msgs__rosidl_typesupport_introspection_c__pyext
[4.826s] [ 92%] Built target px4_msgs__rosidl_typesupport_opensplice_c__pyext
[4.839s] [ 96%] Built target px4_msgs__rosidl_typesupport_fastrtps_c__pyext
[4.858s] [100%] Built target px4_msgs__rosidl_typesupport_c__pyext
[4.860s] make[1]: warning:  Clock skew detected.  Your build may be incomplete.
[4.905s] make[1]: Warning: File 'CMakeFiles/Makefile2' has modification time 347 s in the future
[4.905s] make[1]: warning:  Clock skew detected.  Your build may be incomplete.
[4.940s] [36mInstall the project...[0m
[4.978s] -- Install configuration: ""
[4.981s] -- Execute custom install script
[4.983s] -- Up-to-date symlink: /home/patryk/ros2_ws/install/px4_msgs/share/ament_index/resource_index/rosidl_interfaces/px4_msgs
[4.986s] -- Up-to-date symlink: /home/patryk/ros2_ws/install/px4_msgs/lib/libpx4_msgs__rosidl_typesupport_c.so
[4.987s] -- Up-to-date symlink: /home/patryk/ros2_ws/install/px4_msgs/share/px4_msgs/environment/library_path.sh
[4.989s] -- Up-to-date symlink: /home/patryk/ros2_ws/install/px4_msgs/lib/libpx4_msgs__rosidl_typesupport_cpp.so
[4.993s] -- Up-to-date symlink: /home/patryk/ros2_ws/install/px4_msgs/include/px4_msgs/msg/manual_control_setpoint__rosidl_typesupport_fastrtps_c.h
[4.994s] -- Up-to-date symlink: /home/patryk/ros2_ws/install/px4_msgs/include/px4_msgs/msg/rosidl_typesupport_fastrtps_c__visibility_control.h
[4.997s] -- Up-to-date symlink: /home/patryk/ros2_ws/install/px4_msgs/lib/libpx4_msgs__rosidl_typesupport_fastrtps_c.so
[4.999s] -- Up-to-date symlink: /home/patryk/ros2_ws/install/px4_msgs/include/px4_msgs/msg/manual_control_setpoint.h
[5.001s] -- Up-to-date symlink: /home/patryk/ros2_ws/install/px4_msgs/include/px4_msgs/msg/manual_control_setpoint__functions.h
[5.002s] -- Up-to-date symlink: /home/patryk/ros2_ws/install/px4_msgs/include/px4_msgs/msg/manual_control_setpoint__struct.h
[5.003s] -- Up-to-date symlink: /home/patryk/ros2_ws/install/px4_msgs/include/px4_msgs/msg/manual_control_setpoint__type_support.h
[5.004s] -- Up-to-date symlink: /home/patryk/ros2_ws/install/px4_msgs/include/px4_msgs/msg/rosidl_generator_c__visibility_control.h
[5.007s] -- Up-to-date symlink: /home/patryk/ros2_ws/install/px4_msgs/lib/libpx4_msgs__rosidl_generator_c.so
[5.011s] -- Up-to-date symlink: /home/patryk/ros2_ws/install/px4_msgs/include/px4_msgs/msg/manual_control_setpoint__rosidl_typesupport_fastrtps_cpp.hpp
[5.012s] -- Up-to-date symlink: /home/patryk/ros2_ws/install/px4_msgs/include/px4_msgs/msg/rosidl_typesupport_fastrtps_cpp__visibility_control.h
[5.015s] -- Up-to-date symlink: /home/patryk/ros2_ws/install/px4_msgs/lib/libpx4_msgs__rosidl_typesupport_fastrtps_cpp.so
[5.018s] -- Up-to-date symlink: /home/patryk/ros2_ws/install/px4_msgs/include/px4_msgs/msg/manual_control_setpoint.hpp
[5.019s] -- Up-to-date symlink: /home/patryk/ros2_ws/install/px4_msgs/include/px4_msgs/msg/manual_control_setpoint__struct.hpp
[5.020s] -- Up-to-date symlink: /home/patryk/ros2_ws/install/px4_msgs/include/px4_msgs/msg/manual_control_setpoint__traits.hpp
[5.023s] -- Up-to-date symlink: /home/patryk/ros2_ws/install/px4_msgs/include/px4_msgs/msg/manual_control_setpoint__rosidl_typesupport_introspection_c.h
[5.024s] -- Up-to-date symlink: /home/patryk/ros2_ws/install/px4_msgs/include/px4_msgs/msg/rosidl_typesupport_introspection_c__visibility_control.h
[5.027s] -- Up-to-date symlink: /home/patryk/ros2_ws/install/px4_msgs/lib/libpx4_msgs__rosidl_typesupport_introspection_c.so
[5.030s] -- Up-to-date symlink: /home/patryk/ros2_ws/install/px4_msgs/include/px4_msgs/msg/manual_control_setpoint__rosidl_typesupport_opensplice_c.h
[5.031s] -- Up-to-date symlink: /home/patryk/ros2_ws/install/px4_msgs/include/px4_msgs/msg/rosidl_typesupport_opensplice_c__visibility_control.h
[5.035s] -- Up-to-date symlink: /home/patryk/ros2_ws/install/px4_msgs/lib/libpx4_msgs__rosidl_typesupport_opensplice_c.so
[5.039s] -- Up-to-date symlink: /home/patryk/ros2_ws/install/px4_msgs/share/px4_msgs/msg/dds_opensplice/ManualControlSetpoint_.idl
[5.044s] -- Up-to-date symlink: /home/patryk/ros2_ws/install/px4_msgs/include/px4_msgs/msg/dds_opensplice/ManualControlSetpoint_.h
[5.045s] -- Up-to-date symlink: /home/patryk/ros2_ws/install/px4_msgs/include/px4_msgs/msg/dds_opensplice/ManualControlSetpoint_Dcps.h
[5.047s] -- Up-to-date symlink: /home/patryk/ros2_ws/install/px4_msgs/include/px4_msgs/msg/dds_opensplice/ManualControlSetpoint_Dcps_impl.h
[5.049s] -- Up-to-date symlink: /home/patryk/ros2_ws/install/px4_msgs/include/px4_msgs/msg/dds_opensplice/ManualControlSetpoint_SplDcps.h
[5.051s] -- Up-to-date symlink: /home/patryk/ros2_ws/install/px4_msgs/include/px4_msgs/msg/dds_opensplice/ccpp_ManualControlSetpoint_.h
[5.052s] -- Up-to-date symlink: /home/patryk/ros2_ws/install/px4_msgs/include/px4_msgs/msg/manual_control_setpoint__rosidl_typesupport_opensplice_cpp.hpp
[5.054s] -- Up-to-date symlink: /home/patryk/ros2_ws/install/px4_msgs/include/px4_msgs/msg/rosidl_typesupport_opensplice_cpp__visibility_control.h
[5.057s] -- Up-to-date symlink: /home/patryk/ros2_ws/install/px4_msgs/lib/libpx4_msgs__rosidl_typesupport_opensplice_cpp.so
[5.061s] -- Up-to-date symlink: /home/patryk/ros2_ws/install/px4_msgs/include/px4_msgs/msg/manual_control_setpoint__rosidl_typesupport_introspection_cpp.hpp
[5.065s] -- Up-to-date symlink: /home/patryk/ros2_ws/install/px4_msgs/lib/libpx4_msgs__rosidl_typesupport_introspection_cpp.so
[5.067s] -- Up-to-date symlink: /home/patryk/ros2_ws/install/px4_msgs/share/px4_msgs/environment/pythonpath.sh
[5.075s] -- Up-to-date symlink: /home/patryk/ros2_ws/install/px4_msgs/lib/python3.6/site-packages/px4_msgs/__init__.py
[5.075s] -- Up-to-date symlink: /home/patryk/ros2_ws/install/px4_msgs/lib/python3.6/site-packages/px4_msgs/msg/__init__.py
[5.076s] -- Up-to-date symlink: /home/patryk/ros2_ws/install/px4_msgs/lib/python3.6/site-packages/px4_msgs/msg/_manual_control_setpoint.py
[5.077s] -- Up-to-date symlink: /home/patryk/ros2_ws/install/px4_msgs/lib/python3.6/site-packages/px4_msgs/px4_msgs_s__rosidl_typesupport_c.cpython-36m-aarch64-linux-gnu.so
[5.080s] -- Up-to-date symlink: /home/patryk/ros2_ws/install/px4_msgs/lib/python3.6/site-packages/px4_msgs/px4_msgs_s__rosidl_typesupport_introspection_c.cpython-36m-aarch64-linux-gnu.so
[5.083s] -- Up-to-date symlink: /home/patryk/ros2_ws/install/px4_msgs/lib/python3.6/site-packages/px4_msgs/px4_msgs_s__rosidl_typesupport_fastrtps_c.cpython-36m-aarch64-linux-gnu.so
[5.087s] -- Up-to-date symlink: /home/patryk/ros2_ws/install/px4_msgs/lib/python3.6/site-packages/px4_msgs/px4_msgs_s__rosidl_typesupport_opensplice_c.cpython-36m-aarch64-linux-gnu.so
[5.090s] -- Up-to-date symlink: /home/patryk/ros2_ws/install/px4_msgs/lib/libpx4_msgs__python.so
[5.092s] -- Up-to-date symlink: /home/patryk/ros2_ws/install/px4_msgs/share/px4_msgs/msg/ManualControlSetpoint.idl
[5.094s] -- Up-to-date symlink: /home/patryk/ros2_ws/install/px4_msgs/share/px4_msgs/msg/ManualControlSetpoint.msg
[5.096s] -- Up-to-date symlink: /home/patryk/ros2_ws/install/px4_msgs/share/ament_index/resource_index/package_run_dependencies/px4_msgs
[5.099s] -- Up-to-date symlink: /home/patryk/ros2_ws/install/px4_msgs/share/ament_index/resource_index/parent_prefix_path/px4_msgs
[5.100s] -- Up-to-date symlink: /home/patryk/ros2_ws/install/px4_msgs/share/px4_msgs/environment/ament_prefix_path.sh
[5.101s] -- Up-to-date symlink: /home/patryk/ros2_ws/install/px4_msgs/share/px4_msgs/environment/path.sh
[5.102s] -- Up-to-date symlink: /home/patryk/ros2_ws/install/px4_msgs/share/px4_msgs/local_setup.bash
[5.103s] -- Up-to-date symlink: /home/patryk/ros2_ws/install/px4_msgs/share/px4_msgs/local_setup.sh
[5.106s] -- Up-to-date symlink: /home/patryk/ros2_ws/install/px4_msgs/share/px4_msgs/local_setup.zsh
[5.108s] -- Up-to-date symlink: /home/patryk/ros2_ws/install/px4_msgs/share/ament_index/resource_index/packages/px4_msgs
[5.111s] -- Up-to-date symlink: /home/patryk/ros2_ws/install/px4_msgs/share/px4_msgs/cmake/rosidl_cmake-extras.cmake
[5.113s] -- Up-to-date symlink: /home/patryk/ros2_ws/install/px4_msgs/share/px4_msgs/cmake/ament_cmake_export_libraries-extras.cmake
[5.115s] -- Up-to-date symlink: /home/patryk/ros2_ws/install/px4_msgs/share/px4_msgs/cmake/ament_cmake_export_include_directories-extras.cmake
[5.117s] -- Up-to-date symlink: /home/patryk/ros2_ws/install/px4_msgs/share/px4_msgs/cmake/rosidl_cmake_export_typesupport_libraries-extras.cmake
[5.119s] -- Up-to-date symlink: /home/patryk/ros2_ws/install/px4_msgs/share/px4_msgs/cmake/ament_cmake_export_dependencies-extras.cmake
[5.121s] -- Up-to-date symlink: /home/patryk/ros2_ws/install/px4_msgs/share/px4_msgs/cmake/px4_msgsConfig.cmake
[5.123s] -- Up-to-date symlink: /home/patryk/ros2_ws/install/px4_msgs/share/px4_msgs/cmake/px4_msgsConfig-version.cmake
[5.124s] -- Up-to-date symlink: /home/patryk/ros2_ws/install/px4_msgs/share/px4_msgs/package.xml
[5.469s] make: warning:  Clock skew detected.  Your build may be incomplete.
[5.478s] Invoked command in '/home/patryk/ros2_ws/build/px4_msgs' returned '0': CMAKE_PREFIX_PATH=${CMAKE_PREFIX_PATH}:/home/patryk/ros2_ws/install/controller /usr/bin/cmake --build /home/patryk/ros2_ws/build/px4_msgs --target install -- -j4 -l4
