[1.826s] Invoking command in '/home/patryk/ros2_ws/build/px4_msgs': CMAKE_PREFIX_PATH=${CMAKE_PREFIX_PATH}:/home/patryk/ros2_ws/install/controller /usr/bin/cmake --build /home/patryk/ros2_ws/build/px4_msgs -- -j4 -l4
[1.883s] make: Warning: File 'Makefile' has modification time 2,2 s in the future
[1.973s] make[1]: Warning: File 'CMakeFiles/Makefile2' has modification time 2,1 s in the future
[1.978s] make[2]: Warning: File 'CMakeFiles/px4_msgs__cpp.dir/progress.make' has modification time 2,1 s in the future
[1.980s] make[2]: Warning: File 'CMakeFiles/px4_msgs__rosidl_generator_c.dir/progress.make' has modification time 2,1 s in the future
[1.981s] make[2]: Warning: File 'CMakeFiles/px4_msgs__dds_opensplice_idl.dir/progress.make' has modification time 2,1 s in the future
[2.021s] make[2]: warning:  Clock skew detected.  Your build may be incomplete.
[2.022s] make[2]: warning:  Clock skew detected.  Your build may be incomplete.
[2.023s] make[2]: warning:  Clock skew detected.  Your build may be incomplete.
[2.027s] make[2]: Warning: File 'CMakeFiles/px4_msgs__dds_opensplice_idl.dir/progress.make' has modification time 2 s in the future
[2.028s] make[2]: warning:  Clock skew detected.  Your build may be incomplete.
[2.029s] make[2]: Warning: File 'CMakeFiles/px4_msgs__cpp.dir/progress.make' has modification time 2 s in the future
[2.030s] make[2]: warning:  Clock skew detected.  Your build may be incomplete.
[2.031s] make[2]: Warning: File 'CMakeFiles/px4_msgs__rosidl_generator_c.dir/progress.make' has modification time 2 s in the future
[2.034s] make[2]: warning:  Clock skew detected.  Your build may be incomplete.
[2.070s] [  1%] Built target px4_msgs__cpp
[2.075s] [  7%] Built target px4_msgs__rosidl_generator_c
[2.079s] make[2]: Warning: File 'CMakeFiles/px4_msgs__rosidl_typesupport_introspection_cpp.dir/progress.make' has modification time 2 s in the future
[2.082s] [  9%] Built target px4_msgs__dds_opensplice_idl
[2.083s] make[2]: Warning: File 'CMakeFiles/px4_msgs__rosidl_typesupport_cpp.dir/progress.make' has modification time 2 s in the future
[2.086s] make[2]: Warning: File 'CMakeFiles/px4_msgs__rosidl_typesupport_fastrtps_cpp.dir/progress.make' has modification time 2 s in the future
[2.090s] make[2]: Warning: File 'CMakeFiles/px4_msgs__rosidl_typesupport_c.dir/progress.make' has modification time 2 s in the future
[2.126s] make[2]: warning:  Clock skew detected.  Your build may be incomplete.
[2.139s] make[2]: Warning: File 'CMakeFiles/px4_msgs__rosidl_typesupport_introspection_cpp.dir/progress.make' has modification time 1,9 s in the future
[2.145s] make[2]: warning:  Clock skew detected.  Your build may be incomplete.
[2.148s] make[2]: warning:  Clock skew detected.  Your build may be incomplete.
[2.148s] make[2]: warning:  Clock skew detected.  Your build may be incomplete.
[2.152s] make[2]: Warning: File 'CMakeFiles/px4_msgs__rosidl_typesupport_fastrtps_cpp.dir/progress.make' has modification time 1,9 s in the future
[2.165s] make[2]: Warning: File 'CMakeFiles/px4_msgs__rosidl_typesupport_cpp.dir/progress.make' has modification time 1,9 s in the future
[2.169s] make[2]: warning:  Clock skew detected.  Your build may be incomplete.
[2.180s] make[2]: warning:  Clock skew detected.  Your build may be incomplete.
[2.181s] make[2]: warning:  Clock skew detected.  Your build may be incomplete.
[2.190s] make[2]: Warning: File 'CMakeFiles/px4_msgs__rosidl_typesupport_c.dir/progress.make' has modification time 1,9 s in the future
[2.194s] make[2]: warning:  Clock skew detected.  Your build may be incomplete.
[2.195s] [ 15%] Built target px4_msgs__rosidl_typesupport_introspection_cpp
[2.206s] make[2]: Warning: File 'CMakeFiles/px4_msgs__rosidl_typesupport_introspection_c.dir/progress.make' has modification time 1,9 s in the future
[2.224s] [ 21%] Built target px4_msgs__rosidl_typesupport_cpp
[2.232s] [ 27%] Built target px4_msgs__rosidl_typesupport_fastrtps_cpp
[2.244s] [ 33%] Built target px4_msgs__rosidl_typesupport_c
[2.252s] make[2]: Warning: File 'CMakeFiles/px4_msgs__rosidl_typesupport_fastrtps_c.dir/progress.make' has modification time 1,8 s in the future
[2.253s] make[2]: Warning: File 'CMakeFiles/px4_msgs__rosidl_typesupport_opensplice_cpp.dir/progress.make' has modification time 1,8 s in the future
[2.277s] make[2]: warning:  Clock skew detected.  Your build may be incomplete.
[2.283s] make[2]: Warning: File 'CMakeFiles/px4_msgs__rosidl_typesupport_introspection_c.dir/progress.make' has modification time 1,8 s in the future
[2.289s] make[2]: warning:  Clock skew detected.  Your build may be incomplete.
[2.298s] make[2]: warning:  Clock skew detected.  Your build may be incomplete.
[2.305s] make[2]: Warning: File 'CMakeFiles/px4_msgs__rosidl_typesupport_fastrtps_c.dir/progress.make' has modification time 1,8 s in the future
[2.316s] make[2]: warning:  Clock skew detected.  Your build may be incomplete.
[2.327s] [ 39%] Built target px4_msgs__rosidl_typesupport_introspection_c
[2.328s] make[2]: warning:  Clock skew detected.  Your build may be incomplete.
[2.338s] make[2]: Warning: File 'CMakeFiles/px4_msgs__rosidl_typesupport_opensplice_cpp.dir/progress.make' has modification time 1,7 s in the future
[2.353s] make[2]: warning:  Clock skew detected.  Your build may be incomplete.
[2.367s] [ 45%] Built target px4_msgs__rosidl_typesupport_fastrtps_c
[2.391s] [ 60%] Built target px4_msgs__rosidl_typesupport_opensplice_cpp
[2.415s] make[2]: Warning: File 'CMakeFiles/px4_msgs__rosidl_typesupport_opensplice_c.dir/progress.make' has modification time 1,6 s in the future
[2.469s] make[2]: warning:  Clock skew detected.  Your build may be incomplete.
[2.490s] make[2]: Warning: File 'CMakeFiles/px4_msgs__rosidl_typesupport_opensplice_c.dir/progress.make' has modification time 1,6 s in the future
[2.506s] make[2]: warning:  Clock skew detected.  Your build may be incomplete.
[2.542s] [ 78%] Built target px4_msgs__rosidl_typesupport_opensplice_c
[2.550s] make[2]: Warning: File 'CMakeFiles/px4_msgs.dir/progress.make' has modification time 1,5 s in the future
[2.589s] make[2]: warning:  Clock skew detected.  Your build may be incomplete.
[2.595s] make[2]: Warning: File 'CMakeFiles/px4_msgs.dir/progress.make' has modification time 1,5 s in the future
[2.596s] make[2]: warning:  Clock skew detected.  Your build may be incomplete.
[2.632s] [ 78%] Built target px4_msgs
[2.639s] make[2]: Warning: File 'px4_msgs__py/CMakeFiles/px4_msgs__py.dir/progress.make' has modification time 1,4 s in the future
[2.679s] make[2]: warning:  Clock skew detected.  Your build may be incomplete.
[2.684s] make[2]: Warning: File 'px4_msgs__py/CMakeFiles/px4_msgs__py.dir/progress.make' has modification time 1,4 s in the future
[2.685s] make[2]: warning:  Clock skew detected.  Your build may be incomplete.
[2.721s] [ 80%] Built target px4_msgs__py
[2.730s] make[2]: Warning: File 'CMakeFiles/px4_msgs__python.dir/progress.make' has modification time 1,3 s in the future
[2.772s] make[2]: warning:  Clock skew detected.  Your build may be incomplete.
[2.778s] make[2]: Warning: File 'CMakeFiles/px4_msgs__python.dir/progress.make' has modification time 1,3 s in the future
[2.799s] make[2]: warning:  Clock skew detected.  Your build may be incomplete.
[2.835s] [ 84%] Built target px4_msgs__python
[2.844s] make[2]: Warning: File 'CMakeFiles/px4_msgs__rosidl_typesupport_c__pyext.dir/progress.make' has modification time 1,2 s in the future
[2.845s] make[2]: Warning: File 'CMakeFiles/px4_msgs__rosidl_typesupport_fastrtps_c__pyext.dir/progress.make' has modification time 1,2 s in the future
[2.846s] make[2]: Warning: File 'CMakeFiles/px4_msgs__rosidl_typesupport_opensplice_c__pyext.dir/progress.make' has modification time 1,2 s in the future
[2.851s] make[2]: Warning: File 'CMakeFiles/px4_msgs__rosidl_typesupport_introspection_c__pyext.dir/progress.make' has modification time 1,2 s in the future
[2.891s] make[2]: warning:  Clock skew detected.  Your build may be incomplete.
[2.896s] make[2]: warning:  Clock skew detected.  Your build may be incomplete.
[2.902s] make[2]: Warning: File 'CMakeFiles/px4_msgs__rosidl_typesupport_c__pyext.dir/progress.make' has modification time 1,2 s in the future
[2.912s] make[2]: Warning: File 'CMakeFiles/px4_msgs__rosidl_typesupport_introspection_c__pyext.dir/progress.make' has modification time 1,1 s in the future
[2.918s] make[2]: warning:  Clock skew detected.  Your build may be incomplete.
[2.921s] make[2]: warning:  Clock skew detected.  Your build may be incomplete.
[2.929s] make[2]: Warning: File 'CMakeFiles/px4_msgs__rosidl_typesupport_fastrtps_c__pyext.dir/progress.make' has modification time 1,1 s in the future
[2.933s] make[2]: Warning: File 'CMakeFiles/px4_msgs__rosidl_typesupport_opensplice_c__pyext.dir/progress.make' has modification time 1,1 s in the future
[2.934s] make[2]: warning:  Clock skew detected.  Your build may be incomplete.
[2.941s] make[2]: warning:  Clock skew detected.  Your build may be incomplete.
[2.956s] make[2]: warning:  Clock skew detected.  Your build may be incomplete.
[2.959s] make[2]: warning:  Clock skew detected.  Your build may be incomplete.
[2.983s] [ 88%] Built target px4_msgs__rosidl_typesupport_c__pyext
[2.995s] [ 92%] Built target px4_msgs__rosidl_typesupport_introspection_c__pyext
[3.011s] [ 96%] Built target px4_msgs__rosidl_typesupport_fastrtps_c__pyext
[3.019s] [100%] Built target px4_msgs__rosidl_typesupport_opensplice_c__pyext
[3.022s] make[1]: warning:  Clock skew detected.  Your build may be incomplete.
[3.060s] make: warning:  Clock skew detected.  Your build may be incomplete.
[3.067s] Invoked command in '/home/patryk/ros2_ws/build/px4_msgs' returned '0': CMAKE_PREFIX_PATH=${CMAKE_PREFIX_PATH}:/home/patryk/ros2_ws/install/controller /usr/bin/cmake --build /home/patryk/ros2_ws/build/px4_msgs -- -j4 -l4
[3.459s] Invoking command in '/home/patryk/ros2_ws/build/px4_msgs': CMAKE_PREFIX_PATH=${CMAKE_PREFIX_PATH}:/home/patryk/ros2_ws/install/controller /usr/bin/cmake --build /home/patryk/ros2_ws/build/px4_msgs --target install -- -j4 -l4
[3.503s] make: Warning: File 'Makefile' has modification time 0,53 s in the future
[3.594s] make[1]: Warning: File 'CMakeFiles/Makefile2' has modification time 0,48 s in the future
[3.599s] make[2]: Warning: File 'CMakeFiles/px4_msgs__cpp.dir/progress.make' has modification time 0,45 s in the future
[3.600s] make[2]: Warning: File 'CMakeFiles/px4_msgs__dds_opensplice_idl.dir/progress.make' has modification time 0,45 s in the future
[3.600s] make[2]: Warning: File 'CMakeFiles/px4_msgs__rosidl_generator_c.dir/progress.make' has modification time 0,45 s in the future
[3.642s] make[2]: warning:  Clock skew detected.  Your build may be incomplete.
[3.643s] make[2]: warning:  Clock skew detected.  Your build may be incomplete.
[3.644s] make[2]: warning:  Clock skew detected.  Your build may be incomplete.
[3.648s] make[2]: Warning: File 'CMakeFiles/px4_msgs__dds_opensplice_idl.dir/progress.make' has modification time 0,41 s in the future
[3.649s] make[2]: warning:  Clock skew detected.  Your build may be incomplete.
[3.650s] make[2]: Warning: File 'CMakeFiles/px4_msgs__rosidl_generator_c.dir/progress.make' has modification time 0,4 s in the future
[3.652s] make[2]: Warning: File 'CMakeFiles/px4_msgs__cpp.dir/progress.make' has modification time 0,4 s in the future
[3.653s] make[2]: warning:  Clock skew detected.  Your build may be incomplete.
[3.654s] make[2]: warning:  Clock skew detected.  Your build may be incomplete.
[3.689s] [  1%] Built target px4_msgs__dds_opensplice_idl
[3.690s] [  7%] Built target px4_msgs__rosidl_generator_c
[3.699s] make[2]: Warning: File 'CMakeFiles/px4_msgs__rosidl_typesupport_c.dir/progress.make' has modification time 0,35 s in the future
[3.700s] make[2]: Warning: File 'CMakeFiles/px4_msgs__rosidl_typesupport_introspection_c.dir/progress.make' has modification time 0,36 s in the future
[3.713s] [  9%] Built target px4_msgs__cpp
[3.724s] make[2]: Warning: File 'CMakeFiles/px4_msgs__rosidl_typesupport_fastrtps_cpp.dir/progress.make' has modification time 0,33 s in the future
[3.728s] make[2]: Warning: File 'CMakeFiles/px4_msgs__rosidl_typesupport_introspection_cpp.dir/progress.make' has modification time 0,33 s in the future
[3.747s] make[2]: warning:  Clock skew detected.  Your build may be incomplete.
[3.756s] make[2]: Warning: File 'CMakeFiles/px4_msgs__rosidl_typesupport_c.dir/progress.make' has modification time 0,3 s in the future
[3.758s] make[2]: warning:  Clock skew detected.  Your build may be incomplete.
[3.761s] make[2]: warning:  Clock skew detected.  Your build may be incomplete.
[3.765s] make[2]: Warning: File 'CMakeFiles/px4_msgs__rosidl_typesupport_introspection_c.dir/progress.make' has modification time 0,29 s in the future
[3.771s] make[2]: warning:  Clock skew detected.  Your build may be incomplete.
[3.775s] make[2]: warning:  Clock skew detected.  Your build may be incomplete.
[3.784s] make[2]: Warning: File 'CMakeFiles/px4_msgs__rosidl_typesupport_fastrtps_cpp.dir/progress.make' has modification time 0,27 s in the future
[3.811s] make[2]: warning:  Clock skew detected.  Your build may be incomplete.
[3.813s] [ 15%] Built target px4_msgs__rosidl_typesupport_introspection_c
[3.818s] make[2]: Warning: File 'CMakeFiles/px4_msgs__rosidl_typesupport_introspection_cpp.dir/progress.make' has modification time 0,24 s in the future
[3.822s] make[2]: Warning: File 'CMakeFiles/px4_msgs__rosidl_typesupport_cpp.dir/progress.make' has modification time 0,23 s in the future
[3.824s] make[2]: warning:  Clock skew detected.  Your build may be incomplete.
[3.828s] make[2]: warning:  Clock skew detected.  Your build may be incomplete.
[3.835s] [ 21%] Built target px4_msgs__rosidl_typesupport_c
[3.859s] make[2]: Warning: File 'CMakeFiles/px4_msgs__rosidl_typesupport_opensplice_cpp.dir/progress.make' has modification time 0,2 s in the future
[3.868s] make[2]: warning:  Clock skew detected.  Your build may be incomplete.
[3.875s] make[2]: Warning: File 'CMakeFiles/px4_msgs__rosidl_typesupport_cpp.dir/progress.make' has modification time 0,18 s in the future
[3.880s] make[2]: warning:  Clock skew detected.  Your build may be incomplete.
[3.883s] [ 27%] Built target px4_msgs__rosidl_typesupport_fastrtps_cpp
[3.892s] make[2]: Warning: File 'CMakeFiles/px4_msgs__rosidl_typesupport_fastrtps_c.dir/progress.make' has modification time 0,17 s in the future
[3.899s] [ 33%] Built target px4_msgs__rosidl_typesupport_introspection_cpp
[3.927s] [ 39%] Built target px4_msgs__rosidl_typesupport_cpp
[3.939s] make[2]: warning:  Clock skew detected.  Your build may be incomplete.
[3.941s] make[2]: warning:  Clock skew detected.  Your build may be incomplete.
[3.946s] make[2]: Warning: File 'CMakeFiles/px4_msgs__rosidl_typesupport_fastrtps_c.dir/progress.make' has modification time 0,11 s in the future
[3.960s] make[2]: Warning: File 'CMakeFiles/px4_msgs__rosidl_typesupport_opensplice_cpp.dir/progress.make' has modification time 0,097 s in the future
[3.968s] make[2]: warning:  Clock skew detected.  Your build may be incomplete.
[3.977s] make[2]: warning:  Clock skew detected.  Your build may be incomplete.
[4.005s] [ 45%] Built target px4_msgs__rosidl_typesupport_fastrtps_c
[4.020s] [ 60%] Built target px4_msgs__rosidl_typesupport_opensplice_cpp
[4.044s] make[2]: Warning: File 'CMakeFiles/px4_msgs__rosidl_typesupport_opensplice_c.dir/progress.make' has modification time 0,014 s in the future
[4.098s] make[2]: warning:  Clock skew detected.  Your build may be incomplete.
[4.171s] [ 78%] Built target px4_msgs__rosidl_typesupport_opensplice_c
[4.264s] [ 78%] Built target px4_msgs
[4.355s] [ 80%] Built target px4_msgs__py
[4.469s] [ 84%] Built target px4_msgs__python
[4.599s] [ 88%] Built target px4_msgs__rosidl_typesupport_fastrtps_c__pyext
[4.643s] [ 92%] Built target px4_msgs__rosidl_typesupport_introspection_c__pyext
[4.647s] [ 96%] Built target px4_msgs__rosidl_typesupport_c__pyext
[4.652s] [100%] Built target px4_msgs__rosidl_typesupport_opensplice_c__pyext
[4.656s] make[1]: warning:  Clock skew detected.  Your build may be incomplete.
[4.741s] [36mInstall the project...[0m
[4.781s] -- Install configuration: ""
[4.782s] -- Execute custom install script
[4.782s] -- Up-to-date symlink: /home/patryk/ros2_ws/install/px4_msgs/share/ament_index/resource_index/rosidl_interfaces/px4_msgs
[4.784s] -- Up-to-date symlink: /home/patryk/ros2_ws/install/px4_msgs/lib/libpx4_msgs__rosidl_typesupport_c.so
[4.785s] -- Up-to-date symlink: /home/patryk/ros2_ws/install/px4_msgs/share/px4_msgs/environment/library_path.sh
[4.787s] -- Up-to-date symlink: /home/patryk/ros2_ws/install/px4_msgs/lib/libpx4_msgs__rosidl_typesupport_cpp.so
[4.789s] -- Up-to-date symlink: /home/patryk/ros2_ws/install/px4_msgs/include/px4_msgs/msg/manual_control_setpoint__rosidl_typesupport_fastrtps_c.h
[4.790s] -- Up-to-date symlink: /home/patryk/ros2_ws/install/px4_msgs/include/px4_msgs/msg/rosidl_typesupport_fastrtps_c__visibility_control.h
[4.792s] -- Up-to-date symlink: /home/patryk/ros2_ws/install/px4_msgs/lib/libpx4_msgs__rosidl_typesupport_fastrtps_c.so
[4.794s] -- Up-to-date symlink: /home/patryk/ros2_ws/install/px4_msgs/include/px4_msgs/msg/manual_control_setpoint.h
[4.795s] -- Up-to-date symlink: /home/patryk/ros2_ws/install/px4_msgs/include/px4_msgs/msg/manual_control_setpoint__functions.h
[4.795s] -- Up-to-date symlink: /home/patryk/ros2_ws/install/px4_msgs/include/px4_msgs/msg/manual_control_setpoint__struct.h
[4.796s] -- Up-to-date symlink: /home/patryk/ros2_ws/install/px4_msgs/include/px4_msgs/msg/manual_control_setpoint__type_support.h
[4.797s] -- Up-to-date symlink: /home/patryk/ros2_ws/install/px4_msgs/include/px4_msgs/msg/rosidl_generator_c__visibility_control.h
[4.799s] -- Up-to-date symlink: /home/patryk/ros2_ws/install/px4_msgs/lib/libpx4_msgs__rosidl_generator_c.so
[4.801s] -- Up-to-date symlink: /home/patryk/ros2_ws/install/px4_msgs/include/px4_msgs/msg/manual_control_setpoint__rosidl_typesupport_fastrtps_cpp.hpp
[4.802s] -- Up-to-date symlink: /home/patryk/ros2_ws/install/px4_msgs/include/px4_msgs/msg/rosidl_typesupport_fastrtps_cpp__visibility_control.h
[4.804s] -- Up-to-date symlink: /home/patryk/ros2_ws/install/px4_msgs/lib/libpx4_msgs__rosidl_typesupport_fastrtps_cpp.so
[4.805s] -- Up-to-date symlink: /home/patryk/ros2_ws/install/px4_msgs/include/px4_msgs/msg/manual_control_setpoint.hpp
[4.806s] -- Up-to-date symlink: /home/patryk/ros2_ws/install/px4_msgs/include/px4_msgs/msg/manual_control_setpoint__struct.hpp
[4.807s] -- Up-to-date symlink: /home/patryk/ros2_ws/install/px4_msgs/include/px4_msgs/msg/manual_control_setpoint__traits.hpp
[4.809s] -- Up-to-date symlink: /home/patryk/ros2_ws/install/px4_msgs/include/px4_msgs/msg/manual_control_setpoint__rosidl_typesupport_introspection_c.h
[4.810s] -- Up-to-date symlink: /home/patryk/ros2_ws/install/px4_msgs/include/px4_msgs/msg/rosidl_typesupport_introspection_c__visibility_control.h
[4.812s] -- Up-to-date symlink: /home/patryk/ros2_ws/install/px4_msgs/lib/libpx4_msgs__rosidl_typesupport_introspection_c.so
[4.814s] -- Up-to-date symlink: /home/patryk/ros2_ws/install/px4_msgs/include/px4_msgs/msg/manual_control_setpoint__rosidl_typesupport_opensplice_c.h
[4.815s] -- Up-to-date symlink: /home/patryk/ros2_ws/install/px4_msgs/include/px4_msgs/msg/rosidl_typesupport_opensplice_c__visibility_control.h
[4.816s] -- Up-to-date symlink: /home/patryk/ros2_ws/install/px4_msgs/lib/libpx4_msgs__rosidl_typesupport_opensplice_c.so
[4.818s] -- Up-to-date symlink: /home/patryk/ros2_ws/install/px4_msgs/share/px4_msgs/msg/dds_opensplice/ManualControlSetpoint_.idl
[4.821s] -- Up-to-date symlink: /home/patryk/ros2_ws/install/px4_msgs/include/px4_msgs/msg/dds_opensplice/ManualControlSetpoint_.h
[4.822s] -- Up-to-date symlink: /home/patryk/ros2_ws/install/px4_msgs/include/px4_msgs/msg/dds_opensplice/ManualControlSetpoint_Dcps.h
[4.823s] -- Up-to-date symlink: /home/patryk/ros2_ws/install/px4_msgs/include/px4_msgs/msg/dds_opensplice/ManualControlSetpoint_Dcps_impl.h
[4.824s] -- Up-to-date symlink: /home/patryk/ros2_ws/install/px4_msgs/include/px4_msgs/msg/dds_opensplice/ManualControlSetpoint_SplDcps.h
[4.825s] -- Up-to-date symlink: /home/patryk/ros2_ws/install/px4_msgs/include/px4_msgs/msg/dds_opensplice/ccpp_ManualControlSetpoint_.h
[4.825s] -- Up-to-date symlink: /home/patryk/ros2_ws/install/px4_msgs/include/px4_msgs/msg/manual_control_setpoint__rosidl_typesupport_opensplice_cpp.hpp
[4.826s] -- Up-to-date symlink: /home/patryk/ros2_ws/install/px4_msgs/include/px4_msgs/msg/rosidl_typesupport_opensplice_cpp__visibility_control.h
[4.828s] -- Up-to-date symlink: /home/patryk/ros2_ws/install/px4_msgs/lib/libpx4_msgs__rosidl_typesupport_opensplice_cpp.so
[4.830s] -- Up-to-date symlink: /home/patryk/ros2_ws/install/px4_msgs/include/px4_msgs/msg/manual_control_setpoint__rosidl_typesupport_introspection_cpp.hpp
[4.831s] -- Up-to-date symlink: /home/patryk/ros2_ws/install/px4_msgs/lib/libpx4_msgs__rosidl_typesupport_introspection_cpp.so
[4.832s] -- Up-to-date symlink: /home/patryk/ros2_ws/install/px4_msgs/share/px4_msgs/environment/pythonpath.sh
[4.834s] -- Up-to-date symlink: /home/patryk/ros2_ws/install/px4_msgs/lib/python3.6/site-packages/px4_msgs/__init__.py
[4.836s] -- Up-to-date symlink: /home/patryk/ros2_ws/install/px4_msgs/lib/python3.6/site-packages/px4_msgs/msg/__init__.py
[4.836s] -- Up-to-date symlink: /home/patryk/ros2_ws/install/px4_msgs/lib/python3.6/site-packages/px4_msgs/msg/_manual_control_setpoint.py
[4.838s] -- Up-to-date symlink: /home/patryk/ros2_ws/install/px4_msgs/lib/python3.6/site-packages/px4_msgs/px4_msgs_s__rosidl_typesupport_c.cpython-36m-aarch64-linux-gnu.so
[4.840s] -- Up-to-date symlink: /home/patryk/ros2_ws/install/px4_msgs/lib/python3.6/site-packages/px4_msgs/px4_msgs_s__rosidl_typesupport_introspection_c.cpython-36m-aarch64-linux-gnu.so
[4.842s] -- Up-to-date symlink: /home/patryk/ros2_ws/install/px4_msgs/lib/python3.6/site-packages/px4_msgs/px4_msgs_s__rosidl_typesupport_fastrtps_c.cpython-36m-aarch64-linux-gnu.so
[4.843s] -- Up-to-date symlink: /home/patryk/ros2_ws/install/px4_msgs/lib/python3.6/site-packages/px4_msgs/px4_msgs_s__rosidl_typesupport_opensplice_c.cpython-36m-aarch64-linux-gnu.so
[4.845s] -- Up-to-date symlink: /home/patryk/ros2_ws/install/px4_msgs/lib/libpx4_msgs__python.so
[4.846s] -- Up-to-date symlink: /home/patryk/ros2_ws/install/px4_msgs/share/px4_msgs/msg/ManualControlSetpoint.idl
[4.847s] -- Up-to-date symlink: /home/patryk/ros2_ws/install/px4_msgs/share/px4_msgs/msg/ManualControlSetpoint.msg
[4.848s] -- Up-to-date symlink: /home/patryk/ros2_ws/install/px4_msgs/share/ament_index/resource_index/package_run_dependencies/px4_msgs
[4.849s] -- Up-to-date symlink: /home/patryk/ros2_ws/install/px4_msgs/share/ament_index/resource_index/parent_prefix_path/px4_msgs
[4.851s] -- Up-to-date symlink: /home/patryk/ros2_ws/install/px4_msgs/share/px4_msgs/environment/ament_prefix_path.sh
[4.852s] -- Up-to-date symlink: /home/patryk/ros2_ws/install/px4_msgs/share/px4_msgs/environment/path.sh
[4.853s] -- Up-to-date symlink: /home/patryk/ros2_ws/install/px4_msgs/share/px4_msgs/local_setup.bash
[4.854s] -- Up-to-date symlink: /home/patryk/ros2_ws/install/px4_msgs/share/px4_msgs/local_setup.sh
[4.855s] -- Up-to-date symlink: /home/patryk/ros2_ws/install/px4_msgs/share/px4_msgs/local_setup.zsh
[4.856s] -- Up-to-date symlink: /home/patryk/ros2_ws/install/px4_msgs/share/ament_index/resource_index/packages/px4_msgs
[4.857s] -- Up-to-date symlink: /home/patryk/ros2_ws/install/px4_msgs/share/px4_msgs/cmake/rosidl_cmake-extras.cmake
[4.858s] -- Up-to-date symlink: /home/patryk/ros2_ws/install/px4_msgs/share/px4_msgs/cmake/ament_cmake_export_libraries-extras.cmake
[4.860s] -- Up-to-date symlink: /home/patryk/ros2_ws/install/px4_msgs/share/px4_msgs/cmake/ament_cmake_export_include_directories-extras.cmake
[4.861s] -- Up-to-date symlink: /home/patryk/ros2_ws/install/px4_msgs/share/px4_msgs/cmake/rosidl_cmake_export_typesupport_libraries-extras.cmake
[4.862s] -- Up-to-date symlink: /home/patryk/ros2_ws/install/px4_msgs/share/px4_msgs/cmake/ament_cmake_export_dependencies-extras.cmake
[4.863s] -- Up-to-date symlink: /home/patryk/ros2_ws/install/px4_msgs/share/px4_msgs/cmake/px4_msgsConfig.cmake
[4.864s] -- Up-to-date symlink: /home/patryk/ros2_ws/install/px4_msgs/share/px4_msgs/cmake/px4_msgsConfig-version.cmake
[4.865s] -- Up-to-date symlink: /home/patryk/ros2_ws/install/px4_msgs/share/px4_msgs/package.xml
[5.198s] make: warning:  Clock skew detected.  Your build may be incomplete.
[5.208s] Invoked command in '/home/patryk/ros2_ws/build/px4_msgs' returned '0': CMAKE_PREFIX_PATH=${CMAKE_PREFIX_PATH}:/home/patryk/ros2_ws/install/controller /usr/bin/cmake --build /home/patryk/ros2_ws/build/px4_msgs --target install -- -j4 -l4
