[1.849s] Invoking command in '/home/patryk/ros2_ws/build/px4_msgs': CMAKE_PREFIX_PATH=${CMAKE_PREFIX_PATH}:/home/patryk/ros2_ws/install/controller /usr/bin/cmake --build /home/patryk/ros2_ws/build/px4_msgs -- -j4 -l4
[2.131s] make: Warning: File 'Makefile' has modification time 233 s in the future
[2.237s] make[1]: Warning: File 'CMakeFiles/Makefile2' has modification time 233 s in the future
[2.246s] make[2]: Warning: File 'CMakeFiles/px4_msgs__dds_opensplice_idl.dir/progress.make' has modification time 233 s in the future
[2.246s] make[2]: Warning: File 'CMakeFiles/px4_msgs__cpp.dir/progress.make' has modification time 233 s in the future
[2.249s] make[2]: Warning: File 'CMakeFiles/px4_msgs__rosidl_generator_c.dir/progress.make' has modification time 233 s in the future
[2.294s] make[2]: warning:  Clock skew detected.  Your build may be incomplete.
[2.300s] make[2]: Warning: File 'CMakeFiles/px4_msgs__cpp.dir/progress.make' has modification time 233 s in the future
[2.302s] make[2]: warning:  Clock skew detected.  Your build may be incomplete.
[2.303s] make[2]: warning:  Clock skew detected.  Your build may be incomplete.
[2.304s] make[2]: warning:  Clock skew detected.  Your build may be incomplete.
[2.307s] make[2]: Warning: File 'CMakeFiles/px4_msgs__rosidl_generator_c.dir/progress.make' has modification time 233 s in the future
[2.310s] make[2]: Warning: File 'CMakeFiles/px4_msgs__dds_opensplice_idl.dir/progress.make' has modification time 233 s in the future
[2.310s] make[2]: warning:  Clock skew detected.  Your build may be incomplete.
[2.312s] make[2]: warning:  Clock skew detected.  Your build may be incomplete.
[2.343s] [  1%] Built target px4_msgs__cpp
[2.352s] [  7%] Built target px4_msgs__dds_opensplice_idl
[2.353s] [  9%] Built target px4_msgs__rosidl_generator_c
[2.359s] make[2]: Warning: File 'CMakeFiles/px4_msgs__rosidl_typesupport_fastrtps_cpp.dir/progress.make' has modification time 233 s in the future
[2.371s] make[2]: Warning: File 'CMakeFiles/px4_msgs__rosidl_typesupport_introspection_cpp.dir/progress.make' has modification time 233 s in the future
[2.372s] make[2]: Warning: File 'CMakeFiles/px4_msgs__rosidl_typesupport_cpp.dir/progress.make' has modification time 233 s in the future
[2.374s] make[2]: Warning: File 'CMakeFiles/px4_msgs__rosidl_typesupport_c.dir/progress.make' has modification time 233 s in the future
[2.420s] make[2]: warning:  Clock skew detected.  Your build may be incomplete.
[2.423s] make[2]: warning:  Clock skew detected.  Your build may be incomplete.
[2.425s] make[2]: warning:  Clock skew detected.  Your build may be incomplete.
[2.429s] make[2]: Warning: File 'CMakeFiles/px4_msgs__rosidl_typesupport_fastrtps_cpp.dir/progress.make' has modification time 233 s in the future
[2.433s] make[2]: Warning: File 'CMakeFiles/px4_msgs__rosidl_typesupport_c.dir/progress.make' has modification time 233 s in the future
[2.434s] make[2]: Warning: File 'CMakeFiles/px4_msgs__rosidl_typesupport_cpp.dir/progress.make' has modification time 233 s in the future
[2.438s] make[2]: warning:  Clock skew detected.  Your build may be incomplete.
[2.441s] make[2]: warning:  Clock skew detected.  Your build may be incomplete.
[2.453s] make[2]: warning:  Clock skew detected.  Your build may be incomplete.
[2.462s] make[2]: warning:  Clock skew detected.  Your build may be incomplete.
[2.466s] make[2]: Warning: File 'CMakeFiles/px4_msgs__rosidl_typesupport_introspection_cpp.dir/progress.make' has modification time 233 s in the future
[2.471s] make[2]: warning:  Clock skew detected.  Your build may be incomplete.
[2.499s] [ 15%] Built target px4_msgs__rosidl_typesupport_fastrtps_cpp
[2.510s] [ 21%] Built target px4_msgs__rosidl_typesupport_introspection_cpp
[2.514s] make[2]: Warning: File 'CMakeFiles/px4_msgs__rosidl_typesupport_introspection_c.dir/progress.make' has modification time 233 s in the future
[2.517s] [ 27%] Built target px4_msgs__rosidl_typesupport_c
[2.520s] [ 33%] Built target px4_msgs__rosidl_typesupport_cpp
[2.526s] make[2]: Warning: File 'CMakeFiles/px4_msgs__rosidl_typesupport_fastrtps_c.dir/progress.make' has modification time 233 s in the future
[2.558s] make[2]: Warning: File 'CMakeFiles/px4_msgs__rosidl_typesupport_opensplice_cpp.dir/progress.make' has modification time 233 s in the future
[2.564s] make[2]: warning:  Clock skew detected.  Your build may be incomplete.
[2.573s] make[2]: Warning: File 'CMakeFiles/px4_msgs__rosidl_typesupport_introspection_c.dir/progress.make' has modification time 233 s in the future
[2.578s] make[2]: warning:  Clock skew detected.  Your build may be incomplete.
[2.583s] make[2]: warning:  Clock skew detected.  Your build may be incomplete.
[2.590s] make[2]: Warning: File 'CMakeFiles/px4_msgs__rosidl_typesupport_fastrtps_c.dir/progress.make' has modification time 233 s in the future
[2.612s] make[2]: warning:  Clock skew detected.  Your build may be incomplete.
[2.618s] [ 39%] Built target px4_msgs__rosidl_typesupport_introspection_c
[2.630s] make[2]: warning:  Clock skew detected.  Your build may be incomplete.
[2.649s] [ 45%] Built target px4_msgs__rosidl_typesupport_fastrtps_c
[2.650s] make[2]: Warning: File 'CMakeFiles/px4_msgs__rosidl_typesupport_opensplice_cpp.dir/progress.make' has modification time 233 s in the future
[2.666s] make[2]: warning:  Clock skew detected.  Your build may be incomplete.
[2.703s] [ 60%] Built target px4_msgs__rosidl_typesupport_opensplice_cpp
[2.732s] make[2]: Warning: File 'CMakeFiles/px4_msgs__rosidl_typesupport_opensplice_c.dir/progress.make' has modification time 233 s in the future
[2.791s] make[2]: warning:  Clock skew detected.  Your build may be incomplete.
[2.812s] make[2]: Warning: File 'CMakeFiles/px4_msgs__rosidl_typesupport_opensplice_c.dir/progress.make' has modification time 232 s in the future
[2.828s] make[2]: warning:  Clock skew detected.  Your build may be incomplete.
[2.865s] [ 78%] Built target px4_msgs__rosidl_typesupport_opensplice_c
[2.876s] make[2]: Warning: File 'CMakeFiles/px4_msgs.dir/progress.make' has modification time 232 s in the future
[2.916s] make[2]: warning:  Clock skew detected.  Your build may be incomplete.
[2.921s] make[2]: Warning: File 'CMakeFiles/px4_msgs.dir/progress.make' has modification time 232 s in the future
[2.922s] make[2]: warning:  Clock skew detected.  Your build may be incomplete.
[2.957s] [ 78%] Built target px4_msgs
[2.967s] make[2]: Warning: File 'px4_msgs__py/CMakeFiles/px4_msgs__py.dir/progress.make' has modification time 232 s in the future
[3.009s] make[2]: warning:  Clock skew detected.  Your build may be incomplete.
[3.014s] make[2]: Warning: File 'px4_msgs__py/CMakeFiles/px4_msgs__py.dir/progress.make' has modification time 232 s in the future
[3.015s] make[2]: warning:  Clock skew detected.  Your build may be incomplete.
[3.052s] [ 80%] Built target px4_msgs__py
[3.064s] make[2]: Warning: File 'CMakeFiles/px4_msgs__python.dir/progress.make' has modification time 232 s in the future
[3.108s] make[2]: warning:  Clock skew detected.  Your build may be incomplete.
[3.114s] make[2]: Warning: File 'CMakeFiles/px4_msgs__python.dir/progress.make' has modification time 232 s in the future
[3.135s] make[2]: warning:  Clock skew detected.  Your build may be incomplete.
[3.172s] [ 84%] Built target px4_msgs__python
[3.189s] make[2]: Warning: File 'CMakeFiles/px4_msgs__rosidl_typesupport_c__pyext.dir/progress.make' has modification time 232 s in the future
[3.190s] make[2]: Warning: File 'CMakeFiles/px4_msgs__rosidl_typesupport_fastrtps_c__pyext.dir/progress.make' has modification time 232 s in the future
[3.191s] make[2]: Warning: File 'CMakeFiles/px4_msgs__rosidl_typesupport_introspection_c__pyext.dir/progress.make' has modification time 232 s in the future
[3.192s] make[2]: Warning: File 'CMakeFiles/px4_msgs__rosidl_typesupport_opensplice_c__pyext.dir/progress.make' has modification time 232 s in the future
[3.238s] make[2]: warning:  Clock skew detected.  Your build may be incomplete.
[3.247s] make[2]: warning:  Clock skew detected.  Your build may be incomplete.
[3.255s] make[2]: Warning: File 'CMakeFiles/px4_msgs__rosidl_typesupport_c__pyext.dir/progress.make' has modification time 232 s in the future
[3.260s] make[2]: warning:  Clock skew detected.  Your build may be incomplete.
[3.269s] make[2]: warning:  Clock skew detected.  Your build may be incomplete.
[3.274s] make[2]: Warning: File 'CMakeFiles/px4_msgs__rosidl_typesupport_opensplice_c__pyext.dir/progress.make' has modification time 232 s in the future
[3.275s] make[2]: Warning: File 'CMakeFiles/px4_msgs__rosidl_typesupport_fastrtps_c__pyext.dir/progress.make' has modification time 232 s in the future
[3.283s] make[2]: Warning: File 'CMakeFiles/px4_msgs__rosidl_typesupport_introspection_c__pyext.dir/progress.make' has modification time 232 s in the future
[3.284s] make[2]: warning:  Clock skew detected.  Your build may be incomplete.
[3.298s] make[2]: warning:  Clock skew detected.  Your build may be incomplete.
[3.304s] make[2]: warning:  Clock skew detected.  Your build may be incomplete.
[3.307s] make[2]: warning:  Clock skew detected.  Your build may be incomplete.
[3.339s] [ 88%] Built target px4_msgs__rosidl_typesupport_fastrtps_c__pyext
[3.355s] [ 92%] Built target px4_msgs__rosidl_typesupport_opensplice_c__pyext
[3.360s] [ 96%] Built target px4_msgs__rosidl_typesupport_c__pyext
[3.364s] [100%] Built target px4_msgs__rosidl_typesupport_introspection_c__pyext
[3.367s] make[1]: warning:  Clock skew detected.  Your build may be incomplete.
[3.406s] make: warning:  Clock skew detected.  Your build may be incomplete.
[3.413s] Invoked command in '/home/patryk/ros2_ws/build/px4_msgs' returned '0': CMAKE_PREFIX_PATH=${CMAKE_PREFIX_PATH}:/home/patryk/ros2_ws/install/controller /usr/bin/cmake --build /home/patryk/ros2_ws/build/px4_msgs -- -j4 -l4
[3.799s] Invoking command in '/home/patryk/ros2_ws/build/px4_msgs': CMAKE_PREFIX_PATH=${CMAKE_PREFIX_PATH}:/home/patryk/ros2_ws/install/controller /usr/bin/cmake --build /home/patryk/ros2_ws/build/px4_msgs --target install -- -j4 -l4
[3.851s] make: Warning: File 'Makefile' has modification time 231 s in the future
[3.943s] make[1]: Warning: File 'CMakeFiles/Makefile2' has modification time 231 s in the future
[3.948s] make[2]: Warning: File 'CMakeFiles/px4_msgs__cpp.dir/progress.make' has modification time 231 s in the future
[3.950s] make[2]: Warning: File 'CMakeFiles/px4_msgs__rosidl_generator_c.dir/progress.make' has modification time 231 s in the future
[3.953s] make[2]: Warning: File 'CMakeFiles/px4_msgs__dds_opensplice_idl.dir/progress.make' has modification time 231 s in the future
[4.000s] make[2]: warning:  Clock skew detected.  Your build may be incomplete.
[4.000s] make[2]: Warning: File 'CMakeFiles/px4_msgs__cpp.dir/progress.make' has modification time 231 s in the future
[4.001s] make[2]: warning:  Clock skew detected.  Your build may be incomplete.
[4.014s] make[2]: warning:  Clock skew detected.  Your build may be incomplete.
[4.019s] make[2]: Warning: File 'CMakeFiles/px4_msgs__dds_opensplice_idl.dir/progress.make' has modification time 231 s in the future
[4.021s] make[2]: warning:  Clock skew detected.  Your build may be incomplete.
[4.025s] make[2]: warning:  Clock skew detected.  Your build may be incomplete.
[4.031s] make[2]: Warning: File 'CMakeFiles/px4_msgs__rosidl_generator_c.dir/progress.make' has modification time 231 s in the future
[4.035s] make[2]: warning:  Clock skew detected.  Your build may be incomplete.
[4.041s] [  1%] Built target px4_msgs__cpp
[4.049s] make[2]: Warning: File 'CMakeFiles/px4_msgs__rosidl_typesupport_introspection_cpp.dir/progress.make' has modification time 231 s in the future
[4.055s] make[2]: Warning: File 'CMakeFiles/px4_msgs__rosidl_typesupport_fastrtps_cpp.dir/progress.make' has modification time 231 s in the future
[4.069s] [  3%] Built target px4_msgs__dds_opensplice_idl
[4.085s] make[2]: Warning: File 'CMakeFiles/px4_msgs__rosidl_typesupport_cpp.dir/progress.make' has modification time 231 s in the future
[4.092s] [  9%] Built target px4_msgs__rosidl_generator_c
[4.099s] make[2]: warning:  Clock skew detected.  Your build may be incomplete.
[4.106s] make[2]: Warning: File 'CMakeFiles/px4_msgs__rosidl_typesupport_fastrtps_cpp.dir/progress.make' has modification time 231 s in the future
[4.118s] make[2]: warning:  Clock skew detected.  Your build may be incomplete.
[4.120s] make[2]: Warning: File 'CMakeFiles/px4_msgs__rosidl_typesupport_opensplice_cpp.dir/progress.make' has modification time 231 s in the future
[4.127s] make[2]: warning:  Clock skew detected.  Your build may be incomplete.
[4.131s] make[2]: Warning: File 'CMakeFiles/px4_msgs__rosidl_typesupport_introspection_cpp.dir/progress.make' has modification time 231 s in the future
[4.135s] make[2]: warning:  Clock skew detected.  Your build may be incomplete.
[4.165s] make[2]: warning:  Clock skew detected.  Your build may be incomplete.
[4.176s] [ 15%] Built target px4_msgs__rosidl_typesupport_introspection_cpp
[4.179s] make[2]: Warning: File 'CMakeFiles/px4_msgs__rosidl_typesupport_cpp.dir/progress.make' has modification time 231 s in the future
[4.183s] make[2]: warning:  Clock skew detected.  Your build may be incomplete.
[4.186s] make[2]: Warning: File 'CMakeFiles/px4_msgs__rosidl_typesupport_c.dir/progress.make' has modification time 231 s in the future
[4.189s] make[2]: warning:  Clock skew detected.  Your build may be incomplete.
[4.202s] [ 21%] Built target px4_msgs__rosidl_typesupport_fastrtps_cpp
[4.212s] make[2]: Warning: File 'CMakeFiles/px4_msgs__rosidl_typesupport_introspection_c.dir/progress.make' has modification time 231 s in the future
[4.229s] make[2]: warning:  Clock skew detected.  Your build may be incomplete.
[4.234s] make[2]: Warning: File 'CMakeFiles/px4_msgs__rosidl_typesupport_opensplice_cpp.dir/progress.make' has modification time 231 s in the future
[4.238s] [ 27%] Built target px4_msgs__rosidl_typesupport_cpp
[4.249s] make[2]: Warning: File 'CMakeFiles/px4_msgs__rosidl_typesupport_fastrtps_c.dir/progress.make' has modification time 231 s in the future
[4.253s] make[2]: warning:  Clock skew detected.  Your build may be incomplete.
[4.254s] make[2]: Warning: File 'CMakeFiles/px4_msgs__rosidl_typesupport_c.dir/progress.make' has modification time 231 s in the future
[4.260s] make[2]: warning:  Clock skew detected.  Your build may be incomplete.
[4.261s] make[2]: warning:  Clock skew detected.  Your build may be incomplete.
[4.270s] make[2]: Warning: File 'CMakeFiles/px4_msgs__rosidl_typesupport_introspection_c.dir/progress.make' has modification time 231 s in the future
[4.277s] make[2]: warning:  Clock skew detected.  Your build may be incomplete.
[4.299s] [ 43%] Built target px4_msgs__rosidl_typesupport_opensplice_cpp
[4.311s] make[2]: warning:  Clock skew detected.  Your build may be incomplete.
[4.316s] [ 49%] Built target px4_msgs__rosidl_typesupport_c
[4.324s] make[2]: Warning: File 'CMakeFiles/px4_msgs__rosidl_typesupport_opensplice_c.dir/progress.make' has modification time 231 s in the future
[4.329s] make[2]: Warning: File 'CMakeFiles/px4_msgs__rosidl_typesupport_fastrtps_c.dir/progress.make' has modification time 231 s in the future
[4.335s] [ 54%] Built target px4_msgs__rosidl_typesupport_introspection_c
[4.350s] make[2]: warning:  Clock skew detected.  Your build may be incomplete.
[4.380s] make[2]: warning:  Clock skew detected.  Your build may be incomplete.
[4.390s] [ 60%] Built target px4_msgs__rosidl_typesupport_fastrtps_c
[4.402s] make[2]: Warning: File 'CMakeFiles/px4_msgs__rosidl_typesupport_opensplice_c.dir/progress.make' has modification time 231 s in the future
[4.418s] make[2]: warning:  Clock skew detected.  Your build may be incomplete.
[4.455s] [ 78%] Built target px4_msgs__rosidl_typesupport_opensplice_c
[4.464s] make[2]: Warning: File 'CMakeFiles/px4_msgs.dir/progress.make' has modification time 231 s in the future
[4.506s] make[2]: warning:  Clock skew detected.  Your build may be incomplete.
[4.512s] make[2]: Warning: File 'CMakeFiles/px4_msgs.dir/progress.make' has modification time 231 s in the future
[4.513s] make[2]: warning:  Clock skew detected.  Your build may be incomplete.
[4.549s] [ 78%] Built target px4_msgs
[4.557s] make[2]: Warning: File 'px4_msgs__py/CMakeFiles/px4_msgs__py.dir/progress.make' has modification time 231 s in the future
[4.601s] make[2]: warning:  Clock skew detected.  Your build may be incomplete.
[4.606s] make[2]: Warning: File 'px4_msgs__py/CMakeFiles/px4_msgs__py.dir/progress.make' has modification time 231 s in the future
[4.607s] make[2]: warning:  Clock skew detected.  Your build may be incomplete.
[4.644s] [ 80%] Built target px4_msgs__py
[4.653s] make[2]: Warning: File 'CMakeFiles/px4_msgs__python.dir/progress.make' has modification time 231 s in the future
[4.698s] make[2]: warning:  Clock skew detected.  Your build may be incomplete.
[4.703s] make[2]: Warning: File 'CMakeFiles/px4_msgs__python.dir/progress.make' has modification time 231 s in the future
[4.725s] make[2]: warning:  Clock skew detected.  Your build may be incomplete.
[4.762s] [ 84%] Built target px4_msgs__python
[4.772s] make[2]: Warning: File 'CMakeFiles/px4_msgs__rosidl_typesupport_c__pyext.dir/progress.make' has modification time 231 s in the future
[4.777s] make[2]: Warning: File 'CMakeFiles/px4_msgs__rosidl_typesupport_opensplice_c__pyext.dir/progress.make' has modification time 231 s in the future
[4.779s] make[2]: Warning: File 'CMakeFiles/px4_msgs__rosidl_typesupport_fastrtps_c__pyext.dir/progress.make' has modification time 231 s in the future
[4.780s] make[2]: Warning: File 'CMakeFiles/px4_msgs__rosidl_typesupport_introspection_c__pyext.dir/progress.make' has modification time 231 s in the future
[4.823s] make[2]: warning:  Clock skew detected.  Your build may be incomplete.
[4.826s] make[2]: warning:  Clock skew detected.  Your build may be incomplete.
[4.831s] make[2]: Warning: File 'CMakeFiles/px4_msgs__rosidl_typesupport_fastrtps_c__pyext.dir/progress.make' has modification time 230 s in the future
[4.833s] make[2]: Warning: File 'CMakeFiles/px4_msgs__rosidl_typesupport_opensplice_c__pyext.dir/progress.make' has modification time 230 s in the future
[4.835s] make[2]: warning:  Clock skew detected.  Your build may be incomplete.
[4.848s] make[2]: warning:  Clock skew detected.  Your build may be incomplete.
[4.850s] make[2]: Warning: File 'CMakeFiles/px4_msgs__rosidl_typesupport_c__pyext.dir/progress.make' has modification time 230 s in the future
[4.855s] make[2]: Warning: File 'CMakeFiles/px4_msgs__rosidl_typesupport_introspection_c__pyext.dir/progress.make' has modification time 230 s in the future
[4.860s] make[2]: warning:  Clock skew detected.  Your build may be incomplete.
[4.871s] make[2]: warning:  Clock skew detected.  Your build may be incomplete.
[4.874s] make[2]: warning:  Clock skew detected.  Your build may be incomplete.
[4.878s] make[2]: warning:  Clock skew detected.  Your build may be incomplete.
[4.911s] [ 88%] Built target px4_msgs__rosidl_typesupport_fastrtps_c__pyext
[4.920s] [ 92%] Built target px4_msgs__rosidl_typesupport_opensplice_c__pyext
[4.923s] [ 96%] Built target px4_msgs__rosidl_typesupport_c__pyext
[4.940s] [100%] Built target px4_msgs__rosidl_typesupport_introspection_c__pyext
[4.943s] make[1]: warning:  Clock skew detected.  Your build may be incomplete.
[4.990s] make[1]: Warning: File 'CMakeFiles/Makefile2' has modification time 230 s in the future
[4.990s] make[1]: warning:  Clock skew detected.  Your build may be incomplete.
[5.028s] [36mInstall the project...[0m
[5.069s] -- Install configuration: ""
[5.073s] -- Execute custom install script
[5.075s] -- Up-to-date symlink: /home/patryk/ros2_ws/install/px4_msgs/share/ament_index/resource_index/rosidl_interfaces/px4_msgs
[5.078s] -- Up-to-date symlink: /home/patryk/ros2_ws/install/px4_msgs/lib/libpx4_msgs__rosidl_typesupport_c.so
[5.080s] -- Up-to-date symlink: /home/patryk/ros2_ws/install/px4_msgs/share/px4_msgs/environment/library_path.sh
[5.083s] -- Up-to-date symlink: /home/patryk/ros2_ws/install/px4_msgs/lib/libpx4_msgs__rosidl_typesupport_cpp.so
[5.086s] -- Up-to-date symlink: /home/patryk/ros2_ws/install/px4_msgs/include/px4_msgs/msg/manual_control_setpoint__rosidl_typesupport_fastrtps_c.h
[5.088s] -- Up-to-date symlink: /home/patryk/ros2_ws/install/px4_msgs/include/px4_msgs/msg/rosidl_typesupport_fastrtps_c__visibility_control.h
[5.091s] -- Up-to-date symlink: /home/patryk/ros2_ws/install/px4_msgs/lib/libpx4_msgs__rosidl_typesupport_fastrtps_c.so
[5.094s] -- Up-to-date symlink: /home/patryk/ros2_ws/install/px4_msgs/include/px4_msgs/msg/manual_control_setpoint.h
[5.095s] -- Up-to-date symlink: /home/patryk/ros2_ws/install/px4_msgs/include/px4_msgs/msg/manual_control_setpoint__functions.h
[5.096s] -- Up-to-date symlink: /home/patryk/ros2_ws/install/px4_msgs/include/px4_msgs/msg/manual_control_setpoint__struct.h
[5.098s] -- Up-to-date symlink: /home/patryk/ros2_ws/install/px4_msgs/include/px4_msgs/msg/manual_control_setpoint__type_support.h
[5.099s] -- Up-to-date symlink: /home/patryk/ros2_ws/install/px4_msgs/include/px4_msgs/msg/rosidl_generator_c__visibility_control.h
[5.102s] -- Up-to-date symlink: /home/patryk/ros2_ws/install/px4_msgs/lib/libpx4_msgs__rosidl_generator_c.so
[5.105s] -- Up-to-date symlink: /home/patryk/ros2_ws/install/px4_msgs/include/px4_msgs/msg/manual_control_setpoint__rosidl_typesupport_fastrtps_cpp.hpp
[5.106s] -- Up-to-date symlink: /home/patryk/ros2_ws/install/px4_msgs/include/px4_msgs/msg/rosidl_typesupport_fastrtps_cpp__visibility_control.h
[5.109s] -- Up-to-date symlink: /home/patryk/ros2_ws/install/px4_msgs/lib/libpx4_msgs__rosidl_typesupport_fastrtps_cpp.so
[5.112s] -- Up-to-date symlink: /home/patryk/ros2_ws/install/px4_msgs/include/px4_msgs/msg/manual_control_setpoint.hpp
[5.113s] -- Up-to-date symlink: /home/patryk/ros2_ws/install/px4_msgs/include/px4_msgs/msg/manual_control_setpoint__struct.hpp
[5.115s] -- Up-to-date symlink: /home/patryk/ros2_ws/install/px4_msgs/include/px4_msgs/msg/manual_control_setpoint__traits.hpp
[5.117s] -- Up-to-date symlink: /home/patryk/ros2_ws/install/px4_msgs/include/px4_msgs/msg/manual_control_setpoint__rosidl_typesupport_introspection_c.h
[5.118s] -- Up-to-date symlink: /home/patryk/ros2_ws/install/px4_msgs/include/px4_msgs/msg/rosidl_typesupport_introspection_c__visibility_control.h
[5.121s] -- Up-to-date symlink: /home/patryk/ros2_ws/install/px4_msgs/lib/libpx4_msgs__rosidl_typesupport_introspection_c.so
[5.124s] -- Up-to-date symlink: /home/patryk/ros2_ws/install/px4_msgs/include/px4_msgs/msg/manual_control_setpoint__rosidl_typesupport_opensplice_c.h
[5.126s] -- Up-to-date symlink: /home/patryk/ros2_ws/install/px4_msgs/include/px4_msgs/msg/rosidl_typesupport_opensplice_c__visibility_control.h
[5.129s] -- Up-to-date symlink: /home/patryk/ros2_ws/install/px4_msgs/lib/libpx4_msgs__rosidl_typesupport_opensplice_c.so
[5.132s] -- Up-to-date symlink: /home/patryk/ros2_ws/install/px4_msgs/share/px4_msgs/msg/dds_opensplice/ManualControlSetpoint_.idl
[5.136s] -- Up-to-date symlink: /home/patryk/ros2_ws/install/px4_msgs/include/px4_msgs/msg/dds_opensplice/ManualControlSetpoint_.h
[5.138s] -- Up-to-date symlink: /home/patryk/ros2_ws/install/px4_msgs/include/px4_msgs/msg/dds_opensplice/ManualControlSetpoint_Dcps.h
[5.139s] -- Up-to-date symlink: /home/patryk/ros2_ws/install/px4_msgs/include/px4_msgs/msg/dds_opensplice/ManualControlSetpoint_Dcps_impl.h
[5.141s] -- Up-to-date symlink: /home/patryk/ros2_ws/install/px4_msgs/include/px4_msgs/msg/dds_opensplice/ManualControlSetpoint_SplDcps.h
[5.143s] -- Up-to-date symlink: /home/patryk/ros2_ws/install/px4_msgs/include/px4_msgs/msg/dds_opensplice/ccpp_ManualControlSetpoint_.h
[5.144s] -- Up-to-date symlink: /home/patryk/ros2_ws/install/px4_msgs/include/px4_msgs/msg/manual_control_setpoint__rosidl_typesupport_opensplice_cpp.hpp
[5.147s] -- Up-to-date symlink: /home/patryk/ros2_ws/install/px4_msgs/include/px4_msgs/msg/rosidl_typesupport_opensplice_cpp__visibility_control.h
[5.149s] -- Up-to-date symlink: /home/patryk/ros2_ws/install/px4_msgs/lib/libpx4_msgs__rosidl_typesupport_opensplice_cpp.so
[5.152s] -- Up-to-date symlink: /home/patryk/ros2_ws/install/px4_msgs/include/px4_msgs/msg/manual_control_setpoint__rosidl_typesupport_introspection_cpp.hpp
[5.156s] -- Up-to-date symlink: /home/patryk/ros2_ws/install/px4_msgs/lib/libpx4_msgs__rosidl_typesupport_introspection_cpp.so
[5.157s] -- Up-to-date symlink: /home/patryk/ros2_ws/install/px4_msgs/share/px4_msgs/environment/pythonpath.sh
[5.160s] -- Up-to-date symlink: /home/patryk/ros2_ws/install/px4_msgs/lib/python3.6/site-packages/px4_msgs/__init__.py
[5.164s] -- Up-to-date symlink: /home/patryk/ros2_ws/install/px4_msgs/lib/python3.6/site-packages/px4_msgs/msg/__init__.py
[5.165s] -- Up-to-date symlink: /home/patryk/ros2_ws/install/px4_msgs/lib/python3.6/site-packages/px4_msgs/msg/_manual_control_setpoint.py
[5.172s] -- Up-to-date symlink: /home/patryk/ros2_ws/install/px4_msgs/lib/python3.6/site-packages/px4_msgs/px4_msgs_s__rosidl_typesupport_c.cpython-36m-aarch64-linux-gnu.so
[5.173s] -- Up-to-date symlink: /home/patryk/ros2_ws/install/px4_msgs/lib/python3.6/site-packages/px4_msgs/px4_msgs_s__rosidl_typesupport_introspection_c.cpython-36m-aarch64-linux-gnu.so
[5.175s] -- Up-to-date symlink: /home/patryk/ros2_ws/install/px4_msgs/lib/python3.6/site-packages/px4_msgs/px4_msgs_s__rosidl_typesupport_fastrtps_c.cpython-36m-aarch64-linux-gnu.so
[5.178s] -- Up-to-date symlink: /home/patryk/ros2_ws/install/px4_msgs/lib/python3.6/site-packages/px4_msgs/px4_msgs_s__rosidl_typesupport_opensplice_c.cpython-36m-aarch64-linux-gnu.so
[5.181s] -- Up-to-date symlink: /home/patryk/ros2_ws/install/px4_msgs/lib/libpx4_msgs__python.so
[5.185s] -- Up-to-date symlink: /home/patryk/ros2_ws/install/px4_msgs/share/px4_msgs/msg/ManualControlSetpoint.idl
[5.186s] -- Up-to-date symlink: /home/patryk/ros2_ws/install/px4_msgs/share/px4_msgs/msg/ManualControlSetpoint.msg
[5.186s] -- Up-to-date symlink: /home/patryk/ros2_ws/install/px4_msgs/share/ament_index/resource_index/package_run_dependencies/px4_msgs
[5.203s] -- Up-to-date symlink: /home/patryk/ros2_ws/install/px4_msgs/share/ament_index/resource_index/parent_prefix_path/px4_msgs
[5.203s] -- Up-to-date symlink: /home/patryk/ros2_ws/install/px4_msgs/share/px4_msgs/environment/ament_prefix_path.sh
[5.204s] -- Up-to-date symlink: /home/patryk/ros2_ws/install/px4_msgs/share/px4_msgs/environment/path.sh
[5.204s] -- Up-to-date symlink: /home/patryk/ros2_ws/install/px4_msgs/share/px4_msgs/local_setup.bash
[5.205s] -- Up-to-date symlink: /home/patryk/ros2_ws/install/px4_msgs/share/px4_msgs/local_setup.sh
[5.206s] -- Up-to-date symlink: /home/patryk/ros2_ws/install/px4_msgs/share/px4_msgs/local_setup.zsh
[5.206s] -- Up-to-date symlink: /home/patryk/ros2_ws/install/px4_msgs/share/ament_index/resource_index/packages/px4_msgs
[5.207s] -- Up-to-date symlink: /home/patryk/ros2_ws/install/px4_msgs/share/px4_msgs/cmake/rosidl_cmake-extras.cmake
[5.207s] -- Up-to-date symlink: /home/patryk/ros2_ws/install/px4_msgs/share/px4_msgs/cmake/ament_cmake_export_libraries-extras.cmake
[5.208s] -- Up-to-date symlink: /home/patryk/ros2_ws/install/px4_msgs/share/px4_msgs/cmake/ament_cmake_export_include_directories-extras.cmake
[5.208s] -- Up-to-date symlink: /home/patryk/ros2_ws/install/px4_msgs/share/px4_msgs/cmake/rosidl_cmake_export_typesupport_libraries-extras.cmake
[5.209s] -- Up-to-date symlink: /home/patryk/ros2_ws/install/px4_msgs/share/px4_msgs/cmake/ament_cmake_export_dependencies-extras.cmake
[5.211s] -- Up-to-date symlink: /home/patryk/ros2_ws/install/px4_msgs/share/px4_msgs/cmake/px4_msgsConfig.cmake
[5.213s] -- Up-to-date symlink: /home/patryk/ros2_ws/install/px4_msgs/share/px4_msgs/cmake/px4_msgsConfig-version.cmake
[5.214s] -- Up-to-date symlink: /home/patryk/ros2_ws/install/px4_msgs/share/px4_msgs/package.xml
[5.563s] make: warning:  Clock skew detected.  Your build may be incomplete.
[5.574s] Invoked command in '/home/patryk/ros2_ws/build/px4_msgs' returned '0': CMAKE_PREFIX_PATH=${CMAKE_PREFIX_PATH}:/home/patryk/ros2_ws/install/controller /usr/bin/cmake --build /home/patryk/ros2_ws/build/px4_msgs --target install -- -j4 -l4
