[1.858s] Invoking command in '/home/patryk/ros2_ws/build/px4_msgs': CMAKE_PREFIX_PATH=${CMAKE_PREFIX_PATH}:/home/patryk/ros2_ws/install/controller /usr/bin/cmake --build /home/patryk/ros2_ws/build/px4_msgs -- -j4 -l4
[2.008s] make: Warning: File 'Makefile' has modification time 1174 s in the future
[2.158s] make[1]: Warning: File 'CMakeFiles/Makefile2' has modification time 1174 s in the future
[2.165s] make[2]: Warning: File 'CMakeFiles/px4_msgs__dds_opensplice_idl.dir/progress.make' has modification time 1174 s in the future
[2.168s] make[2]: Warning: File 'CMakeFiles/px4_msgs__cpp.dir/progress.make' has modification time 1174 s in the future
[2.169s] make[2]: Warning: File 'CMakeFiles/px4_msgs__rosidl_generator_c.dir/progress.make' has modification time 1174 s in the future
[2.214s] make[2]: warning:  Clock skew detected.  Your build may be incomplete.
[2.215s] make[2]: warning:  Clock skew detected.  Your build may be incomplete.
[2.217s] make[2]: warning:  Clock skew detected.  Your build may be incomplete.
[2.220s] make[2]: Warning: File 'CMakeFiles/px4_msgs__dds_opensplice_idl.dir/progress.make' has modification time 1174 s in the future
[2.221s] make[2]: Warning: File 'CMakeFiles/px4_msgs__cpp.dir/progress.make' has modification time 1174 s in the future
[2.222s] make[2]: warning:  Clock skew detected.  Your build may be incomplete.
[2.224s] make[2]: warning:  Clock skew detected.  Your build may be incomplete.
[2.226s] make[2]: Warning: File 'CMakeFiles/px4_msgs__rosidl_generator_c.dir/progress.make' has modification time 1174 s in the future
[2.229s] make[2]: warning:  Clock skew detected.  Your build may be incomplete.
[2.268s] [  1%] Built target px4_msgs__cpp
[2.271s] [  7%] Built target px4_msgs__rosidl_generator_c
[2.277s] [  9%] Built target px4_msgs__dds_opensplice_idl
[2.286s] make[2]: Warning: File 'CMakeFiles/px4_msgs__rosidl_typesupport_cpp.dir/progress.make' has modification time 1174 s in the future
[2.292s] make[2]: Warning: File 'CMakeFiles/px4_msgs__rosidl_typesupport_introspection_cpp.dir/progress.make' has modification time 1174 s in the future
[2.299s] make[2]: Warning: File 'CMakeFiles/px4_msgs__rosidl_typesupport_fastrtps_cpp.dir/progress.make' has modification time 1174 s in the future
[2.302s] make[2]: Warning: File 'CMakeFiles/px4_msgs__rosidl_typesupport_c.dir/progress.make' has modification time 1174 s in the future
[2.343s] make[2]: warning:  Clock skew detected.  Your build may be incomplete.
[2.349s] make[2]: warning:  Clock skew detected.  Your build may be incomplete.
[2.356s] make[2]: Warning: File 'CMakeFiles/px4_msgs__rosidl_typesupport_introspection_cpp.dir/progress.make' has modification time 1174 s in the future
[2.361s] make[2]: warning:  Clock skew detected.  Your build may be incomplete.
[2.368s] make[2]: warning:  Clock skew detected.  Your build may be incomplete.
[2.369s] make[2]: Warning: File 'CMakeFiles/px4_msgs__rosidl_typesupport_cpp.dir/progress.make' has modification time 1174 s in the future
[2.371s] make[2]: warning:  Clock skew detected.  Your build may be incomplete.
[2.375s] make[2]: Warning: File 'CMakeFiles/px4_msgs__rosidl_typesupport_c.dir/progress.make' has modification time 1174 s in the future
[2.379s] make[2]: warning:  Clock skew detected.  Your build may be incomplete.
[2.383s] make[2]: warning:  Clock skew detected.  Your build may be incomplete.
[2.404s] make[2]: Warning: File 'CMakeFiles/px4_msgs__rosidl_typesupport_fastrtps_cpp.dir/progress.make' has modification time 1174 s in the future
[2.418s] [ 15%] Built target px4_msgs__rosidl_typesupport_cpp
[2.422s] [ 21%] Built target px4_msgs__rosidl_typesupport_c
[2.431s] make[2]: Warning: File 'CMakeFiles/px4_msgs__rosidl_typesupport_introspection_c.dir/progress.make' has modification time 1174 s in the future
[2.436s] [ 27%] Built target px4_msgs__rosidl_typesupport_introspection_cpp
[2.440s] make[2]: warning:  Clock skew detected.  Your build may be incomplete.
[2.457s] make[2]: Warning: File 'CMakeFiles/px4_msgs__rosidl_typesupport_opensplice_cpp.dir/progress.make' has modification time 1174 s in the future
[2.488s] [ 33%] Built target px4_msgs__rosidl_typesupport_fastrtps_cpp
[2.492s] make[2]: warning:  Clock skew detected.  Your build may be incomplete.
[2.501s] make[2]: Warning: File 'CMakeFiles/px4_msgs__rosidl_typesupport_fastrtps_c.dir/progress.make' has modification time 1174 s in the future
[2.502s] make[2]: Warning: File 'CMakeFiles/px4_msgs__rosidl_typesupport_introspection_c.dir/progress.make' has modification time 1174 s in the future
[2.508s] make[2]: warning:  Clock skew detected.  Your build may be incomplete.
[2.530s] make[2]: warning:  Clock skew detected.  Your build may be incomplete.
[2.550s] [ 39%] Built target px4_msgs__rosidl_typesupport_introspection_c
[2.551s] make[2]: warning:  Clock skew detected.  Your build may be incomplete.
[2.562s] make[2]: Warning: File 'CMakeFiles/px4_msgs__rosidl_typesupport_opensplice_cpp.dir/progress.make' has modification time 1174 s in the future
[2.562s] make[2]: Warning: File 'CMakeFiles/px4_msgs__rosidl_typesupport_fastrtps_c.dir/progress.make' has modification time 1174 s in the future
[2.573s] make[2]: warning:  Clock skew detected.  Your build may be incomplete.
[2.581s] make[2]: warning:  Clock skew detected.  Your build may be incomplete.
[2.611s] [ 54%] Built target px4_msgs__rosidl_typesupport_opensplice_cpp
[2.619s] [ 60%] Built target px4_msgs__rosidl_typesupport_fastrtps_c
[2.640s] make[2]: Warning: File 'CMakeFiles/px4_msgs__rosidl_typesupport_opensplice_c.dir/progress.make' has modification time 1174 s in the future
[2.699s] make[2]: warning:  Clock skew detected.  Your build may be incomplete.
[2.720s] make[2]: Warning: File 'CMakeFiles/px4_msgs__rosidl_typesupport_opensplice_c.dir/progress.make' has modification time 1174 s in the future
[2.736s] make[2]: warning:  Clock skew detected.  Your build may be incomplete.
[2.774s] [ 78%] Built target px4_msgs__rosidl_typesupport_opensplice_c
[2.784s] make[2]: Warning: File 'CMakeFiles/px4_msgs.dir/progress.make' has modification time 1174 s in the future
[2.827s] make[2]: warning:  Clock skew detected.  Your build may be incomplete.
[2.831s] make[2]: Warning: File 'CMakeFiles/px4_msgs.dir/progress.make' has modification time 1174 s in the future
[2.832s] make[2]: warning:  Clock skew detected.  Your build may be incomplete.
[2.868s] [ 78%] Built target px4_msgs
[2.878s] make[2]: Warning: File 'px4_msgs__py/CMakeFiles/px4_msgs__py.dir/progress.make' has modification time 1174 s in the future
[2.920s] make[2]: warning:  Clock skew detected.  Your build may be incomplete.
[2.925s] make[2]: Warning: File 'px4_msgs__py/CMakeFiles/px4_msgs__py.dir/progress.make' has modification time 1174 s in the future
[2.927s] make[2]: warning:  Clock skew detected.  Your build may be incomplete.
[2.963s] [ 80%] Built target px4_msgs__py
[2.976s] make[2]: Warning: File 'CMakeFiles/px4_msgs__python.dir/progress.make' has modification time 1173 s in the future
[3.022s] make[2]: warning:  Clock skew detected.  Your build may be incomplete.
[3.028s] make[2]: Warning: File 'CMakeFiles/px4_msgs__python.dir/progress.make' has modification time 1173 s in the future
[3.049s] make[2]: warning:  Clock skew detected.  Your build may be incomplete.
[3.086s] [ 84%] Built target px4_msgs__python
[3.103s] make[2]: Warning: File 'CMakeFiles/px4_msgs__rosidl_typesupport_opensplice_c__pyext.dir/progress.make' has modification time 1173 s in the future
[3.104s] make[2]: Warning: File 'CMakeFiles/px4_msgs__rosidl_typesupport_fastrtps_c__pyext.dir/progress.make' has modification time 1173 s in the future
[3.106s] make[2]: Warning: File 'CMakeFiles/px4_msgs__rosidl_typesupport_c__pyext.dir/progress.make' has modification time 1173 s in the future
[3.106s] make[2]: Warning: File 'CMakeFiles/px4_msgs__rosidl_typesupport_introspection_c__pyext.dir/progress.make' has modification time 1173 s in the future
[3.156s] make[2]: warning:  Clock skew detected.  Your build may be incomplete.
[3.164s] make[2]: warning:  Clock skew detected.  Your build may be incomplete.
[3.172s] make[2]: Warning: File 'CMakeFiles/px4_msgs__rosidl_typesupport_fastrtps_c__pyext.dir/progress.make' has modification time 1173 s in the future
[3.176s] make[2]: warning:  Clock skew detected.  Your build may be incomplete.
[3.183s] make[2]: Warning: File 'CMakeFiles/px4_msgs__rosidl_typesupport_c__pyext.dir/progress.make' has modification time 1173 s in the future
[3.184s] make[2]: warning:  Clock skew detected.  Your build may be incomplete.
[3.186s] make[2]: Warning: File 'CMakeFiles/px4_msgs__rosidl_typesupport_opensplice_c__pyext.dir/progress.make' has modification time 1173 s in the future
[3.195s] make[2]: warning:  Clock skew detected.  Your build may be incomplete.
[3.197s] make[2]: Warning: File 'CMakeFiles/px4_msgs__rosidl_typesupport_introspection_c__pyext.dir/progress.make' has modification time 1173 s in the future
[3.207s] make[2]: warning:  Clock skew detected.  Your build may be incomplete.
[3.234s] [ 88%] Built target px4_msgs__rosidl_typesupport_fastrtps_c__pyext
[3.235s] make[2]: warning:  Clock skew detected.  Your build may be incomplete.
[3.239s] make[2]: warning:  Clock skew detected.  Your build may be incomplete.
[3.248s] [ 92%] Built target px4_msgs__rosidl_typesupport_c__pyext
[3.281s] [100%] Built target px4_msgs__rosidl_typesupport_opensplice_c__pyext
[3.281s] [100%] Built target px4_msgs__rosidl_typesupport_introspection_c__pyext
[3.284s] make[1]: warning:  Clock skew detected.  Your build may be incomplete.
[3.322s] make: warning:  Clock skew detected.  Your build may be incomplete.
[3.330s] Invoked command in '/home/patryk/ros2_ws/build/px4_msgs' returned '0': CMAKE_PREFIX_PATH=${CMAKE_PREFIX_PATH}:/home/patryk/ros2_ws/install/controller /usr/bin/cmake --build /home/patryk/ros2_ws/build/px4_msgs -- -j4 -l4
[3.722s] Invoking command in '/home/patryk/ros2_ws/build/px4_msgs': CMAKE_PREFIX_PATH=${CMAKE_PREFIX_PATH}:/home/patryk/ros2_ws/install/controller /usr/bin/cmake --build /home/patryk/ros2_ws/build/px4_msgs --target install -- -j4 -l4
[3.781s] make: Warning: File 'Makefile' has modification time 1173 s in the future
[3.869s] make[1]: Warning: File 'CMakeFiles/Makefile2' has modification time 1173 s in the future
[3.874s] make[2]: Warning: File 'CMakeFiles/px4_msgs__cpp.dir/progress.make' has modification time 1173 s in the future
[3.875s] make[2]: Warning: File 'CMakeFiles/px4_msgs__dds_opensplice_idl.dir/progress.make' has modification time 1173 s in the future
[3.876s] make[2]: Warning: File 'CMakeFiles/px4_msgs__rosidl_generator_c.dir/progress.make' has modification time 1173 s in the future
[3.917s] make[2]: warning:  Clock skew detected.  Your build may be incomplete.
[3.920s] make[2]: warning:  Clock skew detected.  Your build may be incomplete.
[3.922s] make[2]: Warning: File 'CMakeFiles/px4_msgs__cpp.dir/progress.make' has modification time 1173 s in the future
[3.923s] make[2]: warning:  Clock skew detected.  Your build may be incomplete.
[3.925s] make[2]: Warning: File 'CMakeFiles/px4_msgs__dds_opensplice_idl.dir/progress.make' has modification time 1173 s in the future
[3.926s] make[2]: warning:  Clock skew detected.  Your build may be incomplete.
[3.935s] make[2]: warning:  Clock skew detected.  Your build may be incomplete.
[3.940s] make[2]: Warning: File 'CMakeFiles/px4_msgs__rosidl_generator_c.dir/progress.make' has modification time 1172 s in the future
[3.944s] make[2]: warning:  Clock skew detected.  Your build may be incomplete.
[3.963s] [  1%] Built target px4_msgs__cpp
[3.973s] make[2]: Warning: File 'CMakeFiles/px4_msgs__rosidl_typesupport_introspection_cpp.dir/progress.make' has modification time 1172 s in the future
[3.976s] make[2]: Warning: File 'CMakeFiles/px4_msgs__rosidl_typesupport_fastrtps_cpp.dir/progress.make' has modification time 1172 s in the future
[4.009s] [  7%] Built target px4_msgs__rosidl_generator_c
[4.012s] [  9%] Built target px4_msgs__dds_opensplice_idl
[4.016s] make[2]: warning:  Clock skew detected.  Your build may be incomplete.
[4.021s] make[2]: warning:  Clock skew detected.  Your build may be incomplete.
[4.023s] make[2]: Warning: File 'CMakeFiles/px4_msgs__rosidl_typesupport_introspection_cpp.dir/progress.make' has modification time 1172 s in the future
[4.025s] make[2]: Warning: File 'CMakeFiles/px4_msgs__rosidl_typesupport_cpp.dir/progress.make' has modification time 1172 s in the future
[4.027s] make[2]: Warning: File 'CMakeFiles/px4_msgs__rosidl_typesupport_fastrtps_cpp.dir/progress.make' has modification time 1172 s in the future
[4.028s] make[2]: warning:  Clock skew detected.  Your build may be incomplete.
[4.048s] make[2]: warning:  Clock skew detected.  Your build may be incomplete.
[4.068s] [ 15%] Built target px4_msgs__rosidl_typesupport_introspection_cpp
[4.072s] make[2]: warning:  Clock skew detected.  Your build may be incomplete.
[4.078s] make[2]: Warning: File 'CMakeFiles/px4_msgs__rosidl_typesupport_cpp.dir/progress.make' has modification time 1172 s in the future
[4.082s] make[2]: warning:  Clock skew detected.  Your build may be incomplete.
[4.092s] make[2]: Warning: File 'CMakeFiles/px4_msgs__rosidl_typesupport_opensplice_cpp.dir/progress.make' has modification time 1172 s in the future
[4.096s] [ 21%] Built target px4_msgs__rosidl_typesupport_fastrtps_cpp
[4.104s] make[2]: Warning: File 'CMakeFiles/px4_msgs__rosidl_typesupport_c.dir/progress.make' has modification time 1172 s in the future
[4.128s] [ 27%] Built target px4_msgs__rosidl_typesupport_cpp
[4.139s] make[2]: Warning: File 'CMakeFiles/px4_msgs__rosidl_typesupport_introspection_c.dir/progress.make' has modification time 1172 s in the future
[4.146s] make[2]: warning:  Clock skew detected.  Your build may be incomplete.
[4.151s] make[2]: warning:  Clock skew detected.  Your build may be incomplete.
[4.157s] make[2]: Warning: File 'CMakeFiles/px4_msgs__rosidl_typesupport_c.dir/progress.make' has modification time 1172 s in the future
[4.164s] make[2]: warning:  Clock skew detected.  Your build may be incomplete.
[4.175s] make[2]: Warning: File 'CMakeFiles/px4_msgs__rosidl_typesupport_opensplice_cpp.dir/progress.make' has modification time 1172 s in the future
[4.185s] make[2]: warning:  Clock skew detected.  Your build may be incomplete.
[4.191s] make[2]: Warning: File 'CMakeFiles/px4_msgs__rosidl_typesupport_introspection_c.dir/progress.make' has modification time 1172 s in the future
[4.194s] make[2]: warning:  Clock skew detected.  Your build may be incomplete.
[4.196s] make[2]: warning:  Clock skew detected.  Your build may be incomplete.
[4.204s] [ 33%] Built target px4_msgs__rosidl_typesupport_c
[4.213s] make[2]: Warning: File 'CMakeFiles/px4_msgs__rosidl_typesupport_fastrtps_c.dir/progress.make' has modification time 1172 s in the future
[4.235s] [ 45%] Built target px4_msgs__rosidl_typesupport_introspection_c
[4.236s] [ 54%] Built target px4_msgs__rosidl_typesupport_opensplice_cpp
[4.259s] make[2]: warning:  Clock skew detected.  Your build may be incomplete.
[4.260s] make[2]: Warning: File 'CMakeFiles/px4_msgs__rosidl_typesupport_opensplice_c.dir/progress.make' has modification time 1172 s in the future
[4.267s] make[2]: Warning: File 'CMakeFiles/px4_msgs__rosidl_typesupport_fastrtps_c.dir/progress.make' has modification time 1172 s in the future
[4.288s] make[2]: warning:  Clock skew detected.  Your build may be incomplete.
[4.327s] [ 60%] Built target px4_msgs__rosidl_typesupport_fastrtps_c
[4.330s] make[2]: warning:  Clock skew detected.  Your build may be incomplete.
[4.350s] make[2]: Warning: File 'CMakeFiles/px4_msgs__rosidl_typesupport_opensplice_c.dir/progress.make' has modification time 1172 s in the future
[4.366s] make[2]: warning:  Clock skew detected.  Your build may be incomplete.
[4.404s] [ 78%] Built target px4_msgs__rosidl_typesupport_opensplice_c
[4.411s] make[2]: Warning: File 'CMakeFiles/px4_msgs.dir/progress.make' has modification time 1172 s in the future
[4.453s] make[2]: warning:  Clock skew detected.  Your build may be incomplete.
[4.458s] make[2]: Warning: File 'CMakeFiles/px4_msgs.dir/progress.make' has modification time 1172 s in the future
[4.459s] make[2]: warning:  Clock skew detected.  Your build may be incomplete.
[4.496s] [ 78%] Built target px4_msgs
[4.503s] make[2]: Warning: File 'px4_msgs__py/CMakeFiles/px4_msgs__py.dir/progress.make' has modification time 1172 s in the future
[4.546s] make[2]: warning:  Clock skew detected.  Your build may be incomplete.
[4.551s] make[2]: Warning: File 'px4_msgs__py/CMakeFiles/px4_msgs__py.dir/progress.make' has modification time 1172 s in the future
[4.552s] make[2]: warning:  Clock skew detected.  Your build may be incomplete.
[4.590s] [ 80%] Built target px4_msgs__py
[4.599s] make[2]: Warning: File 'CMakeFiles/px4_msgs__python.dir/progress.make' has modification time 1172 s in the future
[4.641s] make[2]: warning:  Clock skew detected.  Your build may be incomplete.
[4.648s] make[2]: Warning: File 'CMakeFiles/px4_msgs__python.dir/progress.make' has modification time 1172 s in the future
[4.670s] make[2]: warning:  Clock skew detected.  Your build may be incomplete.
[4.707s] [ 84%] Built target px4_msgs__python
[4.716s] make[2]: Warning: File 'CMakeFiles/px4_msgs__rosidl_typesupport_c__pyext.dir/progress.make' has modification time 1172 s in the future
[4.717s] make[2]: Warning: File 'CMakeFiles/px4_msgs__rosidl_typesupport_opensplice_c__pyext.dir/progress.make' has modification time 1172 s in the future
[4.719s] make[2]: Warning: File 'CMakeFiles/px4_msgs__rosidl_typesupport_fastrtps_c__pyext.dir/progress.make' has modification time 1172 s in the future
[4.762s] make[2]: warning:  Clock skew detected.  Your build may be incomplete.
[4.769s] make[2]: warning:  Clock skew detected.  Your build may be incomplete.
[4.772s] make[2]: Warning: File 'CMakeFiles/px4_msgs__rosidl_typesupport_opensplice_c__pyext.dir/progress.make' has modification time 1172 s in the future
[4.773s] make[2]: warning:  Clock skew detected.  Your build may be incomplete.
[4.778s] make[2]: Warning: File 'CMakeFiles/px4_msgs__rosidl_typesupport_fastrtps_c__pyext.dir/progress.make' has modification time 1172 s in the future
[4.781s] make[2]: Warning: File 'CMakeFiles/px4_msgs__rosidl_typesupport_c__pyext.dir/progress.make' has modification time 1172 s in the future
[4.795s] make[2]: warning:  Clock skew detected.  Your build may be incomplete.
[4.800s] make[2]: warning:  Clock skew detected.  Your build may be incomplete.
[4.804s] make[2]: warning:  Clock skew detected.  Your build may be incomplete.
[4.838s] [ 88%] Built target px4_msgs__rosidl_typesupport_opensplice_c__pyext
[4.844s] [ 96%] Built target px4_msgs__rosidl_typesupport_c__pyext
[4.845s] [ 96%] Built target px4_msgs__rosidl_typesupport_fastrtps_c__pyext
[4.848s] make[2]: Warning: File 'CMakeFiles/px4_msgs__rosidl_typesupport_introspection_c__pyext.dir/progress.make' has modification time 1172 s in the future
[4.892s] make[2]: warning:  Clock skew detected.  Your build may be incomplete.
[4.899s] make[2]: Warning: File 'CMakeFiles/px4_msgs__rosidl_typesupport_introspection_c__pyext.dir/progress.make' has modification time 1172 s in the future
[4.921s] make[2]: warning:  Clock skew detected.  Your build may be incomplete.
[4.962s] [100%] Built target px4_msgs__rosidl_typesupport_introspection_c__pyext
[4.964s] make[1]: warning:  Clock skew detected.  Your build may be incomplete.
[5.012s] make[1]: Warning: File 'CMakeFiles/Makefile2' has modification time 1171 s in the future
[5.013s] make[1]: warning:  Clock skew detected.  Your build may be incomplete.
[5.050s] [36mInstall the project...[0m
[5.090s] -- Install configuration: ""
[5.093s] -- Execute custom install script
[5.096s] -- Up-to-date symlink: /home/patryk/ros2_ws/install/px4_msgs/share/ament_index/resource_index/rosidl_interfaces/px4_msgs
[5.099s] -- Up-to-date symlink: /home/patryk/ros2_ws/install/px4_msgs/lib/libpx4_msgs__rosidl_typesupport_c.so
[5.100s] -- Up-to-date symlink: /home/patryk/ros2_ws/install/px4_msgs/share/px4_msgs/environment/library_path.sh
[5.116s] -- Up-to-date symlink: /home/patryk/ros2_ws/install/px4_msgs/lib/libpx4_msgs__rosidl_typesupport_cpp.so
[5.117s] -- Up-to-date symlink: /home/patryk/ros2_ws/install/px4_msgs/include/px4_msgs/msg/manual_control_setpoint__rosidl_typesupport_fastrtps_c.h
[5.118s] -- Up-to-date symlink: /home/patryk/ros2_ws/install/px4_msgs/include/px4_msgs/msg/rosidl_typesupport_fastrtps_c__visibility_control.h
[5.118s] -- Up-to-date symlink: /home/patryk/ros2_ws/install/px4_msgs/lib/libpx4_msgs__rosidl_typesupport_fastrtps_c.so
[5.119s] -- Up-to-date symlink: /home/patryk/ros2_ws/install/px4_msgs/include/px4_msgs/msg/manual_control_setpoint.h
[5.119s] -- Up-to-date symlink: /home/patryk/ros2_ws/install/px4_msgs/include/px4_msgs/msg/manual_control_setpoint__functions.h
[5.120s] -- Up-to-date symlink: /home/patryk/ros2_ws/install/px4_msgs/include/px4_msgs/msg/manual_control_setpoint__struct.h
[5.121s] -- Up-to-date symlink: /home/patryk/ros2_ws/install/px4_msgs/include/px4_msgs/msg/manual_control_setpoint__type_support.h
[5.121s] -- Up-to-date symlink: /home/patryk/ros2_ws/install/px4_msgs/include/px4_msgs/msg/rosidl_generator_c__visibility_control.h
[5.122s] -- Up-to-date symlink: /home/patryk/ros2_ws/install/px4_msgs/lib/libpx4_msgs__rosidl_generator_c.so
[5.123s] -- Up-to-date symlink: /home/patryk/ros2_ws/install/px4_msgs/include/px4_msgs/msg/manual_control_setpoint__rosidl_typesupport_fastrtps_cpp.hpp
[5.125s] -- Up-to-date symlink: /home/patryk/ros2_ws/install/px4_msgs/include/px4_msgs/msg/rosidl_typesupport_fastrtps_cpp__visibility_control.h
[5.127s] -- Up-to-date symlink: /home/patryk/ros2_ws/install/px4_msgs/lib/libpx4_msgs__rosidl_typesupport_fastrtps_cpp.so
[5.130s] -- Up-to-date symlink: /home/patryk/ros2_ws/install/px4_msgs/include/px4_msgs/msg/manual_control_setpoint.hpp
[5.131s] -- Up-to-date symlink: /home/patryk/ros2_ws/install/px4_msgs/include/px4_msgs/msg/manual_control_setpoint__struct.hpp
[5.132s] -- Up-to-date symlink: /home/patryk/ros2_ws/install/px4_msgs/include/px4_msgs/msg/manual_control_setpoint__traits.hpp
[5.135s] -- Up-to-date symlink: /home/patryk/ros2_ws/install/px4_msgs/include/px4_msgs/msg/manual_control_setpoint__rosidl_typesupport_introspection_c.h
[5.136s] -- Up-to-date symlink: /home/patryk/ros2_ws/install/px4_msgs/include/px4_msgs/msg/rosidl_typesupport_introspection_c__visibility_control.h
[5.138s] -- Up-to-date symlink: /home/patryk/ros2_ws/install/px4_msgs/lib/libpx4_msgs__rosidl_typesupport_introspection_c.so
[5.141s] -- Up-to-date symlink: /home/patryk/ros2_ws/install/px4_msgs/include/px4_msgs/msg/manual_control_setpoint__rosidl_typesupport_opensplice_c.h
[5.143s] -- Up-to-date symlink: /home/patryk/ros2_ws/install/px4_msgs/include/px4_msgs/msg/rosidl_typesupport_opensplice_c__visibility_control.h
[5.145s] -- Up-to-date symlink: /home/patryk/ros2_ws/install/px4_msgs/lib/libpx4_msgs__rosidl_typesupport_opensplice_c.so
[5.148s] -- Up-to-date symlink: /home/patryk/ros2_ws/install/px4_msgs/share/px4_msgs/msg/dds_opensplice/ManualControlSetpoint_.idl
[5.151s] -- Up-to-date symlink: /home/patryk/ros2_ws/install/px4_msgs/include/px4_msgs/msg/dds_opensplice/ManualControlSetpoint_.h
[5.153s] -- Up-to-date symlink: /home/patryk/ros2_ws/install/px4_msgs/include/px4_msgs/msg/dds_opensplice/ManualControlSetpoint_Dcps.h
[5.154s] -- Up-to-date symlink: /home/patryk/ros2_ws/install/px4_msgs/include/px4_msgs/msg/dds_opensplice/ManualControlSetpoint_Dcps_impl.h
[5.155s] -- Up-to-date symlink: /home/patryk/ros2_ws/install/px4_msgs/include/px4_msgs/msg/dds_opensplice/ManualControlSetpoint_SplDcps.h
[5.156s] -- Up-to-date symlink: /home/patryk/ros2_ws/install/px4_msgs/include/px4_msgs/msg/dds_opensplice/ccpp_ManualControlSetpoint_.h
[5.157s] -- Up-to-date symlink: /home/patryk/ros2_ws/install/px4_msgs/include/px4_msgs/msg/manual_control_setpoint__rosidl_typesupport_opensplice_cpp.hpp
[5.159s] -- Up-to-date symlink: /home/patryk/ros2_ws/install/px4_msgs/include/px4_msgs/msg/rosidl_typesupport_opensplice_cpp__visibility_control.h
[5.163s] -- Up-to-date symlink: /home/patryk/ros2_ws/install/px4_msgs/lib/libpx4_msgs__rosidl_typesupport_opensplice_cpp.so
[5.164s] -- Up-to-date symlink: /home/patryk/ros2_ws/install/px4_msgs/include/px4_msgs/msg/manual_control_setpoint__rosidl_typesupport_introspection_cpp.hpp
[5.167s] -- Up-to-date symlink: /home/patryk/ros2_ws/install/px4_msgs/lib/libpx4_msgs__rosidl_typesupport_introspection_cpp.so
[5.169s] -- Up-to-date symlink: /home/patryk/ros2_ws/install/px4_msgs/share/px4_msgs/environment/pythonpath.sh
[5.171s] -- Up-to-date symlink: /home/patryk/ros2_ws/install/px4_msgs/lib/python3.6/site-packages/px4_msgs/__init__.py
[5.173s] -- Up-to-date symlink: /home/patryk/ros2_ws/install/px4_msgs/lib/python3.6/site-packages/px4_msgs/msg/__init__.py
[5.174s] -- Up-to-date symlink: /home/patryk/ros2_ws/install/px4_msgs/lib/python3.6/site-packages/px4_msgs/msg/_manual_control_setpoint.py
[5.177s] -- Up-to-date symlink: /home/patryk/ros2_ws/install/px4_msgs/lib/python3.6/site-packages/px4_msgs/px4_msgs_s__rosidl_typesupport_c.cpython-36m-aarch64-linux-gnu.so
[5.180s] -- Up-to-date symlink: /home/patryk/ros2_ws/install/px4_msgs/lib/python3.6/site-packages/px4_msgs/px4_msgs_s__rosidl_typesupport_introspection_c.cpython-36m-aarch64-linux-gnu.so
[5.183s] -- Up-to-date symlink: /home/patryk/ros2_ws/install/px4_msgs/lib/python3.6/site-packages/px4_msgs/px4_msgs_s__rosidl_typesupport_fastrtps_c.cpython-36m-aarch64-linux-gnu.so
[5.186s] -- Up-to-date symlink: /home/patryk/ros2_ws/install/px4_msgs/lib/python3.6/site-packages/px4_msgs/px4_msgs_s__rosidl_typesupport_opensplice_c.cpython-36m-aarch64-linux-gnu.so
[5.188s] -- Up-to-date symlink: /home/patryk/ros2_ws/install/px4_msgs/lib/libpx4_msgs__python.so
[5.190s] -- Up-to-date symlink: /home/patryk/ros2_ws/install/px4_msgs/share/px4_msgs/msg/ManualControlSetpoint.idl
[5.191s] -- Up-to-date symlink: /home/patryk/ros2_ws/install/px4_msgs/share/px4_msgs/msg/ManualControlSetpoint.msg
[5.192s] -- Up-to-date symlink: /home/patryk/ros2_ws/install/px4_msgs/share/ament_index/resource_index/package_run_dependencies/px4_msgs
[5.195s] -- Up-to-date symlink: /home/patryk/ros2_ws/install/px4_msgs/share/ament_index/resource_index/parent_prefix_path/px4_msgs
[5.196s] -- Up-to-date symlink: /home/patryk/ros2_ws/install/px4_msgs/share/px4_msgs/environment/ament_prefix_path.sh
[5.198s] -- Up-to-date symlink: /home/patryk/ros2_ws/install/px4_msgs/share/px4_msgs/environment/path.sh
[5.199s] -- Up-to-date symlink: /home/patryk/ros2_ws/install/px4_msgs/share/px4_msgs/local_setup.bash
[5.201s] -- Up-to-date symlink: /home/patryk/ros2_ws/install/px4_msgs/share/px4_msgs/local_setup.sh
[5.202s] -- Up-to-date symlink: /home/patryk/ros2_ws/install/px4_msgs/share/px4_msgs/local_setup.zsh
[5.204s] -- Up-to-date symlink: /home/patryk/ros2_ws/install/px4_msgs/share/ament_index/resource_index/packages/px4_msgs
[5.205s] -- Up-to-date symlink: /home/patryk/ros2_ws/install/px4_msgs/share/px4_msgs/cmake/rosidl_cmake-extras.cmake
[5.207s] -- Up-to-date symlink: /home/patryk/ros2_ws/install/px4_msgs/share/px4_msgs/cmake/ament_cmake_export_libraries-extras.cmake
[5.208s] -- Up-to-date symlink: /home/patryk/ros2_ws/install/px4_msgs/share/px4_msgs/cmake/ament_cmake_export_include_directories-extras.cmake
[5.210s] -- Up-to-date symlink: /home/patryk/ros2_ws/install/px4_msgs/share/px4_msgs/cmake/rosidl_cmake_export_typesupport_libraries-extras.cmake
[5.211s] -- Up-to-date symlink: /home/patryk/ros2_ws/install/px4_msgs/share/px4_msgs/cmake/ament_cmake_export_dependencies-extras.cmake
[5.213s] -- Up-to-date symlink: /home/patryk/ros2_ws/install/px4_msgs/share/px4_msgs/cmake/px4_msgsConfig.cmake
[5.214s] -- Up-to-date symlink: /home/patryk/ros2_ws/install/px4_msgs/share/px4_msgs/cmake/px4_msgsConfig-version.cmake
[5.215s] -- Up-to-date symlink: /home/patryk/ros2_ws/install/px4_msgs/share/px4_msgs/package.xml
[5.566s] make: warning:  Clock skew detected.  Your build may be incomplete.
[5.578s] Invoked command in '/home/patryk/ros2_ws/build/px4_msgs' returned '0': CMAKE_PREFIX_PATH=${CMAKE_PREFIX_PATH}:/home/patryk/ros2_ws/install/controller /usr/bin/cmake --build /home/patryk/ros2_ws/build/px4_msgs --target install -- -j4 -l4
