[3.052s] DEBUG:colcon:Command line arguments: ['/usr/bin/colcon', 'build', '--symlink-install']
[3.053s] DEBUG:colcon:Parsed command line arguments: Namespace(allow_overriding=[], ament_cmake_args=None, base_paths=['.'], build_base='build', catkin_cmake_args=None, catkin_skip_building_tests=False, cmake_args=None, cmake_clean_cache=False, cmake_clean_first=False, cmake_force_configure=False, cmake_target=None, cmake_target_skip_unavailable=False, continue_on_error=False, event_handlers=None, executor='parallel', ignore_user_meta=False, install_base='install', log_base=None, log_level=None, main=<bound method BuildVerb.main of <colcon_core.verb.build.BuildVerb object at 0x7f88923940>>, merge_install=False, metas=['./colcon.meta'], packages_above=None, packages_above_and_dependencies=None, packages_above_depth=None, packages_end=None, packages_ignore=None, packages_ignore_regex=None, packages_select=None, packages_select_build_failed=False, packages_select_by_dep=None, packages_select_regex=None, packages_select_test_failures=False, packages_skip=None, packages_skip_build_finished=False, packages_skip_by_dep=None, packages_skip_regex=None, packages_skip_test_passed=False, packages_skip_up_to=None, packages_start=None, packages_up_to=None, packages_up_to_regex=None, parallel_workers=4, paths=None, symlink_install=True, test_result_base=None, verb_extension=<colcon_core.verb.build.BuildVerb object at 0x7f88923940>, verb_name='build', verb_parser=<colcon_defaults.argument_parser.defaults.DefaultArgumentsDecorator object at 0x7f88923cc0>)
[3.260s] Level 1:colcon.colcon_core.package_discovery:discover_packages(colcon_meta) check parameters
[3.260s] Level 1:colcon.colcon_core.package_discovery:discover_packages(recursive) check parameters
[3.261s] Level 1:colcon.colcon_core.package_discovery:discover_packages(ignore) check parameters
[3.261s] Level 1:colcon.colcon_core.package_discovery:discover_packages(path) check parameters
[3.261s] Level 1:colcon.colcon_core.package_discovery:discover_packages(colcon_meta) discover
[3.262s] Level 1:colcon.colcon_core.package_discovery:discover_packages(recursive) discover
[3.263s] INFO:colcon.colcon_core.package_discovery:Crawling recursively for packages in '/home/patryk/ros2_ws'
[3.263s] Level 1:colcon.colcon_core.package_identification:_identify(.) by extensions ['ignore', 'ignore_ament_install']
[3.264s] Level 1:colcon.colcon_core.package_identification:_identify(.) by extension 'ignore'
[3.264s] Level 1:colcon.colcon_core.package_identification:_identify(.) by extension 'ignore_ament_install'
[3.264s] Level 1:colcon.colcon_core.package_identification:_identify(.) by extensions ['colcon_pkg']
[3.264s] Level 1:colcon.colcon_core.package_identification:_identify(.) by extension 'colcon_pkg'
[3.265s] Level 1:colcon.colcon_core.package_identification:_identify(.) by extensions ['colcon_meta']
[3.265s] Level 1:colcon.colcon_core.package_identification:_identify(.) by extension 'colcon_meta'
[3.265s] Level 1:colcon.colcon_core.package_identification:_identify(.) by extensions ['ros']
[3.265s] Level 1:colcon.colcon_core.package_identification:_identify(.) by extension 'ros'
[3.375s] Level 1:colcon.colcon_core.package_identification:_identify(.) by extensions ['cmake', 'python']
[3.376s] Level 1:colcon.colcon_core.package_identification:_identify(.) by extension 'cmake'
[3.376s] Level 1:colcon.colcon_core.package_identification:_identify(.) by extension 'python'
[3.377s] Level 1:colcon.colcon_core.package_identification:_identify(.) by extensions ['python_setup_py']
[3.377s] Level 1:colcon.colcon_core.package_identification:_identify(.) by extension 'python_setup_py'
[3.377s] Level 1:colcon.colcon_core.package_identification:_identify(build) by extensions ['ignore', 'ignore_ament_install']
[3.378s] Level 1:colcon.colcon_core.package_identification:_identify(build) by extension 'ignore'
[3.378s] Level 1:colcon.colcon_core.package_identification:_identify(build) ignored
[3.380s] Level 1:colcon.colcon_core.package_identification:_identify(install) by extensions ['ignore', 'ignore_ament_install']
[3.380s] Level 1:colcon.colcon_core.package_identification:_identify(install) by extension 'ignore'
[3.381s] Level 1:colcon.colcon_core.package_identification:_identify(install) ignored
[3.386s] Level 1:colcon.colcon_core.package_identification:_identify(log) by extensions ['ignore', 'ignore_ament_install']
[3.386s] Level 1:colcon.colcon_core.package_identification:_identify(log) by extension 'ignore'
[3.386s] Level 1:colcon.colcon_core.package_identification:_identify(log) ignored
[3.387s] Level 1:colcon.colcon_core.package_identification:_identify(src) by extensions ['ignore', 'ignore_ament_install']
[3.387s] Level 1:colcon.colcon_core.package_identification:_identify(src) by extension 'ignore'
[3.388s] Level 1:colcon.colcon_core.package_identification:_identify(src) by extension 'ignore_ament_install'
[3.388s] Level 1:colcon.colcon_core.package_identification:_identify(src) by extensions ['colcon_pkg']
[3.388s] Level 1:colcon.colcon_core.package_identification:_identify(src) by extension 'colcon_pkg'
[3.388s] Level 1:colcon.colcon_core.package_identification:_identify(src) by extensions ['colcon_meta']
[3.389s] Level 1:colcon.colcon_core.package_identification:_identify(src) by extension 'colcon_meta'
[3.389s] Level 1:colcon.colcon_core.package_identification:_identify(src) by extensions ['ros']
[3.389s] Level 1:colcon.colcon_core.package_identification:_identify(src) by extension 'ros'
[3.389s] Level 1:colcon.colcon_core.package_identification:_identify(src) by extensions ['cmake', 'python']
[3.390s] Level 1:colcon.colcon_core.package_identification:_identify(src) by extension 'cmake'
[3.390s] Level 1:colcon.colcon_core.package_identification:_identify(src) by extension 'python'
[3.390s] Level 1:colcon.colcon_core.package_identification:_identify(src) by extensions ['python_setup_py']
[3.390s] Level 1:colcon.colcon_core.package_identification:_identify(src) by extension 'python_setup_py'
[3.391s] Level 1:colcon.colcon_core.package_identification:_identify(src/controller) by extensions ['ignore', 'ignore_ament_install']
[3.391s] Level 1:colcon.colcon_core.package_identification:_identify(src/controller) by extension 'ignore'
[3.392s] Level 1:colcon.colcon_core.package_identification:_identify(src/controller) by extension 'ignore_ament_install'
[3.392s] Level 1:colcon.colcon_core.package_identification:_identify(src/controller) by extensions ['colcon_pkg']
[3.392s] Level 1:colcon.colcon_core.package_identification:_identify(src/controller) by extension 'colcon_pkg'
[3.392s] Level 1:colcon.colcon_core.package_identification:_identify(src/controller) by extensions ['colcon_meta']
[3.393s] Level 1:colcon.colcon_core.package_identification:_identify(src/controller) by extension 'colcon_meta'
[3.393s] Level 1:colcon.colcon_core.package_identification:_identify(src/controller) by extensions ['ros']
[3.393s] Level 1:colcon.colcon_core.package_identification:_identify(src/controller) by extension 'ros'
[3.408s] DEBUG:colcon.colcon_core.package_identification:Package 'src/controller' with type 'ros.ament_python' and name 'controller'
[3.410s] Level 1:colcon.colcon_core.package_identification:_identify(src/px4_msgs) by extensions ['ignore', 'ignore_ament_install']
[3.410s] Level 1:colcon.colcon_core.package_identification:_identify(src/px4_msgs) by extension 'ignore'
[3.410s] Level 1:colcon.colcon_core.package_identification:_identify(src/px4_msgs) by extension 'ignore_ament_install'
[3.411s] Level 1:colcon.colcon_core.package_identification:_identify(src/px4_msgs) by extensions ['colcon_pkg']
[3.411s] Level 1:colcon.colcon_core.package_identification:_identify(src/px4_msgs) by extension 'colcon_pkg'
[3.411s] Level 1:colcon.colcon_core.package_identification:_identify(src/px4_msgs) by extensions ['colcon_meta']
[3.411s] Level 1:colcon.colcon_core.package_identification:_identify(src/px4_msgs) by extension 'colcon_meta'
[3.412s] Level 1:colcon.colcon_core.package_identification:_identify(src/px4_msgs) by extensions ['ros']
[3.412s] Level 1:colcon.colcon_core.package_identification:_identify(src/px4_msgs) by extension 'ros'
[3.415s] DEBUG:colcon.colcon_core.package_identification:Package 'src/px4_msgs' with type 'ros.ament_cmake' and name 'px4_msgs'
[3.415s] Level 1:colcon.colcon_core.package_discovery:discover_packages(recursive) using defaults
[3.416s] Level 1:colcon.colcon_core.package_discovery:discover_packages(ignore) discover
[3.417s] Level 1:colcon.colcon_core.package_discovery:discover_packages(ignore) using defaults
[3.417s] Level 1:colcon.colcon_core.package_discovery:discover_packages(path) discover
[3.417s] Level 1:colcon.colcon_core.package_discovery:discover_packages(path) using defaults
[3.567s] Level 1:colcon.colcon_core.package_discovery:discover_packages(prefix_path) check parameters
[3.568s] Level 1:colcon.colcon_core.package_discovery:discover_packages(prefix_path) discover
[3.586s] DEBUG:colcon.colcon_installed_package_information.package_discovery:Found 2 installed packages in /home/patryk/ros2_ws/install
[3.627s] DEBUG:colcon.colcon_installed_package_information.package_discovery:Found 264 installed packages in /home/patryk/ros2_dashing/ros2-linux
[3.639s] Level 1:colcon.colcon_core.package_discovery:discover_packages(prefix_path) using defaults
[3.937s] Level 5:colcon.colcon_core.verb:set package 'controller' build argument 'cmake_args' from command line to 'None'
[3.937s] Level 5:colcon.colcon_core.verb:set package 'controller' build argument 'cmake_target' from command line to 'None'
[3.937s] Level 5:colcon.colcon_core.verb:set package 'controller' build argument 'cmake_target_skip_unavailable' from command line to 'False'
[3.937s] Level 5:colcon.colcon_core.verb:set package 'controller' build argument 'cmake_clean_cache' from command line to 'False'
[3.937s] Level 5:colcon.colcon_core.verb:set package 'controller' build argument 'cmake_clean_first' from command line to 'False'
[3.938s] Level 5:colcon.colcon_core.verb:set package 'controller' build argument 'cmake_force_configure' from command line to 'False'
[3.938s] Level 5:colcon.colcon_core.verb:set package 'controller' build argument 'ament_cmake_args' from command line to 'None'
[3.938s] Level 5:colcon.colcon_core.verb:set package 'controller' build argument 'catkin_cmake_args' from command line to 'None'
[3.938s] Level 5:colcon.colcon_core.verb:set package 'controller' build argument 'catkin_skip_building_tests' from command line to 'False'
[3.938s] DEBUG:colcon.colcon_core.verb:Building package 'controller' with the following arguments: {'ament_cmake_args': None, 'build_base': '/home/patryk/ros2_ws/build/controller', 'catkin_cmake_args': None, 'catkin_skip_building_tests': False, 'cmake_args': None, 'cmake_clean_cache': False, 'cmake_clean_first': False, 'cmake_force_configure': False, 'cmake_target': None, 'cmake_target_skip_unavailable': False, 'install_base': '/home/patryk/ros2_ws/install/controller', 'merge_install': False, 'path': '/home/patryk/ros2_ws/src/controller', 'symlink_install': True, 'test_result_base': None}
[3.941s] Level 5:colcon.colcon_core.verb:set package 'px4_msgs' build argument 'cmake_args' from command line to 'None'
[3.942s] Level 5:colcon.colcon_core.verb:set package 'px4_msgs' build argument 'cmake_target' from command line to 'None'
[3.942s] Level 5:colcon.colcon_core.verb:set package 'px4_msgs' build argument 'cmake_target_skip_unavailable' from command line to 'False'
[3.942s] Level 5:colcon.colcon_core.verb:set package 'px4_msgs' build argument 'cmake_clean_cache' from command line to 'False'
[3.942s] Level 5:colcon.colcon_core.verb:set package 'px4_msgs' build argument 'cmake_clean_first' from command line to 'False'
[3.942s] Level 5:colcon.colcon_core.verb:set package 'px4_msgs' build argument 'cmake_force_configure' from command line to 'False'
[3.942s] Level 5:colcon.colcon_core.verb:set package 'px4_msgs' build argument 'ament_cmake_args' from command line to 'None'
[3.943s] Level 5:colcon.colcon_core.verb:set package 'px4_msgs' build argument 'catkin_cmake_args' from command line to 'None'
[3.943s] Level 5:colcon.colcon_core.verb:set package 'px4_msgs' build argument 'catkin_skip_building_tests' from command line to 'False'
[3.943s] DEBUG:colcon.colcon_core.verb:Building package 'px4_msgs' with the following arguments: {'ament_cmake_args': None, 'build_base': '/home/patryk/ros2_ws/build/px4_msgs', 'catkin_cmake_args': None, 'catkin_skip_building_tests': False, 'cmake_args': None, 'cmake_clean_cache': False, 'cmake_clean_first': False, 'cmake_force_configure': False, 'cmake_target': None, 'cmake_target_skip_unavailable': False, 'install_base': '/home/patryk/ros2_ws/install/px4_msgs', 'merge_install': False, 'path': '/home/patryk/ros2_ws/src/px4_msgs', 'symlink_install': True, 'test_result_base': None}
[3.944s] INFO:colcon.colcon_core.executor:Executing jobs using 'parallel' executor
[3.948s] DEBUG:colcon.colcon_parallel_executor.executor.parallel:run_until_complete
[3.949s] INFO:colcon.colcon_ros.task.ament_python.build:Building ROS package in '/home/patryk/ros2_ws/src/controller' with build type 'ament_python'
[3.950s] Level 1:colcon.colcon_core.shell:create_environment_hook('controller', 'ament_prefix_path')
[3.975s] INFO:colcon.colcon_core.plugin_system:Skipping extension 'colcon_core.shell.bat': Not used on non-Windows systems
[3.977s] INFO:colcon.colcon_core.shell:Creating environment hook '/home/patryk/ros2_ws/install/controller/share/controller/hook/ament_prefix_path.ps1'
[3.981s] INFO:colcon.colcon_core.shell:Creating environment descriptor '/home/patryk/ros2_ws/install/controller/share/controller/hook/ament_prefix_path.dsv'
[3.985s] INFO:colcon.colcon_core.shell:Creating environment hook '/home/patryk/ros2_ws/install/controller/share/controller/hook/ament_prefix_path.sh'
[3.991s] INFO:colcon.colcon_core.shell:Skip shell extension 'powershell' for command environment: Not usable outside of PowerShell
[3.991s] DEBUG:colcon.colcon_core.shell:Skip shell extension 'dsv' for command environment
[4.044s] INFO:colcon.colcon_ros.task.ament_cmake.build:Building ROS package in '/home/patryk/ros2_ws/src/px4_msgs' with build type 'ament_cmake'
[4.045s] INFO:colcon.colcon_cmake.task.cmake.build:Building CMake package in '/home/patryk/ros2_ws/src/px4_msgs'
[4.048s] INFO:colcon.colcon_core.shell:Skip shell extension 'powershell' for command environment: Not usable outside of PowerShell
[4.048s] DEBUG:colcon.colcon_core.shell:Skip shell extension 'dsv' for command environment
[5.826s] INFO:colcon.colcon_core.task.python.build:Building Python package in '/home/patryk/ros2_ws/src/controller'
[5.829s] INFO:colcon.colcon_core.shell:Skip shell extension 'powershell' for command environment: Not usable outside of PowerShell
[5.830s] DEBUG:colcon.colcon_core.shell:Skip shell extension 'dsv' for command environment
[5.906s] DEBUG:colcon.colcon_core.event_handler.log_command:Invoking command in '/home/patryk/ros2_ws/build/px4_msgs': CMAKE_PREFIX_PATH=${CMAKE_PREFIX_PATH}:/home/patryk/ros2_ws/install/controller /usr/bin/cmake --build /home/patryk/ros2_ws/build/px4_msgs -- -j4 -l4
[7.461s] DEBUG:colcon.colcon_core.event_handler.log_command:Invoked command in '/home/patryk/ros2_ws/build/px4_msgs' returned '0': CMAKE_PREFIX_PATH=${CMAKE_PREFIX_PATH}:/home/patryk/ros2_ws/install/controller /usr/bin/cmake --build /home/patryk/ros2_ws/build/px4_msgs -- -j4 -l4
[7.848s] DEBUG:colcon.colcon_core.event_handler.log_command:Invoking command in '/home/patryk/ros2_ws/build/px4_msgs': CMAKE_PREFIX_PATH=${CMAKE_PREFIX_PATH}:/home/patryk/ros2_ws/install/controller /usr/bin/cmake --build /home/patryk/ros2_ws/build/px4_msgs --target install -- -j4 -l4
[9.222s] DEBUG:colcon.colcon_core.event_handler.log_command:Invoking command in '/home/patryk/ros2_ws/build/controller': PYTHONPATH=/home/patryk/ros2_ws/build/controller/prefix_override:/home/patryk/ros2_ws/install/controller/lib/python3.6/site-packages:${PYTHONPATH} /usr/bin/python3 setup.py develop --editable --build-directory /home/patryk/ros2_ws/build/controller/build --no-deps install_data
[9.607s] Level 1:colcon.colcon_core.environment:create_environment_scripts_only(px4_msgs)
[9.612s] DEBUG:colcon.colcon_core.event_handler.log_command:Invoked command in '/home/patryk/ros2_ws/build/px4_msgs' returned '0': CMAKE_PREFIX_PATH=${CMAKE_PREFIX_PATH}:/home/patryk/ros2_ws/install/controller /usr/bin/cmake --build /home/patryk/ros2_ws/build/px4_msgs --target install -- -j4 -l4
[9.638s] Level 1:colcon.colcon_core.environment:checking '/home/patryk/ros2_ws/install/px4_msgs' for CMake module files
[9.642s] Level 1:colcon.colcon_core.environment:checking '/home/patryk/ros2_ws/install/px4_msgs' for CMake config files
[9.648s] Level 1:colcon.colcon_core.shell:create_environment_hook('px4_msgs', 'cmake_prefix_path')
[9.650s] INFO:colcon.colcon_core.shell:Creating environment hook '/home/patryk/ros2_ws/install/px4_msgs/share/px4_msgs/hook/cmake_prefix_path.ps1'
[9.652s] INFO:colcon.colcon_core.shell:Creating environment descriptor '/home/patryk/ros2_ws/install/px4_msgs/share/px4_msgs/hook/cmake_prefix_path.dsv'
[9.654s] INFO:colcon.colcon_core.shell:Creating environment hook '/home/patryk/ros2_ws/install/px4_msgs/share/px4_msgs/hook/cmake_prefix_path.sh'
[9.658s] Level 1:colcon.colcon_core.environment:checking '/home/patryk/ros2_ws/install/px4_msgs/lib'
[9.659s] Level 1:colcon.colcon_core.shell:create_environment_hook('px4_msgs', 'ld_library_path_lib')
[9.662s] INFO:colcon.colcon_core.shell:Creating environment hook '/home/patryk/ros2_ws/install/px4_msgs/share/px4_msgs/hook/ld_library_path_lib.ps1'
[9.663s] INFO:colcon.colcon_core.shell:Creating environment descriptor '/home/patryk/ros2_ws/install/px4_msgs/share/px4_msgs/hook/ld_library_path_lib.dsv'
[9.665s] INFO:colcon.colcon_core.shell:Creating environment hook '/home/patryk/ros2_ws/install/px4_msgs/share/px4_msgs/hook/ld_library_path_lib.sh'
[9.667s] Level 1:colcon.colcon_core.environment:checking '/home/patryk/ros2_ws/install/px4_msgs/bin'
[9.667s] Level 1:colcon.colcon_core.environment:checking '/home/patryk/ros2_ws/install/px4_msgs/lib/pkgconfig/px4_msgs.pc'
[9.668s] Level 1:colcon.colcon_core.environment:checking '/home/patryk/ros2_ws/install/px4_msgs/lib/python3.6/site-packages'
[9.668s] Level 1:colcon.colcon_core.shell:create_environment_hook('px4_msgs', 'pythonpath')
[9.670s] INFO:colcon.colcon_core.shell:Creating environment hook '/home/patryk/ros2_ws/install/px4_msgs/share/px4_msgs/hook/pythonpath.ps1'
[9.673s] INFO:colcon.colcon_core.shell:Creating environment descriptor '/home/patryk/ros2_ws/install/px4_msgs/share/px4_msgs/hook/pythonpath.dsv'
[9.674s] INFO:colcon.colcon_core.shell:Creating environment hook '/home/patryk/ros2_ws/install/px4_msgs/share/px4_msgs/hook/pythonpath.sh'
[9.677s] Level 1:colcon.colcon_core.environment:checking '/home/patryk/ros2_ws/install/px4_msgs/bin'
[9.680s] INFO:colcon.colcon_core.shell:Creating package script '/home/patryk/ros2_ws/install/px4_msgs/share/px4_msgs/package.ps1'
[9.686s] INFO:colcon.colcon_core.shell:Creating package descriptor '/home/patryk/ros2_ws/install/px4_msgs/share/px4_msgs/package.dsv'
[9.691s] INFO:colcon.colcon_core.shell:Creating package script '/home/patryk/ros2_ws/install/px4_msgs/share/px4_msgs/package.sh'
[9.697s] INFO:colcon.colcon_core.shell:Creating package script '/home/patryk/ros2_ws/install/px4_msgs/share/px4_msgs/package.bash'
[9.705s] INFO:colcon.colcon_core.shell:Creating package script '/home/patryk/ros2_ws/install/px4_msgs/share/px4_msgs/package.zsh'
[9.711s] Level 1:colcon.colcon_core.environment:create_file_with_runtime_dependencies(/home/patryk/ros2_ws/install/px4_msgs/share/colcon-core/packages/px4_msgs)
[10.050s] Level 1:colcon.colcon_core.environment:create_environment_scripts_only(px4_msgs)
[10.052s] Level 1:colcon.colcon_core.environment:checking '/home/patryk/ros2_ws/install/px4_msgs' for CMake module files
[10.056s] Level 1:colcon.colcon_core.environment:checking '/home/patryk/ros2_ws/install/px4_msgs' for CMake config files
[10.060s] Level 1:colcon.colcon_core.shell:create_environment_hook('px4_msgs', 'cmake_prefix_path')
[10.062s] INFO:colcon.colcon_core.shell:Creating environment hook '/home/patryk/ros2_ws/install/px4_msgs/share/px4_msgs/hook/cmake_prefix_path.ps1'
[10.064s] INFO:colcon.colcon_core.shell:Creating environment descriptor '/home/patryk/ros2_ws/install/px4_msgs/share/px4_msgs/hook/cmake_prefix_path.dsv'
[10.066s] INFO:colcon.colcon_core.shell:Creating environment hook '/home/patryk/ros2_ws/install/px4_msgs/share/px4_msgs/hook/cmake_prefix_path.sh'
[10.069s] Level 1:colcon.colcon_core.environment:checking '/home/patryk/ros2_ws/install/px4_msgs/lib'
[10.070s] Level 1:colcon.colcon_core.shell:create_environment_hook('px4_msgs', 'ld_library_path_lib')
[10.072s] INFO:colcon.colcon_core.shell:Creating environment hook '/home/patryk/ros2_ws/install/px4_msgs/share/px4_msgs/hook/ld_library_path_lib.ps1'
[10.073s] INFO:colcon.colcon_core.shell:Creating environment descriptor '/home/patryk/ros2_ws/install/px4_msgs/share/px4_msgs/hook/ld_library_path_lib.dsv'
[10.075s] INFO:colcon.colcon_core.shell:Creating environment hook '/home/patryk/ros2_ws/install/px4_msgs/share/px4_msgs/hook/ld_library_path_lib.sh'
[10.077s] Level 1:colcon.colcon_core.environment:checking '/home/patryk/ros2_ws/install/px4_msgs/bin'
[10.077s] Level 1:colcon.colcon_core.environment:checking '/home/patryk/ros2_ws/install/px4_msgs/lib/pkgconfig/px4_msgs.pc'
[10.078s] Level 1:colcon.colcon_core.environment:checking '/home/patryk/ros2_ws/install/px4_msgs/lib/python3.6/site-packages'
[10.078s] Level 1:colcon.colcon_core.shell:create_environment_hook('px4_msgs', 'pythonpath')
[10.080s] INFO:colcon.colcon_core.shell:Creating environment hook '/home/patryk/ros2_ws/install/px4_msgs/share/px4_msgs/hook/pythonpath.ps1'
[10.082s] INFO:colcon.colcon_core.shell:Creating environment descriptor '/home/patryk/ros2_ws/install/px4_msgs/share/px4_msgs/hook/pythonpath.dsv'
[10.083s] INFO:colcon.colcon_core.shell:Creating environment hook '/home/patryk/ros2_ws/install/px4_msgs/share/px4_msgs/hook/pythonpath.sh'
[10.085s] Level 1:colcon.colcon_core.environment:checking '/home/patryk/ros2_ws/install/px4_msgs/bin'
[10.088s] INFO:colcon.colcon_core.shell:Creating package script '/home/patryk/ros2_ws/install/px4_msgs/share/px4_msgs/package.ps1'
[10.092s] INFO:colcon.colcon_core.shell:Creating package descriptor '/home/patryk/ros2_ws/install/px4_msgs/share/px4_msgs/package.dsv'
[10.095s] INFO:colcon.colcon_core.shell:Creating package script '/home/patryk/ros2_ws/install/px4_msgs/share/px4_msgs/package.sh'
[10.097s] INFO:colcon.colcon_core.shell:Creating package script '/home/patryk/ros2_ws/install/px4_msgs/share/px4_msgs/package.bash'
[10.099s] INFO:colcon.colcon_core.shell:Creating package script '/home/patryk/ros2_ws/install/px4_msgs/share/px4_msgs/package.zsh'
[10.101s] Level 1:colcon.colcon_core.environment:create_file_with_runtime_dependencies(/home/patryk/ros2_ws/install/px4_msgs/share/colcon-core/packages/px4_msgs)
[12.381s] Level 1:colcon.colcon_core.shell:create_environment_hook('controller', 'pythonpath_develop')
[12.383s] INFO:colcon.colcon_core.shell:Creating environment hook '/home/patryk/ros2_ws/build/controller/share/controller/hook/pythonpath_develop.ps1'
[12.387s] DEBUG:colcon.colcon_core.event_handler.log_command:Invoked command in '/home/patryk/ros2_ws/build/controller' returned '0': PYTHONPATH=/home/patryk/ros2_ws/build/controller/prefix_override:/home/patryk/ros2_ws/install/controller/lib/python3.6/site-packages:${PYTHONPATH} /usr/bin/python3 setup.py develop --editable --build-directory /home/patryk/ros2_ws/build/controller/build --no-deps install_data
[12.389s] INFO:colcon.colcon_core.shell:Creating environment descriptor '/home/patryk/ros2_ws/build/controller/share/controller/hook/pythonpath_develop.dsv'
[12.390s] INFO:colcon.colcon_core.shell:Creating environment hook '/home/patryk/ros2_ws/build/controller/share/controller/hook/pythonpath_develop.sh'
[12.393s] Level 1:colcon.colcon_core.environment:checking '/home/patryk/ros2_ws/install/controller' for CMake module files
[12.396s] Level 1:colcon.colcon_core.environment:checking '/home/patryk/ros2_ws/install/controller' for CMake config files
[12.399s] Level 1:colcon.colcon_core.environment:checking '/home/patryk/ros2_ws/install/controller/lib'
[12.400s] Level 1:colcon.colcon_core.environment:checking '/home/patryk/ros2_ws/install/controller/bin'
[12.400s] Level 1:colcon.colcon_core.environment:checking '/home/patryk/ros2_ws/install/controller/lib/pkgconfig/controller.pc'
[12.401s] Level 1:colcon.colcon_core.environment:checking '/home/patryk/ros2_ws/install/controller/lib/python3.6/site-packages'
[12.401s] Level 1:colcon.colcon_core.shell:create_environment_hook('controller', 'pythonpath')
[12.403s] INFO:colcon.colcon_core.shell:Creating environment hook '/home/patryk/ros2_ws/install/controller/share/controller/hook/pythonpath.ps1'
[12.406s] INFO:colcon.colcon_core.shell:Creating environment descriptor '/home/patryk/ros2_ws/install/controller/share/controller/hook/pythonpath.dsv'
[12.407s] INFO:colcon.colcon_core.shell:Creating environment hook '/home/patryk/ros2_ws/install/controller/share/controller/hook/pythonpath.sh'
[12.409s] Level 1:colcon.colcon_core.environment:checking '/home/patryk/ros2_ws/install/controller/bin'
[12.409s] Level 1:colcon.colcon_core.environment:create_environment_scripts_only(controller)
[12.412s] INFO:colcon.colcon_core.shell:Creating package script '/home/patryk/ros2_ws/install/controller/share/controller/package.ps1'
[12.415s] INFO:colcon.colcon_core.shell:Creating package descriptor '/home/patryk/ros2_ws/install/controller/share/controller/package.dsv'
[12.417s] INFO:colcon.colcon_core.shell:Creating package script '/home/patryk/ros2_ws/install/controller/share/controller/package.sh'
[12.419s] INFO:colcon.colcon_core.shell:Creating package script '/home/patryk/ros2_ws/install/controller/share/controller/package.bash'
[12.421s] INFO:colcon.colcon_core.shell:Creating package script '/home/patryk/ros2_ws/install/controller/share/controller/package.zsh'
[12.422s] Level 1:colcon.colcon_core.environment:create_file_with_runtime_dependencies(/home/patryk/ros2_ws/install/controller/share/colcon-core/packages/controller)
[12.423s] DEBUG:colcon.colcon_parallel_executor.executor.parallel:closing loop
[12.426s] DEBUG:colcon.colcon_parallel_executor.executor.parallel:loop closed
[12.427s] DEBUG:colcon.colcon_parallel_executor.executor.parallel:run_until_complete finished with '0'
[12.427s] DEBUG:colcon.colcon_core.event_reactor:joining thread
[12.482s] INFO:colcon.colcon_core.plugin_system:Skipping extension 'colcon_notification.desktop_notification.terminal_notifier': Not used on non-Darwin systems
[12.482s] INFO:colcon.colcon_core.plugin_system:Skipping extension 'colcon_notification.desktop_notification.win32': Not used on non-Windows systems
[12.483s] INFO:colcon.colcon_notification.desktop_notification:Sending desktop notification using 'notify2'
[12.550s] DEBUG:colcon.colcon_core.event_reactor:joined thread
[12.553s] INFO:colcon.colcon_core.shell:Creating prefix script '/home/patryk/ros2_ws/install/local_setup.ps1'
[12.560s] INFO:colcon.colcon_core.shell:Creating prefix util module '/home/patryk/ros2_ws/install/_local_setup_util_ps1.py'
[12.571s] INFO:colcon.colcon_core.shell:Creating prefix chain script '/home/patryk/ros2_ws/install/setup.ps1'
[12.579s] INFO:colcon.colcon_core.shell:Creating prefix script '/home/patryk/ros2_ws/install/local_setup.sh'
[12.583s] INFO:colcon.colcon_core.shell:Creating prefix util module '/home/patryk/ros2_ws/install/_local_setup_util_sh.py'
[12.586s] INFO:colcon.colcon_core.shell:Creating prefix chain script '/home/patryk/ros2_ws/install/setup.sh'
[12.594s] INFO:colcon.colcon_core.shell:Creating prefix script '/home/patryk/ros2_ws/install/local_setup.bash'
[12.598s] INFO:colcon.colcon_core.shell:Creating prefix chain script '/home/patryk/ros2_ws/install/setup.bash'
[12.606s] INFO:colcon.colcon_core.shell:Creating prefix script '/home/patryk/ros2_ws/install/local_setup.zsh'
[12.611s] INFO:colcon.colcon_core.shell:Creating prefix chain script '/home/patryk/ros2_ws/install/setup.zsh'
