[1.882s] Invoking command in '/home/patryk/ros2_ws/build/px4_msgs': CMAKE_PREFIX_PATH=${CMAKE_PREFIX_PATH}:/home/patryk/ros2_ws/install/controller /usr/local/bin/cmake --build /home/patryk/ros2_ws/build/px4_msgs -- -j4 -l4
[2.094s] make: Warning: File 'Makefile' has modification time 97675 s in the future
[2.468s] make[1]: Warning: File 'CMakeFiles/Makefile2' has modification time 97675 s in the future
[2.474s] make[2]: Warning: File 'CMakeFiles/px4_msgs__cpp.dir/progress.make' has modification time 97675 s in the future
[2.477s] make[2]: Warning: File 'CMakeFiles/px4_msgs__rosidl_generator_c.dir/flags.make' has modification time 97675 s in the future
[2.479s] make[2]: Warning: File 'CMakeFiles/px4_msgs__dds_opensplice_idl.dir/progress.make' has modification time 97675 s in the future
[2.494s] make[2]: warning:  Clock skew detected.  Your build may be incomplete.
[2.500s] make[2]: Warning: File 'CMakeFiles/px4_msgs__cpp.dir/progress.make' has modification time 97675 s in the future
[2.504s] make[2]: warning:  Clock skew detected.  Your build may be incomplete.
[2.505s] make[2]: warning:  Clock skew detected.  Your build may be incomplete.
[2.509s] make[2]: Warning: File 'CMakeFiles/px4_msgs__dds_opensplice_idl.dir/progress.make' has modification time 97675 s in the future
[2.522s] [  1%] Built target px4_msgs__cpp
[2.524s] make[2]: warning:  Clock skew detected.  Your build may be incomplete.
[2.527s] make[2]: warning:  Clock skew detected.  Your build may be incomplete.
[2.530s] make[2]: Warning: File 'CMakeFiles/px4_msgs__rosidl_generator_c.dir/flags.make' has modification time 97675 s in the future
[2.533s] make[2]: Warning: File 'CMakeFiles/px4_msgs__rosidl_typesupport_fastrtps_cpp.dir/flags.make' has modification time 97675 s in the future
[2.545s] [  3%] Built target px4_msgs__dds_opensplice_idl
[2.547s] make[2]: warning:  Clock skew detected.  Your build may be incomplete.
[2.547s] make[2]: Warning: File 'CMakeFiles/px4_msgs__rosidl_typesupport_introspection_cpp.dir/flags.make' has modification time 97675 s in the future
[2.561s] [  9%] Built target px4_msgs__rosidl_generator_c
[2.575s] make[2]: Warning: File 'CMakeFiles/px4_msgs__rosidl_typesupport_cpp.dir/flags.make' has modification time 97675 s in the future
[2.601s] make[2]: warning:  Clock skew detected.  Your build may be incomplete.
[2.602s] make[2]: warning:  Clock skew detected.  Your build may be incomplete.
[2.605s] make[2]: Warning: File 'CMakeFiles/px4_msgs__rosidl_typesupport_opensplice_cpp.dir/flags.make' has modification time 97675 s in the future
[2.607s] make[2]: Warning: File 'CMakeFiles/px4_msgs__rosidl_typesupport_introspection_cpp.dir/flags.make' has modification time 97675 s in the future
[2.607s] make[2]: Warning: File 'CMakeFiles/px4_msgs__rosidl_typesupport_fastrtps_cpp.dir/flags.make' has modification time 97675 s in the future
[2.618s] make[2]: warning:  Clock skew detected.  Your build may be incomplete.
[2.621s] make[2]: warning:  Clock skew detected.  Your build may be incomplete.
[2.625s] make[2]: Warning: File 'CMakeFiles/px4_msgs__rosidl_typesupport_cpp.dir/flags.make' has modification time 97675 s in the future
[2.630s] make[2]: warning:  Clock skew detected.  Your build may be incomplete.
[2.632s] [ 15%] Built target px4_msgs__rosidl_typesupport_introspection_cpp
[2.650s] make[2]: Warning: File 'CMakeFiles/px4_msgs__rosidl_typesupport_c.dir/flags.make' has modification time 97675 s in the future
[2.655s] [ 21%] Built target px4_msgs__rosidl_typesupport_cpp
[2.674s] make[2]: Warning: File 'CMakeFiles/px4_msgs__rosidl_typesupport_introspection_c.dir/flags.make' has modification time 97675 s in the future
[2.679s] make[2]: warning:  Clock skew detected.  Your build may be incomplete.
[2.691s] make[2]: warning:  Clock skew detected.  Your build may be incomplete.
[2.693s] [ 27%] Built target px4_msgs__rosidl_typesupport_fastrtps_cpp
[2.697s] make[2]: Warning: File 'CMakeFiles/px4_msgs__rosidl_typesupport_c.dir/flags.make' has modification time 97675 s in the future
[2.701s] make[2]: warning:  Clock skew detected.  Your build may be incomplete.
[2.703s] make[2]: warning:  Clock skew detected.  Your build may be incomplete.
[2.710s] make[2]: Warning: File 'CMakeFiles/px4_msgs__rosidl_typesupport_introspection_c.dir/flags.make' has modification time 97675 s in the future
[2.716s] make[2]: Warning: File 'CMakeFiles/px4_msgs__rosidl_typesupport_fastrtps_c.dir/flags.make' has modification time 97675 s in the future
[2.717s] make[2]: warning:  Clock skew detected.  Your build may be incomplete.
[2.719s] make[2]: warning:  Clock skew detected.  Your build may be incomplete.
[2.721s] [ 33%] Built target px4_msgs__rosidl_typesupport_c
[2.731s] [ 39%] Built target px4_msgs__rosidl_typesupport_introspection_c
[2.744s] make[2]: Warning: File 'CMakeFiles/px4_msgs__rosidl_typesupport_opensplice_cpp.dir/flags.make' has modification time 97675 s in the future
[2.747s] make[2]: warning:  Clock skew detected.  Your build may be incomplete.
[2.749s] make[2]: Warning: File 'CMakeFiles/px4_msgs__rosidl_typesupport_fastrtps_c.dir/flags.make' has modification time 97675 s in the future
[2.758s] make[2]: warning:  Clock skew detected.  Your build may be incomplete.
[2.771s] [ 54%] Built target px4_msgs__rosidl_typesupport_opensplice_cpp
[2.779s] make[2]: warning:  Clock skew detected.  Your build may be incomplete.
[2.791s] [ 60%] Built target px4_msgs__rosidl_typesupport_fastrtps_c
[2.796s] make[2]: Warning: File 'CMakeFiles/px4_msgs__rosidl_typesupport_opensplice_c.dir/flags.make' has modification time 97675 s in the future
[2.833s] make[2]: warning:  Clock skew detected.  Your build may be incomplete.
[2.853s] make[2]: Warning: File 'CMakeFiles/px4_msgs__rosidl_typesupport_opensplice_c.dir/flags.make' has modification time 97675 s in the future
[2.868s] make[2]: warning:  Clock skew detected.  Your build may be incomplete.
[2.880s] [ 78%] Built target px4_msgs__rosidl_typesupport_opensplice_c
[2.889s] make[2]: Warning: File 'CMakeFiles/px4_msgs.dir/progress.make' has modification time 97675 s in the future
[2.905s] make[2]: warning:  Clock skew detected.  Your build may be incomplete.
[2.910s] make[2]: Warning: File 'CMakeFiles/px4_msgs.dir/progress.make' has modification time 97675 s in the future
[2.910s] make[2]: warning:  Clock skew detected.  Your build may be incomplete.
[2.923s] [ 78%] Built target px4_msgs
[2.930s] make[2]: Warning: File 'px4_msgs__py/CMakeFiles/px4_msgs__py.dir/progress.make' has modification time 97675 s in the future
[2.949s] make[2]: warning:  Clock skew detected.  Your build may be incomplete.
[2.953s] make[2]: Warning: File 'px4_msgs__py/CMakeFiles/px4_msgs__py.dir/progress.make' has modification time 97675 s in the future
[2.957s] make[2]: warning:  Clock skew detected.  Your build may be incomplete.
[2.969s] [ 80%] Built target px4_msgs__py
[2.979s] make[2]: Warning: File 'CMakeFiles/px4_msgs__python.dir/flags.make' has modification time 97675 s in the future
[3.014s] make[2]: warning:  Clock skew detected.  Your build may be incomplete.
[3.020s] make[2]: Warning: File 'CMakeFiles/px4_msgs__python.dir/flags.make' has modification time 97675 s in the future
[3.055s] make[2]: warning:  Clock skew detected.  Your build may be incomplete.
[3.068s] [ 84%] Built target px4_msgs__python
[3.081s] make[2]: Warning: File 'CMakeFiles/px4_msgs__rosidl_typesupport_fastrtps_c__pyext.dir/flags.make' has modification time 97674 s in the future
[3.082s] make[2]: Warning: File 'CMakeFiles/px4_msgs__rosidl_typesupport_opensplice_c__pyext.dir/flags.make' has modification time 97674 s in the future
[3.083s] make[2]: Warning: File 'CMakeFiles/px4_msgs__rosidl_typesupport_c__pyext.dir/flags.make' has modification time 97674 s in the future
[3.086s] make[2]: Warning: File 'CMakeFiles/px4_msgs__rosidl_typesupport_introspection_c__pyext.dir/flags.make' has modification time 97674 s in the future
[3.106s] make[2]: warning:  Clock skew detected.  Your build may be incomplete.
[3.109s] make[2]: warning:  Clock skew detected.  Your build may be incomplete.
[3.113s] make[2]: warning:  Clock skew detected.  Your build may be incomplete.
[3.115s] make[2]: Warning: File 'CMakeFiles/px4_msgs__rosidl_typesupport_fastrtps_c__pyext.dir/flags.make' has modification time 97674 s in the future
[3.116s] make[2]: warning:  Clock skew detected.  Your build may be incomplete.
[3.120s] make[2]: Warning: File 'CMakeFiles/px4_msgs__rosidl_typesupport_opensplice_c__pyext.dir/flags.make' has modification time 97674 s in the future
[3.126s] make[2]: Warning: File 'CMakeFiles/px4_msgs__rosidl_typesupport_c__pyext.dir/flags.make' has modification time 97674 s in the future
[3.134s] make[2]: Warning: File 'CMakeFiles/px4_msgs__rosidl_typesupport_introspection_c__pyext.dir/flags.make' has modification time 97674 s in the future
[3.157s] make[2]: warning:  Clock skew detected.  Your build may be incomplete.
[3.163s] make[2]: warning:  Clock skew detected.  Your build may be incomplete.
[3.167s] make[2]: warning:  Clock skew detected.  Your build may be incomplete.
[3.176s] [ 88%] Built target px4_msgs__rosidl_typesupport_c__pyext
[3.179s] make[2]: warning:  Clock skew detected.  Your build may be incomplete.
[3.181s] [ 92%] Built target px4_msgs__rosidl_typesupport_fastrtps_c__pyext
[3.188s] [ 96%] Built target px4_msgs__rosidl_typesupport_opensplice_c__pyext
[3.193s] [100%] Built target px4_msgs__rosidl_typesupport_introspection_c__pyext
[3.194s] make[1]: warning:  Clock skew detected.  Your build may be incomplete.
[3.207s] make: warning:  Clock skew detected.  Your build may be incomplete.
[3.214s] Invoked command in '/home/patryk/ros2_ws/build/px4_msgs' returned '0': CMAKE_PREFIX_PATH=${CMAKE_PREFIX_PATH}:/home/patryk/ros2_ws/install/controller /usr/local/bin/cmake --build /home/patryk/ros2_ws/build/px4_msgs -- -j4 -l4
[3.504s] Invoking command in '/home/patryk/ros2_ws/build/px4_msgs': CMAKE_PREFIX_PATH=${CMAKE_PREFIX_PATH}:/home/patryk/ros2_ws/install/controller /usr/local/bin/cmake --install /home/patryk/ros2_ws/build/px4_msgs
[3.519s] -- Install configuration: ""
[3.527s] -- Execute custom install script
[3.532s] -- Up-to-date symlink: /home/patryk/ros2_ws/install/px4_msgs/share/ament_index/resource_index/rosidl_interfaces/px4_msgs
[3.537s] -- Up-to-date symlink: /home/patryk/ros2_ws/install/px4_msgs/lib/libpx4_msgs__rosidl_typesupport_c.so
[3.548s] -- Up-to-date symlink: /home/patryk/ros2_ws/install/px4_msgs/share/px4_msgs/environment/library_path.sh
[3.549s] -- Up-to-date symlink: /home/patryk/ros2_ws/install/px4_msgs/lib/libpx4_msgs__rosidl_typesupport_cpp.so
[3.557s] -- Up-to-date symlink: /home/patryk/ros2_ws/install/px4_msgs/include/px4_msgs/msg/manual_control_setpoint__rosidl_typesupport_fastrtps_c.h
[3.559s] -- Up-to-date symlink: /home/patryk/ros2_ws/install/px4_msgs/include/px4_msgs/msg/rosidl_typesupport_fastrtps_c__visibility_control.h
[3.564s] -- Up-to-date symlink: /home/patryk/ros2_ws/install/px4_msgs/lib/libpx4_msgs__rosidl_typesupport_fastrtps_c.so
[3.571s] -- Up-to-date symlink: /home/patryk/ros2_ws/install/px4_msgs/include/px4_msgs/msg/manual_control_setpoint.h
[3.573s] -- Up-to-date symlink: /home/patryk/ros2_ws/install/px4_msgs/include/px4_msgs/msg/manual_control_setpoint__functions.h
[3.576s] -- Up-to-date symlink: /home/patryk/ros2_ws/install/px4_msgs/include/px4_msgs/msg/manual_control_setpoint__struct.h
[3.578s] -- Up-to-date symlink: /home/patryk/ros2_ws/install/px4_msgs/include/px4_msgs/msg/manual_control_setpoint__type_support.h
[3.580s] -- Up-to-date symlink: /home/patryk/ros2_ws/install/px4_msgs/include/px4_msgs/msg/rosidl_generator_c__visibility_control.h
[3.585s] -- Up-to-date symlink: /home/patryk/ros2_ws/install/px4_msgs/lib/libpx4_msgs__rosidl_generator_c.so
[3.593s] -- Up-to-date symlink: /home/patryk/ros2_ws/install/px4_msgs/include/px4_msgs/msg/manual_control_setpoint__rosidl_typesupport_fastrtps_cpp.hpp
[3.595s] -- Up-to-date symlink: /home/patryk/ros2_ws/install/px4_msgs/include/px4_msgs/msg/rosidl_typesupport_fastrtps_cpp__visibility_control.h
[3.601s] -- Up-to-date symlink: /home/patryk/ros2_ws/install/px4_msgs/lib/libpx4_msgs__rosidl_typesupport_fastrtps_cpp.so
[3.607s] -- Up-to-date symlink: /home/patryk/ros2_ws/install/px4_msgs/include/px4_msgs/msg/manual_control_setpoint.hpp
[3.610s] -- Up-to-date symlink: /home/patryk/ros2_ws/install/px4_msgs/include/px4_msgs/msg/manual_control_setpoint__struct.hpp
[3.612s] -- Up-to-date symlink: /home/patryk/ros2_ws/install/px4_msgs/include/px4_msgs/msg/manual_control_setpoint__traits.hpp
[3.619s] -- Up-to-date symlink: /home/patryk/ros2_ws/install/px4_msgs/include/px4_msgs/msg/manual_control_setpoint__rosidl_typesupport_introspection_c.h
[3.621s] -- Up-to-date symlink: /home/patryk/ros2_ws/install/px4_msgs/include/px4_msgs/msg/rosidl_typesupport_introspection_c__visibility_control.h
[3.627s] -- Up-to-date symlink: /home/patryk/ros2_ws/install/px4_msgs/lib/libpx4_msgs__rosidl_typesupport_introspection_c.so
[3.634s] -- Up-to-date symlink: /home/patryk/ros2_ws/install/px4_msgs/include/px4_msgs/msg/manual_control_setpoint__rosidl_typesupport_opensplice_c.h
[3.636s] -- Up-to-date symlink: /home/patryk/ros2_ws/install/px4_msgs/include/px4_msgs/msg/rosidl_typesupport_opensplice_c__visibility_control.h
[3.650s] -- Up-to-date symlink: /home/patryk/ros2_ws/install/px4_msgs/lib/libpx4_msgs__rosidl_typesupport_opensplice_c.so
[3.651s] -- Up-to-date symlink: /home/patryk/ros2_ws/install/px4_msgs/share/px4_msgs/msg/dds_opensplice/ManualControlSetpoint_.idl
[3.661s] -- Up-to-date symlink: /home/patryk/ros2_ws/install/px4_msgs/include/px4_msgs/msg/dds_opensplice/ManualControlSetpoint_.h
[3.663s] -- Up-to-date symlink: /home/patryk/ros2_ws/install/px4_msgs/include/px4_msgs/msg/dds_opensplice/ManualControlSetpoint_Dcps.h
[3.666s] -- Up-to-date symlink: /home/patryk/ros2_ws/install/px4_msgs/include/px4_msgs/msg/dds_opensplice/ManualControlSetpoint_Dcps_impl.h
[3.669s] -- Up-to-date symlink: /home/patryk/ros2_ws/install/px4_msgs/include/px4_msgs/msg/dds_opensplice/ManualControlSetpoint_SplDcps.h
[3.672s] -- Up-to-date symlink: /home/patryk/ros2_ws/install/px4_msgs/include/px4_msgs/msg/dds_opensplice/ccpp_ManualControlSetpoint_.h
[3.674s] -- Up-to-date symlink: /home/patryk/ros2_ws/install/px4_msgs/include/px4_msgs/msg/manual_control_setpoint__rosidl_typesupport_opensplice_cpp.hpp
[3.677s] -- Up-to-date symlink: /home/patryk/ros2_ws/install/px4_msgs/include/px4_msgs/msg/rosidl_typesupport_opensplice_cpp__visibility_control.h
[3.683s] -- Up-to-date symlink: /home/patryk/ros2_ws/install/px4_msgs/lib/libpx4_msgs__rosidl_typesupport_opensplice_cpp.so
[3.689s] -- Up-to-date symlink: /home/patryk/ros2_ws/install/px4_msgs/include/px4_msgs/msg/manual_control_setpoint__rosidl_typesupport_introspection_cpp.hpp
[3.695s] -- Up-to-date symlink: /home/patryk/ros2_ws/install/px4_msgs/lib/libpx4_msgs__rosidl_typesupport_introspection_cpp.so
[3.699s] -- Up-to-date symlink: /home/patryk/ros2_ws/install/px4_msgs/share/px4_msgs/environment/pythonpath.sh
[3.704s] -- Up-to-date symlink: /home/patryk/ros2_ws/install/px4_msgs/lib/python3.6/site-packages/px4_msgs/__init__.py
[3.711s] -- Up-to-date symlink: /home/patryk/ros2_ws/install/px4_msgs/lib/python3.6/site-packages/px4_msgs/msg/__init__.py
[3.714s] -- Up-to-date symlink: /home/patryk/ros2_ws/install/px4_msgs/lib/python3.6/site-packages/px4_msgs/msg/_manual_control_setpoint.py
[3.720s] -- Up-to-date symlink: /home/patryk/ros2_ws/install/px4_msgs/lib/python3.6/site-packages/px4_msgs/px4_msgs_s__rosidl_typesupport_c.cpython-36m-aarch64-linux-gnu.so
[3.725s] -- Up-to-date symlink: /home/patryk/ros2_ws/install/px4_msgs/lib/python3.6/site-packages/px4_msgs/px4_msgs_s__rosidl_typesupport_introspection_c.cpython-36m-aarch64-linux-gnu.so
[3.731s] -- Up-to-date symlink: /home/patryk/ros2_ws/install/px4_msgs/lib/python3.6/site-packages/px4_msgs/px4_msgs_s__rosidl_typesupport_fastrtps_c.cpython-36m-aarch64-linux-gnu.so
[3.737s] -- Up-to-date symlink: /home/patryk/ros2_ws/install/px4_msgs/lib/python3.6/site-packages/px4_msgs/px4_msgs_s__rosidl_typesupport_opensplice_c.cpython-36m-aarch64-linux-gnu.so
[3.745s] -- Up-to-date symlink: /home/patryk/ros2_ws/install/px4_msgs/lib/libpx4_msgs__python.so
[3.749s] -- Up-to-date symlink: /home/patryk/ros2_ws/install/px4_msgs/share/px4_msgs/msg/ManualControlSetpoint.idl
[3.753s] -- Up-to-date symlink: /home/patryk/ros2_ws/install/px4_msgs/share/px4_msgs/msg/ManualControlSetpoint.msg
[3.756s] -- Up-to-date symlink: /home/patryk/ros2_ws/install/px4_msgs/share/ament_index/resource_index/package_run_dependencies/px4_msgs
[3.761s] -- Up-to-date symlink: /home/patryk/ros2_ws/install/px4_msgs/share/ament_index/resource_index/parent_prefix_path/px4_msgs
[3.765s] -- Up-to-date symlink: /home/patryk/ros2_ws/install/px4_msgs/share/px4_msgs/environment/ament_prefix_path.sh
[3.770s] -- Up-to-date symlink: /home/patryk/ros2_ws/install/px4_msgs/share/px4_msgs/environment/path.sh
[3.775s] -- Up-to-date symlink: /home/patryk/ros2_ws/install/px4_msgs/share/px4_msgs/local_setup.bash
[3.779s] -- Up-to-date symlink: /home/patryk/ros2_ws/install/px4_msgs/share/px4_msgs/local_setup.sh
[3.784s] -- Up-to-date symlink: /home/patryk/ros2_ws/install/px4_msgs/share/px4_msgs/local_setup.zsh
[3.789s] -- Up-to-date symlink: /home/patryk/ros2_ws/install/px4_msgs/share/ament_index/resource_index/packages/px4_msgs
[3.794s] -- Up-to-date symlink: /home/patryk/ros2_ws/install/px4_msgs/share/px4_msgs/cmake/rosidl_cmake-extras.cmake
[3.798s] -- Up-to-date symlink: /home/patryk/ros2_ws/install/px4_msgs/share/px4_msgs/cmake/ament_cmake_export_libraries-extras.cmake
[3.802s] -- Up-to-date symlink: /home/patryk/ros2_ws/install/px4_msgs/share/px4_msgs/cmake/ament_cmake_export_include_directories-extras.cmake
[3.806s] -- Up-to-date symlink: /home/patryk/ros2_ws/install/px4_msgs/share/px4_msgs/cmake/rosidl_cmake_export_typesupport_libraries-extras.cmake
[3.811s] -- Up-to-date symlink: /home/patryk/ros2_ws/install/px4_msgs/share/px4_msgs/cmake/ament_cmake_export_dependencies-extras.cmake
[3.814s] -- Up-to-date symlink: /home/patryk/ros2_ws/install/px4_msgs/share/px4_msgs/cmake/px4_msgsConfig.cmake
[3.817s] -- Up-to-date symlink: /home/patryk/ros2_ws/install/px4_msgs/share/px4_msgs/cmake/px4_msgsConfig-version.cmake
[3.821s] -- Up-to-date symlink: /home/patryk/ros2_ws/install/px4_msgs/share/px4_msgs/package.xml
[4.185s] Invoked command in '/home/patryk/ros2_ws/build/px4_msgs' returned '0': CMAKE_PREFIX_PATH=${CMAKE_PREFIX_PATH}:/home/patryk/ros2_ws/install/controller /usr/local/bin/cmake --install /home/patryk/ros2_ws/build/px4_msgs
