[1.834s] Invoking command in '/home/patryk/ros2_ws/build/px4_msgs': CMAKE_PREFIX_PATH=${CMAKE_PREFIX_PATH}:/home/patryk/ros2_ws/install/controller /usr/bin/cmake --build /home/patryk/ros2_ws/build/px4_msgs -- -j4 -l4
[1.978s] make: Warning: File 'Makefile' has modification time 390 s in the future
[2.171s] make[1]: Warning: File 'CMakeFiles/Makefile2' has modification time 390 s in the future
[2.178s] make[2]: Warning: File 'CMakeFiles/px4_msgs__cpp.dir/progress.make' has modification time 390 s in the future
[2.180s] make[2]: Warning: File 'CMakeFiles/px4_msgs__dds_opensplice_idl.dir/progress.make' has modification time 390 s in the future
[2.181s] make[2]: Warning: File 'CMakeFiles/px4_msgs__rosidl_generator_c.dir/progress.make' has modification time 390 s in the future
[2.236s] make[2]: warning:  Clock skew detected.  Your build may be incomplete.
[2.239s] make[2]: warning:  Clock skew detected.  Your build may be incomplete.
[2.242s] make[2]: Warning: File 'CMakeFiles/px4_msgs__cpp.dir/progress.make' has modification time 390 s in the future
[2.243s] make[2]: Warning: File 'CMakeFiles/px4_msgs__dds_opensplice_idl.dir/progress.make' has modification time 390 s in the future
[2.245s] make[2]: warning:  Clock skew detected.  Your build may be incomplete.
[2.249s] make[2]: warning:  Clock skew detected.  Your build may be incomplete.
[2.250s] make[2]: warning:  Clock skew detected.  Your build may be incomplete.
[2.261s] make[2]: Warning: File 'CMakeFiles/px4_msgs__rosidl_generator_c.dir/progress.make' has modification time 390 s in the future
[2.268s] make[2]: warning:  Clock skew detected.  Your build may be incomplete.
[2.288s] [  1%] Built target px4_msgs__cpp
[2.297s] [  3%] Built target px4_msgs__dds_opensplice_idl
[2.305s] make[2]: Warning: File 'CMakeFiles/px4_msgs__rosidl_typesupport_introspection_cpp.dir/progress.make' has modification time 390 s in the future
[2.307s] make[2]: Warning: File 'CMakeFiles/px4_msgs__rosidl_typesupport_fastrtps_cpp.dir/progress.make' has modification time 390 s in the future
[2.310s] [  9%] Built target px4_msgs__rosidl_generator_c
[2.314s] make[2]: Warning: File 'CMakeFiles/px4_msgs__rosidl_typesupport_cpp.dir/progress.make' has modification time 390 s in the future
[2.341s] make[2]: Warning: File 'CMakeFiles/px4_msgs__rosidl_typesupport_opensplice_cpp.dir/progress.make' has modification time 390 s in the future
[2.384s] make[2]: warning:  Clock skew detected.  Your build may be incomplete.
[2.385s] make[2]: warning:  Clock skew detected.  Your build may be incomplete.
[2.388s] make[2]: warning:  Clock skew detected.  Your build may be incomplete.
[2.391s] make[2]: Warning: File 'CMakeFiles/px4_msgs__rosidl_typesupport_fastrtps_cpp.dir/progress.make' has modification time 390 s in the future
[2.395s] make[2]: Warning: File 'CMakeFiles/px4_msgs__rosidl_typesupport_cpp.dir/progress.make' has modification time 390 s in the future
[2.399s] make[2]: warning:  Clock skew detected.  Your build may be incomplete.
[2.405s] make[2]: Warning: File 'CMakeFiles/px4_msgs__rosidl_typesupport_introspection_cpp.dir/progress.make' has modification time 390 s in the future
[2.409s] make[2]: warning:  Clock skew detected.  Your build may be incomplete.
[2.417s] make[2]: warning:  Clock skew detected.  Your build may be incomplete.
[2.445s] [ 15%] Built target px4_msgs__rosidl_typesupport_cpp
[2.467s] make[2]: warning:  Clock skew detected.  Your build may be incomplete.
[2.468s] [ 21%] Built target px4_msgs__rosidl_typesupport_introspection_cpp
[2.473s] [ 27%] Built target px4_msgs__rosidl_typesupport_fastrtps_cpp
[2.478s] make[2]: Warning: File 'CMakeFiles/px4_msgs__rosidl_typesupport_c.dir/progress.make' has modification time 389 s in the future
[2.482s] make[2]: Warning: File 'CMakeFiles/px4_msgs__rosidl_typesupport_introspection_c.dir/progress.make' has modification time 389 s in the future
[2.488s] make[2]: Warning: File 'CMakeFiles/px4_msgs__rosidl_typesupport_fastrtps_c.dir/progress.make' has modification time 389 s in the future
[2.491s] make[2]: Warning: File 'CMakeFiles/px4_msgs__rosidl_typesupport_opensplice_cpp.dir/progress.make' has modification time 389 s in the future
[2.507s] make[2]: warning:  Clock skew detected.  Your build may be incomplete.
[2.534s] make[2]: warning:  Clock skew detected.  Your build may be incomplete.
[2.536s] make[2]: warning:  Clock skew detected.  Your build may be incomplete.
[2.542s] make[2]: Warning: File 'CMakeFiles/px4_msgs__rosidl_typesupport_c.dir/progress.make' has modification time 389 s in the future
[2.548s] make[2]: warning:  Clock skew detected.  Your build may be incomplete.
[2.554s] make[2]: Warning: File 'CMakeFiles/px4_msgs__rosidl_typesupport_introspection_c.dir/progress.make' has modification time 389 s in the future
[2.557s] make[2]: warning:  Clock skew detected.  Your build may be incomplete.
[2.562s] make[2]: warning:  Clock skew detected.  Your build may be incomplete.
[2.571s] make[2]: Warning: File 'CMakeFiles/px4_msgs__rosidl_typesupport_fastrtps_c.dir/progress.make' has modification time 389 s in the future
[2.581s] [ 43%] Built target px4_msgs__rosidl_typesupport_opensplice_cpp
[2.596s] [ 49%] Built target px4_msgs__rosidl_typesupport_c
[2.600s] [ 54%] Built target px4_msgs__rosidl_typesupport_introspection_c
[2.607s] make[2]: warning:  Clock skew detected.  Your build may be incomplete.
[2.621s] make[2]: Warning: File 'CMakeFiles/px4_msgs__rosidl_typesupport_opensplice_c.dir/progress.make' has modification time 389 s in the future
[2.645s] [ 60%] Built target px4_msgs__rosidl_typesupport_fastrtps_c
[2.688s] make[2]: warning:  Clock skew detected.  Your build may be incomplete.
[2.709s] make[2]: Warning: File 'CMakeFiles/px4_msgs__rosidl_typesupport_opensplice_c.dir/progress.make' has modification time 389 s in the future
[2.724s] make[2]: warning:  Clock skew detected.  Your build may be incomplete.
[2.762s] [ 78%] Built target px4_msgs__rosidl_typesupport_opensplice_c
[2.771s] make[2]: Warning: File 'CMakeFiles/px4_msgs.dir/progress.make' has modification time 389 s in the future
[2.812s] make[2]: warning:  Clock skew detected.  Your build may be incomplete.
[2.816s] make[2]: Warning: File 'CMakeFiles/px4_msgs.dir/progress.make' has modification time 389 s in the future
[2.817s] make[2]: warning:  Clock skew detected.  Your build may be incomplete.
[2.856s] [ 78%] Built target px4_msgs
[2.861s] make[2]: Warning: File 'px4_msgs__py/CMakeFiles/px4_msgs__py.dir/progress.make' has modification time 389 s in the future
[2.904s] make[2]: warning:  Clock skew detected.  Your build may be incomplete.
[2.908s] make[2]: Warning: File 'px4_msgs__py/CMakeFiles/px4_msgs__py.dir/progress.make' has modification time 389 s in the future
[2.911s] make[2]: warning:  Clock skew detected.  Your build may be incomplete.
[2.949s] [ 80%] Built target px4_msgs__py
[2.959s] make[2]: Warning: File 'CMakeFiles/px4_msgs__python.dir/progress.make' has modification time 389 s in the future
[3.005s] make[2]: warning:  Clock skew detected.  Your build may be incomplete.
[3.011s] make[2]: Warning: File 'CMakeFiles/px4_msgs__python.dir/progress.make' has modification time 389 s in the future
[3.032s] make[2]: warning:  Clock skew detected.  Your build may be incomplete.
[3.068s] [ 84%] Built target px4_msgs__python
[3.083s] make[2]: Warning: File 'CMakeFiles/px4_msgs__rosidl_typesupport_c__pyext.dir/progress.make' has modification time 389 s in the future
[3.085s] make[2]: Warning: File 'CMakeFiles/px4_msgs__rosidl_typesupport_fastrtps_c__pyext.dir/progress.make' has modification time 389 s in the future
[3.087s] make[2]: Warning: File 'CMakeFiles/px4_msgs__rosidl_typesupport_opensplice_c__pyext.dir/progress.make' has modification time 389 s in the future
[3.088s] make[2]: Warning: File 'CMakeFiles/px4_msgs__rosidl_typesupport_introspection_c__pyext.dir/progress.make' has modification time 389 s in the future
[3.135s] make[2]: warning:  Clock skew detected.  Your build may be incomplete.
[3.141s] make[2]: warning:  Clock skew detected.  Your build may be incomplete.
[3.145s] make[2]: Warning: File 'CMakeFiles/px4_msgs__rosidl_typesupport_c__pyext.dir/progress.make' has modification time 389 s in the future
[3.157s] make[2]: warning:  Clock skew detected.  Your build may be incomplete.
[3.157s] make[2]: Warning: File 'CMakeFiles/px4_msgs__rosidl_typesupport_fastrtps_c__pyext.dir/progress.make' has modification time 389 s in the future
[3.158s] make[2]: warning:  Clock skew detected.  Your build may be incomplete.
[3.165s] make[2]: Warning: File 'CMakeFiles/px4_msgs__rosidl_typesupport_opensplice_c__pyext.dir/progress.make' has modification time 389 s in the future
[3.172s] make[2]: Warning: File 'CMakeFiles/px4_msgs__rosidl_typesupport_introspection_c__pyext.dir/progress.make' has modification time 389 s in the future
[3.177s] make[2]: warning:  Clock skew detected.  Your build may be incomplete.
[3.189s] make[2]: warning:  Clock skew detected.  Your build may be incomplete.
[3.194s] make[2]: warning:  Clock skew detected.  Your build may be incomplete.
[3.197s] make[2]: warning:  Clock skew detected.  Your build may be incomplete.
[3.229s] [ 88%] Built target px4_msgs__rosidl_typesupport_c__pyext
[3.231s] [ 92%] Built target px4_msgs__rosidl_typesupport_fastrtps_c__pyext
[3.250s] [ 96%] Built target px4_msgs__rosidl_typesupport_introspection_c__pyext
[3.260s] [100%] Built target px4_msgs__rosidl_typesupport_opensplice_c__pyext
[3.263s] make[1]: warning:  Clock skew detected.  Your build may be incomplete.
[3.300s] make: warning:  Clock skew detected.  Your build may be incomplete.
[3.307s] Invoked command in '/home/patryk/ros2_ws/build/px4_msgs' returned '0': CMAKE_PREFIX_PATH=${CMAKE_PREFIX_PATH}:/home/patryk/ros2_ws/install/controller /usr/bin/cmake --build /home/patryk/ros2_ws/build/px4_msgs -- -j4 -l4
[3.693s] Invoking command in '/home/patryk/ros2_ws/build/px4_msgs': CMAKE_PREFIX_PATH=${CMAKE_PREFIX_PATH}:/home/patryk/ros2_ws/install/controller /usr/bin/cmake --build /home/patryk/ros2_ws/build/px4_msgs --target install -- -j4 -l4
[3.736s] make: Warning: File 'Makefile' has modification time 388 s in the future
[3.828s] make[1]: Warning: File 'CMakeFiles/Makefile2' has modification time 388 s in the future
[3.834s] make[2]: Warning: File 'CMakeFiles/px4_msgs__cpp.dir/progress.make' has modification time 388 s in the future
[3.835s] make[2]: Warning: File 'CMakeFiles/px4_msgs__rosidl_generator_c.dir/progress.make' has modification time 388 s in the future
[3.835s] make[2]: Warning: File 'CMakeFiles/px4_msgs__dds_opensplice_idl.dir/progress.make' has modification time 388 s in the future
[3.876s] make[2]: warning:  Clock skew detected.  Your build may be incomplete.
[3.880s] make[2]: warning:  Clock skew detected.  Your build may be incomplete.
[3.881s] make[2]: Warning: File 'CMakeFiles/px4_msgs__dds_opensplice_idl.dir/progress.make' has modification time 388 s in the future
[3.883s] make[2]: warning:  Clock skew detected.  Your build may be incomplete.
[3.888s] make[2]: Warning: File 'CMakeFiles/px4_msgs__cpp.dir/progress.make' has modification time 388 s in the future
[3.889s] make[2]: warning:  Clock skew detected.  Your build may be incomplete.
[3.890s] make[2]: warning:  Clock skew detected.  Your build may be incomplete.
[3.895s] make[2]: Warning: File 'CMakeFiles/px4_msgs__rosidl_generator_c.dir/progress.make' has modification time 388 s in the future
[3.898s] make[2]: warning:  Clock skew detected.  Your build may be incomplete.
[3.921s] [  1%] Built target px4_msgs__dds_opensplice_idl
[3.934s] [  3%] Built target px4_msgs__cpp
[3.943s] make[2]: Warning: File 'CMakeFiles/px4_msgs__rosidl_typesupport_fastrtps_cpp.dir/progress.make' has modification time 388 s in the future
[3.946s] make[2]: Warning: File 'CMakeFiles/px4_msgs__rosidl_typesupport_introspection_cpp.dir/progress.make' has modification time 388 s in the future
[3.946s] [  9%] Built target px4_msgs__rosidl_generator_c
[3.948s] make[2]: Warning: File 'CMakeFiles/px4_msgs__rosidl_typesupport_cpp.dir/progress.make' has modification time 388 s in the future
[3.987s] make[2]: Warning: File 'CMakeFiles/px4_msgs__rosidl_typesupport_opensplice_cpp.dir/progress.make' has modification time 388 s in the future
[3.991s] make[2]: warning:  Clock skew detected.  Your build may be incomplete.
[3.993s] make[2]: warning:  Clock skew detected.  Your build may be incomplete.
[3.998s] make[2]: Warning: File 'CMakeFiles/px4_msgs__rosidl_typesupport_fastrtps_cpp.dir/progress.make' has modification time 388 s in the future
[3.999s] make[2]: Warning: File 'CMakeFiles/px4_msgs__rosidl_typesupport_introspection_cpp.dir/progress.make' has modification time 388 s in the future
[4.004s] make[2]: warning:  Clock skew detected.  Your build may be incomplete.
[4.016s] make[2]: warning:  Clock skew detected.  Your build may be incomplete.
[4.020s] make[2]: warning:  Clock skew detected.  Your build may be incomplete.
[4.024s] make[2]: Warning: File 'CMakeFiles/px4_msgs__rosidl_typesupport_cpp.dir/progress.make' has modification time 388 s in the future
[4.027s] make[2]: warning:  Clock skew detected.  Your build may be incomplete.
[4.054s] make[2]: warning:  Clock skew detected.  Your build may be incomplete.
[4.063s] [ 15%] Built target px4_msgs__rosidl_typesupport_introspection_cpp
[4.084s] [ 21%] Built target px4_msgs__rosidl_typesupport_fastrtps_cpp
[4.085s] make[2]: Warning: File 'CMakeFiles/px4_msgs__rosidl_typesupport_c.dir/progress.make' has modification time 388 s in the future
[4.088s] make[2]: Warning: File 'CMakeFiles/px4_msgs__rosidl_typesupport_opensplice_cpp.dir/progress.make' has modification time 388 s in the future
[4.091s] [ 27%] Built target px4_msgs__rosidl_typesupport_cpp
[4.098s] make[2]: Warning: File 'CMakeFiles/px4_msgs__rosidl_typesupport_introspection_c.dir/progress.make' has modification time 388 s in the future
[4.103s] make[2]: warning:  Clock skew detected.  Your build may be incomplete.
[4.104s] make[2]: Warning: File 'CMakeFiles/px4_msgs__rosidl_typesupport_fastrtps_c.dir/progress.make' has modification time 388 s in the future
[4.140s] make[2]: warning:  Clock skew detected.  Your build may be incomplete.
[4.152s] make[2]: warning:  Clock skew detected.  Your build may be incomplete.
[4.159s] [ 43%] Built target px4_msgs__rosidl_typesupport_opensplice_cpp
[4.164s] make[2]: Warning: File 'CMakeFiles/px4_msgs__rosidl_typesupport_c.dir/progress.make' has modification time 388 s in the future
[4.167s] make[2]: Warning: File 'CMakeFiles/px4_msgs__rosidl_typesupport_introspection_c.dir/progress.make' has modification time 388 s in the future
[4.172s] make[2]: warning:  Clock skew detected.  Your build may be incomplete.
[4.174s] make[2]: warning:  Clock skew detected.  Your build may be incomplete.
[4.175s] make[2]: warning:  Clock skew detected.  Your build may be incomplete.
[4.181s] make[2]: Warning: File 'CMakeFiles/px4_msgs__rosidl_typesupport_fastrtps_c.dir/progress.make' has modification time 388 s in the future
[4.183s] make[2]: Warning: File 'CMakeFiles/px4_msgs__rosidl_typesupport_opensplice_c.dir/progress.make' has modification time 388 s in the future
[4.209s] make[2]: warning:  Clock skew detected.  Your build may be incomplete.
[4.220s] [ 49%] Built target px4_msgs__rosidl_typesupport_introspection_c
[4.230s] [ 54%] Built target px4_msgs__rosidl_typesupport_c
[4.253s] [ 60%] Built target px4_msgs__rosidl_typesupport_fastrtps_c
[4.258s] make[2]: warning:  Clock skew detected.  Your build may be incomplete.
[4.277s] make[2]: Warning: File 'CMakeFiles/px4_msgs__rosidl_typesupport_opensplice_c.dir/progress.make' has modification time 388 s in the future
[4.293s] make[2]: warning:  Clock skew detected.  Your build may be incomplete.
[4.330s] [ 78%] Built target px4_msgs__rosidl_typesupport_opensplice_c
[4.337s] make[2]: Warning: File 'CMakeFiles/px4_msgs.dir/progress.make' has modification time 388 s in the future
[4.378s] make[2]: warning:  Clock skew detected.  Your build may be incomplete.
[4.383s] make[2]: Warning: File 'CMakeFiles/px4_msgs.dir/progress.make' has modification time 388 s in the future
[4.384s] make[2]: warning:  Clock skew detected.  Your build may be incomplete.
[4.422s] [ 78%] Built target px4_msgs
[4.429s] make[2]: Warning: File 'px4_msgs__py/CMakeFiles/px4_msgs__py.dir/progress.make' has modification time 388 s in the future
[4.474s] make[2]: warning:  Clock skew detected.  Your build may be incomplete.
[4.479s] make[2]: Warning: File 'px4_msgs__py/CMakeFiles/px4_msgs__py.dir/progress.make' has modification time 387 s in the future
[4.480s] make[2]: warning:  Clock skew detected.  Your build may be incomplete.
[4.517s] [ 80%] Built target px4_msgs__py
[4.525s] make[2]: Warning: File 'CMakeFiles/px4_msgs__python.dir/progress.make' has modification time 387 s in the future
[4.568s] make[2]: warning:  Clock skew detected.  Your build may be incomplete.
[4.574s] make[2]: Warning: File 'CMakeFiles/px4_msgs__python.dir/progress.make' has modification time 387 s in the future
[4.595s] make[2]: warning:  Clock skew detected.  Your build may be incomplete.
[4.635s] [ 84%] Built target px4_msgs__python
[4.643s] make[2]: Warning: File 'CMakeFiles/px4_msgs__rosidl_typesupport_c__pyext.dir/progress.make' has modification time 387 s in the future
[4.644s] make[2]: Warning: File 'CMakeFiles/px4_msgs__rosidl_typesupport_opensplice_c__pyext.dir/progress.make' has modification time 387 s in the future
[4.645s] make[2]: Warning: File 'CMakeFiles/px4_msgs__rosidl_typesupport_fastrtps_c__pyext.dir/progress.make' has modification time 387 s in the future
[4.650s] make[2]: Warning: File 'CMakeFiles/px4_msgs__rosidl_typesupport_introspection_c__pyext.dir/progress.make' has modification time 387 s in the future
[4.690s] make[2]: warning:  Clock skew detected.  Your build may be incomplete.
[4.705s] make[2]: warning:  Clock skew detected.  Your build may be incomplete.
[4.710s] make[2]: warning:  Clock skew detected.  Your build may be incomplete.
[4.711s] make[2]: Warning: File 'CMakeFiles/px4_msgs__rosidl_typesupport_opensplice_c__pyext.dir/progress.make' has modification time 387 s in the future
[4.713s] make[2]: warning:  Clock skew detected.  Your build may be incomplete.
[4.717s] make[2]: Warning: File 'CMakeFiles/px4_msgs__rosidl_typesupport_c__pyext.dir/progress.make' has modification time 387 s in the future
[4.719s] make[2]: Warning: File 'CMakeFiles/px4_msgs__rosidl_typesupport_fastrtps_c__pyext.dir/progress.make' has modification time 387 s in the future
[4.729s] make[2]: Warning: File 'CMakeFiles/px4_msgs__rosidl_typesupport_introspection_c__pyext.dir/progress.make' has modification time 387 s in the future
[4.735s] make[2]: warning:  Clock skew detected.  Your build may be incomplete.
[4.739s] make[2]: warning:  Clock skew detected.  Your build may be incomplete.
[4.763s] make[2]: warning:  Clock skew detected.  Your build may be incomplete.
[4.767s] make[2]: warning:  Clock skew detected.  Your build may be incomplete.
[4.780s] [ 88%] Built target px4_msgs__rosidl_typesupport_opensplice_c__pyext
[4.793s] [ 92%] Built target px4_msgs__rosidl_typesupport_c__pyext
[4.807s] [ 96%] Built target px4_msgs__rosidl_typesupport_introspection_c__pyext
[4.815s] [100%] Built target px4_msgs__rosidl_typesupport_fastrtps_c__pyext
[4.818s] make[1]: warning:  Clock skew detected.  Your build may be incomplete.
[4.863s] make[1]: Warning: File 'CMakeFiles/Makefile2' has modification time 387 s in the future
[4.864s] make[1]: warning:  Clock skew detected.  Your build may be incomplete.
[4.899s] [36mInstall the project...[0m
[4.939s] -- Install configuration: ""
[4.942s] -- Execute custom install script
[4.944s] -- Up-to-date symlink: /home/patryk/ros2_ws/install/px4_msgs/share/ament_index/resource_index/rosidl_interfaces/px4_msgs
[4.947s] -- Up-to-date symlink: /home/patryk/ros2_ws/install/px4_msgs/lib/libpx4_msgs__rosidl_typesupport_c.so
[4.949s] -- Up-to-date symlink: /home/patryk/ros2_ws/install/px4_msgs/share/px4_msgs/environment/library_path.sh
[4.951s] -- Up-to-date symlink: /home/patryk/ros2_ws/install/px4_msgs/lib/libpx4_msgs__rosidl_typesupport_cpp.so
[4.957s] -- Up-to-date symlink: /home/patryk/ros2_ws/install/px4_msgs/include/px4_msgs/msg/manual_control_setpoint__rosidl_typesupport_fastrtps_c.h
[4.958s] -- Up-to-date symlink: /home/patryk/ros2_ws/install/px4_msgs/include/px4_msgs/msg/rosidl_typesupport_fastrtps_c__visibility_control.h
[4.960s] -- Up-to-date symlink: /home/patryk/ros2_ws/install/px4_msgs/lib/libpx4_msgs__rosidl_typesupport_fastrtps_c.so
[4.964s] -- Up-to-date symlink: /home/patryk/ros2_ws/install/px4_msgs/include/px4_msgs/msg/manual_control_setpoint.h
[4.965s] -- Up-to-date symlink: /home/patryk/ros2_ws/install/px4_msgs/include/px4_msgs/msg/manual_control_setpoint__functions.h
[4.966s] -- Up-to-date symlink: /home/patryk/ros2_ws/install/px4_msgs/include/px4_msgs/msg/manual_control_setpoint__struct.h
[4.968s] -- Up-to-date symlink: /home/patryk/ros2_ws/install/px4_msgs/include/px4_msgs/msg/manual_control_setpoint__type_support.h
[4.969s] -- Up-to-date symlink: /home/patryk/ros2_ws/install/px4_msgs/include/px4_msgs/msg/rosidl_generator_c__visibility_control.h
[4.972s] -- Up-to-date symlink: /home/patryk/ros2_ws/install/px4_msgs/lib/libpx4_msgs__rosidl_generator_c.so
[4.975s] -- Up-to-date symlink: /home/patryk/ros2_ws/install/px4_msgs/include/px4_msgs/msg/manual_control_setpoint__rosidl_typesupport_fastrtps_cpp.hpp
[4.976s] -- Up-to-date symlink: /home/patryk/ros2_ws/install/px4_msgs/include/px4_msgs/msg/rosidl_typesupport_fastrtps_cpp__visibility_control.h
[4.979s] -- Up-to-date symlink: /home/patryk/ros2_ws/install/px4_msgs/lib/libpx4_msgs__rosidl_typesupport_fastrtps_cpp.so
[4.982s] -- Up-to-date symlink: /home/patryk/ros2_ws/install/px4_msgs/include/px4_msgs/msg/manual_control_setpoint.hpp
[4.983s] -- Up-to-date symlink: /home/patryk/ros2_ws/install/px4_msgs/include/px4_msgs/msg/manual_control_setpoint__struct.hpp
[4.984s] -- Up-to-date symlink: /home/patryk/ros2_ws/install/px4_msgs/include/px4_msgs/msg/manual_control_setpoint__traits.hpp
[4.987s] -- Up-to-date symlink: /home/patryk/ros2_ws/install/px4_msgs/include/px4_msgs/msg/manual_control_setpoint__rosidl_typesupport_introspection_c.h
[4.988s] -- Up-to-date symlink: /home/patryk/ros2_ws/install/px4_msgs/include/px4_msgs/msg/rosidl_typesupport_introspection_c__visibility_control.h
[4.991s] -- Up-to-date symlink: /home/patryk/ros2_ws/install/px4_msgs/lib/libpx4_msgs__rosidl_typesupport_introspection_c.so
[4.994s] -- Up-to-date symlink: /home/patryk/ros2_ws/install/px4_msgs/include/px4_msgs/msg/manual_control_setpoint__rosidl_typesupport_opensplice_c.h
[4.996s] -- Up-to-date symlink: /home/patryk/ros2_ws/install/px4_msgs/include/px4_msgs/msg/rosidl_typesupport_opensplice_c__visibility_control.h
[4.999s] -- Up-to-date symlink: /home/patryk/ros2_ws/install/px4_msgs/lib/libpx4_msgs__rosidl_typesupport_opensplice_c.so
[5.002s] -- Up-to-date symlink: /home/patryk/ros2_ws/install/px4_msgs/share/px4_msgs/msg/dds_opensplice/ManualControlSetpoint_.idl
[5.006s] -- Up-to-date symlink: /home/patryk/ros2_ws/install/px4_msgs/include/px4_msgs/msg/dds_opensplice/ManualControlSetpoint_.h
[5.008s] -- Up-to-date symlink: /home/patryk/ros2_ws/install/px4_msgs/include/px4_msgs/msg/dds_opensplice/ManualControlSetpoint_Dcps.h
[5.016s] -- Up-to-date symlink: /home/patryk/ros2_ws/install/px4_msgs/include/px4_msgs/msg/dds_opensplice/ManualControlSetpoint_Dcps_impl.h
[5.017s] -- Up-to-date symlink: /home/patryk/ros2_ws/install/px4_msgs/include/px4_msgs/msg/dds_opensplice/ManualControlSetpoint_SplDcps.h
[5.018s] -- Up-to-date symlink: /home/patryk/ros2_ws/install/px4_msgs/include/px4_msgs/msg/dds_opensplice/ccpp_ManualControlSetpoint_.h
[5.018s] -- Up-to-date symlink: /home/patryk/ros2_ws/install/px4_msgs/include/px4_msgs/msg/manual_control_setpoint__rosidl_typesupport_opensplice_cpp.hpp
[5.019s] -- Up-to-date symlink: /home/patryk/ros2_ws/install/px4_msgs/include/px4_msgs/msg/rosidl_typesupport_opensplice_cpp__visibility_control.h
[5.020s] -- Up-to-date symlink: /home/patryk/ros2_ws/install/px4_msgs/lib/libpx4_msgs__rosidl_typesupport_opensplice_cpp.so
[5.020s] -- Up-to-date symlink: /home/patryk/ros2_ws/install/px4_msgs/include/px4_msgs/msg/manual_control_setpoint__rosidl_typesupport_introspection_cpp.hpp
[5.022s] -- Up-to-date symlink: /home/patryk/ros2_ws/install/px4_msgs/lib/libpx4_msgs__rosidl_typesupport_introspection_cpp.so
[5.023s] -- Up-to-date symlink: /home/patryk/ros2_ws/install/px4_msgs/share/px4_msgs/environment/pythonpath.sh
[5.026s] -- Up-to-date symlink: /home/patryk/ros2_ws/install/px4_msgs/lib/python3.6/site-packages/px4_msgs/__init__.py
[5.028s] -- Up-to-date symlink: /home/patryk/ros2_ws/install/px4_msgs/lib/python3.6/site-packages/px4_msgs/msg/__init__.py
[5.030s] -- Up-to-date symlink: /home/patryk/ros2_ws/install/px4_msgs/lib/python3.6/site-packages/px4_msgs/msg/_manual_control_setpoint.py
[5.033s] -- Up-to-date symlink: /home/patryk/ros2_ws/install/px4_msgs/lib/python3.6/site-packages/px4_msgs/px4_msgs_s__rosidl_typesupport_c.cpython-36m-aarch64-linux-gnu.so
[5.035s] -- Up-to-date symlink: /home/patryk/ros2_ws/install/px4_msgs/lib/python3.6/site-packages/px4_msgs/px4_msgs_s__rosidl_typesupport_introspection_c.cpython-36m-aarch64-linux-gnu.so
[5.038s] -- Up-to-date symlink: /home/patryk/ros2_ws/install/px4_msgs/lib/python3.6/site-packages/px4_msgs/px4_msgs_s__rosidl_typesupport_fastrtps_c.cpython-36m-aarch64-linux-gnu.so
[5.041s] -- Up-to-date symlink: /home/patryk/ros2_ws/install/px4_msgs/lib/python3.6/site-packages/px4_msgs/px4_msgs_s__rosidl_typesupport_opensplice_c.cpython-36m-aarch64-linux-gnu.so
[5.043s] -- Up-to-date symlink: /home/patryk/ros2_ws/install/px4_msgs/lib/libpx4_msgs__python.so
[5.045s] -- Up-to-date symlink: /home/patryk/ros2_ws/install/px4_msgs/share/px4_msgs/msg/ManualControlSetpoint.idl
[5.046s] -- Up-to-date symlink: /home/patryk/ros2_ws/install/px4_msgs/share/px4_msgs/msg/ManualControlSetpoint.msg
[5.048s] -- Up-to-date symlink: /home/patryk/ros2_ws/install/px4_msgs/share/ament_index/resource_index/package_run_dependencies/px4_msgs
[5.050s] -- Up-to-date symlink: /home/patryk/ros2_ws/install/px4_msgs/share/ament_index/resource_index/parent_prefix_path/px4_msgs
[5.051s] -- Up-to-date symlink: /home/patryk/ros2_ws/install/px4_msgs/share/px4_msgs/environment/ament_prefix_path.sh
[5.053s] -- Up-to-date symlink: /home/patryk/ros2_ws/install/px4_msgs/share/px4_msgs/environment/path.sh
[5.056s] -- Up-to-date symlink: /home/patryk/ros2_ws/install/px4_msgs/share/px4_msgs/local_setup.bash
[5.057s] -- Up-to-date symlink: /home/patryk/ros2_ws/install/px4_msgs/share/px4_msgs/local_setup.sh
[5.058s] -- Up-to-date symlink: /home/patryk/ros2_ws/install/px4_msgs/share/px4_msgs/local_setup.zsh
[5.060s] -- Up-to-date symlink: /home/patryk/ros2_ws/install/px4_msgs/share/ament_index/resource_index/packages/px4_msgs
[5.062s] -- Up-to-date symlink: /home/patryk/ros2_ws/install/px4_msgs/share/px4_msgs/cmake/rosidl_cmake-extras.cmake
[5.064s] -- Up-to-date symlink: /home/patryk/ros2_ws/install/px4_msgs/share/px4_msgs/cmake/ament_cmake_export_libraries-extras.cmake
[5.065s] -- Up-to-date symlink: /home/patryk/ros2_ws/install/px4_msgs/share/px4_msgs/cmake/ament_cmake_export_include_directories-extras.cmake
[5.067s] -- Up-to-date symlink: /home/patryk/ros2_ws/install/px4_msgs/share/px4_msgs/cmake/rosidl_cmake_export_typesupport_libraries-extras.cmake
[5.069s] -- Up-to-date symlink: /home/patryk/ros2_ws/install/px4_msgs/share/px4_msgs/cmake/ament_cmake_export_dependencies-extras.cmake
[5.071s] -- Up-to-date symlink: /home/patryk/ros2_ws/install/px4_msgs/share/px4_msgs/cmake/px4_msgsConfig.cmake
[5.072s] -- Up-to-date symlink: /home/patryk/ros2_ws/install/px4_msgs/share/px4_msgs/cmake/px4_msgsConfig-version.cmake
[5.073s] -- Up-to-date symlink: /home/patryk/ros2_ws/install/px4_msgs/share/px4_msgs/package.xml
[5.410s] make: warning:  Clock skew detected.  Your build may be incomplete.
[5.420s] Invoked command in '/home/patryk/ros2_ws/build/px4_msgs' returned '0': CMAKE_PREFIX_PATH=${CMAKE_PREFIX_PATH}:/home/patryk/ros2_ws/install/controller /usr/bin/cmake --build /home/patryk/ros2_ws/build/px4_msgs --target install -- -j4 -l4
