[1.831s] Invoking command in '/home/patryk/ros2_ws/build/px4_msgs': CMAKE_PREFIX_PATH=${CMAKE_PREFIX_PATH}:/home/patryk/ros2_ws/install/controller /usr/bin/cmake --build /home/patryk/ros2_ws/build/px4_msgs -- -j4 -l4
[2.050s] make: Warning: File 'Makefile' has modification time 824 s in the future
[2.155s] make[1]: Warning: File 'CMakeFiles/Makefile2' has modification time 824 s in the future
[2.162s] make[2]: Warning: File 'CMakeFiles/px4_msgs__cpp.dir/progress.make' has modification time 824 s in the future
[2.165s] make[2]: Warning: File 'CMakeFiles/px4_msgs__dds_opensplice_idl.dir/progress.make' has modification time 824 s in the future
[2.166s] make[2]: Warning: File 'CMakeFiles/px4_msgs__rosidl_generator_c.dir/progress.make' has modification time 824 s in the future
[2.211s] make[2]: warning:  Clock skew detected.  Your build may be incomplete.
[2.212s] make[2]: warning:  Clock skew detected.  Your build may be incomplete.
[2.217s] make[2]: Warning: File 'CMakeFiles/px4_msgs__dds_opensplice_idl.dir/progress.make' has modification time 824 s in the future
[2.218s] make[2]: Warning: File 'CMakeFiles/px4_msgs__rosidl_generator_c.dir/progress.make' has modification time 824 s in the future
[2.218s] make[2]: warning:  Clock skew detected.  Your build may be incomplete.
[2.221s] make[2]: warning:  Clock skew detected.  Your build may be incomplete.
[2.222s] make[2]: warning:  Clock skew detected.  Your build may be incomplete.
[2.226s] make[2]: Warning: File 'CMakeFiles/px4_msgs__cpp.dir/progress.make' has modification time 824 s in the future
[2.228s] make[2]: warning:  Clock skew detected.  Your build may be incomplete.
[2.258s] [  1%] Built target px4_msgs__dds_opensplice_idl
[2.266s] [  7%] Built target px4_msgs__rosidl_generator_c
[2.280s] [  9%] Built target px4_msgs__cpp
[2.281s] make[2]: Warning: File 'CMakeFiles/px4_msgs__rosidl_typesupport_introspection_c.dir/progress.make' has modification time 824 s in the future
[2.282s] make[2]: Warning: File 'CMakeFiles/px4_msgs__rosidl_typesupport_c.dir/progress.make' has modification time 824 s in the future
[2.293s] make[2]: Warning: File 'CMakeFiles/px4_msgs__rosidl_typesupport_introspection_cpp.dir/progress.make' has modification time 824 s in the future
[2.295s] make[2]: Warning: File 'CMakeFiles/px4_msgs__rosidl_typesupport_fastrtps_cpp.dir/progress.make' has modification time 824 s in the future
[2.331s] make[2]: warning:  Clock skew detected.  Your build may be incomplete.
[2.339s] make[2]: Warning: File 'CMakeFiles/px4_msgs__rosidl_typesupport_c.dir/progress.make' has modification time 824 s in the future
[2.344s] make[2]: warning:  Clock skew detected.  Your build may be incomplete.
[2.346s] make[2]: warning:  Clock skew detected.  Your build may be incomplete.
[2.354s] make[2]: Warning: File 'CMakeFiles/px4_msgs__rosidl_typesupport_introspection_c.dir/progress.make' has modification time 824 s in the future
[2.359s] make[2]: warning:  Clock skew detected.  Your build may be incomplete.
[2.364s] make[2]: warning:  Clock skew detected.  Your build may be incomplete.
[2.367s] make[2]: warning:  Clock skew detected.  Your build may be incomplete.
[2.375s] make[2]: Warning: File 'CMakeFiles/px4_msgs__rosidl_typesupport_fastrtps_cpp.dir/progress.make' has modification time 824 s in the future
[2.378s] make[2]: Warning: File 'CMakeFiles/px4_msgs__rosidl_typesupport_introspection_cpp.dir/progress.make' has modification time 824 s in the future
[2.384s] make[2]: warning:  Clock skew detected.  Your build may be incomplete.
[2.399s] make[2]: warning:  Clock skew detected.  Your build may be incomplete.
[2.407s] [ 15%] Built target px4_msgs__rosidl_typesupport_introspection_c
[2.414s] [ 21%] Built target px4_msgs__rosidl_typesupport_c
[2.425s] make[2]: Warning: File 'CMakeFiles/px4_msgs__rosidl_typesupport_cpp.dir/progress.make' has modification time 824 s in the future
[2.435s] [ 27%] Built target px4_msgs__rosidl_typesupport_introspection_cpp
[2.451s] make[2]: Warning: File 'CMakeFiles/px4_msgs__rosidl_typesupport_opensplice_cpp.dir/progress.make' has modification time 824 s in the future
[2.458s] [ 33%] Built target px4_msgs__rosidl_typesupport_fastrtps_cpp
[2.481s] make[2]: Warning: File 'CMakeFiles/px4_msgs__rosidl_typesupport_fastrtps_c.dir/progress.make' has modification time 824 s in the future
[2.484s] make[2]: warning:  Clock skew detected.  Your build may be incomplete.
[2.493s] make[2]: Warning: File 'CMakeFiles/px4_msgs__rosidl_typesupport_cpp.dir/progress.make' has modification time 824 s in the future
[2.497s] make[2]: warning:  Clock skew detected.  Your build may be incomplete.
[2.517s] make[2]: warning:  Clock skew detected.  Your build may be incomplete.
[2.534s] make[2]: warning:  Clock skew detected.  Your build may be incomplete.
[2.541s] make[2]: Warning: File 'CMakeFiles/px4_msgs__rosidl_typesupport_opensplice_cpp.dir/progress.make' has modification time 824 s in the future
[2.544s] make[2]: Warning: File 'CMakeFiles/px4_msgs__rosidl_typesupport_fastrtps_c.dir/progress.make' has modification time 824 s in the future
[2.546s] [ 39%] Built target px4_msgs__rosidl_typesupport_cpp
[2.568s] make[2]: warning:  Clock skew detected.  Your build may be incomplete.
[2.573s] make[2]: warning:  Clock skew detected.  Your build may be incomplete.
[2.608s] [ 45%] Built target px4_msgs__rosidl_typesupport_fastrtps_c
[2.609s] [ 60%] Built target px4_msgs__rosidl_typesupport_opensplice_cpp
[2.637s] make[2]: Warning: File 'CMakeFiles/px4_msgs__rosidl_typesupport_opensplice_c.dir/progress.make' has modification time 824 s in the future
[2.694s] make[2]: warning:  Clock skew detected.  Your build may be incomplete.
[2.715s] make[2]: Warning: File 'CMakeFiles/px4_msgs__rosidl_typesupport_opensplice_c.dir/progress.make' has modification time 824 s in the future
[2.731s] make[2]: warning:  Clock skew detected.  Your build may be incomplete.
[2.769s] [ 78%] Built target px4_msgs__rosidl_typesupport_opensplice_c
[2.778s] make[2]: Warning: File 'CMakeFiles/px4_msgs.dir/progress.make' has modification time 824 s in the future
[2.822s] make[2]: warning:  Clock skew detected.  Your build may be incomplete.
[2.827s] make[2]: Warning: File 'CMakeFiles/px4_msgs.dir/progress.make' has modification time 824 s in the future
[2.827s] make[2]: warning:  Clock skew detected.  Your build may be incomplete.
[2.862s] [ 78%] Built target px4_msgs
[2.872s] make[2]: Warning: File 'px4_msgs__py/CMakeFiles/px4_msgs__py.dir/progress.make' has modification time 824 s in the future
[2.914s] make[2]: warning:  Clock skew detected.  Your build may be incomplete.
[2.920s] make[2]: Warning: File 'px4_msgs__py/CMakeFiles/px4_msgs__py.dir/progress.make' has modification time 824 s in the future
[2.921s] make[2]: warning:  Clock skew detected.  Your build may be incomplete.
[2.956s] [ 80%] Built target px4_msgs__py
[2.970s] make[2]: Warning: File 'CMakeFiles/px4_msgs__python.dir/progress.make' has modification time 824 s in the future
[3.014s] make[2]: warning:  Clock skew detected.  Your build may be incomplete.
[3.020s] make[2]: Warning: File 'CMakeFiles/px4_msgs__python.dir/progress.make' has modification time 823 s in the future
[3.041s] make[2]: warning:  Clock skew detected.  Your build may be incomplete.
[3.077s] [ 84%] Built target px4_msgs__python
[3.094s] make[2]: Warning: File 'CMakeFiles/px4_msgs__rosidl_typesupport_c__pyext.dir/progress.make' has modification time 823 s in the future
[3.096s] make[2]: Warning: File 'CMakeFiles/px4_msgs__rosidl_typesupport_opensplice_c__pyext.dir/progress.make' has modification time 823 s in the future
[3.097s] make[2]: Warning: File 'CMakeFiles/px4_msgs__rosidl_typesupport_fastrtps_c__pyext.dir/progress.make' has modification time 823 s in the future
[3.099s] make[2]: Warning: File 'CMakeFiles/px4_msgs__rosidl_typesupport_introspection_c__pyext.dir/progress.make' has modification time 823 s in the future
[3.141s] make[2]: warning:  Clock skew detected.  Your build may be incomplete.
[3.147s] make[2]: warning:  Clock skew detected.  Your build may be incomplete.
[3.155s] make[2]: Warning: File 'CMakeFiles/px4_msgs__rosidl_typesupport_c__pyext.dir/progress.make' has modification time 823 s in the future
[3.156s] make[2]: Warning: File 'CMakeFiles/px4_msgs__rosidl_typesupport_opensplice_c__pyext.dir/progress.make' has modification time 823 s in the future
[3.159s] make[2]: warning:  Clock skew detected.  Your build may be incomplete.
[3.177s] make[2]: Warning: File 'CMakeFiles/px4_msgs__rosidl_typesupport_introspection_c__pyext.dir/progress.make' has modification time 823 s in the future
[3.184s] make[2]: warning:  Clock skew detected.  Your build may be incomplete.
[3.187s] make[2]: warning:  Clock skew detected.  Your build may be incomplete.
[3.194s] make[2]: warning:  Clock skew detected.  Your build may be incomplete.
[3.196s] make[2]: Warning: File 'CMakeFiles/px4_msgs__rosidl_typesupport_fastrtps_c__pyext.dir/progress.make' has modification time 823 s in the future
[3.202s] make[2]: warning:  Clock skew detected.  Your build may be incomplete.
[3.220s] make[2]: warning:  Clock skew detected.  Your build may be incomplete.
[3.232s] [ 88%] Built target px4_msgs__rosidl_typesupport_opensplice_c__pyext
[3.257s] [ 92%] Built target px4_msgs__rosidl_typesupport_c__pyext
[3.258s] [ 96%] Built target px4_msgs__rosidl_typesupport_introspection_c__pyext
[3.281s] [100%] Built target px4_msgs__rosidl_typesupport_fastrtps_c__pyext
[3.284s] make[1]: warning:  Clock skew detected.  Your build may be incomplete.
[3.323s] make: warning:  Clock skew detected.  Your build may be incomplete.
[3.330s] Invoked command in '/home/patryk/ros2_ws/build/px4_msgs' returned '0': CMAKE_PREFIX_PATH=${CMAKE_PREFIX_PATH}:/home/patryk/ros2_ws/install/controller /usr/bin/cmake --build /home/patryk/ros2_ws/build/px4_msgs -- -j4 -l4
[3.725s] Invoking command in '/home/patryk/ros2_ws/build/px4_msgs': CMAKE_PREFIX_PATH=${CMAKE_PREFIX_PATH}:/home/patryk/ros2_ws/install/controller /usr/bin/cmake --build /home/patryk/ros2_ws/build/px4_msgs --target install -- -j4 -l4
[3.776s] make: Warning: File 'Makefile' has modification time 823 s in the future
[3.870s] make[1]: Warning: File 'CMakeFiles/Makefile2' has modification time 823 s in the future
[3.875s] make[2]: Warning: File 'CMakeFiles/px4_msgs__dds_opensplice_idl.dir/progress.make' has modification time 823 s in the future
[3.876s] make[2]: Warning: File 'CMakeFiles/px4_msgs__rosidl_generator_c.dir/progress.make' has modification time 823 s in the future
[3.877s] make[2]: Warning: File 'CMakeFiles/px4_msgs__cpp.dir/progress.make' has modification time 823 s in the future
[3.918s] make[2]: warning:  Clock skew detected.  Your build may be incomplete.
[3.923s] make[2]: warning:  Clock skew detected.  Your build may be incomplete.
[3.925s] make[2]: Warning: File 'CMakeFiles/px4_msgs__rosidl_generator_c.dir/progress.make' has modification time 823 s in the future
[3.928s] make[2]: Warning: File 'CMakeFiles/px4_msgs__dds_opensplice_idl.dir/progress.make' has modification time 823 s in the future
[3.929s] make[2]: warning:  Clock skew detected.  Your build may be incomplete.
[3.932s] make[2]: warning:  Clock skew detected.  Your build may be incomplete.
[3.937s] make[2]: warning:  Clock skew detected.  Your build may be incomplete.
[3.946s] make[2]: Warning: File 'CMakeFiles/px4_msgs__cpp.dir/progress.make' has modification time 823 s in the future
[3.948s] make[2]: warning:  Clock skew detected.  Your build may be incomplete.
[3.970s] [  7%] Built target px4_msgs__rosidl_generator_c
[3.971s] [  7%] Built target px4_msgs__dds_opensplice_idl
[3.980s] make[2]: Warning: File 'CMakeFiles/px4_msgs__rosidl_typesupport_c.dir/progress.make' has modification time 823 s in the future
[3.982s] make[2]: Warning: File 'CMakeFiles/px4_msgs__rosidl_typesupport_introspection_c.dir/progress.make' has modification time 823 s in the future
[3.992s] [  9%] Built target px4_msgs__cpp
[4.001s] make[2]: Warning: File 'CMakeFiles/px4_msgs__rosidl_typesupport_fastrtps_cpp.dir/progress.make' has modification time 823 s in the future
[4.007s] make[2]: Warning: File 'CMakeFiles/px4_msgs__rosidl_typesupport_introspection_cpp.dir/progress.make' has modification time 822 s in the future
[4.028s] make[2]: warning:  Clock skew detected.  Your build may be incomplete.
[4.038s] make[2]: warning:  Clock skew detected.  Your build may be incomplete.
[4.046s] make[2]: Warning: File 'CMakeFiles/px4_msgs__rosidl_typesupport_c.dir/progress.make' has modification time 822 s in the future
[4.050s] make[2]: Warning: File 'CMakeFiles/px4_msgs__rosidl_typesupport_introspection_c.dir/progress.make' has modification time 822 s in the future
[4.052s] make[2]: warning:  Clock skew detected.  Your build may be incomplete.
[4.061s] make[2]: warning:  Clock skew detected.  Your build may be incomplete.
[4.065s] make[2]: warning:  Clock skew detected.  Your build may be incomplete.
[4.066s] make[2]: warning:  Clock skew detected.  Your build may be incomplete.
[4.075s] make[2]: Warning: File 'CMakeFiles/px4_msgs__rosidl_typesupport_introspection_cpp.dir/progress.make' has modification time 822 s in the future
[4.081s] make[2]: warning:  Clock skew detected.  Your build may be incomplete.
[4.083s] make[2]: Warning: File 'CMakeFiles/px4_msgs__rosidl_typesupport_fastrtps_cpp.dir/progress.make' has modification time 822 s in the future
[4.097s] [ 15%] Built target px4_msgs__rosidl_typesupport_c
[4.106s] make[2]: Warning: File 'CMakeFiles/px4_msgs__rosidl_typesupport_cpp.dir/progress.make' has modification time 822 s in the future
[4.107s] make[2]: warning:  Clock skew detected.  Your build may be incomplete.
[4.115s] [ 21%] Built target px4_msgs__rosidl_typesupport_introspection_c
[4.137s] make[2]: Warning: File 'CMakeFiles/px4_msgs__rosidl_typesupport_opensplice_cpp.dir/progress.make' has modification time 822 s in the future
[4.146s] [ 27%] Built target px4_msgs__rosidl_typesupport_fastrtps_cpp
[4.157s] [ 33%] Built target px4_msgs__rosidl_typesupport_introspection_cpp
[4.162s] make[2]: warning:  Clock skew detected.  Your build may be incomplete.
[4.165s] make[2]: Warning: File 'CMakeFiles/px4_msgs__rosidl_typesupport_fastrtps_c.dir/progress.make' has modification time 822 s in the future
[4.179s] make[2]: Warning: File 'CMakeFiles/px4_msgs__rosidl_typesupport_cpp.dir/progress.make' has modification time 822 s in the future
[4.180s] make[2]: warning:  Clock skew detected.  Your build may be incomplete.
[4.214s] make[2]: warning:  Clock skew detected.  Your build may be incomplete.
[4.217s] [ 39%] Built target px4_msgs__rosidl_typesupport_cpp
[4.221s] make[2]: warning:  Clock skew detected.  Your build may be incomplete.
[4.227s] make[2]: Warning: File 'CMakeFiles/px4_msgs__rosidl_typesupport_fastrtps_c.dir/progress.make' has modification time 822 s in the future
[4.235s] make[2]: Warning: File 'CMakeFiles/px4_msgs__rosidl_typesupport_opensplice_cpp.dir/progress.make' has modification time 822 s in the future
[4.247s] make[2]: warning:  Clock skew detected.  Your build may be incomplete.
[4.250s] make[2]: warning:  Clock skew detected.  Your build may be incomplete.
[4.285s] [ 45%] Built target px4_msgs__rosidl_typesupport_fastrtps_c
[4.290s] [ 60%] Built target px4_msgs__rosidl_typesupport_opensplice_cpp
[4.314s] make[2]: Warning: File 'CMakeFiles/px4_msgs__rosidl_typesupport_opensplice_c.dir/progress.make' has modification time 822 s in the future
[4.372s] make[2]: warning:  Clock skew detected.  Your build may be incomplete.
[4.393s] make[2]: Warning: File 'CMakeFiles/px4_msgs__rosidl_typesupport_opensplice_c.dir/progress.make' has modification time 822 s in the future
[4.410s] make[2]: warning:  Clock skew detected.  Your build may be incomplete.
[4.448s] [ 78%] Built target px4_msgs__rosidl_typesupport_opensplice_c
[4.455s] make[2]: Warning: File 'CMakeFiles/px4_msgs.dir/progress.make' has modification time 822 s in the future
[4.497s] make[2]: warning:  Clock skew detected.  Your build may be incomplete.
[4.501s] make[2]: Warning: File 'CMakeFiles/px4_msgs.dir/progress.make' has modification time 822 s in the future
[4.502s] make[2]: warning:  Clock skew detected.  Your build may be incomplete.
[4.540s] [ 78%] Built target px4_msgs
[4.548s] make[2]: Warning: File 'px4_msgs__py/CMakeFiles/px4_msgs__py.dir/progress.make' has modification time 822 s in the future
[4.589s] make[2]: warning:  Clock skew detected.  Your build may be incomplete.
[4.595s] make[2]: Warning: File 'px4_msgs__py/CMakeFiles/px4_msgs__py.dir/progress.make' has modification time 822 s in the future
[4.595s] make[2]: warning:  Clock skew detected.  Your build may be incomplete.
[4.632s] [ 80%] Built target px4_msgs__py
[4.641s] make[2]: Warning: File 'CMakeFiles/px4_msgs__python.dir/progress.make' has modification time 822 s in the future
[4.683s] make[2]: warning:  Clock skew detected.  Your build may be incomplete.
[4.689s] make[2]: Warning: File 'CMakeFiles/px4_msgs__python.dir/progress.make' has modification time 822 s in the future
[4.710s] make[2]: warning:  Clock skew detected.  Your build may be incomplete.
[4.747s] [ 84%] Built target px4_msgs__python
[4.756s] make[2]: Warning: File 'CMakeFiles/px4_msgs__rosidl_typesupport_c__pyext.dir/progress.make' has modification time 822 s in the future
[4.757s] make[2]: Warning: File 'CMakeFiles/px4_msgs__rosidl_typesupport_opensplice_c__pyext.dir/progress.make' has modification time 822 s in the future
[4.761s] make[2]: Warning: File 'CMakeFiles/px4_msgs__rosidl_typesupport_fastrtps_c__pyext.dir/progress.make' has modification time 822 s in the future
[4.763s] make[2]: Warning: File 'CMakeFiles/px4_msgs__rosidl_typesupport_introspection_c__pyext.dir/progress.make' has modification time 822 s in the future
[4.807s] make[2]: warning:  Clock skew detected.  Your build may be incomplete.
[4.812s] make[2]: warning:  Clock skew detected.  Your build may be incomplete.
[4.818s] make[2]: warning:  Clock skew detected.  Your build may be incomplete.
[4.819s] make[2]: Warning: File 'CMakeFiles/px4_msgs__rosidl_typesupport_c__pyext.dir/progress.make' has modification time 822 s in the future
[4.820s] make[2]: warning:  Clock skew detected.  Your build may be incomplete.
[4.824s] make[2]: Warning: File 'CMakeFiles/px4_msgs__rosidl_typesupport_fastrtps_c__pyext.dir/progress.make' has modification time 822 s in the future
[4.827s] make[2]: Warning: File 'CMakeFiles/px4_msgs__rosidl_typesupport_opensplice_c__pyext.dir/progress.make' has modification time 822 s in the future
[4.834s] make[2]: Warning: File 'CMakeFiles/px4_msgs__rosidl_typesupport_introspection_c__pyext.dir/progress.make' has modification time 822 s in the future
[4.841s] make[2]: warning:  Clock skew detected.  Your build may be incomplete.
[4.850s] make[2]: warning:  Clock skew detected.  Your build may be incomplete.
[4.857s] make[2]: warning:  Clock skew detected.  Your build may be incomplete.
[4.861s] make[2]: warning:  Clock skew detected.  Your build may be incomplete.
[4.896s] [ 88%] Built target px4_msgs__rosidl_typesupport_c__pyext
[4.901s] [ 96%] Built target px4_msgs__rosidl_typesupport_introspection_c__pyext
[4.902s] [ 96%] Built target px4_msgs__rosidl_typesupport_opensplice_c__pyext
[4.925s] [100%] Built target px4_msgs__rosidl_typesupport_fastrtps_c__pyext
[4.928s] make[1]: warning:  Clock skew detected.  Your build may be incomplete.
[4.976s] make[1]: Warning: File 'CMakeFiles/Makefile2' has modification time 822 s in the future
[4.977s] make[1]: warning:  Clock skew detected.  Your build may be incomplete.
[5.015s] [36mInstall the project...[0m
[5.055s] -- Install configuration: ""
[5.058s] -- Execute custom install script
[5.060s] -- Up-to-date symlink: /home/patryk/ros2_ws/install/px4_msgs/share/ament_index/resource_index/rosidl_interfaces/px4_msgs
[5.063s] -- Up-to-date symlink: /home/patryk/ros2_ws/install/px4_msgs/lib/libpx4_msgs__rosidl_typesupport_c.so
[5.065s] -- Up-to-date symlink: /home/patryk/ros2_ws/install/px4_msgs/share/px4_msgs/environment/library_path.sh
[5.068s] -- Up-to-date symlink: /home/patryk/ros2_ws/install/px4_msgs/lib/libpx4_msgs__rosidl_typesupport_cpp.so
[5.071s] -- Up-to-date symlink: /home/patryk/ros2_ws/install/px4_msgs/include/px4_msgs/msg/manual_control_setpoint__rosidl_typesupport_fastrtps_c.h
[5.072s] -- Up-to-date symlink: /home/patryk/ros2_ws/install/px4_msgs/include/px4_msgs/msg/rosidl_typesupport_fastrtps_c__visibility_control.h
[5.076s] -- Up-to-date symlink: /home/patryk/ros2_ws/install/px4_msgs/lib/libpx4_msgs__rosidl_typesupport_fastrtps_c.so
[5.082s] -- Up-to-date symlink: /home/patryk/ros2_ws/install/px4_msgs/include/px4_msgs/msg/manual_control_setpoint.h
[5.082s] -- Up-to-date symlink: /home/patryk/ros2_ws/install/px4_msgs/include/px4_msgs/msg/manual_control_setpoint__functions.h
[5.083s] -- Up-to-date symlink: /home/patryk/ros2_ws/install/px4_msgs/include/px4_msgs/msg/manual_control_setpoint__struct.h
[5.084s] -- Up-to-date symlink: /home/patryk/ros2_ws/install/px4_msgs/include/px4_msgs/msg/manual_control_setpoint__type_support.h
[5.085s] -- Up-to-date symlink: /home/patryk/ros2_ws/install/px4_msgs/include/px4_msgs/msg/rosidl_generator_c__visibility_control.h
[5.087s] -- Up-to-date symlink: /home/patryk/ros2_ws/install/px4_msgs/lib/libpx4_msgs__rosidl_generator_c.so
[5.090s] -- Up-to-date symlink: /home/patryk/ros2_ws/install/px4_msgs/include/px4_msgs/msg/manual_control_setpoint__rosidl_typesupport_fastrtps_cpp.hpp
[5.091s] -- Up-to-date symlink: /home/patryk/ros2_ws/install/px4_msgs/include/px4_msgs/msg/rosidl_typesupport_fastrtps_cpp__visibility_control.h
[5.094s] -- Up-to-date symlink: /home/patryk/ros2_ws/install/px4_msgs/lib/libpx4_msgs__rosidl_typesupport_fastrtps_cpp.so
[5.097s] -- Up-to-date symlink: /home/patryk/ros2_ws/install/px4_msgs/include/px4_msgs/msg/manual_control_setpoint.hpp
[5.098s] -- Up-to-date symlink: /home/patryk/ros2_ws/install/px4_msgs/include/px4_msgs/msg/manual_control_setpoint__struct.hpp
[5.099s] -- Up-to-date symlink: /home/patryk/ros2_ws/install/px4_msgs/include/px4_msgs/msg/manual_control_setpoint__traits.hpp
[5.102s] -- Up-to-date symlink: /home/patryk/ros2_ws/install/px4_msgs/include/px4_msgs/msg/manual_control_setpoint__rosidl_typesupport_introspection_c.h
[5.103s] -- Up-to-date symlink: /home/patryk/ros2_ws/install/px4_msgs/include/px4_msgs/msg/rosidl_typesupport_introspection_c__visibility_control.h
[5.106s] -- Up-to-date symlink: /home/patryk/ros2_ws/install/px4_msgs/lib/libpx4_msgs__rosidl_typesupport_introspection_c.so
[5.109s] -- Up-to-date symlink: /home/patryk/ros2_ws/install/px4_msgs/include/px4_msgs/msg/manual_control_setpoint__rosidl_typesupport_opensplice_c.h
[5.110s] -- Up-to-date symlink: /home/patryk/ros2_ws/install/px4_msgs/include/px4_msgs/msg/rosidl_typesupport_opensplice_c__visibility_control.h
[5.132s] -- Up-to-date symlink: /home/patryk/ros2_ws/install/px4_msgs/lib/libpx4_msgs__rosidl_typesupport_opensplice_c.so
[5.132s] -- Up-to-date symlink: /home/patryk/ros2_ws/install/px4_msgs/share/px4_msgs/msg/dds_opensplice/ManualControlSetpoint_.idl
[5.133s] -- Up-to-date symlink: /home/patryk/ros2_ws/install/px4_msgs/include/px4_msgs/msg/dds_opensplice/ManualControlSetpoint_.h
[5.133s] -- Up-to-date symlink: /home/patryk/ros2_ws/install/px4_msgs/include/px4_msgs/msg/dds_opensplice/ManualControlSetpoint_Dcps.h
[5.134s] -- Up-to-date symlink: /home/patryk/ros2_ws/install/px4_msgs/include/px4_msgs/msg/dds_opensplice/ManualControlSetpoint_Dcps_impl.h
[5.135s] -- Up-to-date symlink: /home/patryk/ros2_ws/install/px4_msgs/include/px4_msgs/msg/dds_opensplice/ManualControlSetpoint_SplDcps.h
[5.135s] -- Up-to-date symlink: /home/patryk/ros2_ws/install/px4_msgs/include/px4_msgs/msg/dds_opensplice/ccpp_ManualControlSetpoint_.h
[5.135s] -- Up-to-date symlink: /home/patryk/ros2_ws/install/px4_msgs/include/px4_msgs/msg/manual_control_setpoint__rosidl_typesupport_opensplice_cpp.hpp
[5.137s] -- Up-to-date symlink: /home/patryk/ros2_ws/install/px4_msgs/include/px4_msgs/msg/rosidl_typesupport_opensplice_cpp__visibility_control.h
[5.137s] -- Up-to-date symlink: /home/patryk/ros2_ws/install/px4_msgs/lib/libpx4_msgs__rosidl_typesupport_opensplice_cpp.so
[5.138s] -- Up-to-date symlink: /home/patryk/ros2_ws/install/px4_msgs/include/px4_msgs/msg/manual_control_setpoint__rosidl_typesupport_introspection_cpp.hpp
[5.140s] -- Up-to-date symlink: /home/patryk/ros2_ws/install/px4_msgs/lib/libpx4_msgs__rosidl_typesupport_introspection_cpp.so
[5.141s] -- Up-to-date symlink: /home/patryk/ros2_ws/install/px4_msgs/share/px4_msgs/environment/pythonpath.sh
[5.143s] -- Up-to-date symlink: /home/patryk/ros2_ws/install/px4_msgs/lib/python3.6/site-packages/px4_msgs/__init__.py
[5.146s] -- Up-to-date symlink: /home/patryk/ros2_ws/install/px4_msgs/lib/python3.6/site-packages/px4_msgs/msg/__init__.py
[5.148s] -- Up-to-date symlink: /home/patryk/ros2_ws/install/px4_msgs/lib/python3.6/site-packages/px4_msgs/msg/_manual_control_setpoint.py
[5.151s] -- Up-to-date symlink: /home/patryk/ros2_ws/install/px4_msgs/lib/python3.6/site-packages/px4_msgs/px4_msgs_s__rosidl_typesupport_c.cpython-36m-aarch64-linux-gnu.so
[5.154s] -- Up-to-date symlink: /home/patryk/ros2_ws/install/px4_msgs/lib/python3.6/site-packages/px4_msgs/px4_msgs_s__rosidl_typesupport_introspection_c.cpython-36m-aarch64-linux-gnu.so
[5.157s] -- Up-to-date symlink: /home/patryk/ros2_ws/install/px4_msgs/lib/python3.6/site-packages/px4_msgs/px4_msgs_s__rosidl_typesupport_fastrtps_c.cpython-36m-aarch64-linux-gnu.so
[5.160s] -- Up-to-date symlink: /home/patryk/ros2_ws/install/px4_msgs/lib/python3.6/site-packages/px4_msgs/px4_msgs_s__rosidl_typesupport_opensplice_c.cpython-36m-aarch64-linux-gnu.so
[5.163s] -- Up-to-date symlink: /home/patryk/ros2_ws/install/px4_msgs/lib/libpx4_msgs__python.so
[5.165s] -- Up-to-date symlink: /home/patryk/ros2_ws/install/px4_msgs/share/px4_msgs/msg/ManualControlSetpoint.idl
[5.167s] -- Up-to-date symlink: /home/patryk/ros2_ws/install/px4_msgs/share/px4_msgs/msg/ManualControlSetpoint.msg
[5.168s] -- Up-to-date symlink: /home/patryk/ros2_ws/install/px4_msgs/share/ament_index/resource_index/package_run_dependencies/px4_msgs
[5.170s] -- Up-to-date symlink: /home/patryk/ros2_ws/install/px4_msgs/share/ament_index/resource_index/parent_prefix_path/px4_msgs
[5.173s] -- Up-to-date symlink: /home/patryk/ros2_ws/install/px4_msgs/share/px4_msgs/environment/ament_prefix_path.sh
[5.175s] -- Up-to-date symlink: /home/patryk/ros2_ws/install/px4_msgs/share/px4_msgs/environment/path.sh
[5.181s] -- Up-to-date symlink: /home/patryk/ros2_ws/install/px4_msgs/share/px4_msgs/local_setup.bash
[5.182s] -- Up-to-date symlink: /home/patryk/ros2_ws/install/px4_msgs/share/px4_msgs/local_setup.sh
[5.183s] -- Up-to-date symlink: /home/patryk/ros2_ws/install/px4_msgs/share/px4_msgs/local_setup.zsh
[5.183s] -- Up-to-date symlink: /home/patryk/ros2_ws/install/px4_msgs/share/ament_index/resource_index/packages/px4_msgs
[5.184s] -- Up-to-date symlink: /home/patryk/ros2_ws/install/px4_msgs/share/px4_msgs/cmake/rosidl_cmake-extras.cmake
[5.186s] -- Up-to-date symlink: /home/patryk/ros2_ws/install/px4_msgs/share/px4_msgs/cmake/ament_cmake_export_libraries-extras.cmake
[5.188s] -- Up-to-date symlink: /home/patryk/ros2_ws/install/px4_msgs/share/px4_msgs/cmake/ament_cmake_export_include_directories-extras.cmake
[5.190s] -- Up-to-date symlink: /home/patryk/ros2_ws/install/px4_msgs/share/px4_msgs/cmake/rosidl_cmake_export_typesupport_libraries-extras.cmake
[5.192s] -- Up-to-date symlink: /home/patryk/ros2_ws/install/px4_msgs/share/px4_msgs/cmake/ament_cmake_export_dependencies-extras.cmake
[5.194s] -- Up-to-date symlink: /home/patryk/ros2_ws/install/px4_msgs/share/px4_msgs/cmake/px4_msgsConfig.cmake
[5.196s] -- Up-to-date symlink: /home/patryk/ros2_ws/install/px4_msgs/share/px4_msgs/cmake/px4_msgsConfig-version.cmake
[5.197s] -- Up-to-date symlink: /home/patryk/ros2_ws/install/px4_msgs/share/px4_msgs/package.xml
[5.550s] make: warning:  Clock skew detected.  Your build may be incomplete.
[5.557s] Invoked command in '/home/patryk/ros2_ws/build/px4_msgs' returned '0': CMAKE_PREFIX_PATH=${CMAKE_PREFIX_PATH}:/home/patryk/ros2_ws/install/controller /usr/bin/cmake --build /home/patryk/ros2_ws/build/px4_msgs --target install -- -j4 -l4
