[2.154s] Invoking command in '/home/patryk/ros2_ws/build/px4_msgs': CMAKE_PREFIX_PATH=${CMAKE_PREFIX_PATH}:/home/patryk/ros2_ws/install/controller /usr/bin/cmake --build /home/patryk/ros2_ws/build/px4_msgs -- -j4 -l4
[2.422s] -- Found ament_cmake: 0.7.6 (/home/patryk/ros2_dashing/ros2-linux/share/ament_cmake/cmake)
[2.762s] -- Found PythonInterp: /home/patryk/.pyenv/shims/python3 (found suitable version "3.6.9", minimum required is "3") 
[2.763s] -- Using PYTHON_EXECUTABLE: /home/patryk/.pyenv/shims/python3
[4.240s] -- Override CMake install command with custom implementation using symlinks instead of copying resources
[4.290s] -- Found rosidl_default_generators: 0.7.0 (/home/patryk/ros2_dashing/ros2-linux/share/rosidl_default_generators/cmake)
[4.634s] -- Found rosidl_adapter: 0.7.10 (/home/patryk/ros2_dashing/ros2-linux/share/rosidl_adapter/cmake)
[4.932s] -- Found PrismTech OpenSplice: /usr/share/opensplice/cmake
[5.373s] -- Found PythonInterp: /home/patryk/.pyenv/shims/python3 (found version "3.6.9") 
[6.373s] -- Using all available rosidl_typesupport_c: rosidl_typesupport_fastrtps_c;rosidl_typesupport_introspection_c;rosidl_typesupport_opensplice_c
[6.399s] -- Using all available rosidl_typesupport_cpp: rosidl_typesupport_fastrtps_cpp;rosidl_typesupport_introspection_cpp;rosidl_typesupport_opensplice_cpp
[6.883s] -- Found rmw_implementation_cmake: 0.7.2 (/home/patryk/ros2_dashing/ros2-linux/share/rmw_implementation_cmake/cmake)
[7.155s] -- Found PythonInterp: /home/patryk/.pyenv/shims/python3 (found suitable version "3.6.9", minimum required is "3.5") 
[7.158s] -- Found python_cmake_module: 0.7.11 (/home/patryk/ros2_dashing/ros2-linux/share/python_cmake_module/cmake)
[7.446s] -- Using PYTHON_EXECUTABLE: /home/patryk/.pyenv/shims/python3
[7.446s] -- Using PYTHON_INCLUDE_DIRS: /usr/include/python3.6m
[7.447s] -- Using PYTHON_LIBRARIES: /usr/lib/aarch64-linux-gnu/libpython3.6m.so
[8.132s] -- Found ament_lint_auto: 0.7.12 (/home/patryk/ros2_dashing/ros2-linux/share/ament_lint_auto/cmake)
[8.219s] -- Added test 'lint_cmake' to check CMake code style
[8.224s] -- Added test 'xmllint' to check XML markup files
[8.251s] -- Configuring done
[8.558s] -- Generating done
[8.575s] -- Build files have been written to: /home/patryk/ros2_ws/build/px4_msgs
[8.699s] make[2]: Warning: File 'CMakeFiles/px4_msgs__cpp.dir/build.make' has modification time 4084 s in the future
[8.701s] make[2]: Warning: File 'CMakeFiles/px4_msgs__dds_opensplice_idl.dir/build.make' has modification time 4084 s in the future
[8.703s] make[2]: Warning: File 'CMakeFiles/px4_msgs__rosidl_generator_c.dir/flags.make' has modification time 4084 s in the future
[8.740s] make[2]: warning:  Clock skew detected.  Your build may be incomplete.
[8.741s] make[2]: warning:  Clock skew detected.  Your build may be incomplete.
[8.746s] make[2]: Warning: File 'CMakeFiles/px4_msgs__cpp.dir/build.make' has modification time 4084 s in the future
[8.747s] make[2]: Warning: File 'CMakeFiles/px4_msgs__dds_opensplice_idl.dir/build.make' has modification time 4084 s in the future
[8.747s] make[2]: warning:  Clock skew detected.  Your build may be incomplete.
[8.748s] make[2]: warning:  Clock skew detected.  Your build may be incomplete.
[8.750s] make[2]: warning:  Clock skew detected.  Your build may be incomplete.
[8.756s] make[2]: Warning: File 'CMakeFiles/px4_msgs__rosidl_generator_c.dir/flags.make' has modification time 4084 s in the future
[8.760s] make[2]: warning:  Clock skew detected.  Your build may be incomplete.
[8.783s] [  3%] Built target px4_msgs__cpp
[8.784s] [  3%] Built target px4_msgs__dds_opensplice_idl
[8.793s] make[2]: Warning: File 'CMakeFiles/px4_msgs__rosidl_typesupport_introspection_cpp.dir/flags.make' has modification time 4084 s in the future
[8.794s] make[2]: Warning: File 'CMakeFiles/px4_msgs__rosidl_typesupport_fastrtps_cpp.dir/flags.make' has modification time 4084 s in the future
[8.794s] make[2]: Warning: File 'CMakeFiles/px4_msgs__rosidl_typesupport_cpp.dir/flags.make' has modification time 4084 s in the future
[8.799s] [  9%] Built target px4_msgs__rosidl_generator_c
[8.830s] make[2]: Warning: File 'CMakeFiles/px4_msgs__rosidl_typesupport_opensplice_cpp.dir/flags.make' has modification time 4084 s in the future
[8.838s] make[2]: warning:  Clock skew detected.  Your build may be incomplete.
[8.840s] make[2]: warning:  Clock skew detected.  Your build may be incomplete.
[8.842s] make[2]: warning:  Clock skew detected.  Your build may be incomplete.
[8.845s] make[2]: Warning: File 'CMakeFiles/px4_msgs__rosidl_typesupport_introspection_cpp.dir/flags.make' has modification time 4084 s in the future
[8.848s] make[2]: Warning: File 'CMakeFiles/px4_msgs__rosidl_typesupport_fastrtps_cpp.dir/flags.make' has modification time 4084 s in the future
[8.850s] make[2]: warning:  Clock skew detected.  Your build may be incomplete.
[8.856s] make[2]: Warning: File 'CMakeFiles/px4_msgs__rosidl_typesupport_cpp.dir/flags.make' has modification time 4084 s in the future
[8.860s] make[2]: warning:  Clock skew detected.  Your build may be incomplete.
[8.869s] make[2]: warning:  Clock skew detected.  Your build may be incomplete.
[8.891s] make[2]: warning:  Clock skew detected.  Your build may be incomplete.
[8.898s] [ 15%] Built target px4_msgs__rosidl_typesupport_cpp
[8.905s] [ 21%] Built target px4_msgs__rosidl_typesupport_introspection_cpp
[8.910s] make[2]: Warning: File 'CMakeFiles/px4_msgs__rosidl_typesupport_c.dir/flags.make' has modification time 4084 s in the future
[8.914s] [ 27%] Built target px4_msgs__rosidl_typesupport_fastrtps_cpp
[8.918s] make[2]: Warning: File 'CMakeFiles/px4_msgs__rosidl_typesupport_introspection_c.dir/flags.make' has modification time 4084 s in the future
[8.926s] make[2]: Warning: File 'CMakeFiles/px4_msgs__rosidl_typesupport_fastrtps_c.dir/flags.make' has modification time 4084 s in the future
[8.930s] make[2]: Warning: File 'CMakeFiles/px4_msgs__rosidl_typesupport_opensplice_cpp.dir/flags.make' has modification time 4084 s in the future
[8.946s] make[2]: warning:  Clock skew detected.  Your build may be incomplete.
[8.956s] make[2]: warning:  Clock skew detected.  Your build may be incomplete.
[8.962s] make[2]: Warning: File 'CMakeFiles/px4_msgs__rosidl_typesupport_c.dir/flags.make' has modification time 4084 s in the future
[8.967s] make[2]: warning:  Clock skew detected.  Your build may be incomplete.
[8.969s] make[2]: warning:  Clock skew detected.  Your build may be incomplete.
[8.970s] make[2]: warning:  Clock skew detected.  Your build may be incomplete.
[8.975s] make[2]: Warning: File 'CMakeFiles/px4_msgs__rosidl_typesupport_introspection_c.dir/flags.make' has modification time 4084 s in the future
[8.976s] make[2]: Warning: File 'CMakeFiles/px4_msgs__rosidl_typesupport_fastrtps_c.dir/flags.make' has modification time 4084 s in the future
[8.980s] make[2]: warning:  Clock skew detected.  Your build may be incomplete.
[8.987s] [ 43%] Built target px4_msgs__rosidl_typesupport_opensplice_cpp
[8.998s] make[2]: warning:  Clock skew detected.  Your build may be incomplete.
[9.011s] make[2]: Warning: File 'CMakeFiles/px4_msgs__rosidl_typesupport_opensplice_c.dir/flags.make' has modification time 4084 s in the future
[9.012s] [ 49%] Built target px4_msgs__rosidl_typesupport_c
[9.034s] [ 54%] Built target px4_msgs__rosidl_typesupport_introspection_c
[9.037s] [ 60%] Built target px4_msgs__rosidl_typesupport_fastrtps_c
[9.070s] make[2]: warning:  Clock skew detected.  Your build may be incomplete.
[9.091s] make[2]: Warning: File 'CMakeFiles/px4_msgs__rosidl_typesupport_opensplice_c.dir/flags.make' has modification time 4084 s in the future
[9.107s] make[2]: warning:  Clock skew detected.  Your build may be incomplete.
[9.142s] [ 78%] Built target px4_msgs__rosidl_typesupport_opensplice_c
[9.149s] make[2]: Warning: File 'CMakeFiles/px4_msgs.dir/build.make' has modification time 4084 s in the future
[9.190s] make[2]: warning:  Clock skew detected.  Your build may be incomplete.
[9.195s] make[2]: Warning: File 'CMakeFiles/px4_msgs.dir/build.make' has modification time 4084 s in the future
[9.195s] make[2]: warning:  Clock skew detected.  Your build may be incomplete.
[9.231s] [ 78%] Built target px4_msgs
[9.239s] make[2]: Warning: File 'px4_msgs__py/CMakeFiles/px4_msgs__py.dir/build.make' has modification time 4084 s in the future
[9.279s] make[2]: warning:  Clock skew detected.  Your build may be incomplete.
[9.284s] make[2]: Warning: File 'px4_msgs__py/CMakeFiles/px4_msgs__py.dir/build.make' has modification time 4083 s in the future
[9.284s] make[2]: warning:  Clock skew detected.  Your build may be incomplete.
[9.320s] [ 80%] Built target px4_msgs__py
[9.331s] make[2]: Warning: File 'CMakeFiles/px4_msgs__python.dir/flags.make' has modification time 4083 s in the future
[9.392s] make[2]: warning:  Clock skew detected.  Your build may be incomplete.
[9.398s] make[2]: Warning: File 'CMakeFiles/px4_msgs__python.dir/flags.make' has modification time 4083 s in the future
[9.419s] make[2]: warning:  Clock skew detected.  Your build may be incomplete.
[9.455s] [ 84%] Built target px4_msgs__python
[9.466s] make[2]: Warning: File 'CMakeFiles/px4_msgs__rosidl_typesupport_opensplice_c__pyext.dir/flags.make' has modification time 4083 s in the future
[9.467s] make[2]: Warning: File 'CMakeFiles/px4_msgs__rosidl_typesupport_c__pyext.dir/flags.make' has modification time 4083 s in the future
[9.468s] make[2]: Warning: File 'CMakeFiles/px4_msgs__rosidl_typesupport_fastrtps_c__pyext.dir/flags.make' has modification time 4083 s in the future
[9.470s] make[2]: Warning: File 'CMakeFiles/px4_msgs__rosidl_typesupport_introspection_c__pyext.dir/flags.make' has modification time 4083 s in the future
[9.511s] make[2]: warning:  Clock skew detected.  Your build may be incomplete.
[9.514s] make[2]: warning:  Clock skew detected.  Your build may be incomplete.
[9.520s] make[2]: warning:  Clock skew detected.  Your build may be incomplete.
[9.522s] make[2]: Warning: File 'CMakeFiles/px4_msgs__rosidl_typesupport_fastrtps_c__pyext.dir/flags.make' has modification time 4083 s in the future
[9.522s] make[2]: Warning: File 'CMakeFiles/px4_msgs__rosidl_typesupport_opensplice_c__pyext.dir/flags.make' has modification time 4083 s in the future
[9.527s] make[2]: warning:  Clock skew detected.  Your build may be incomplete.
[9.531s] make[2]: Warning: File 'CMakeFiles/px4_msgs__rosidl_typesupport_c__pyext.dir/flags.make' has modification time 4083 s in the future
[9.534s] make[2]: Warning: File 'CMakeFiles/px4_msgs__rosidl_typesupport_introspection_c__pyext.dir/flags.make' has modification time 4083 s in the future
[9.542s] make[2]: warning:  Clock skew detected.  Your build may be incomplete.
[9.544s] make[2]: warning:  Clock skew detected.  Your build may be incomplete.
[9.555s] make[2]: warning:  Clock skew detected.  Your build may be incomplete.
[9.556s] make[2]: warning:  Clock skew detected.  Your build may be incomplete.
[9.586s] [ 88%] Built target px4_msgs__rosidl_typesupport_fastrtps_c__pyext
[9.590s] [ 92%] Built target px4_msgs__rosidl_typesupport_opensplice_c__pyext
[9.594s] [ 96%] Built target px4_msgs__rosidl_typesupport_introspection_c__pyext
[9.595s] [100%] Built target px4_msgs__rosidl_typesupport_c__pyext
[9.642s] Invoked command in '/home/patryk/ros2_ws/build/px4_msgs' returned '0': CMAKE_PREFIX_PATH=${CMAKE_PREFIX_PATH}:/home/patryk/ros2_ws/install/controller /usr/bin/cmake --build /home/patryk/ros2_ws/build/px4_msgs -- -j4 -l4
[10.015s] Invoking command in '/home/patryk/ros2_ws/build/px4_msgs': CMAKE_PREFIX_PATH=${CMAKE_PREFIX_PATH}:/home/patryk/ros2_ws/install/controller /usr/bin/cmake --build /home/patryk/ros2_ws/build/px4_msgs --target install -- -j4 -l4
[10.118s] -- Found ament_cmake: 0.7.6 (/home/patryk/ros2_dashing/ros2-linux/share/ament_cmake/cmake)
[10.388s] -- Found PythonInterp: /home/patryk/.pyenv/shims/python3 (found suitable version "3.6.9", minimum required is "3") 
[10.388s] -- Using PYTHON_EXECUTABLE: /home/patryk/.pyenv/shims/python3
[11.795s] -- Override CMake install command with custom implementation using symlinks instead of copying resources
[11.817s] -- Found rosidl_default_generators: 0.7.0 (/home/patryk/ros2_dashing/ros2-linux/share/rosidl_default_generators/cmake)
[12.091s] -- Found rosidl_adapter: 0.7.10 (/home/patryk/ros2_dashing/ros2-linux/share/rosidl_adapter/cmake)
[12.347s] -- Found PrismTech OpenSplice: /usr/share/opensplice/cmake
[12.730s] -- Found PythonInterp: /home/patryk/.pyenv/shims/python3 (found version "3.6.9") 
[13.626s] -- Using all available rosidl_typesupport_c: rosidl_typesupport_fastrtps_c;rosidl_typesupport_introspection_c;rosidl_typesupport_opensplice_c
[13.647s] -- Using all available rosidl_typesupport_cpp: rosidl_typesupport_fastrtps_cpp;rosidl_typesupport_introspection_cpp;rosidl_typesupport_opensplice_cpp
[14.100s] -- Found rmw_implementation_cmake: 0.7.2 (/home/patryk/ros2_dashing/ros2-linux/share/rmw_implementation_cmake/cmake)
[14.368s] -- Found PythonInterp: /home/patryk/.pyenv/shims/python3 (found suitable version "3.6.9", minimum required is "3.5") 
[14.369s] -- Found python_cmake_module: 0.7.11 (/home/patryk/ros2_dashing/ros2-linux/share/python_cmake_module/cmake)
[14.635s] -- Using PYTHON_EXECUTABLE: /home/patryk/.pyenv/shims/python3
[14.636s] -- Using PYTHON_INCLUDE_DIRS: /usr/include/python3.6m
[14.636s] -- Using PYTHON_LIBRARIES: /usr/lib/aarch64-linux-gnu/libpython3.6m.so
[15.271s] -- Found ament_lint_auto: 0.7.12 (/home/patryk/ros2_dashing/ros2-linux/share/ament_lint_auto/cmake)
[15.315s] -- Added test 'lint_cmake' to check CMake code style
[15.317s] -- Added test 'xmllint' to check XML markup files
[15.339s] -- Configuring done
[15.542s] -- Generating done
[15.558s] -- Build files have been written to: /home/patryk/ros2_ws/build/px4_msgs
[15.617s] make[2]: Warning: File 'CMakeFiles/px4_msgs__cpp.dir/build.make' has modification time 4077 s in the future
[15.618s] make[2]: Warning: File 'CMakeFiles/px4_msgs__dds_opensplice_idl.dir/build.make' has modification time 4077 s in the future
[15.618s] make[2]: Warning: File 'CMakeFiles/px4_msgs__rosidl_generator_c.dir/flags.make' has modification time 4077 s in the future
[15.659s] make[2]: warning:  Clock skew detected.  Your build may be incomplete.
[15.662s] make[2]: warning:  Clock skew detected.  Your build may be incomplete.
[15.663s] make[2]: warning:  Clock skew detected.  Your build may be incomplete.
[15.664s] make[2]: Warning: File 'CMakeFiles/px4_msgs__dds_opensplice_idl.dir/build.make' has modification time 4077 s in the future
[15.665s] make[2]: warning:  Clock skew detected.  Your build may be incomplete.
[15.667s] make[2]: Warning: File 'CMakeFiles/px4_msgs__rosidl_generator_c.dir/flags.make' has modification time 4077 s in the future
[15.668s] make[2]: Warning: File 'CMakeFiles/px4_msgs__cpp.dir/build.make' has modification time 4077 s in the future
[15.669s] make[2]: warning:  Clock skew detected.  Your build may be incomplete.
[15.671s] make[2]: warning:  Clock skew detected.  Your build may be incomplete.
[15.706s] [  1%] Built target px4_msgs__cpp
[15.709s] [  3%] Built target px4_msgs__dds_opensplice_idl
[15.715s] make[2]: Warning: File 'CMakeFiles/px4_msgs__rosidl_typesupport_introspection_cpp.dir/flags.make' has modification time 4077 s in the future
[15.718s] make[2]: Warning: File 'CMakeFiles/px4_msgs__rosidl_typesupport_fastrtps_cpp.dir/flags.make' has modification time 4077 s in the future
[15.719s] [  9%] Built target px4_msgs__rosidl_generator_c
[15.721s] make[2]: Warning: File 'CMakeFiles/px4_msgs__rosidl_typesupport_cpp.dir/flags.make' has modification time 4077 s in the future
[15.752s] make[2]: Warning: File 'CMakeFiles/px4_msgs__rosidl_typesupport_opensplice_cpp.dir/flags.make' has modification time 4077 s in the future
[15.759s] make[2]: warning:  Clock skew detected.  Your build may be incomplete.
[15.763s] make[2]: warning:  Clock skew detected.  Your build may be incomplete.
[15.764s] make[2]: warning:  Clock skew detected.  Your build may be incomplete.
[15.766s] make[2]: Warning: File 'CMakeFiles/px4_msgs__rosidl_typesupport_introspection_cpp.dir/flags.make' has modification time 4077 s in the future
[15.769s] make[2]: Warning: File 'CMakeFiles/px4_msgs__rosidl_typesupport_cpp.dir/flags.make' has modification time 4077 s in the future
[15.771s] make[2]: warning:  Clock skew detected.  Your build may be incomplete.
[15.773s] make[2]: warning:  Clock skew detected.  Your build may be incomplete.
[15.774s] make[2]: Warning: File 'CMakeFiles/px4_msgs__rosidl_typesupport_fastrtps_cpp.dir/flags.make' has modification time 4077 s in the future
[15.799s] make[2]: warning:  Clock skew detected.  Your build may be incomplete.
[15.809s] make[2]: warning:  Clock skew detected.  Your build may be incomplete.
[15.811s] [ 15%] Built target px4_msgs__rosidl_typesupport_introspection_cpp
[15.819s] make[2]: Warning: File 'CMakeFiles/px4_msgs__rosidl_typesupport_c.dir/flags.make' has modification time 4077 s in the future
[15.824s] [ 21%] Built target px4_msgs__rosidl_typesupport_cpp
[15.832s] make[2]: Warning: File 'CMakeFiles/px4_msgs__rosidl_typesupport_opensplice_cpp.dir/flags.make' has modification time 4077 s in the future
[15.848s] make[2]: warning:  Clock skew detected.  Your build may be incomplete.
[15.853s] make[2]: Warning: File 'CMakeFiles/px4_msgs__rosidl_typesupport_introspection_c.dir/flags.make' has modification time 4077 s in the future
[15.854s] [ 27%] Built target px4_msgs__rosidl_typesupport_fastrtps_cpp
[15.866s] make[2]: warning:  Clock skew detected.  Your build may be incomplete.
[15.871s] make[2]: Warning: File 'CMakeFiles/px4_msgs__rosidl_typesupport_fastrtps_c.dir/flags.make' has modification time 4077 s in the future
[15.872s] make[2]: Warning: File 'CMakeFiles/px4_msgs__rosidl_typesupport_c.dir/flags.make' has modification time 4077 s in the future
[15.877s] make[2]: warning:  Clock skew detected.  Your build may be incomplete.
[15.890s] [ 43%] Built target px4_msgs__rosidl_typesupport_opensplice_cpp
[15.893s] make[2]: warning:  Clock skew detected.  Your build may be incomplete.
[15.915s] make[2]: Warning: File 'CMakeFiles/px4_msgs__rosidl_typesupport_opensplice_c.dir/flags.make' has modification time 4077 s in the future
[15.916s] make[2]: warning:  Clock skew detected.  Your build may be incomplete.
[15.919s] [ 49%] Built target px4_msgs__rosidl_typesupport_c
[15.920s] make[2]: Warning: File 'CMakeFiles/px4_msgs__rosidl_typesupport_introspection_c.dir/flags.make' has modification time 4077 s in the future
[15.922s] make[2]: Warning: File 'CMakeFiles/px4_msgs__rosidl_typesupport_fastrtps_c.dir/flags.make' has modification time 4077 s in the future
[15.925s] make[2]: warning:  Clock skew detected.  Your build may be incomplete.
[15.949s] make[2]: warning:  Clock skew detected.  Your build may be incomplete.
[15.974s] make[2]: warning:  Clock skew detected.  Your build may be incomplete.
[15.975s] [ 54%] Built target px4_msgs__rosidl_typesupport_introspection_c
[15.992s] [ 60%] Built target px4_msgs__rosidl_typesupport_fastrtps_c
[15.996s] make[2]: Warning: File 'CMakeFiles/px4_msgs__rosidl_typesupport_opensplice_c.dir/flags.make' has modification time 4077 s in the future
[16.012s] make[2]: warning:  Clock skew detected.  Your build may be incomplete.
[16.047s] [ 78%] Built target px4_msgs__rosidl_typesupport_opensplice_c
[16.055s] make[2]: Warning: File 'CMakeFiles/px4_msgs.dir/build.make' has modification time 4077 s in the future
[16.094s] make[2]: warning:  Clock skew detected.  Your build may be incomplete.
[16.099s] make[2]: Warning: File 'CMakeFiles/px4_msgs.dir/build.make' has modification time 4077 s in the future
[16.099s] make[2]: warning:  Clock skew detected.  Your build may be incomplete.
[16.134s] [ 78%] Built target px4_msgs
[16.142s] make[2]: Warning: File 'px4_msgs__py/CMakeFiles/px4_msgs__py.dir/build.make' has modification time 4077 s in the future
[16.181s] make[2]: warning:  Clock skew detected.  Your build may be incomplete.
[16.186s] make[2]: Warning: File 'px4_msgs__py/CMakeFiles/px4_msgs__py.dir/build.make' has modification time 4077 s in the future
[16.187s] make[2]: warning:  Clock skew detected.  Your build may be incomplete.
[16.223s] [ 80%] Built target px4_msgs__py
[16.231s] make[2]: Warning: File 'CMakeFiles/px4_msgs__python.dir/flags.make' has modification time 4077 s in the future
[16.272s] make[2]: warning:  Clock skew detected.  Your build may be incomplete.
[16.278s] make[2]: Warning: File 'CMakeFiles/px4_msgs__python.dir/flags.make' has modification time 4076 s in the future
[16.298s] make[2]: warning:  Clock skew detected.  Your build may be incomplete.
[16.333s] [ 84%] Built target px4_msgs__python
[16.343s] make[2]: Warning: File 'CMakeFiles/px4_msgs__rosidl_typesupport_c__pyext.dir/flags.make' has modification time 4076 s in the future
[16.344s] make[2]: Warning: File 'CMakeFiles/px4_msgs__rosidl_typesupport_opensplice_c__pyext.dir/flags.make' has modification time 4076 s in the future
[16.344s] make[2]: Warning: File 'CMakeFiles/px4_msgs__rosidl_typesupport_fastrtps_c__pyext.dir/flags.make' has modification time 4076 s in the future
[16.349s] make[2]: Warning: File 'CMakeFiles/px4_msgs__rosidl_typesupport_introspection_c__pyext.dir/flags.make' has modification time 4076 s in the future
[16.386s] make[2]: warning:  Clock skew detected.  Your build may be incomplete.
[16.389s] make[2]: warning:  Clock skew detected.  Your build may be incomplete.
[16.393s] make[2]: Warning: File 'CMakeFiles/px4_msgs__rosidl_typesupport_opensplice_c__pyext.dir/flags.make' has modification time 4076 s in the future
[16.397s] make[2]: warning:  Clock skew detected.  Your build may be incomplete.
[16.399s] make[2]: Warning: File 'CMakeFiles/px4_msgs__rosidl_typesupport_fastrtps_c__pyext.dir/flags.make' has modification time 4076 s in the future
[16.402s] make[2]: warning:  Clock skew detected.  Your build may be incomplete.
[16.406s] make[2]: Warning: File 'CMakeFiles/px4_msgs__rosidl_typesupport_introspection_c__pyext.dir/flags.make' has modification time 4076 s in the future
[16.408s] make[2]: Warning: File 'CMakeFiles/px4_msgs__rosidl_typesupport_c__pyext.dir/flags.make' has modification time 4076 s in the future
[16.417s] make[2]: warning:  Clock skew detected.  Your build may be incomplete.
[16.421s] make[2]: warning:  Clock skew detected.  Your build may be incomplete.
[16.429s] make[2]: warning:  Clock skew detected.  Your build may be incomplete.
[16.432s] make[2]: warning:  Clock skew detected.  Your build may be incomplete.
[16.459s] [ 88%] Built target px4_msgs__rosidl_typesupport_fastrtps_c__pyext
[16.469s] [ 92%] Built target px4_msgs__rosidl_typesupport_opensplice_c__pyext
[16.470s] [ 96%] Built target px4_msgs__rosidl_typesupport_introspection_c__pyext
[16.477s] [100%] Built target px4_msgs__rosidl_typesupport_c__pyext
[16.558s] [36mInstall the project...[0m
[16.593s] -- Install configuration: ""
[16.595s] -- Execute custom install script
[16.598s] -- Up-to-date symlink: /home/patryk/ros2_ws/install/px4_msgs/share/ament_index/resource_index/rosidl_interfaces/px4_msgs
[16.600s] -- Up-to-date symlink: /home/patryk/ros2_ws/install/px4_msgs/lib/libpx4_msgs__rosidl_typesupport_c.so
[16.602s] -- Up-to-date symlink: /home/patryk/ros2_ws/install/px4_msgs/share/px4_msgs/environment/library_path.sh
[16.603s] -- Up-to-date symlink: /home/patryk/ros2_ws/install/px4_msgs/lib/libpx4_msgs__rosidl_typesupport_cpp.so
[16.606s] -- Up-to-date symlink: /home/patryk/ros2_ws/install/px4_msgs/include/px4_msgs/msg/manual_control_setpoint__rosidl_typesupport_fastrtps_c.h
[16.607s] -- Up-to-date symlink: /home/patryk/ros2_ws/install/px4_msgs/include/px4_msgs/msg/rosidl_typesupport_fastrtps_c__visibility_control.h
[16.609s] -- Up-to-date symlink: /home/patryk/ros2_ws/install/px4_msgs/lib/libpx4_msgs__rosidl_typesupport_fastrtps_c.so
[16.611s] -- Up-to-date symlink: /home/patryk/ros2_ws/install/px4_msgs/include/px4_msgs/msg/manual_control_setpoint.h
[16.613s] -- Up-to-date symlink: /home/patryk/ros2_ws/install/px4_msgs/include/px4_msgs/msg/manual_control_setpoint__functions.h
[16.614s] -- Up-to-date symlink: /home/patryk/ros2_ws/install/px4_msgs/include/px4_msgs/msg/manual_control_setpoint__struct.h
[16.615s] -- Up-to-date symlink: /home/patryk/ros2_ws/install/px4_msgs/include/px4_msgs/msg/manual_control_setpoint__type_support.h
[16.616s] -- Up-to-date symlink: /home/patryk/ros2_ws/install/px4_msgs/include/px4_msgs/msg/rosidl_generator_c__visibility_control.h
[16.618s] -- Up-to-date symlink: /home/patryk/ros2_ws/install/px4_msgs/lib/libpx4_msgs__rosidl_generator_c.so
[16.621s] -- Up-to-date symlink: /home/patryk/ros2_ws/install/px4_msgs/include/px4_msgs/msg/manual_control_setpoint__rosidl_typesupport_fastrtps_cpp.hpp
[16.622s] -- Up-to-date symlink: /home/patryk/ros2_ws/install/px4_msgs/include/px4_msgs/msg/rosidl_typesupport_fastrtps_cpp__visibility_control.h
[16.624s] -- Up-to-date symlink: /home/patryk/ros2_ws/install/px4_msgs/lib/libpx4_msgs__rosidl_typesupport_fastrtps_cpp.so
[16.626s] -- Up-to-date symlink: /home/patryk/ros2_ws/install/px4_msgs/include/px4_msgs/msg/manual_control_setpoint.hpp
[16.627s] -- Up-to-date symlink: /home/patryk/ros2_ws/install/px4_msgs/include/px4_msgs/msg/manual_control_setpoint__struct.hpp
[16.628s] -- Up-to-date symlink: /home/patryk/ros2_ws/install/px4_msgs/include/px4_msgs/msg/manual_control_setpoint__traits.hpp
[16.631s] -- Up-to-date symlink: /home/patryk/ros2_ws/install/px4_msgs/include/px4_msgs/msg/manual_control_setpoint__rosidl_typesupport_introspection_c.h
[16.632s] -- Up-to-date symlink: /home/patryk/ros2_ws/install/px4_msgs/include/px4_msgs/msg/rosidl_typesupport_introspection_c__visibility_control.h
[16.634s] -- Up-to-date symlink: /home/patryk/ros2_ws/install/px4_msgs/lib/libpx4_msgs__rosidl_typesupport_introspection_c.so
[16.637s] -- Up-to-date symlink: /home/patryk/ros2_ws/install/px4_msgs/include/px4_msgs/msg/manual_control_setpoint__rosidl_typesupport_opensplice_c.h
[16.638s] -- Up-to-date symlink: /home/patryk/ros2_ws/install/px4_msgs/include/px4_msgs/msg/rosidl_typesupport_opensplice_c__visibility_control.h
[16.640s] -- Up-to-date symlink: /home/patryk/ros2_ws/install/px4_msgs/lib/libpx4_msgs__rosidl_typesupport_opensplice_c.so
[16.642s] -- Up-to-date symlink: /home/patryk/ros2_ws/install/px4_msgs/share/px4_msgs/msg/dds_opensplice/ManualControlSetpoint_.idl
[16.646s] -- Up-to-date symlink: /home/patryk/ros2_ws/install/px4_msgs/include/px4_msgs/msg/dds_opensplice/ManualControlSetpoint_.h
[16.647s] -- Up-to-date symlink: /home/patryk/ros2_ws/install/px4_msgs/include/px4_msgs/msg/dds_opensplice/ManualControlSetpoint_Dcps.h
[16.648s] -- Up-to-date symlink: /home/patryk/ros2_ws/install/px4_msgs/include/px4_msgs/msg/dds_opensplice/ManualControlSetpoint_Dcps_impl.h
[16.649s] -- Up-to-date symlink: /home/patryk/ros2_ws/install/px4_msgs/include/px4_msgs/msg/dds_opensplice/ManualControlSetpoint_SplDcps.h
[16.650s] -- Up-to-date symlink: /home/patryk/ros2_ws/install/px4_msgs/include/px4_msgs/msg/dds_opensplice/ccpp_ManualControlSetpoint_.h
[16.651s] -- Up-to-date symlink: /home/patryk/ros2_ws/install/px4_msgs/include/px4_msgs/msg/manual_control_setpoint__rosidl_typesupport_opensplice_cpp.hpp
[16.652s] -- Up-to-date symlink: /home/patryk/ros2_ws/install/px4_msgs/include/px4_msgs/msg/rosidl_typesupport_opensplice_cpp__visibility_control.h
[16.655s] -- Up-to-date symlink: /home/patryk/ros2_ws/install/px4_msgs/lib/libpx4_msgs__rosidl_typesupport_opensplice_cpp.so
[16.657s] -- Up-to-date symlink: /home/patryk/ros2_ws/install/px4_msgs/include/px4_msgs/msg/manual_control_setpoint__rosidl_typesupport_introspection_cpp.hpp
[16.659s] -- Up-to-date symlink: /home/patryk/ros2_ws/install/px4_msgs/lib/libpx4_msgs__rosidl_typesupport_introspection_cpp.so
[16.660s] -- Up-to-date symlink: /home/patryk/ros2_ws/install/px4_msgs/share/px4_msgs/environment/pythonpath.sh
[16.662s] -- Up-to-date symlink: /home/patryk/ros2_ws/install/px4_msgs/lib/python3.6/site-packages/px4_msgs/__init__.py
[16.664s] -- Up-to-date symlink: /home/patryk/ros2_ws/install/px4_msgs/lib/python3.6/site-packages/px4_msgs/msg/__init__.py
[16.665s] -- Up-to-date symlink: /home/patryk/ros2_ws/install/px4_msgs/lib/python3.6/site-packages/px4_msgs/msg/_manual_control_setpoint.py
[16.667s] -- Up-to-date symlink: /home/patryk/ros2_ws/install/px4_msgs/lib/python3.6/site-packages/px4_msgs/px4_msgs_s__rosidl_typesupport_c.cpython-36m-aarch64-linux-gnu.so
[16.669s] -- Up-to-date symlink: /home/patryk/ros2_ws/install/px4_msgs/lib/python3.6/site-packages/px4_msgs/px4_msgs_s__rosidl_typesupport_introspection_c.cpython-36m-aarch64-linux-gnu.so
[16.671s] -- Up-to-date symlink: /home/patryk/ros2_ws/install/px4_msgs/lib/python3.6/site-packages/px4_msgs/px4_msgs_s__rosidl_typesupport_fastrtps_c.cpython-36m-aarch64-linux-gnu.so
[16.673s] -- Up-to-date symlink: /home/patryk/ros2_ws/install/px4_msgs/lib/python3.6/site-packages/px4_msgs/px4_msgs_s__rosidl_typesupport_opensplice_c.cpython-36m-aarch64-linux-gnu.so
[16.674s] -- Up-to-date symlink: /home/patryk/ros2_ws/install/px4_msgs/lib/libpx4_msgs__python.so
[16.676s] -- Up-to-date symlink: /home/patryk/ros2_ws/install/px4_msgs/share/px4_msgs/msg/ManualControlSetpoint.idl
[16.677s] -- Up-to-date symlink: /home/patryk/ros2_ws/install/px4_msgs/share/px4_msgs/msg/ManualControlSetpoint.msg
[16.679s] -- Up-to-date symlink: /home/patryk/ros2_ws/install/px4_msgs/share/ament_index/resource_index/package_run_dependencies/px4_msgs
[16.680s] -- Up-to-date symlink: /home/patryk/ros2_ws/install/px4_msgs/share/ament_index/resource_index/parent_prefix_path/px4_msgs
[16.682s] -- Up-to-date symlink: /home/patryk/ros2_ws/install/px4_msgs/share/px4_msgs/environment/ament_prefix_path.sh
[16.683s] -- Up-to-date symlink: /home/patryk/ros2_ws/install/px4_msgs/share/px4_msgs/environment/path.sh
[16.684s] -- Up-to-date symlink: /home/patryk/ros2_ws/install/px4_msgs/share/px4_msgs/local_setup.bash
[16.686s] -- Up-to-date symlink: /home/patryk/ros2_ws/install/px4_msgs/share/px4_msgs/local_setup.sh
[16.687s] -- Up-to-date symlink: /home/patryk/ros2_ws/install/px4_msgs/share/px4_msgs/local_setup.zsh
[16.689s] -- Up-to-date symlink: /home/patryk/ros2_ws/install/px4_msgs/share/ament_index/resource_index/packages/px4_msgs
[16.690s] -- Up-to-date symlink: /home/patryk/ros2_ws/install/px4_msgs/share/px4_msgs/cmake/rosidl_cmake-extras.cmake
[16.691s] -- Up-to-date symlink: /home/patryk/ros2_ws/install/px4_msgs/share/px4_msgs/cmake/ament_cmake_export_libraries-extras.cmake
[16.693s] -- Up-to-date symlink: /home/patryk/ros2_ws/install/px4_msgs/share/px4_msgs/cmake/ament_cmake_export_include_directories-extras.cmake
[16.694s] -- Up-to-date symlink: /home/patryk/ros2_ws/install/px4_msgs/share/px4_msgs/cmake/rosidl_cmake_export_typesupport_libraries-extras.cmake
[16.695s] -- Up-to-date symlink: /home/patryk/ros2_ws/install/px4_msgs/share/px4_msgs/cmake/ament_cmake_export_dependencies-extras.cmake
[16.697s] -- Up-to-date symlink: /home/patryk/ros2_ws/install/px4_msgs/share/px4_msgs/cmake/px4_msgsConfig.cmake
[16.698s] -- Up-to-date symlink: /home/patryk/ros2_ws/install/px4_msgs/share/px4_msgs/cmake/px4_msgsConfig-version.cmake
[16.699s] -- Up-to-date symlink: /home/patryk/ros2_ws/install/px4_msgs/share/px4_msgs/package.xml
[17.002s] Compiling '/home/patryk/ros2_ws/install/px4_msgs/lib/python3.6/site-packages/px4_msgs/__init__.py'...
[17.034s] Invoked command in '/home/patryk/ros2_ws/build/px4_msgs' returned '0': CMAKE_PREFIX_PATH=${CMAKE_PREFIX_PATH}:/home/patryk/ros2_ws/install/controller /usr/bin/cmake --build /home/patryk/ros2_ws/build/px4_msgs --target install -- -j4 -l4
