[4.979s] Invoking command in '/home/patryk/ros2_ws/src/controller': PYTHONPATH=/home/patryk/ros2_ws/build/controller/prefix_override:/home/patryk/ros2_ws/install/controller/lib/python3.6/site-packages:${PYTHONPATH} /usr/bin/python3 setup.py egg_info --egg-base ../../build/controller build --build-base /home/patryk/ros2_ws/build/controller/build install --record /home/patryk/ros2_ws/build/controller/install.log --install-scripts $base/lib/controller --single-version-externally-managed
[6.426s] /home/patryk/.local/lib/python3.6/site-packages/setuptools/dist.py:720: UserWarning: Usage of dash-separated 'script-dir' will not be supported in future versions. Please use the underscore name 'script_dir' instead
[6.427s]   % (opt, underscore_opt)
[6.602s] running egg_info
[6.606s] writing ../../build/controller/controller.egg-info/PKG-INFO
[6.607s] writing dependency_links to ../../build/controller/controller.egg-info/dependency_links.txt
[6.608s] writing entry points to ../../build/controller/controller.egg-info/entry_points.txt
[6.609s] writing requirements to ../../build/controller/controller.egg-info/requires.txt
[6.609s] writing top-level names to ../../build/controller/controller.egg-info/top_level.txt
[6.627s] reading manifest file '../../build/controller/controller.egg-info/SOURCES.txt'
[6.637s] writing manifest file '../../build/controller/controller.egg-info/SOURCES.txt'
[6.637s] running build
[6.638s] running build_py
[6.638s] copying controller/controller.py -> /home/patryk/ros2_ws/build/controller/build/lib/controller
[6.639s] running install
[6.640s] running install_lib
[6.645s] copying /home/patryk/ros2_ws/build/controller/build/lib/controller/controller.py -> /home/patryk/ros2_ws/install/controller/lib/python3.6/site-packages/controller
[6.647s] byte-compiling /home/patryk/ros2_ws/install/controller/lib/python3.6/site-packages/controller/controller.py to controller.cpython-36.pyc
[6.659s] running install_data
[6.661s] running install_egg_info
[6.668s] removing '/home/patryk/ros2_ws/install/controller/lib/python3.6/site-packages/controller-0.0.0-py3.6.egg-info' (and everything under it)
[6.670s] Copying ../../build/controller/controller.egg-info to /home/patryk/ros2_ws/install/controller/lib/python3.6/site-packages/controller-0.0.0-py3.6.egg-info
[6.675s] running install_scripts
[6.764s] Installing controller script to /home/patryk/ros2_ws/install/controller/lib/controller
[6.766s] writing list of installed files to '/home/patryk/ros2_ws/build/controller/install.log'
[6.882s] Invoked command in '/home/patryk/ros2_ws/src/controller' returned '0': PYTHONPATH=/home/patryk/ros2_ws/build/controller/prefix_override:/home/patryk/ros2_ws/install/controller/lib/python3.6/site-packages:${PYTHONPATH} /usr/bin/python3 setup.py egg_info --egg-base ../../build/controller build --build-base /home/patryk/ros2_ws/build/controller/build install --record /home/patryk/ros2_ws/build/controller/install.log --install-scripts $base/lib/controller --single-version-externally-managed
