[1.871s] Invoking command in '/home/patryk/ros2_ws/build/px4_msgs': CMAKE_PREFIX_PATH=${CMAKE_PREFIX_PATH}:/home/patryk/ros2_ws/install/controller /usr/local/bin/cmake --build /home/patryk/ros2_ws/build/px4_msgs -- -j4 -l4
[2.055s] make: Warning: File 'Makefile' has modification time 517 s in the future
[2.186s] make[1]: Warning: File 'CMakeFiles/Makefile2' has modification time 517 s in the future
[2.192s] make[2]: Warning: File 'CMakeFiles/px4_msgs__cpp.dir/progress.make' has modification time 517 s in the future
[2.198s] make[2]: Warning: File 'CMakeFiles/px4_msgs__dds_opensplice_idl.dir/progress.make' has modification time 517 s in the future
[2.201s] make[2]: Warning: File 'CMakeFiles/px4_msgs__rosidl_generator_c.dir/progress.make' has modification time 517 s in the future
[2.224s] make[2]: warning:  Clock skew detected.  Your build may be incomplete.
[2.227s] make[2]: warning:  Clock skew detected.  Your build may be incomplete.
[2.229s] make[2]: Warning: File 'CMakeFiles/px4_msgs__cpp.dir/progress.make' has modification time 517 s in the future
[2.234s] make[2]: Warning: File 'CMakeFiles/px4_msgs__dds_opensplice_idl.dir/progress.make' has modification time 517 s in the future
[2.235s] make[2]: warning:  Clock skew detected.  Your build may be incomplete.
[2.236s] make[2]: warning:  Clock skew detected.  Your build may be incomplete.
[2.240s] make[2]: Warning: File 'CMakeFiles/px4_msgs__rosidl_generator_c.dir/progress.make' has modification time 517 s in the future
[2.243s] make[2]: warning:  Clock skew detected.  Your build may be incomplete.
[2.244s] make[2]: warning:  Clock skew detected.  Your build may be incomplete.
[2.249s] [  1%] Built target px4_msgs__cpp
[2.263s] [  7%] Built target px4_msgs__rosidl_generator_c
[2.264s] make[2]: Warning: File 'CMakeFiles/px4_msgs__rosidl_typesupport_introspection_cpp.dir/progress.make' has modification time 517 s in the future
[2.266s] [  8%] Built target px4_msgs__dds_opensplice_idl
[2.267s] make[2]: Warning: File 'CMakeFiles/px4_msgs__rosidl_typesupport_fastrtps_cpp.dir/progress.make' has modification time 517 s in the future
[2.276s] make[2]: Warning: File 'CMakeFiles/px4_msgs__rosidl_typesupport_cpp.dir/progress.make' has modification time 517 s in the future
[2.279s] make[2]: Warning: File 'CMakeFiles/px4_msgs__rosidl_typesupport_c.dir/progress.make' has modification time 517 s in the future
[2.308s] make[2]: warning:  Clock skew detected.  Your build may be incomplete.
[2.312s] make[2]: warning:  Clock skew detected.  Your build may be incomplete.
[2.314s] make[2]: Warning: File 'CMakeFiles/px4_msgs__rosidl_typesupport_introspection_cpp.dir/progress.make' has modification time 517 s in the future
[2.315s] make[2]: warning:  Clock skew detected.  Your build may be incomplete.
[2.316s] make[2]: warning:  Clock skew detected.  Your build may be incomplete.
[2.319s] make[2]: warning:  Clock skew detected.  Your build may be incomplete.
[2.322s] make[2]: Warning: File 'CMakeFiles/px4_msgs__rosidl_typesupport_c.dir/progress.make' has modification time 517 s in the future
[2.323s] make[2]: Warning: File 'CMakeFiles/px4_msgs__rosidl_typesupport_cpp.dir/progress.make' has modification time 517 s in the future
[2.324s] make[2]: Warning: File 'CMakeFiles/px4_msgs__rosidl_typesupport_fastrtps_cpp.dir/progress.make' has modification time 517 s in the future
[2.329s] make[2]: warning:  Clock skew detected.  Your build may be incomplete.
[2.331s] make[2]: warning:  Clock skew detected.  Your build may be incomplete.
[2.341s] [ 14%] Built target px4_msgs__rosidl_typesupport_introspection_cpp
[2.342s] [ 20%] Built target px4_msgs__rosidl_typesupport_c
[2.356s] [ 26%] Built target px4_msgs__rosidl_typesupport_cpp
[2.365s] make[2]: warning:  Clock skew detected.  Your build may be incomplete.
[2.368s] make[2]: Warning: File 'CMakeFiles/px4_msgs__rosidl_typesupport_introspection_c.dir/progress.make' has modification time 517 s in the future
[2.388s] make[2]: Warning: File 'CMakeFiles/px4_msgs__rosidl_typesupport_opensplice_cpp.dir/progress.make' has modification time 517 s in the future
[2.391s] [ 31%] Built target px4_msgs__rosidl_typesupport_fastrtps_cpp
[2.392s] make[2]: warning:  Clock skew detected.  Your build may be incomplete.
[2.401s] make[2]: Warning: File 'CMakeFiles/px4_msgs__rosidl_typesupport_introspection_c.dir/progress.make' has modification time 517 s in the future
[2.406s] make[2]: warning:  Clock skew detected.  Your build may be incomplete.
[2.411s] make[2]: Warning: File 'CMakeFiles/px4_msgs__rosidl_typesupport_fastrtps_c.dir/progress.make' has modification time 517 s in the future
[2.422s] [ 37%] Built target px4_msgs__rosidl_typesupport_introspection_c
[2.446s] make[2]: warning:  Clock skew detected.  Your build may be incomplete.
[2.453s] make[2]: Warning: File 'CMakeFiles/px4_msgs__rosidl_typesupport_fastrtps_c.dir/progress.make' has modification time 517 s in the future
[2.473s] make[2]: warning:  Clock skew detected.  Your build may be incomplete.
[2.486s] make[2]: warning:  Clock skew detected.  Your build may be incomplete.
[2.498s] [ 43%] Built target px4_msgs__rosidl_typesupport_fastrtps_c
[2.505s] make[2]: Warning: File 'CMakeFiles/px4_msgs__rosidl_typesupport_opensplice_cpp.dir/progress.make' has modification time 517 s in the future
[2.520s] make[2]: warning:  Clock skew detected.  Your build may be incomplete.
[2.533s] [ 62%] Built target px4_msgs__rosidl_typesupport_opensplice_cpp
[2.568s] make[2]: Warning: File 'CMakeFiles/px4_msgs__rosidl_typesupport_opensplice_c.dir/progress.make' has modification time 517 s in the future
[2.609s] make[2]: warning:  Clock skew detected.  Your build may be incomplete.
[2.638s] make[2]: Warning: File 'CMakeFiles/px4_msgs__rosidl_typesupport_opensplice_c.dir/progress.make' has modification time 517 s in the future
[2.653s] make[2]: warning:  Clock skew detected.  Your build may be incomplete.
[2.667s] [ 82%] Built target px4_msgs__rosidl_typesupport_opensplice_c
[2.675s] make[2]: Warning: File 'CMakeFiles/px4_msgs.dir/progress.make' has modification time 517 s in the future
[2.697s] make[2]: warning:  Clock skew detected.  Your build may be incomplete.
[2.698s] make[2]: Warning: File 'CMakeFiles/px4_msgs.dir/progress.make' has modification time 517 s in the future
[2.699s] make[2]: warning:  Clock skew detected.  Your build may be incomplete.
[2.708s] [ 82%] Built target px4_msgs
[2.716s] make[2]: Warning: File 'px4_msgs__py/CMakeFiles/px4_msgs__py.dir/progress.make' has modification time 517 s in the future
[2.735s] make[2]: warning:  Clock skew detected.  Your build may be incomplete.
[2.739s] make[2]: Warning: File 'px4_msgs__py/CMakeFiles/px4_msgs__py.dir/progress.make' has modification time 517 s in the future
[2.742s] make[2]: warning:  Clock skew detected.  Your build may be incomplete.
[2.755s] [ 84%] Built target px4_msgs__py
[2.766s] make[2]: Warning: File 'CMakeFiles/px4_msgs__python.dir/progress.make' has modification time 517 s in the future
[2.791s] make[2]: warning:  Clock skew detected.  Your build may be incomplete.
[2.798s] make[2]: Warning: File 'CMakeFiles/px4_msgs__python.dir/progress.make' has modification time 517 s in the future
[2.828s] make[2]: warning:  Clock skew detected.  Your build may be incomplete.
[2.840s] [ 88%] Built target px4_msgs__python
[2.854s] make[2]: Warning: File 'CMakeFiles/px4_msgs__rosidl_typesupport_c__pyext.dir/progress.make' has modification time 517 s in the future
[2.855s] make[2]: Warning: File 'CMakeFiles/px4_msgs__rosidl_typesupport_fastrtps_c__pyext.dir/progress.make' has modification time 517 s in the future
[2.858s] make[2]: Warning: File 'CMakeFiles/px4_msgs__rosidl_typesupport_opensplice_c__pyext.dir/progress.make' has modification time 517 s in the future
[2.869s] make[2]: Warning: File 'CMakeFiles/px4_msgs__rosidl_typesupport_introspection_c__pyext.dir/progress.make' has modification time 517 s in the future
[2.878s] make[2]: warning:  Clock skew detected.  Your build may be incomplete.
[2.879s] make[2]: warning:  Clock skew detected.  Your build may be incomplete.
[2.886s] make[2]: Warning: File 'CMakeFiles/px4_msgs__rosidl_typesupport_c__pyext.dir/progress.make' has modification time 517 s in the future
[2.887s] make[2]: Warning: File 'CMakeFiles/px4_msgs__rosidl_typesupport_fastrtps_c__pyext.dir/progress.make' has modification time 517 s in the future
[2.896s] make[2]: warning:  Clock skew detected.  Your build may be incomplete.
[2.901s] make[2]: warning:  Clock skew detected.  Your build may be incomplete.
[2.908s] make[2]: Warning: File 'CMakeFiles/px4_msgs__rosidl_typesupport_opensplice_c__pyext.dir/progress.make' has modification time 517 s in the future
[2.918s] make[2]: warning:  Clock skew detected.  Your build may be incomplete.
[2.920s] make[2]: warning:  Clock skew detected.  Your build may be incomplete.
[2.923s] make[2]: Warning: File 'CMakeFiles/px4_msgs__rosidl_typesupport_introspection_c__pyext.dir/progress.make' has modification time 517 s in the future
[2.935s] [ 91%] Built target px4_msgs__rosidl_typesupport_c__pyext
[2.944s] make[2]: warning:  Clock skew detected.  Your build may be incomplete.
[2.946s] [ 94%] Built target px4_msgs__rosidl_typesupport_fastrtps_c__pyext
[2.956s] make[2]: warning:  Clock skew detected.  Your build may be incomplete.
[2.962s] [ 97%] Built target px4_msgs__rosidl_typesupport_opensplice_c__pyext
[2.969s] [100%] Built target px4_msgs__rosidl_typesupport_introspection_c__pyext
[2.970s] make[1]: warning:  Clock skew detected.  Your build may be incomplete.
[2.984s] make: warning:  Clock skew detected.  Your build may be incomplete.
[2.990s] Invoked command in '/home/patryk/ros2_ws/build/px4_msgs' returned '0': CMAKE_PREFIX_PATH=${CMAKE_PREFIX_PATH}:/home/patryk/ros2_ws/install/controller /usr/local/bin/cmake --build /home/patryk/ros2_ws/build/px4_msgs -- -j4 -l4
[3.396s] Invoking command in '/home/patryk/ros2_ws/build/px4_msgs': CMAKE_PREFIX_PATH=${CMAKE_PREFIX_PATH}:/home/patryk/ros2_ws/install/controller /usr/local/bin/cmake --install /home/patryk/ros2_ws/build/px4_msgs
[3.410s] -- Install configuration: "Debug"
[3.419s] -- Execute custom install script
[3.424s] -- Up-to-date symlink: /home/patryk/ros2_ws/install/px4_msgs/share/ament_index/resource_index/rosidl_interfaces/px4_msgs
[3.429s] -- Up-to-date symlink: /home/patryk/ros2_ws/install/px4_msgs/lib/libpx4_msgs__rosidl_typesupport_c.so
[3.433s] -- Up-to-date symlink: /home/patryk/ros2_ws/install/px4_msgs/share/px4_msgs/environment/library_path.sh
[3.439s] -- Up-to-date symlink: /home/patryk/ros2_ws/install/px4_msgs/lib/libpx4_msgs__rosidl_typesupport_cpp.so
[3.448s] -- Up-to-date symlink: /home/patryk/ros2_ws/install/px4_msgs/include/px4_msgs/msg/manual_control_setpoint__rosidl_typesupport_fastrtps_c.h
[3.450s] -- Up-to-date symlink: /home/patryk/ros2_ws/install/px4_msgs/include/px4_msgs/msg/rosidl_typesupport_fastrtps_c__visibility_control.h
[3.453s] -- Up-to-date symlink: /home/patryk/ros2_ws/install/px4_msgs/include/px4_msgs/msg/vehicle_local_position__rosidl_typesupport_fastrtps_c.h
[3.460s] -- Up-to-date symlink: /home/patryk/ros2_ws/install/px4_msgs/lib/libpx4_msgs__rosidl_typesupport_fastrtps_c.so
[3.467s] -- Up-to-date symlink: /home/patryk/ros2_ws/install/px4_msgs/include/px4_msgs/msg/manual_control_setpoint.h
[3.469s] -- Up-to-date symlink: /home/patryk/ros2_ws/install/px4_msgs/include/px4_msgs/msg/manual_control_setpoint__functions.h
[3.472s] -- Up-to-date symlink: /home/patryk/ros2_ws/install/px4_msgs/include/px4_msgs/msg/manual_control_setpoint__struct.h
[3.474s] -- Up-to-date symlink: /home/patryk/ros2_ws/install/px4_msgs/include/px4_msgs/msg/manual_control_setpoint__type_support.h
[3.476s] -- Up-to-date symlink: /home/patryk/ros2_ws/install/px4_msgs/include/px4_msgs/msg/rosidl_generator_c__visibility_control.h
[3.479s] -- Up-to-date symlink: /home/patryk/ros2_ws/install/px4_msgs/include/px4_msgs/msg/vehicle_local_position.h
[3.481s] -- Up-to-date symlink: /home/patryk/ros2_ws/install/px4_msgs/include/px4_msgs/msg/vehicle_local_position__functions.h
[3.484s] -- Up-to-date symlink: /home/patryk/ros2_ws/install/px4_msgs/include/px4_msgs/msg/vehicle_local_position__struct.h
[3.486s] -- Up-to-date symlink: /home/patryk/ros2_ws/install/px4_msgs/include/px4_msgs/msg/vehicle_local_position__type_support.h
[3.492s] -- Up-to-date symlink: /home/patryk/ros2_ws/install/px4_msgs/lib/libpx4_msgs__rosidl_generator_c.so
[3.500s] -- Up-to-date symlink: /home/patryk/ros2_ws/install/px4_msgs/include/px4_msgs/msg/manual_control_setpoint__rosidl_typesupport_fastrtps_cpp.hpp
[3.502s] -- Up-to-date symlink: /home/patryk/ros2_ws/install/px4_msgs/include/px4_msgs/msg/rosidl_typesupport_fastrtps_cpp__visibility_control.h
[3.505s] -- Up-to-date symlink: /home/patryk/ros2_ws/install/px4_msgs/include/px4_msgs/msg/vehicle_local_position__rosidl_typesupport_fastrtps_cpp.hpp
[3.510s] -- Up-to-date symlink: /home/patryk/ros2_ws/install/px4_msgs/lib/libpx4_msgs__rosidl_typesupport_fastrtps_cpp.so
[3.517s] -- Up-to-date symlink: /home/patryk/ros2_ws/install/px4_msgs/include/px4_msgs/msg/manual_control_setpoint.hpp
[3.519s] -- Up-to-date symlink: /home/patryk/ros2_ws/install/px4_msgs/include/px4_msgs/msg/manual_control_setpoint__struct.hpp
[3.521s] -- Up-to-date symlink: /home/patryk/ros2_ws/install/px4_msgs/include/px4_msgs/msg/manual_control_setpoint__traits.hpp
[3.524s] -- Up-to-date symlink: /home/patryk/ros2_ws/install/px4_msgs/include/px4_msgs/msg/vehicle_local_position.hpp
[3.526s] -- Up-to-date symlink: /home/patryk/ros2_ws/install/px4_msgs/include/px4_msgs/msg/vehicle_local_position__struct.hpp
[3.529s] -- Up-to-date symlink: /home/patryk/ros2_ws/install/px4_msgs/include/px4_msgs/msg/vehicle_local_position__traits.hpp
[3.536s] -- Up-to-date symlink: /home/patryk/ros2_ws/install/px4_msgs/include/px4_msgs/msg/manual_control_setpoint__rosidl_typesupport_introspection_c.h
[3.538s] -- Up-to-date symlink: /home/patryk/ros2_ws/install/px4_msgs/include/px4_msgs/msg/rosidl_typesupport_introspection_c__visibility_control.h
[3.541s] -- Up-to-date symlink: /home/patryk/ros2_ws/install/px4_msgs/include/px4_msgs/msg/vehicle_local_position__rosidl_typesupport_introspection_c.h
[3.547s] -- Up-to-date symlink: /home/patryk/ros2_ws/install/px4_msgs/lib/libpx4_msgs__rosidl_typesupport_introspection_c.so
[3.555s] -- Up-to-date symlink: /home/patryk/ros2_ws/install/px4_msgs/include/px4_msgs/msg/manual_control_setpoint__rosidl_typesupport_opensplice_c.h
[3.557s] -- Up-to-date symlink: /home/patryk/ros2_ws/install/px4_msgs/include/px4_msgs/msg/rosidl_typesupport_opensplice_c__visibility_control.h
[3.561s] -- Up-to-date symlink: /home/patryk/ros2_ws/install/px4_msgs/include/px4_msgs/msg/vehicle_local_position__rosidl_typesupport_opensplice_c.h
[3.567s] -- Up-to-date symlink: /home/patryk/ros2_ws/install/px4_msgs/lib/libpx4_msgs__rosidl_typesupport_opensplice_c.so
[3.574s] -- Up-to-date symlink: /home/patryk/ros2_ws/install/px4_msgs/share/px4_msgs/msg/dds_opensplice/ManualControlSetpoint_.idl
[3.577s] -- Up-to-date symlink: /home/patryk/ros2_ws/install/px4_msgs/share/px4_msgs/msg/dds_opensplice/VehicleLocalPosition_.idl
[3.590s] -- Up-to-date symlink: /home/patryk/ros2_ws/install/px4_msgs/include/px4_msgs/msg/dds_opensplice/ManualControlSetpoint_.h
[3.592s] -- Up-to-date symlink: /home/patryk/ros2_ws/install/px4_msgs/include/px4_msgs/msg/dds_opensplice/ManualControlSetpoint_Dcps.h
[3.595s] -- Up-to-date symlink: /home/patryk/ros2_ws/install/px4_msgs/include/px4_msgs/msg/dds_opensplice/ManualControlSetpoint_Dcps_impl.h
[3.598s] -- Up-to-date symlink: /home/patryk/ros2_ws/install/px4_msgs/include/px4_msgs/msg/dds_opensplice/ManualControlSetpoint_SplDcps.h
[3.600s] -- Up-to-date symlink: /home/patryk/ros2_ws/install/px4_msgs/include/px4_msgs/msg/dds_opensplice/VehicleLocalPosition_.h
[3.603s] -- Up-to-date symlink: /home/patryk/ros2_ws/install/px4_msgs/include/px4_msgs/msg/dds_opensplice/VehicleLocalPosition_Dcps.h
[3.606s] -- Up-to-date symlink: /home/patryk/ros2_ws/install/px4_msgs/include/px4_msgs/msg/dds_opensplice/VehicleLocalPosition_Dcps_impl.h
[3.609s] -- Up-to-date symlink: /home/patryk/ros2_ws/install/px4_msgs/include/px4_msgs/msg/dds_opensplice/VehicleLocalPosition_SplDcps.h
[3.611s] -- Up-to-date symlink: /home/patryk/ros2_ws/install/px4_msgs/include/px4_msgs/msg/dds_opensplice/ccpp_ManualControlSetpoint_.h
[3.614s] -- Up-to-date symlink: /home/patryk/ros2_ws/install/px4_msgs/include/px4_msgs/msg/dds_opensplice/ccpp_VehicleLocalPosition_.h
[3.617s] -- Up-to-date symlink: /home/patryk/ros2_ws/install/px4_msgs/include/px4_msgs/msg/manual_control_setpoint__rosidl_typesupport_opensplice_cpp.hpp
[3.619s] -- Up-to-date symlink: /home/patryk/ros2_ws/install/px4_msgs/include/px4_msgs/msg/rosidl_typesupport_opensplice_cpp__visibility_control.h
[3.622s] -- Up-to-date symlink: /home/patryk/ros2_ws/install/px4_msgs/include/px4_msgs/msg/vehicle_local_position__rosidl_typesupport_opensplice_cpp.hpp
[3.628s] -- Up-to-date symlink: /home/patryk/ros2_ws/install/px4_msgs/lib/libpx4_msgs__rosidl_typesupport_opensplice_cpp.so
[3.635s] -- Up-to-date symlink: /home/patryk/ros2_ws/install/px4_msgs/include/px4_msgs/msg/manual_control_setpoint__rosidl_typesupport_introspection_cpp.hpp
[3.637s] -- Up-to-date symlink: /home/patryk/ros2_ws/install/px4_msgs/include/px4_msgs/msg/vehicle_local_position__rosidl_typesupport_introspection_cpp.hpp
[3.643s] -- Up-to-date symlink: /home/patryk/ros2_ws/install/px4_msgs/lib/libpx4_msgs__rosidl_typesupport_introspection_cpp.so
[3.647s] -- Up-to-date symlink: /home/patryk/ros2_ws/install/px4_msgs/share/px4_msgs/environment/pythonpath.sh
[3.651s] -- Up-to-date symlink: /home/patryk/ros2_ws/install/px4_msgs/lib/python3.6/site-packages/px4_msgs/__init__.py
[3.659s] -- Up-to-date symlink: /home/patryk/ros2_ws/install/px4_msgs/lib/python3.6/site-packages/px4_msgs/msg/__init__.py
[3.662s] -- Up-to-date symlink: /home/patryk/ros2_ws/install/px4_msgs/lib/python3.6/site-packages/px4_msgs/msg/_manual_control_setpoint.py
[3.664s] -- Up-to-date symlink: /home/patryk/ros2_ws/install/px4_msgs/lib/python3.6/site-packages/px4_msgs/msg/_vehicle_local_position.py
[3.670s] -- Up-to-date symlink: /home/patryk/ros2_ws/install/px4_msgs/lib/python3.6/site-packages/px4_msgs/px4_msgs_s__rosidl_typesupport_c.cpython-36m-aarch64-linux-gnu.so
[3.676s] -- Up-to-date symlink: /home/patryk/ros2_ws/install/px4_msgs/lib/python3.6/site-packages/px4_msgs/px4_msgs_s__rosidl_typesupport_introspection_c.cpython-36m-aarch64-linux-gnu.so
[3.683s] -- Up-to-date symlink: /home/patryk/ros2_ws/install/px4_msgs/lib/python3.6/site-packages/px4_msgs/px4_msgs_s__rosidl_typesupport_fastrtps_c.cpython-36m-aarch64-linux-gnu.so
[3.689s] -- Up-to-date symlink: /home/patryk/ros2_ws/install/px4_msgs/lib/python3.6/site-packages/px4_msgs/px4_msgs_s__rosidl_typesupport_opensplice_c.cpython-36m-aarch64-linux-gnu.so
[3.695s] -- Up-to-date symlink: /home/patryk/ros2_ws/install/px4_msgs/lib/libpx4_msgs__python.so
[3.699s] -- Up-to-date symlink: /home/patryk/ros2_ws/install/px4_msgs/share/px4_msgs/msg/ManualControlSetpoint.idl
[3.703s] -- Up-to-date symlink: /home/patryk/ros2_ws/install/px4_msgs/share/px4_msgs/msg/VehicleLocalPosition.idl
[3.707s] -- Up-to-date symlink: /home/patryk/ros2_ws/install/px4_msgs/share/px4_msgs/msg/ManualControlSetpoint.msg
[3.711s] -- Up-to-date symlink: /home/patryk/ros2_ws/install/px4_msgs/share/px4_msgs/msg/VehicleLocalPosition.msg
[3.715s] -- Up-to-date symlink: /home/patryk/ros2_ws/install/px4_msgs/share/ament_index/resource_index/package_run_dependencies/px4_msgs
[3.720s] -- Up-to-date symlink: /home/patryk/ros2_ws/install/px4_msgs/share/ament_index/resource_index/parent_prefix_path/px4_msgs
[3.723s] -- Up-to-date symlink: /home/patryk/ros2_ws/install/px4_msgs/share/px4_msgs/environment/ament_prefix_path.sh
[3.726s] -- Up-to-date symlink: /home/patryk/ros2_ws/install/px4_msgs/share/px4_msgs/environment/path.sh
[3.730s] -- Up-to-date symlink: /home/patryk/ros2_ws/install/px4_msgs/share/px4_msgs/local_setup.bash
[3.733s] -- Up-to-date symlink: /home/patryk/ros2_ws/install/px4_msgs/share/px4_msgs/local_setup.sh
[3.737s] -- Up-to-date symlink: /home/patryk/ros2_ws/install/px4_msgs/share/px4_msgs/local_setup.zsh
[3.742s] -- Up-to-date symlink: /home/patryk/ros2_ws/install/px4_msgs/share/ament_index/resource_index/packages/px4_msgs
[3.748s] -- Up-to-date symlink: /home/patryk/ros2_ws/install/px4_msgs/share/px4_msgs/cmake/rosidl_cmake-extras.cmake
[3.752s] -- Up-to-date symlink: /home/patryk/ros2_ws/install/px4_msgs/share/px4_msgs/cmake/ament_cmake_export_libraries-extras.cmake
[3.756s] -- Up-to-date symlink: /home/patryk/ros2_ws/install/px4_msgs/share/px4_msgs/cmake/ament_cmake_export_include_directories-extras.cmake
[3.761s] -- Up-to-date symlink: /home/patryk/ros2_ws/install/px4_msgs/share/px4_msgs/cmake/rosidl_cmake_export_typesupport_libraries-extras.cmake
[3.767s] -- Up-to-date symlink: /home/patryk/ros2_ws/install/px4_msgs/share/px4_msgs/cmake/ament_cmake_export_dependencies-extras.cmake
[3.771s] -- Up-to-date symlink: /home/patryk/ros2_ws/install/px4_msgs/share/px4_msgs/cmake/px4_msgsConfig.cmake
[3.774s] -- Up-to-date symlink: /home/patryk/ros2_ws/install/px4_msgs/share/px4_msgs/cmake/px4_msgsConfig-version.cmake
[3.777s] -- Up-to-date symlink: /home/patryk/ros2_ws/install/px4_msgs/share/px4_msgs/package.xml
[4.109s] Invoked command in '/home/patryk/ros2_ws/build/px4_msgs' returned '0': CMAKE_PREFIX_PATH=${CMAKE_PREFIX_PATH}:/home/patryk/ros2_ws/install/controller /usr/local/bin/cmake --install /home/patryk/ros2_ws/build/px4_msgs
