[6.517s] Invoking command in '/home/patryk/ros2_ws/src/controller': PYTHONPATH=/home/patryk/ros2_ws/build/controller/prefix_override:/home/patryk/ros2_ws/install/controller/lib/python3.6/site-packages:${PYTHONPATH} /usr/bin/python3 setup.py egg_info --egg-base ../../build/controller build --build-base /home/patryk/ros2_ws/build/controller/build install --record /home/patryk/ros2_ws/build/controller/install.log --install-scripts $base/lib/controller --single-version-externally-managed
[8.232s] /home/patryk/.local/lib/python3.6/site-packages/setuptools/dist.py:720: UserWarning: Usage of dash-separated 'script-dir' will not be supported in future versions. Please use the underscore name 'script_dir' instead
[8.233s]   % (opt, underscore_opt)
[8.643s] running egg_info
[8.647s] writing ../../build/controller/controller.egg-info/PKG-INFO
[8.655s] writing dependency_links to ../../build/controller/controller.egg-info/dependency_links.txt
[8.656s] writing entry points to ../../build/controller/controller.egg-info/entry_points.txt
[8.656s] writing requirements to ../../build/controller/controller.egg-info/requires.txt
[8.657s] writing top-level names to ../../build/controller/controller.egg-info/top_level.txt
[8.775s] reading manifest file '../../build/controller/controller.egg-info/SOURCES.txt'
[8.783s] writing manifest file '../../build/controller/controller.egg-info/SOURCES.txt'
[8.785s] running build
[8.786s] running build_py
[8.789s] copying controller/controller.py -> /home/patryk/ros2_ws/build/controller/build/lib/controller
[8.791s] running install
[8.793s] running install_lib
[8.800s] copying /home/patryk/ros2_ws/build/controller/build/lib/controller/controller.py -> /home/patryk/ros2_ws/install/controller/lib/python3.6/site-packages/controller
[8.807s] byte-compiling /home/patryk/ros2_ws/install/controller/lib/python3.6/site-packages/controller/controller.py to controller.cpython-36.pyc
[8.818s] running install_data
[8.824s] running install_egg_info
[8.836s] removing '/home/patryk/ros2_ws/install/controller/lib/python3.6/site-packages/controller-0.0.0-py3.6.egg-info' (and everything under it)
[8.837s] Copying ../../build/controller/controller.egg-info to /home/patryk/ros2_ws/install/controller/lib/python3.6/site-packages/controller-0.0.0-py3.6.egg-info
[8.843s] running install_scripts
[8.974s] Installing controller script to /home/patryk/ros2_ws/install/controller/lib/controller
[8.978s] writing list of installed files to '/home/patryk/ros2_ws/build/controller/install.log'
[9.100s] Invoked command in '/home/patryk/ros2_ws/src/controller' returned '0': PYTHONPATH=/home/patryk/ros2_ws/build/controller/prefix_override:/home/patryk/ros2_ws/install/controller/lib/python3.6/site-packages:${PYTHONPATH} /usr/bin/python3 setup.py egg_info --egg-base ../../build/controller build --build-base /home/patryk/ros2_ws/build/controller/build install --record /home/patryk/ros2_ws/build/controller/install.log --install-scripts $base/lib/controller --single-version-externally-managed
