[2.409s] DEBUG:colcon:Command line arguments: ['/usr/bin/colcon', 'build']
[2.410s] DEBUG:colcon:Parsed command line arguments: Namespace(allow_overriding=[], ament_cmake_args=None, base_paths=['.'], build_base='build', catkin_cmake_args=None, catkin_skip_building_tests=False, cmake_args=None, cmake_clean_cache=False, cmake_clean_first=False, cmake_force_configure=False, cmake_target=None, cmake_target_skip_unavailable=False, continue_on_error=False, event_handlers=None, executor='parallel', ignore_user_meta=False, install_base='install', log_base=None, log_level=None, main=<bound method BuildVerb.main of <colcon_core.verb.build.BuildVerb object at 0x7fb2951470>>, merge_install=False, metas=['./colcon.meta'], packages_above=None, packages_above_and_dependencies=None, packages_above_depth=None, packages_end=None, packages_ignore=None, packages_ignore_regex=None, packages_select=None, packages_select_build_failed=False, packages_select_by_dep=None, packages_select_regex=None, packages_select_test_failures=False, packages_skip=None, packages_skip_build_finished=False, packages_skip_by_dep=None, packages_skip_regex=None, packages_skip_test_passed=False, packages_skip_up_to=None, packages_start=None, packages_up_to=None, packages_up_to_regex=None, parallel_workers=4, paths=None, symlink_install=False, test_result_base=None, verb_extension=<colcon_core.verb.build.BuildVerb object at 0x7fb2951470>, verb_name='build', verb_parser=<colcon_defaults.argument_parser.defaults.DefaultArgumentsDecorator object at 0x7fb29517f0>)
[2.571s] Level 1:colcon.colcon_core.package_discovery:discover_packages(colcon_meta) check parameters
[2.572s] Level 1:colcon.colcon_core.package_discovery:discover_packages(recursive) check parameters
[2.572s] Level 1:colcon.colcon_core.package_discovery:discover_packages(ignore) check parameters
[2.573s] Level 1:colcon.colcon_core.package_discovery:discover_packages(path) check parameters
[2.573s] Level 1:colcon.colcon_core.package_discovery:discover_packages(colcon_meta) discover
[2.575s] Level 1:colcon.colcon_core.package_discovery:discover_packages(recursive) discover
[2.575s] INFO:colcon.colcon_core.package_discovery:Crawling recursively for packages in '/home/patryk/ros2_ws'
[2.575s] Level 1:colcon.colcon_core.package_identification:_identify(.) by extensions ['ignore', 'ignore_ament_install']
[2.576s] Level 1:colcon.colcon_core.package_identification:_identify(.) by extension 'ignore'
[2.576s] Level 1:colcon.colcon_core.package_identification:_identify(.) by extension 'ignore_ament_install'
[2.577s] Level 1:colcon.colcon_core.package_identification:_identify(.) by extensions ['colcon_pkg']
[2.577s] Level 1:colcon.colcon_core.package_identification:_identify(.) by extension 'colcon_pkg'
[2.577s] Level 1:colcon.colcon_core.package_identification:_identify(.) by extensions ['colcon_meta']
[2.578s] Level 1:colcon.colcon_core.package_identification:_identify(.) by extension 'colcon_meta'
[2.578s] Level 1:colcon.colcon_core.package_identification:_identify(.) by extensions ['ros']
[2.578s] Level 1:colcon.colcon_core.package_identification:_identify(.) by extension 'ros'
[2.686s] Level 1:colcon.colcon_core.package_identification:_identify(.) by extensions ['cmake', 'python']
[2.687s] Level 1:colcon.colcon_core.package_identification:_identify(.) by extension 'cmake'
[2.687s] Level 1:colcon.colcon_core.package_identification:_identify(.) by extension 'python'
[2.687s] Level 1:colcon.colcon_core.package_identification:_identify(.) by extensions ['python_setup_py']
[2.687s] Level 1:colcon.colcon_core.package_identification:_identify(.) by extension 'python_setup_py'
[2.688s] Level 1:colcon.colcon_core.package_identification:_identify(build) by extensions ['ignore', 'ignore_ament_install']
[2.688s] Level 1:colcon.colcon_core.package_identification:_identify(build) by extension 'ignore'
[2.689s] Level 1:colcon.colcon_core.package_identification:_identify(build) ignored
[2.691s] Level 1:colcon.colcon_core.package_identification:_identify(install) by extensions ['ignore', 'ignore_ament_install']
[2.691s] Level 1:colcon.colcon_core.package_identification:_identify(install) by extension 'ignore'
[2.691s] Level 1:colcon.colcon_core.package_identification:_identify(install) ignored
[2.692s] Level 1:colcon.colcon_core.package_identification:_identify(log) by extensions ['ignore', 'ignore_ament_install']
[2.693s] Level 1:colcon.colcon_core.package_identification:_identify(log) by extension 'ignore'
[2.693s] Level 1:colcon.colcon_core.package_identification:_identify(log) ignored
[2.693s] Level 1:colcon.colcon_core.package_identification:_identify(src) by extensions ['ignore', 'ignore_ament_install']
[2.694s] Level 1:colcon.colcon_core.package_identification:_identify(src) by extension 'ignore'
[2.694s] Level 1:colcon.colcon_core.package_identification:_identify(src) by extension 'ignore_ament_install'
[2.694s] Level 1:colcon.colcon_core.package_identification:_identify(src) by extensions ['colcon_pkg']
[2.695s] Level 1:colcon.colcon_core.package_identification:_identify(src) by extension 'colcon_pkg'
[2.695s] Level 1:colcon.colcon_core.package_identification:_identify(src) by extensions ['colcon_meta']
[2.695s] Level 1:colcon.colcon_core.package_identification:_identify(src) by extension 'colcon_meta'
[2.695s] Level 1:colcon.colcon_core.package_identification:_identify(src) by extensions ['ros']
[2.696s] Level 1:colcon.colcon_core.package_identification:_identify(src) by extension 'ros'
[2.696s] Level 1:colcon.colcon_core.package_identification:_identify(src) by extensions ['cmake', 'python']
[2.696s] Level 1:colcon.colcon_core.package_identification:_identify(src) by extension 'cmake'
[2.697s] Level 1:colcon.colcon_core.package_identification:_identify(src) by extension 'python'
[2.697s] Level 1:colcon.colcon_core.package_identification:_identify(src) by extensions ['python_setup_py']
[2.697s] Level 1:colcon.colcon_core.package_identification:_identify(src) by extension 'python_setup_py'
[2.698s] Level 1:colcon.colcon_core.package_identification:_identify(src/controller) by extensions ['ignore', 'ignore_ament_install']
[2.698s] Level 1:colcon.colcon_core.package_identification:_identify(src/controller) by extension 'ignore'
[2.698s] Level 1:colcon.colcon_core.package_identification:_identify(src/controller) by extension 'ignore_ament_install'
[2.699s] Level 1:colcon.colcon_core.package_identification:_identify(src/controller) by extensions ['colcon_pkg']
[2.699s] Level 1:colcon.colcon_core.package_identification:_identify(src/controller) by extension 'colcon_pkg'
[2.699s] Level 1:colcon.colcon_core.package_identification:_identify(src/controller) by extensions ['colcon_meta']
[2.699s] Level 1:colcon.colcon_core.package_identification:_identify(src/controller) by extension 'colcon_meta'
[2.699s] Level 1:colcon.colcon_core.package_identification:_identify(src/controller) by extensions ['ros']
[2.700s] Level 1:colcon.colcon_core.package_identification:_identify(src/controller) by extension 'ros'
[2.718s] DEBUG:colcon.colcon_core.package_identification:Package 'src/controller' with type 'ros.ament_python' and name 'controller'
[2.719s] Level 1:colcon.colcon_core.package_discovery:discover_packages(recursive) using defaults
[2.720s] Level 1:colcon.colcon_core.package_discovery:discover_packages(ignore) discover
[2.720s] Level 1:colcon.colcon_core.package_discovery:discover_packages(ignore) using defaults
[2.720s] Level 1:colcon.colcon_core.package_discovery:discover_packages(path) discover
[2.720s] Level 1:colcon.colcon_core.package_discovery:discover_packages(path) using defaults
[2.890s] Level 1:colcon.colcon_core.package_discovery:discover_packages(prefix_path) check parameters
[2.891s] Level 1:colcon.colcon_core.package_discovery:discover_packages(prefix_path) discover
[2.955s] DEBUG:colcon.colcon_installed_package_information.package_discovery:Found 264 installed packages in /home/patryk/ros2_dashing/ros2-linux
[2.968s] Level 1:colcon.colcon_core.package_discovery:discover_packages(prefix_path) using defaults
[3.610s] Level 5:colcon.colcon_core.verb:set package 'controller' build argument 'cmake_args' from command line to 'None'
[3.611s] Level 5:colcon.colcon_core.verb:set package 'controller' build argument 'cmake_target' from command line to 'None'
[3.611s] Level 5:colcon.colcon_core.verb:set package 'controller' build argument 'cmake_target_skip_unavailable' from command line to 'False'
[3.611s] Level 5:colcon.colcon_core.verb:set package 'controller' build argument 'cmake_clean_cache' from command line to 'False'
[3.611s] Level 5:colcon.colcon_core.verb:set package 'controller' build argument 'cmake_clean_first' from command line to 'False'
[3.612s] Level 5:colcon.colcon_core.verb:set package 'controller' build argument 'cmake_force_configure' from command line to 'False'
[3.612s] Level 5:colcon.colcon_core.verb:set package 'controller' build argument 'ament_cmake_args' from command line to 'None'
[3.612s] Level 5:colcon.colcon_core.verb:set package 'controller' build argument 'catkin_cmake_args' from command line to 'None'
[3.612s] Level 5:colcon.colcon_core.verb:set package 'controller' build argument 'catkin_skip_building_tests' from command line to 'False'
[3.613s] DEBUG:colcon.colcon_core.verb:Building package 'controller' with the following arguments: {'ament_cmake_args': None, 'build_base': '/home/patryk/ros2_ws/build/controller', 'catkin_cmake_args': None, 'catkin_skip_building_tests': False, 'cmake_args': None, 'cmake_clean_cache': False, 'cmake_clean_first': False, 'cmake_force_configure': False, 'cmake_target': None, 'cmake_target_skip_unavailable': False, 'install_base': '/home/patryk/ros2_ws/install/controller', 'merge_install': False, 'path': '/home/patryk/ros2_ws/src/controller', 'symlink_install': False, 'test_result_base': None}
[3.614s] INFO:colcon.colcon_core.executor:Executing jobs using 'parallel' executor
[3.623s] DEBUG:colcon.colcon_parallel_executor.executor.parallel:run_until_complete
[3.624s] INFO:colcon.colcon_ros.task.ament_python.build:Building ROS package in '/home/patryk/ros2_ws/src/controller' with build type 'ament_python'
[3.625s] Level 1:colcon.colcon_core.shell:create_environment_hook('controller', 'ament_prefix_path')
[3.645s] INFO:colcon.colcon_core.plugin_system:Skipping extension 'colcon_core.shell.bat': Not used on non-Windows systems
[3.646s] INFO:colcon.colcon_core.shell:Creating environment hook '/home/patryk/ros2_ws/install/controller/share/controller/hook/ament_prefix_path.ps1'
[3.650s] INFO:colcon.colcon_core.shell:Creating environment descriptor '/home/patryk/ros2_ws/install/controller/share/controller/hook/ament_prefix_path.dsv'
[3.653s] INFO:colcon.colcon_core.shell:Creating environment hook '/home/patryk/ros2_ws/install/controller/share/controller/hook/ament_prefix_path.sh'
[3.660s] INFO:colcon.colcon_core.shell:Skip shell extension 'powershell' for command environment: Not usable outside of PowerShell
[3.660s] DEBUG:colcon.colcon_core.shell:Skip shell extension 'dsv' for command environment
[5.421s] INFO:colcon.colcon_core.task.python.build:Building Python package in '/home/patryk/ros2_ws/src/controller'
[5.424s] INFO:colcon.colcon_core.shell:Skip shell extension 'powershell' for command environment: Not usable outside of PowerShell
[5.424s] DEBUG:colcon.colcon_core.shell:Skip shell extension 'dsv' for command environment
[8.336s] DEBUG:colcon.colcon_core.event_handler.log_command:Invoking command in '/home/patryk/ros2_ws/src/controller': PYTHONPATH=/home/patryk/ros2_ws/build/controller/prefix_override:/home/patryk/ros2_ws/install/controller/lib/python3.6/site-packages:${PYTHONPATH} /usr/bin/python3 setup.py egg_info --egg-base ../../build/controller build --build-base /home/patryk/ros2_ws/build/controller/build install --record /home/patryk/ros2_ws/build/controller/install.log --install-scripts $base/lib/controller --single-version-externally-managed
[10.379s] DEBUG:colcon.colcon_core.event_handler.log_command:Invoked command in '/home/patryk/ros2_ws/src/controller' returned '0': PYTHONPATH=/home/patryk/ros2_ws/build/controller/prefix_override:/home/patryk/ros2_ws/install/controller/lib/python3.6/site-packages:${PYTHONPATH} /usr/bin/python3 setup.py egg_info --egg-base ../../build/controller build --build-base /home/patryk/ros2_ws/build/controller/build install --record /home/patryk/ros2_ws/build/controller/install.log --install-scripts $base/lib/controller --single-version-externally-managed
[10.403s] Level 1:colcon.colcon_core.environment:checking '/home/patryk/ros2_ws/install/controller' for CMake module files
[10.406s] Level 1:colcon.colcon_core.environment:checking '/home/patryk/ros2_ws/install/controller' for CMake config files
[10.411s] Level 1:colcon.colcon_core.environment:checking '/home/patryk/ros2_ws/install/controller/lib'
[10.412s] Level 1:colcon.colcon_core.environment:checking '/home/patryk/ros2_ws/install/controller/bin'
[10.412s] Level 1:colcon.colcon_core.environment:checking '/home/patryk/ros2_ws/install/controller/lib/pkgconfig/controller.pc'
[10.413s] Level 1:colcon.colcon_core.environment:checking '/home/patryk/ros2_ws/install/controller/lib/python3.6/site-packages'
[10.414s] Level 1:colcon.colcon_core.shell:create_environment_hook('controller', 'pythonpath')
[10.416s] INFO:colcon.colcon_core.shell:Creating environment hook '/home/patryk/ros2_ws/install/controller/share/controller/hook/pythonpath.ps1'
[10.418s] INFO:colcon.colcon_core.shell:Creating environment descriptor '/home/patryk/ros2_ws/install/controller/share/controller/hook/pythonpath.dsv'
[10.420s] INFO:colcon.colcon_core.shell:Creating environment hook '/home/patryk/ros2_ws/install/controller/share/controller/hook/pythonpath.sh'
[10.422s] Level 1:colcon.colcon_core.environment:checking '/home/patryk/ros2_ws/install/controller/bin'
[10.422s] Level 1:colcon.colcon_core.environment:create_environment_scripts_only(controller)
[10.425s] INFO:colcon.colcon_core.shell:Creating package script '/home/patryk/ros2_ws/install/controller/share/controller/package.ps1'
[10.432s] INFO:colcon.colcon_core.shell:Creating package descriptor '/home/patryk/ros2_ws/install/controller/share/controller/package.dsv'
[10.436s] INFO:colcon.colcon_core.shell:Creating package script '/home/patryk/ros2_ws/install/controller/share/controller/package.sh'
[10.442s] INFO:colcon.colcon_core.shell:Creating package script '/home/patryk/ros2_ws/install/controller/share/controller/package.bash'
[10.448s] INFO:colcon.colcon_core.shell:Creating package script '/home/patryk/ros2_ws/install/controller/share/controller/package.zsh'
[10.454s] Level 1:colcon.colcon_core.environment:create_file_with_runtime_dependencies(/home/patryk/ros2_ws/install/controller/share/colcon-core/packages/controller)
[10.456s] DEBUG:colcon.colcon_parallel_executor.executor.parallel:closing loop
[10.458s] DEBUG:colcon.colcon_parallel_executor.executor.parallel:loop closed
[10.459s] DEBUG:colcon.colcon_parallel_executor.executor.parallel:run_until_complete finished with '0'
[10.459s] DEBUG:colcon.colcon_core.event_reactor:joining thread
[10.497s] INFO:colcon.colcon_core.plugin_system:Skipping extension 'colcon_notification.desktop_notification.terminal_notifier': Not used on non-Darwin systems
[10.498s] INFO:colcon.colcon_core.plugin_system:Skipping extension 'colcon_notification.desktop_notification.win32': Not used on non-Windows systems
[10.498s] INFO:colcon.colcon_notification.desktop_notification:Sending desktop notification using 'notify2'
[10.681s] DEBUG:colcon.colcon_core.event_reactor:joined thread
[10.683s] INFO:colcon.colcon_core.shell:Creating prefix script '/home/patryk/ros2_ws/install/local_setup.ps1'
[10.691s] INFO:colcon.colcon_core.shell:Creating prefix util module '/home/patryk/ros2_ws/install/_local_setup_util_ps1.py'
[10.703s] INFO:colcon.colcon_core.shell:Creating prefix chain script '/home/patryk/ros2_ws/install/setup.ps1'
[10.710s] INFO:colcon.colcon_core.shell:Creating prefix script '/home/patryk/ros2_ws/install/local_setup.sh'
[10.714s] INFO:colcon.colcon_core.shell:Creating prefix util module '/home/patryk/ros2_ws/install/_local_setup_util_sh.py'
[10.717s] INFO:colcon.colcon_core.shell:Creating prefix chain script '/home/patryk/ros2_ws/install/setup.sh'
[10.725s] INFO:colcon.colcon_core.shell:Creating prefix script '/home/patryk/ros2_ws/install/local_setup.bash'
[10.729s] INFO:colcon.colcon_core.shell:Creating prefix chain script '/home/patryk/ros2_ws/install/setup.bash'
[10.736s] INFO:colcon.colcon_core.shell:Creating prefix script '/home/patryk/ros2_ws/install/local_setup.zsh'
[10.741s] INFO:colcon.colcon_core.shell:Creating prefix chain script '/home/patryk/ros2_ws/install/setup.zsh'
