[2.012s] Invoking command in '/home/patryk/ros2_ws/build/px4_msgs': CMAKE_PREFIX_PATH=${CMAKE_PREFIX_PATH}:/home/patryk/ros2_ws/install/controller /usr/bin/cmake --build /home/patryk/ros2_ws/build/px4_msgs -- -j4 -l4
[2.158s] make: Warning: File 'Makefile' has modification time 842 s in the future
[2.354s] make[1]: Warning: File 'CMakeFiles/Makefile2' has modification time 842 s in the future
[2.361s] make[2]: Warning: File 'CMakeFiles/px4_msgs__cpp.dir/progress.make' has modification time 842 s in the future
[2.366s] make[2]: Warning: File 'CMakeFiles/px4_msgs__dds_opensplice_idl.dir/progress.make' has modification time 842 s in the future
[2.373s] make[2]: Warning: File 'CMakeFiles/px4_msgs__rosidl_generator_c.dir/progress.make' has modification time 842 s in the future
[2.438s] make[2]: warning:  Clock skew detected.  Your build may be incomplete.
[2.439s] make[2]: warning:  Clock skew detected.  Your build may be incomplete.
[2.444s] make[2]: Warning: File 'CMakeFiles/px4_msgs__dds_opensplice_idl.dir/progress.make' has modification time 842 s in the future
[2.446s] make[2]: warning:  Clock skew detected.  Your build may be incomplete.
[2.448s] make[2]: Warning: File 'CMakeFiles/px4_msgs__rosidl_generator_c.dir/progress.make' has modification time 842 s in the future
[2.451s] make[2]: warning:  Clock skew detected.  Your build may be incomplete.
[2.453s] make[2]: warning:  Clock skew detected.  Your build may be incomplete.
[2.458s] make[2]: Warning: File 'CMakeFiles/px4_msgs__cpp.dir/progress.make' has modification time 842 s in the future
[2.472s] make[2]: warning:  Clock skew detected.  Your build may be incomplete.
[2.495s] [  5%] Built target px4_msgs__rosidl_generator_c
[2.512s] [  7%] Built target px4_msgs__dds_opensplice_idl
[2.518s] make[2]: Warning: File 'CMakeFiles/px4_msgs__rosidl_typesupport_c.dir/progress.make' has modification time 841 s in the future
[2.519s] make[2]: Warning: File 'CMakeFiles/px4_msgs__rosidl_typesupport_introspection_c.dir/progress.make' has modification time 841 s in the future
[2.520s] [  9%] Built target px4_msgs__cpp
[2.536s] make[2]: Warning: File 'CMakeFiles/px4_msgs__rosidl_typesupport_fastrtps_cpp.dir/progress.make' has modification time 841 s in the future
[2.538s] make[2]: Warning: File 'CMakeFiles/px4_msgs__rosidl_typesupport_introspection_cpp.dir/progress.make' has modification time 841 s in the future
[2.591s] make[2]: warning:  Clock skew detected.  Your build may be incomplete.
[2.599s] make[2]: warning:  Clock skew detected.  Your build may be incomplete.
[2.602s] make[2]: Warning: File 'CMakeFiles/px4_msgs__rosidl_typesupport_introspection_c.dir/progress.make' has modification time 841 s in the future
[2.613s] make[2]: warning:  Clock skew detected.  Your build may be incomplete.
[2.617s] make[2]: Warning: File 'CMakeFiles/px4_msgs__rosidl_typesupport_c.dir/progress.make' has modification time 841 s in the future
[2.628s] make[2]: warning:  Clock skew detected.  Your build may be incomplete.
[2.638s] make[2]: warning:  Clock skew detected.  Your build may be incomplete.
[2.639s] make[2]: warning:  Clock skew detected.  Your build may be incomplete.
[2.646s] make[2]: Warning: File 'CMakeFiles/px4_msgs__rosidl_typesupport_fastrtps_cpp.dir/progress.make' has modification time 841 s in the future
[2.652s] make[2]: Warning: File 'CMakeFiles/px4_msgs__rosidl_typesupport_introspection_cpp.dir/progress.make' has modification time 841 s in the future
[2.665s] make[2]: warning:  Clock skew detected.  Your build may be incomplete.
[2.674s] [ 15%] Built target px4_msgs__rosidl_typesupport_c
[2.687s] make[2]: warning:  Clock skew detected.  Your build may be incomplete.
[2.694s] [ 21%] Built target px4_msgs__rosidl_typesupport_introspection_c
[2.699s] make[2]: Warning: File 'CMakeFiles/px4_msgs__rosidl_typesupport_cpp.dir/progress.make' has modification time 841 s in the future
[2.707s] [ 27%] Built target px4_msgs__rosidl_typesupport_introspection_cpp
[2.740s] make[2]: Warning: File 'CMakeFiles/px4_msgs__rosidl_typesupport_opensplice_cpp.dir/progress.make' has modification time 841 s in the future
[2.743s] [ 33%] Built target px4_msgs__rosidl_typesupport_fastrtps_cpp
[2.761s] make[2]: warning:  Clock skew detected.  Your build may be incomplete.
[2.763s] make[2]: Warning: File 'CMakeFiles/px4_msgs__rosidl_typesupport_fastrtps_c.dir/progress.make' has modification time 841 s in the future
[2.783s] make[2]: Warning: File 'CMakeFiles/px4_msgs__rosidl_typesupport_cpp.dir/progress.make' has modification time 841 s in the future
[2.787s] make[2]: warning:  Clock skew detected.  Your build may be incomplete.
[2.817s] make[2]: warning:  Clock skew detected.  Your build may be incomplete.
[2.827s] make[2]: Warning: File 'CMakeFiles/px4_msgs__rosidl_typesupport_fastrtps_c.dir/progress.make' has modification time 841 s in the future
[2.844s] [ 39%] Built target px4_msgs__rosidl_typesupport_cpp
[2.866s] make[2]: warning:  Clock skew detected.  Your build may be incomplete.
[2.868s] make[2]: warning:  Clock skew detected.  Your build may be incomplete.
[2.887s] make[2]: Warning: File 'CMakeFiles/px4_msgs__rosidl_typesupport_opensplice_cpp.dir/progress.make' has modification time 841 s in the future
[2.903s] make[2]: warning:  Clock skew detected.  Your build may be incomplete.
[2.914s] [ 45%] Built target px4_msgs__rosidl_typesupport_fastrtps_c
[2.946s] [ 60%] Built target px4_msgs__rosidl_typesupport_opensplice_cpp
[2.973s] make[2]: Warning: File 'CMakeFiles/px4_msgs__rosidl_typesupport_opensplice_c.dir/progress.make' has modification time 841 s in the future
[3.041s] make[2]: warning:  Clock skew detected.  Your build may be incomplete.
[3.063s] make[2]: Warning: File 'CMakeFiles/px4_msgs__rosidl_typesupport_opensplice_c.dir/progress.make' has modification time 841 s in the future
[3.080s] make[2]: warning:  Clock skew detected.  Your build may be incomplete.
[3.119s] [ 78%] Built target px4_msgs__rosidl_typesupport_opensplice_c
[3.131s] make[2]: Warning: File 'CMakeFiles/px4_msgs.dir/progress.make' has modification time 841 s in the future
[3.177s] make[2]: warning:  Clock skew detected.  Your build may be incomplete.
[3.182s] make[2]: Warning: File 'CMakeFiles/px4_msgs.dir/progress.make' has modification time 841 s in the future
[3.183s] make[2]: warning:  Clock skew detected.  Your build may be incomplete.
[3.219s] [ 78%] Built target px4_msgs
[3.228s] make[2]: Warning: File 'px4_msgs__py/CMakeFiles/px4_msgs__py.dir/progress.make' has modification time 841 s in the future
[3.277s] make[2]: warning:  Clock skew detected.  Your build may be incomplete.
[3.283s] make[2]: Warning: File 'px4_msgs__py/CMakeFiles/px4_msgs__py.dir/progress.make' has modification time 841 s in the future
[3.286s] make[2]: warning:  Clock skew detected.  Your build may be incomplete.
[3.323s] [ 80%] Built target px4_msgs__py
[3.334s] make[2]: Warning: File 'CMakeFiles/px4_msgs__python.dir/progress.make' has modification time 841 s in the future
[3.384s] make[2]: warning:  Clock skew detected.  Your build may be incomplete.
[3.391s] make[2]: Warning: File 'CMakeFiles/px4_msgs__python.dir/progress.make' has modification time 841 s in the future
[3.419s] make[2]: warning:  Clock skew detected.  Your build may be incomplete.
[3.458s] [ 84%] Built target px4_msgs__python
[3.470s] make[2]: Warning: File 'CMakeFiles/px4_msgs__rosidl_typesupport_c__pyext.dir/progress.make' has modification time 841 s in the future
[3.473s] make[2]: Warning: File 'CMakeFiles/px4_msgs__rosidl_typesupport_introspection_c__pyext.dir/progress.make' has modification time 841 s in the future
[3.475s] make[2]: Warning: File 'CMakeFiles/px4_msgs__rosidl_typesupport_opensplice_c__pyext.dir/progress.make' has modification time 841 s in the future
[3.477s] make[2]: Warning: File 'CMakeFiles/px4_msgs__rosidl_typesupport_fastrtps_c__pyext.dir/progress.make' has modification time 841 s in the future
[3.526s] make[2]: warning:  Clock skew detected.  Your build may be incomplete.
[3.540s] make[2]: Warning: File 'CMakeFiles/px4_msgs__rosidl_typesupport_fastrtps_c__pyext.dir/progress.make' has modification time 840 s in the future
[3.564s] make[2]: warning:  Clock skew detected.  Your build may be incomplete.
[3.574s] make[2]: warning:  Clock skew detected.  Your build may be incomplete.
[3.576s] make[2]: warning:  Clock skew detected.  Your build may be incomplete.
[3.578s] make[2]: warning:  Clock skew detected.  Your build may be incomplete.
[3.584s] make[2]: Warning: File 'CMakeFiles/px4_msgs__rosidl_typesupport_opensplice_c__pyext.dir/progress.make' has modification time 840 s in the future
[3.592s] make[2]: Warning: File 'CMakeFiles/px4_msgs__rosidl_typesupport_c__pyext.dir/progress.make' has modification time 840 s in the future
[3.597s] make[2]: Warning: File 'CMakeFiles/px4_msgs__rosidl_typesupport_introspection_c__pyext.dir/progress.make' has modification time 840 s in the future
[3.611s] make[2]: warning:  Clock skew detected.  Your build may be incomplete.
[3.626s] make[2]: warning:  Clock skew detected.  Your build may be incomplete.
[3.640s] make[2]: warning:  Clock skew detected.  Your build may be incomplete.
[3.650s] [ 88%] Built target px4_msgs__rosidl_typesupport_fastrtps_c__pyext
[3.670s] [ 92%] Built target px4_msgs__rosidl_typesupport_opensplice_c__pyext
[3.703s] [ 96%] Built target px4_msgs__rosidl_typesupport_c__pyext
[3.706s] [100%] Built target px4_msgs__rosidl_typesupport_introspection_c__pyext
[3.709s] make[1]: warning:  Clock skew detected.  Your build may be incomplete.
[3.749s] make: warning:  Clock skew detected.  Your build may be incomplete.
[3.759s] Invoked command in '/home/patryk/ros2_ws/build/px4_msgs' returned '0': CMAKE_PREFIX_PATH=${CMAKE_PREFIX_PATH}:/home/patryk/ros2_ws/install/controller /usr/bin/cmake --build /home/patryk/ros2_ws/build/px4_msgs -- -j4 -l4
[4.182s] Invoking command in '/home/patryk/ros2_ws/build/px4_msgs': CMAKE_PREFIX_PATH=${CMAKE_PREFIX_PATH}:/home/patryk/ros2_ws/install/controller /usr/bin/cmake --build /home/patryk/ros2_ws/build/px4_msgs --target install -- -j4 -l4
[4.237s] make: Warning: File 'Makefile' has modification time 840 s in the future
[4.328s] make[1]: Warning: File 'CMakeFiles/Makefile2' has modification time 840 s in the future
[4.333s] make[2]: Warning: File 'CMakeFiles/px4_msgs__rosidl_generator_c.dir/progress.make' has modification time 840 s in the future
[4.334s] make[2]: Warning: File 'CMakeFiles/px4_msgs__cpp.dir/progress.make' has modification time 840 s in the future
[4.341s] make[2]: Warning: File 'CMakeFiles/px4_msgs__dds_opensplice_idl.dir/progress.make' has modification time 840 s in the future
[4.382s] make[2]: warning:  Clock skew detected.  Your build may be incomplete.
[4.383s] make[2]: Warning: File 'CMakeFiles/px4_msgs__cpp.dir/progress.make' has modification time 840 s in the future
[4.384s] make[2]: warning:  Clock skew detected.  Your build may be incomplete.
[4.391s] make[2]: warning:  Clock skew detected.  Your build may be incomplete.
[4.408s] make[2]: Warning: File 'CMakeFiles/px4_msgs__rosidl_generator_c.dir/progress.make' has modification time 840 s in the future
[4.413s] make[2]: warning:  Clock skew detected.  Your build may be incomplete.
[4.429s] make[2]: warning:  Clock skew detected.  Your build may be incomplete.
[4.440s] [  1%] Built target px4_msgs__cpp
[4.441s] make[2]: Warning: File 'CMakeFiles/px4_msgs__dds_opensplice_idl.dir/progress.make' has modification time 840 s in the future
[4.443s] make[2]: warning:  Clock skew detected.  Your build may be incomplete.
[4.453s] make[2]: Warning: File 'CMakeFiles/px4_msgs__rosidl_typesupport_introspection_cpp.dir/progress.make' has modification time 840 s in the future
[4.455s] make[2]: Warning: File 'CMakeFiles/px4_msgs__rosidl_typesupport_fastrtps_cpp.dir/progress.make' has modification time 840 s in the future
[4.475s] [  7%] Built target px4_msgs__rosidl_generator_c
[4.496s] make[2]: Warning: File 'CMakeFiles/px4_msgs__rosidl_typesupport_cpp.dir/progress.make' has modification time 840 s in the future
[4.507s] [  9%] Built target px4_msgs__dds_opensplice_idl
[4.514s] make[2]: warning:  Clock skew detected.  Your build may be incomplete.
[4.516s] make[2]: Warning: File 'CMakeFiles/px4_msgs__rosidl_typesupport_c.dir/progress.make' has modification time 839 s in the future
[4.524s] make[2]: warning:  Clock skew detected.  Your build may be incomplete.
[4.526s] make[2]: Warning: File 'CMakeFiles/px4_msgs__rosidl_typesupport_fastrtps_cpp.dir/progress.make' has modification time 839 s in the future
[4.544s] make[2]: Warning: File 'CMakeFiles/px4_msgs__rosidl_typesupport_introspection_cpp.dir/progress.make' has modification time 839 s in the future
[4.546s] make[2]: warning:  Clock skew detected.  Your build may be incomplete.
[4.549s] make[2]: warning:  Clock skew detected.  Your build may be incomplete.
[4.569s] make[2]: warning:  Clock skew detected.  Your build may be incomplete.
[4.577s] make[2]: warning:  Clock skew detected.  Your build may be incomplete.
[4.583s] make[2]: Warning: File 'CMakeFiles/px4_msgs__rosidl_typesupport_cpp.dir/progress.make' has modification time 839 s in the future
[4.585s] make[2]: Warning: File 'CMakeFiles/px4_msgs__rosidl_typesupport_c.dir/progress.make' has modification time 839 s in the future
[4.590s] make[2]: warning:  Clock skew detected.  Your build may be incomplete.
[4.591s] make[2]: warning:  Clock skew detected.  Your build may be incomplete.
[4.595s] [ 15%] Built target px4_msgs__rosidl_typesupport_fastrtps_cpp
[4.607s] make[2]: Warning: File 'CMakeFiles/px4_msgs__rosidl_typesupport_introspection_c.dir/progress.make' has modification time 839 s in the future
[4.613s] [ 21%] Built target px4_msgs__rosidl_typesupport_introspection_cpp
[4.635s] make[2]: Warning: File 'CMakeFiles/px4_msgs__rosidl_typesupport_fastrtps_c.dir/progress.make' has modification time 839 s in the future
[4.645s] [ 27%] Built target px4_msgs__rosidl_typesupport_c
[4.647s] [ 33%] Built target px4_msgs__rosidl_typesupport_cpp
[4.674s] make[2]: warning:  Clock skew detected.  Your build may be incomplete.
[4.676s] make[2]: Warning: File 'CMakeFiles/px4_msgs__rosidl_typesupport_opensplice_cpp.dir/progress.make' has modification time 839 s in the future
[4.683s] make[2]: Warning: File 'CMakeFiles/px4_msgs__rosidl_typesupport_introspection_c.dir/progress.make' has modification time 839 s in the future
[4.690s] make[2]: warning:  Clock skew detected.  Your build may be incomplete.
[4.691s] make[2]: warning:  Clock skew detected.  Your build may be incomplete.
[4.696s] make[2]: Warning: File 'CMakeFiles/px4_msgs__rosidl_typesupport_fastrtps_c.dir/progress.make' has modification time 839 s in the future
[4.719s] make[2]: warning:  Clock skew detected.  Your build may be incomplete.
[4.729s] [ 39%] Built target px4_msgs__rosidl_typesupport_introspection_c
[4.761s] make[2]: warning:  Clock skew detected.  Your build may be incomplete.
[4.771s] [ 45%] Built target px4_msgs__rosidl_typesupport_fastrtps_c
[4.790s] make[2]: Warning: File 'CMakeFiles/px4_msgs__rosidl_typesupport_opensplice_cpp.dir/progress.make' has modification time 839 s in the future
[4.805s] make[2]: warning:  Clock skew detected.  Your build may be incomplete.
[4.843s] [ 60%] Built target px4_msgs__rosidl_typesupport_opensplice_cpp
[4.867s] make[2]: Warning: File 'CMakeFiles/px4_msgs__rosidl_typesupport_opensplice_c.dir/progress.make' has modification time 839 s in the future
[4.924s] make[2]: warning:  Clock skew detected.  Your build may be incomplete.
[4.944s] make[2]: Warning: File 'CMakeFiles/px4_msgs__rosidl_typesupport_opensplice_c.dir/progress.make' has modification time 839 s in the future
[4.962s] make[2]: warning:  Clock skew detected.  Your build may be incomplete.
[5.004s] [ 78%] Built target px4_msgs__rosidl_typesupport_opensplice_c
[5.012s] make[2]: Warning: File 'CMakeFiles/px4_msgs.dir/progress.make' has modification time 839 s in the future
[5.053s] make[2]: warning:  Clock skew detected.  Your build may be incomplete.
[5.058s] make[2]: Warning: File 'CMakeFiles/px4_msgs.dir/progress.make' has modification time 839 s in the future
[5.059s] make[2]: warning:  Clock skew detected.  Your build may be incomplete.
[5.107s] [ 78%] Built target px4_msgs
[5.115s] make[2]: Warning: File 'px4_msgs__py/CMakeFiles/px4_msgs__py.dir/progress.make' has modification time 839 s in the future
[5.156s] make[2]: warning:  Clock skew detected.  Your build may be incomplete.
[5.162s] make[2]: Warning: File 'px4_msgs__py/CMakeFiles/px4_msgs__py.dir/progress.make' has modification time 839 s in the future
[5.164s] make[2]: warning:  Clock skew detected.  Your build may be incomplete.
[5.204s] [ 80%] Built target px4_msgs__py
[5.213s] make[2]: Warning: File 'CMakeFiles/px4_msgs__python.dir/progress.make' has modification time 839 s in the future
[5.256s] make[2]: warning:  Clock skew detected.  Your build may be incomplete.
[5.263s] make[2]: Warning: File 'CMakeFiles/px4_msgs__python.dir/progress.make' has modification time 839 s in the future
[5.287s] make[2]: warning:  Clock skew detected.  Your build may be incomplete.
[5.329s] [ 84%] Built target px4_msgs__python
[5.339s] make[2]: Warning: File 'CMakeFiles/px4_msgs__rosidl_typesupport_c__pyext.dir/progress.make' has modification time 839 s in the future
[5.341s] make[2]: Warning: File 'CMakeFiles/px4_msgs__rosidl_typesupport_opensplice_c__pyext.dir/progress.make' has modification time 839 s in the future
[5.342s] make[2]: Warning: File 'CMakeFiles/px4_msgs__rosidl_typesupport_introspection_c__pyext.dir/progress.make' has modification time 839 s in the future
[5.355s] make[2]: Warning: File 'CMakeFiles/px4_msgs__rosidl_typesupport_fastrtps_c__pyext.dir/progress.make' has modification time 839 s in the future
[5.398s] make[2]: warning:  Clock skew detected.  Your build may be incomplete.
[5.410s] make[2]: Warning: File 'CMakeFiles/px4_msgs__rosidl_typesupport_c__pyext.dir/progress.make' has modification time 839 s in the future
[5.424s] make[2]: warning:  Clock skew detected.  Your build may be incomplete.
[5.426s] make[2]: warning:  Clock skew detected.  Your build may be incomplete.
[5.433s] make[2]: Warning: File 'CMakeFiles/px4_msgs__rosidl_typesupport_opensplice_c__pyext.dir/progress.make' has modification time 839 s in the future
[5.435s] make[2]: warning:  Clock skew detected.  Your build may be incomplete.
[5.446s] make[2]: warning:  Clock skew detected.  Your build may be incomplete.
[5.454s] make[2]: Warning: File 'CMakeFiles/px4_msgs__rosidl_typesupport_introspection_c__pyext.dir/progress.make' has modification time 839 s in the future
[5.460s] make[2]: Warning: File 'CMakeFiles/px4_msgs__rosidl_typesupport_fastrtps_c__pyext.dir/progress.make' has modification time 839 s in the future
[5.473s] make[2]: warning:  Clock skew detected.  Your build may be incomplete.
[5.497s] [ 88%] Built target px4_msgs__rosidl_typesupport_c__pyext
[5.498s] make[2]: warning:  Clock skew detected.  Your build may be incomplete.
[5.500s] make[2]: warning:  Clock skew detected.  Your build may be incomplete.
[5.512s] [ 92%] Built target px4_msgs__rosidl_typesupport_opensplice_c__pyext
[5.551s] [ 96%] Built target px4_msgs__rosidl_typesupport_introspection_c__pyext
[5.556s] [100%] Built target px4_msgs__rosidl_typesupport_fastrtps_c__pyext
[5.559s] make[1]: warning:  Clock skew detected.  Your build may be incomplete.
[5.606s] make[1]: Warning: File 'CMakeFiles/Makefile2' has modification time 838 s in the future
[5.607s] make[1]: warning:  Clock skew detected.  Your build may be incomplete.
[5.644s] [36mInstall the project...[0m
[5.684s] -- Install configuration: ""
[5.687s] -- Execute custom install script
[5.689s] -- Up-to-date symlink: /home/patryk/ros2_ws/install/px4_msgs/share/ament_index/resource_index/rosidl_interfaces/px4_msgs
[5.695s] -- Up-to-date symlink: /home/patryk/ros2_ws/install/px4_msgs/lib/libpx4_msgs__rosidl_typesupport_c.so
[5.696s] -- Up-to-date symlink: /home/patryk/ros2_ws/install/px4_msgs/share/px4_msgs/environment/library_path.sh
[5.697s] -- Up-to-date symlink: /home/patryk/ros2_ws/install/px4_msgs/lib/libpx4_msgs__rosidl_typesupport_cpp.so
[5.702s] -- Up-to-date symlink: /home/patryk/ros2_ws/install/px4_msgs/include/px4_msgs/msg/manual_control_setpoint__rosidl_typesupport_fastrtps_c.h
[5.703s] -- Up-to-date symlink: /home/patryk/ros2_ws/install/px4_msgs/include/px4_msgs/msg/rosidl_typesupport_fastrtps_c__visibility_control.h
[5.706s] -- Up-to-date symlink: /home/patryk/ros2_ws/install/px4_msgs/lib/libpx4_msgs__rosidl_typesupport_fastrtps_c.so
[5.709s] -- Up-to-date symlink: /home/patryk/ros2_ws/install/px4_msgs/include/px4_msgs/msg/manual_control_setpoint.h
[5.710s] -- Up-to-date symlink: /home/patryk/ros2_ws/install/px4_msgs/include/px4_msgs/msg/manual_control_setpoint__functions.h
[5.711s] -- Up-to-date symlink: /home/patryk/ros2_ws/install/px4_msgs/include/px4_msgs/msg/manual_control_setpoint__struct.h
[5.713s] -- Up-to-date symlink: /home/patryk/ros2_ws/install/px4_msgs/include/px4_msgs/msg/manual_control_setpoint__type_support.h
[5.714s] -- Up-to-date symlink: /home/patryk/ros2_ws/install/px4_msgs/include/px4_msgs/msg/rosidl_generator_c__visibility_control.h
[5.716s] -- Up-to-date symlink: /home/patryk/ros2_ws/install/px4_msgs/lib/libpx4_msgs__rosidl_generator_c.so
[5.720s] -- Up-to-date symlink: /home/patryk/ros2_ws/install/px4_msgs/include/px4_msgs/msg/manual_control_setpoint__rosidl_typesupport_fastrtps_cpp.hpp
[5.721s] -- Up-to-date symlink: /home/patryk/ros2_ws/install/px4_msgs/include/px4_msgs/msg/rosidl_typesupport_fastrtps_cpp__visibility_control.h
[5.724s] -- Up-to-date symlink: /home/patryk/ros2_ws/install/px4_msgs/lib/libpx4_msgs__rosidl_typesupport_fastrtps_cpp.so
[5.727s] -- Up-to-date symlink: /home/patryk/ros2_ws/install/px4_msgs/include/px4_msgs/msg/manual_control_setpoint.hpp
[5.732s] -- Up-to-date symlink: /home/patryk/ros2_ws/install/px4_msgs/include/px4_msgs/msg/manual_control_setpoint__struct.hpp
[5.732s] -- Up-to-date symlink: /home/patryk/ros2_ws/install/px4_msgs/include/px4_msgs/msg/manual_control_setpoint__traits.hpp
[5.733s] -- Up-to-date symlink: /home/patryk/ros2_ws/install/px4_msgs/include/px4_msgs/msg/manual_control_setpoint__rosidl_typesupport_introspection_c.h
[5.734s] -- Up-to-date symlink: /home/patryk/ros2_ws/install/px4_msgs/include/px4_msgs/msg/rosidl_typesupport_introspection_c__visibility_control.h
[5.735s] -- Up-to-date symlink: /home/patryk/ros2_ws/install/px4_msgs/lib/libpx4_msgs__rosidl_typesupport_introspection_c.so
[5.740s] -- Up-to-date symlink: /home/patryk/ros2_ws/install/px4_msgs/include/px4_msgs/msg/manual_control_setpoint__rosidl_typesupport_opensplice_c.h
[5.741s] -- Up-to-date symlink: /home/patryk/ros2_ws/install/px4_msgs/include/px4_msgs/msg/rosidl_typesupport_opensplice_c__visibility_control.h
[5.742s] -- Up-to-date symlink: /home/patryk/ros2_ws/install/px4_msgs/lib/libpx4_msgs__rosidl_typesupport_opensplice_c.so
[5.746s] -- Up-to-date symlink: /home/patryk/ros2_ws/install/px4_msgs/share/px4_msgs/msg/dds_opensplice/ManualControlSetpoint_.idl
[5.751s] -- Up-to-date symlink: /home/patryk/ros2_ws/install/px4_msgs/include/px4_msgs/msg/dds_opensplice/ManualControlSetpoint_.h
[5.752s] -- Up-to-date symlink: /home/patryk/ros2_ws/install/px4_msgs/include/px4_msgs/msg/dds_opensplice/ManualControlSetpoint_Dcps.h
[5.754s] -- Up-to-date symlink: /home/patryk/ros2_ws/install/px4_msgs/include/px4_msgs/msg/dds_opensplice/ManualControlSetpoint_Dcps_impl.h
[5.755s] -- Up-to-date symlink: /home/patryk/ros2_ws/install/px4_msgs/include/px4_msgs/msg/dds_opensplice/ManualControlSetpoint_SplDcps.h
[5.756s] -- Up-to-date symlink: /home/patryk/ros2_ws/install/px4_msgs/include/px4_msgs/msg/dds_opensplice/ccpp_ManualControlSetpoint_.h
[5.757s] -- Up-to-date symlink: /home/patryk/ros2_ws/install/px4_msgs/include/px4_msgs/msg/manual_control_setpoint__rosidl_typesupport_opensplice_cpp.hpp
[5.759s] -- Up-to-date symlink: /home/patryk/ros2_ws/install/px4_msgs/include/px4_msgs/msg/rosidl_typesupport_opensplice_cpp__visibility_control.h
[5.763s] -- Up-to-date symlink: /home/patryk/ros2_ws/install/px4_msgs/lib/libpx4_msgs__rosidl_typesupport_opensplice_cpp.so
[5.764s] -- Up-to-date symlink: /home/patryk/ros2_ws/install/px4_msgs/include/px4_msgs/msg/manual_control_setpoint__rosidl_typesupport_introspection_cpp.hpp
[5.770s] -- Up-to-date symlink: /home/patryk/ros2_ws/install/px4_msgs/lib/libpx4_msgs__rosidl_typesupport_introspection_cpp.so
[5.771s] -- Up-to-date symlink: /home/patryk/ros2_ws/install/px4_msgs/share/px4_msgs/environment/pythonpath.sh
[5.771s] -- Up-to-date symlink: /home/patryk/ros2_ws/install/px4_msgs/lib/python3.6/site-packages/px4_msgs/__init__.py
[5.772s] -- Up-to-date symlink: /home/patryk/ros2_ws/install/px4_msgs/lib/python3.6/site-packages/px4_msgs/msg/__init__.py
[5.779s] -- Up-to-date symlink: /home/patryk/ros2_ws/install/px4_msgs/lib/python3.6/site-packages/px4_msgs/msg/_manual_control_setpoint.py
[5.780s] -- Up-to-date symlink: /home/patryk/ros2_ws/install/px4_msgs/lib/python3.6/site-packages/px4_msgs/px4_msgs_s__rosidl_typesupport_c.cpython-36m-aarch64-linux-gnu.so
[5.781s] -- Up-to-date symlink: /home/patryk/ros2_ws/install/px4_msgs/lib/python3.6/site-packages/px4_msgs/px4_msgs_s__rosidl_typesupport_introspection_c.cpython-36m-aarch64-linux-gnu.so
[5.782s] -- Up-to-date symlink: /home/patryk/ros2_ws/install/px4_msgs/lib/python3.6/site-packages/px4_msgs/px4_msgs_s__rosidl_typesupport_fastrtps_c.cpython-36m-aarch64-linux-gnu.so
[5.785s] -- Up-to-date symlink: /home/patryk/ros2_ws/install/px4_msgs/lib/python3.6/site-packages/px4_msgs/px4_msgs_s__rosidl_typesupport_opensplice_c.cpython-36m-aarch64-linux-gnu.so
[5.787s] -- Up-to-date symlink: /home/patryk/ros2_ws/install/px4_msgs/lib/libpx4_msgs__python.so
[5.789s] -- Up-to-date symlink: /home/patryk/ros2_ws/install/px4_msgs/share/px4_msgs/msg/ManualControlSetpoint.idl
[5.790s] -- Up-to-date symlink: /home/patryk/ros2_ws/install/px4_msgs/share/px4_msgs/msg/ManualControlSetpoint.msg
[5.791s] -- Up-to-date symlink: /home/patryk/ros2_ws/install/px4_msgs/share/ament_index/resource_index/package_run_dependencies/px4_msgs
[5.794s] -- Up-to-date symlink: /home/patryk/ros2_ws/install/px4_msgs/share/ament_index/resource_index/parent_prefix_path/px4_msgs
[5.795s] -- Up-to-date symlink: /home/patryk/ros2_ws/install/px4_msgs/share/px4_msgs/environment/ament_prefix_path.sh
[5.796s] -- Up-to-date symlink: /home/patryk/ros2_ws/install/px4_msgs/share/px4_msgs/environment/path.sh
[5.797s] -- Up-to-date symlink: /home/patryk/ros2_ws/install/px4_msgs/share/px4_msgs/local_setup.bash
[5.798s] -- Up-to-date symlink: /home/patryk/ros2_ws/install/px4_msgs/share/px4_msgs/local_setup.sh
[5.800s] -- Up-to-date symlink: /home/patryk/ros2_ws/install/px4_msgs/share/px4_msgs/local_setup.zsh
[5.802s] -- Up-to-date symlink: /home/patryk/ros2_ws/install/px4_msgs/share/ament_index/resource_index/packages/px4_msgs
[5.804s] -- Up-to-date symlink: /home/patryk/ros2_ws/install/px4_msgs/share/px4_msgs/cmake/rosidl_cmake-extras.cmake
[5.806s] -- Up-to-date symlink: /home/patryk/ros2_ws/install/px4_msgs/share/px4_msgs/cmake/ament_cmake_export_libraries-extras.cmake
[5.808s] -- Up-to-date symlink: /home/patryk/ros2_ws/install/px4_msgs/share/px4_msgs/cmake/ament_cmake_export_include_directories-extras.cmake
[5.809s] -- Up-to-date symlink: /home/patryk/ros2_ws/install/px4_msgs/share/px4_msgs/cmake/rosidl_cmake_export_typesupport_libraries-extras.cmake
[5.811s] -- Up-to-date symlink: /home/patryk/ros2_ws/install/px4_msgs/share/px4_msgs/cmake/ament_cmake_export_dependencies-extras.cmake
[5.814s] -- Up-to-date symlink: /home/patryk/ros2_ws/install/px4_msgs/share/px4_msgs/cmake/px4_msgsConfig.cmake
[5.819s] -- Up-to-date symlink: /home/patryk/ros2_ws/install/px4_msgs/share/px4_msgs/cmake/px4_msgsConfig-version.cmake
[5.819s] -- Up-to-date symlink: /home/patryk/ros2_ws/install/px4_msgs/share/px4_msgs/package.xml
[6.187s] make: warning:  Clock skew detected.  Your build may be incomplete.
[6.197s] Invoked command in '/home/patryk/ros2_ws/build/px4_msgs' returned '0': CMAKE_PREFIX_PATH=${CMAKE_PREFIX_PATH}:/home/patryk/ros2_ws/install/controller /usr/bin/cmake --build /home/patryk/ros2_ws/build/px4_msgs --target install -- -j4 -l4
